temperature 1.72932990e+03
pressure 4.70000000e+07
velocity 2.40671257e+03
velocity_unit 1
mass_fraction 6.65399225e-02
mass_fraction 1.38125247e-06
mass_fraction 1.66601624e-11
mass_fraction 6.22491326e-12
mass_fraction 5.44557296e-07
mass_fraction 2.49589613e-01
mass_fraction 4.75359209e-14
mass_fraction 3.56291936e-12
mass_fraction 1.89491863e-15
mass_fraction 1.66060400e-13
mass_fraction 1.12995187e-09
mass_fraction 3.66253681e-11
mass_fraction 2.79295968e-05
mass_fraction 3.54621572e-02
mass_fraction 5.37903957e-01
mass_fraction 1.01757305e-01
mass_fraction 3.67551743e-07
mass_fraction 6.02067181e-06
mass_fraction 2.18213286e-09
mass_fraction 3.53056727e-11
mass_fraction 1.05435651e-06
mass_fraction 1.80271306e-10
mass_fraction 7.05534615e-04
mass_fraction 1.64270888e-07
mass_fraction 6.68248513e-04
mass_fraction 2.26411996e-07
mass_fraction 3.34720422e-05
mass_fraction 1.49153757e-09
mass_fraction 5.22109879e-06
mass_fraction 1.17988514e-07
mass_fraction 2.38908597e-16
mass_fraction 1.63136766e-14
mass_fraction 7.47505154e-12
mass_fraction 7.52380140e-08
mass_fraction 1.32606910e-11
mass_fraction 3.39740498e-12
mass_fraction 3.79885408e-19
mass_fraction 6.29292236e-14
mass_fraction 3.97893259e-15
mass_fraction 4.22286187e-15
mass_fraction 1.11338100e-08
mass_fraction 4.40918224e-14
mass_fraction 3.61961239e-16
mass_fraction 2.62256401e-16
mass_fraction 1.68606198e-12
mass_fraction 2.81349167e-09
mass_fraction 2.79479108e-14
mass_fraction 7.29647574e-03
mass_fraction 0.00000000e+00
mass_fraction 4.66705472e-10
mass_fraction 1.04065058e-07
mass_fraction 5.84051663e-10
mass_fraction 8.75693043e-08
