

     *****************************************************************
     *                     ANSYS Chemkin 2025 R2                     *
     *                      AURORA Application                       *
     *         PERFECTLY STIRRED OR PLUG FLOW REACTOR MODEL          *
     *                 Copyright(c) 2025 ANSYS, Inc.                 *                
     *Run Date and Time: Oct 25, 2025   16:44:24     120 min from UTC*
     *****************************************************************



Running Chemkin
Running Multi-threaded mode

                WORKING SPACE REQUIREMENTS
                 PROVIDED        REQUIRED 
 LOGICAL              146            146
 INTEGER            43512          43512
 REAL               38758          38758
 CHARACTER            123            123

This problem requires      0.296MB of memory for the REAL array.

Initializing Chemkin Gas-phase Library a component of ANSYS Chemkin 2025 R2, Build date: May 18, 2025
This and All Other Chemkin(R) Libraries are Copyright (c) 2025 Ansys, Inc.  Unauthorized use, distribution, or duplication is prohibited.  This product is subject to U.S. laws governing export and re-export.  For full Legal Notice, see documentation.


LICENSE INFORMATION: 
 

LicNum: 0.  License for DESKTOP-V3VNKI6-erikd-7692-000146 is obtained from the ANSYS license service running on DESKTOP-V3VNKI6.
                                                                                                                                                                                                                                                                                                                                                                                               

           KEYWORD INPUT 

          !
          ! problem type definition
          !
          ENRG   ! Solve Gas Energy Equation
          STST   ! Steady State Solver
          !
          ! physical property
          !
          !Surface_Temperature   ! Surface Temperature Same as Gas Temperature
          !Use_Ideal_Gas_Law   ! Use Ideal Gas Law
          FLRT 25.35   ! Mass Flow Rate (g/sec)
          PRES 46.3853935356526   ! Pressure (atm)
          QLOS 0.0   ! Heat Loss (cal/sec)
          TEMP 1600.0   ! Temperature (K)
          TINL 339.75   ! Inlet Temperature (K)
          VOL 6850.0   ! Volume (cm3)
          !
          ! species property
          !
          REAC C2H6 0.0543298483375   ! Reactant Fraction (mole fraction)
          REAC C3H8 0.0022754382975   ! Reactant Fraction (mole fraction)
          REAC CH4 0.9197081023647   ! Reactant Fraction (mole fraction)
          REAC CO2 0.0122392518118   ! Reactant Fraction (mole fraction)
          REAC N2 0.0114473591885   ! Reactant Fraction (mole fraction)
          !
          ! output control and other misc. property
          !
          GFAC 1.0   ! Gas Reaction Rate Multiplier
          IEEE_CHECK_USUAL 0   ! Disable Over/Underflow Check
          END

 FIRST SOLUTION ESTIMATE FOR PSR #  1 IS EQUILIBRIUM 


========================================================================================================================
     KINETICS MECHANISM:
        Total number of gas phase species     =   53
        Total number of gas phase reactions   =  325
========================================================================================================================


========================================================================================================================
     REACTOR #    1 CONDITIONS FOR INLET NAMED: INLET1
          Inlet mass flow rate =    25.4     gm/sec
               (which, based on an estimated reactor density =   4.856E-03 gm/cm^3 
                       and  on a reactor volume  =   6.850E+03 cm^3, 
                      produces an estimated residence time) =    1.31     sec


          Inlet temperature =   339.75     Kelvin
          Inlet pressure (assumed equal to reactor pressure) =    46.4     atm
          Inlet density =  2.88642E-02 gm/cm^3 
          Inlet mean molecular weight =   17.348     gm/mole
          Inlet molar flow rate      =   1.4612     moles/sec
          Inlet volumetric flow rate =   878.25     cm^3/sec 
               (based on reactor pressure and inlet temperature)
                                     =  2.14499E+06 SCCM
                                     =   2145.0     SLPM

     INLET CONDITIONS FOR GAS PHASE MOLECULAR SPECIES IN INLET1

   Species        mole_frac     moles/sec       gm/sec       cm^3/sec        SCCM            SLPM
------------------------------------------------------------------------------------------------------
    H2           0.0000        0.0000        0.0000        0.0000        0.0000        0.0000     
    H            0.0000        0.0000        0.0000        0.0000        0.0000        0.0000     
    O            0.0000        0.0000        0.0000        0.0000        0.0000        0.0000     
    O2           0.0000        0.0000        0.0000        0.0000        0.0000        0.0000     
    OH           0.0000        0.0000        0.0000        0.0000        0.0000        0.0000     
    H2O          0.0000        0.0000        0.0000        0.0000        0.0000        0.0000     
    HO2          0.0000        0.0000        0.0000        0.0000        0.0000        0.0000     
    H2O2         0.0000        0.0000        0.0000        0.0000        0.0000        0.0000     
    C            0.0000        0.0000        0.0000        0.0000        0.0000        0.0000     
    CH           0.0000        0.0000        0.0000        0.0000        0.0000        0.0000     
    CH2          0.0000        0.0000        0.0000        0.0000        0.0000        0.0000     
    CH2(S)       0.0000        0.0000        0.0000        0.0000        0.0000        0.0000     
    CH3          0.0000        0.0000        0.0000        0.0000        0.0000        0.0000     
    CH4         0.91971        1.3439        21.560        807.73       1.97277E+006   1972.8     
    CO           0.0000        0.0000        0.0000        0.0000        0.0000        0.0000     
    CO2         1.22393E-002  1.78845E-002  0.78710        10.749        26253.        26.253     
    HCO          0.0000        0.0000        0.0000        0.0000        0.0000        0.0000     
    CH2O         0.0000        0.0000        0.0000        0.0000        0.0000        0.0000     
    CH2OH        0.0000        0.0000        0.0000        0.0000        0.0000        0.0000     
    CH3O         0.0000        0.0000        0.0000        0.0000        0.0000        0.0000     
    CH3OH        0.0000        0.0000        0.0000        0.0000        0.0000        0.0000     
    C2H          0.0000        0.0000        0.0000        0.0000        0.0000        0.0000     
    C2H2         0.0000        0.0000        0.0000        0.0000        0.0000        0.0000     
    C2H3         0.0000        0.0000        0.0000        0.0000        0.0000        0.0000     
    C2H4         0.0000        0.0000        0.0000        0.0000        0.0000        0.0000     
    C2H5         0.0000        0.0000        0.0000        0.0000        0.0000        0.0000     
    C2H6        5.43298E-002  7.93890E-002   2.3872        47.715       1.16537E+005   116.54     
    HCCO         0.0000        0.0000        0.0000        0.0000        0.0000        0.0000     
    CH2CO        0.0000        0.0000        0.0000        0.0000        0.0000        0.0000     
    HCCOH        0.0000        0.0000        0.0000        0.0000        0.0000        0.0000     
    N            0.0000        0.0000        0.0000        0.0000        0.0000        0.0000     
    NH           0.0000        0.0000        0.0000        0.0000        0.0000        0.0000     
    NH2          0.0000        0.0000        0.0000        0.0000        0.0000        0.0000     
    NH3          0.0000        0.0000        0.0000        0.0000        0.0000        0.0000     
    NNH          0.0000        0.0000        0.0000        0.0000        0.0000        0.0000     
    NO           0.0000        0.0000        0.0000        0.0000        0.0000        0.0000     
    NO2          0.0000        0.0000        0.0000        0.0000        0.0000        0.0000     
    N2O          0.0000        0.0000        0.0000        0.0000        0.0000        0.0000     
    HNO          0.0000        0.0000        0.0000        0.0000        0.0000        0.0000     
    CN           0.0000        0.0000        0.0000        0.0000        0.0000        0.0000     
    HCN          0.0000        0.0000        0.0000        0.0000        0.0000        0.0000     
    H2CN         0.0000        0.0000        0.0000        0.0000        0.0000        0.0000     
    HCNN         0.0000        0.0000        0.0000        0.0000        0.0000        0.0000     
    HCNO         0.0000        0.0000        0.0000        0.0000        0.0000        0.0000     
    HOCN         0.0000        0.0000        0.0000        0.0000        0.0000        0.0000     
    HNCO         0.0000        0.0000        0.0000        0.0000        0.0000        0.0000     
    NCO          0.0000        0.0000        0.0000        0.0000        0.0000        0.0000     
    N2          1.14474E-002  1.67273E-002  0.46859        10.054        24554.        24.554     
    AR           0.0000        0.0000        0.0000        0.0000        0.0000        0.0000     
    C3H7         0.0000        0.0000        0.0000        0.0000        0.0000        0.0000     
    C3H8        2.27544E-003  3.32496E-003  0.14662        1.9984        4880.8        4.8808     
    CH2CHO       0.0000        0.0000        0.0000        0.0000        0.0000        0.0000     
    CH3CHO       0.0000        0.0000        0.0000        0.0000        0.0000        0.0000     

========================================================================================================================



 TWOPNT:  DOUBLE PRECISION (TWO POINT BOUNDARY VALUE PROBLEM) SOLVER,
          VERSION 3.30 OF APRIL 1998 BY DR. JOSEPH F. GRCAR.

 TWOPNT:  INITIAL GUESS:


========================================================================================================================
                              PSPRNT: Printing of current solution from TWOPNT:
========================================================================================================================


               RESIDENCE TIME                  1.3123E+00  SEC
               MASS FLOW RATE                  2.5350E+01  GM/SEC
               PRESSURE                        46.39      ATM
               MASS DENSITY                   4.8564E-03  GM/CM^3
               VOLUME                          6850.      CM^3
               TOTAL MASS                      33.27      G
               TOTAL SURFACE AREA              0.000      CM^2
               TOTAL SURFACE TO VOLUME RATIO   0.000      CM-1
               GAS CHEM HEAT PRODUCTION        2.2675E-03  CAL/S/CM^3
               TEMPERATURE (FIXED)             1600.0000  K
               SURF TEMP, MATERIAL1            1600.0000  K  (same as gas temp)


   INLET  GAS PHASE MOLE FRACTIONS 

    H2              =  0.0000E+000       H               =  0.0000E+000       O               =  0.0000E+000
    O2              =  0.0000E+000       OH              =  0.0000E+000       H2O             =  0.0000E+000
    HO2             =  0.0000E+000       H2O2            =  0.0000E+000       C               =  0.0000E+000
    CH              =  0.0000E+000       CH2             =  0.0000E+000       CH2(S)          =  0.0000E+000
    CH3             =  0.0000E+000       CH4             =  9.1971E-001       CO              =  0.0000E+000
    CO2             =  1.2239E-002       HCO             =  0.0000E+000       CH2O            =  0.0000E+000
    CH2OH           =  0.0000E+000       CH3O            =  0.0000E+000       CH3OH           =  0.0000E+000
    C2H             =  0.0000E+000       C2H2            =  0.0000E+000       C2H3            =  0.0000E+000
    C2H4            =  0.0000E+000       C2H5            =  0.0000E+000       C2H6            =  5.4330E-002
    HCCO            =  0.0000E+000       CH2CO           =  0.0000E+000       HCCOH           =  0.0000E+000
    N               =  0.0000E+000       NH              =  0.0000E+000       NH2             =  0.0000E+000
    NH3             =  0.0000E+000       NNH             =  0.0000E+000       NO              =  0.0000E+000
    NO2             =  0.0000E+000       N2O             =  0.0000E+000       HNO             =  0.0000E+000
    CN              =  0.0000E+000       HCN             =  0.0000E+000       H2CN            =  0.0000E+000
    HCNN            =  0.0000E+000       HCNO            =  0.0000E+000       HOCN            =  0.0000E+000
    HNCO            =  0.0000E+000       NCO             =  0.0000E+000       N2              =  1.1447E-002
    AR              =  0.0000E+000       C3H7            =  0.0000E+000       C3H8            =  2.2754E-003
    CH2CHO          =  0.0000E+000       CH3CHO          =  0.0000E+000


   EXIT    GAS PHASE MOLE FRACTIONS 

    H2              =  2.9928E-001       H               =  4.3688E-006       O               =  2.0801E-017
    O2              =  9.5486E-023       OH              =  1.7151E-012       H2O             =  3.0024E-006
    HO2             =  5.3526E-025       H2O2            =  7.2035E-023       C               =  1.0635E-015
    CH              =  1.3838E-013       CH2             =  2.1539E-009       CH2(S)          =  6.0056E-011
    CH3             =  1.5821E-004       CH4             =  5.3389E-001       CO              =  1.9391E-002
    CO2             =  6.4769E-008       HCO             =  4.4096E-009       CH2O            =  1.1713E-007
    CH2OH           =  3.0691E-012       CH3O            =  2.6259E-014       CH3OH           =  9.5114E-010
    C2H             =  2.4795E-009       C2H2            =  5.0600E-002       C2H3            =  6.1400E-006
    C2H4            =  7.8585E-002       C2H5            =  1.3833E-005       C2H6            =  4.6740E-003
    HCCO            =  1.4055E-010       CH2CO           =  1.3781E-006       HCCOH           =  8.3181E-011
    N               =  6.8741E-015       NH              =  9.4436E-013       NH2             =  8.4497E-010
    NH3             =  2.5054E-005       NNH             =  1.6978E-012       NO              =  3.2535E-015
    NO2             =  1.9096E-027       N2O             =  1.0446E-019       HNO             =  2.7012E-018
    CN              =  7.3737E-010       HCN             =  8.4122E-003       H2CN            =  1.3710E-008
    HCNN            =  2.6246E-016       HCNO            =  1.7157E-017       HOCN            =  1.0469E-011
    HNCO            =  3.0959E-008       NCO             =  9.4742E-014       N2              =  4.8516E-003
    AR              =  0.0000E+000       C3H7            =  3.1620E-007       C3H8            =  1.0449E-004
    CH2CHO          =  8.5131E-011       CH3CHO          =  6.2276E-008
 
   Volatile Organic Compounds (ppm):  8.1053E+05
   Unburned Hydrocarbons      (ppm):  8.0212E+05
 
   CO                       (ppmvd): 1.9391E+04
   NO                       (ppmvd): 3.2535E-09
   NOx                      (ppmvd): 3.2536E-09
   CO                (ppmvd 15% O2):  5540.    
   NO                (ppmvd 15% O2): 9.2958E-10
   NOx               (ppmvd 15% O2): 9.2961E-10

========================================================================================================================



 TWOPNT:  SOLVE THE PROBLEM.

                      LOG10   LOG10          
              TASK   NORM F  COND J   REMARK 

             START    -0.76            
            SEARCH    -9.54    0.00   6 SEARCH STEPS

 TWOPNT:  FINAL SOLUTION:


========================================================================================================================
                              PSPRNT: Printing of current solution from TWOPNT:
========================================================================================================================


               RESIDENCE TIME                  1.3197E+00  SEC
               MASS FLOW RATE                  2.5350E+01  GM/SEC
               PRESSURE                        46.39      ATM
               MASS DENSITY                   4.8838E-03  GM/CM^3
               VOLUME                          6850.      CM^3
               TOTAL MASS                      33.45      G
               TOTAL SURFACE AREA              0.000      CM^2
               TOTAL SURFACE TO VOLUME RATIO   0.000      CM-1
               GAS CHEM HEAT PRODUCTION       -2.4342E+00  CAL/S/CM^3
               TEMPERATURE (FIXED)             1600.0000  K
               SURF TEMP, MATERIAL1            1600.0000  K  (same as gas temp)


   EXIT    GAS PHASE MOLE FRACTIONS 

    H2              =  2.9416E-001       H               =  4.3261E-006       O               =  9.9089E-015
    O2              =  2.2627E-017       OH              =  1.4825E-009       H2O             =  2.5731E-003
    HO2             =  3.2071E-019       H2O2            =  5.3788E-017       C               =  1.1015E-015
    CH              =  1.4227E-013       CH2             =  2.2130E-009       CH2(S)          =  6.1203E-011
    CH3             =  1.6026E-004       CH4             =  5.3683E-001       CO              =  1.6632E-002
    CO2             =  1.4900E-004       HCO             =  3.7507E-009       CH2O            =  1.2551E-007
    CH2OH           =  4.7024E-011       CH3O            =  6.6833E-013       CH3OH           =  5.6034E-008
    C2H             =  2.6454E-009       C2H2            =  5.3588E-002       C2H3            =  6.4423E-006
    C2H4            =  8.1851E-002       C2H5            =  1.4275E-005       C2H6            =  4.7910E-003
    HCCO            =  1.4455E-010       CH2CO           =  1.4068E-006       HCCOH           =  6.1647E-008
    N               =  1.6943E-016       NH              =  1.1246E-016       NH2             =  4.9009E-014
    NH3             =  1.4417E-009       NNH             =  3.1607E-012       NO              =  5.5867E-016
    NO2             =  9.5497E-025       N2O             =  1.2820E-016       HNO             =  3.0990E-019
    CN              =  2.6690E-016       HCN             =  3.0186E-009       H2CN            =  4.8596E-015
    HCNN            =  5.0731E-016       HCNO            =  1.4477E-019       HOCN            =  1.5397E-015
    HNCO            =  1.5876E-012       NCO             =  5.0705E-018       N2              =  9.1214E-003
    AR              =  0.0000E+000       C3H7            =  3.3357E-007       C3H8            =  1.0933E-004
    CH2CHO          =  8.2902E-011       CH3CHO          =  1.7368E-008
 
   Volatile Organic Compounds (ppm):  8.1783E+05
   Unburned Hydrocarbons      (ppm):  8.1782E+05
 
   CO                       (ppmvd): 1.6675E+04
   NO                       (ppmvd): 5.6011E-10
   NOx                      (ppmvd): 6.8864E-10
   CO                (ppmvd 15% O2):  4764.    
   NO                (ppmvd 15% O2): 1.6003E-10
   NOx               (ppmvd 15% O2): 1.9676E-10

========================================================================================================================



 TWOPNT:  SUCCESS.  PROBLEM SOLVED.

   PSRTWO: FINISHED FIXED TEMPERATURE, ADDING ENERGY EQUATION


 TWOPNT:  DOUBLE PRECISION (TWO POINT BOUNDARY VALUE PROBLEM) SOLVER,
          VERSION 3.30 OF APRIL 1998 BY DR. JOSEPH F. GRCAR.

 TWOPNT:  INITIAL GUESS:


========================================================================================================================
                              PSPRNT: Printing of current solution from TWOPNT:
========================================================================================================================


               RESIDENCE TIME                  1.3197E+00  SEC
               MASS FLOW RATE                  2.5350E+01  GM/SEC
               PRESSURE                        46.39      ATM
               MASS DENSITY                   4.8838E-03  GM/CM^3
               VOLUME                          6850.      CM^3
               TOTAL MASS                      33.45      G
               TOTAL SURFACE AREA              0.000      CM^2
               TOTAL SURFACE TO VOLUME RATIO   0.000      CM-1
               GAS CHEM HEAT PRODUCTION       -2.4342E+00  CAL/S/CM^3
               TEMPERATURE (INLET)              339.7500  K
               TEMPERATURE                     1600.0000  K
               SURF TEMP, MATERIAL1            1600.0000  K  (same as gas temp)
               HEAT LOSS, MATERIAL1            0.000      CAL/SEC


   EXIT    GAS PHASE MOLE FRACTIONS 

    H2              =  2.9416E-001       H               =  4.3261E-006       O               =  9.9089E-015
    O2              =  2.2627E-017       OH              =  1.4825E-009       H2O             =  2.5731E-003
    HO2             =  3.2071E-019       H2O2            =  5.3788E-017       C               =  1.1015E-015
    CH              =  1.4227E-013       CH2             =  2.2130E-009       CH2(S)          =  6.1203E-011
    CH3             =  1.6026E-004       CH4             =  5.3683E-001       CO              =  1.6632E-002
    CO2             =  1.4900E-004       HCO             =  3.7507E-009       CH2O            =  1.2551E-007
    CH2OH           =  4.7024E-011       CH3O            =  6.6833E-013       CH3OH           =  5.6034E-008
    C2H             =  2.6454E-009       C2H2            =  5.3588E-002       C2H3            =  6.4423E-006
    C2H4            =  8.1851E-002       C2H5            =  1.4275E-005       C2H6            =  4.7910E-003
    HCCO            =  1.4455E-010       CH2CO           =  1.4068E-006       HCCOH           =  6.1647E-008
    N               =  1.6943E-016       NH              =  1.1246E-016       NH2             =  4.9009E-014
    NH3             =  1.4417E-009       NNH             =  3.1607E-012       NO              =  5.5867E-016
    NO2             =  9.5497E-025       N2O             =  1.2820E-016       HNO             =  3.0990E-019
    CN              =  2.6690E-016       HCN             =  3.0186E-009       H2CN            =  4.8596E-015
    HCNN            =  5.0731E-016       HCNO            =  1.4477E-019       HOCN            =  1.5397E-015
    HNCO            =  1.5876E-012       NCO             =  5.0705E-018       N2              =  9.1214E-003
    AR              =  0.0000E+000       C3H7            =  3.3357E-007       C3H8            =  1.0933E-004
    CH2CHO          =  8.2902E-011       CH3CHO          =  1.7368E-008
 
   Volatile Organic Compounds (ppm):  8.1783E+05
   Unburned Hydrocarbons      (ppm):  8.1782E+05
 
   CO                       (ppmvd): 1.6675E+04
   NO                       (ppmvd): 5.6011E-10
   NOx                      (ppmvd): 6.8864E-10
   CO                (ppmvd 15% O2):  4764.    
   NO                (ppmvd 15% O2): 1.6003E-10
   NOx               (ppmvd 15% O2): 1.9676E-10

========================================================================================================================



 TWOPNT:  SOLVE THE PROBLEM.

                      LOG10   LOG10          
              TASK   NORM F  COND J   REMARK 

             START     3.05            
            SEARCH     4.18    0.00   GOING OUT OF BOUNDS
            EVOLVE     2.80    0.00   100 TIME STEPS, 8.0E-06 LAST STRIDE
            SEARCH     4.35    0.00   GOING OUT OF BOUNDS
            EVOLVE     2.58    0.00   100 TIME STEPS, 1.3E-04 LAST STRIDE
            SEARCH     4.36    0.00   GOING OUT OF BOUNDS
            EVOLVE     2.55    0.00   100 TIME STEPS, 2.0E-03 LAST STRIDE
            SEARCH     4.70    0.00   DIVERGING
            EVOLVE     2.47    0.00   100 TIME STEPS, 1.0E-02 LAST STRIDE
            SEARCH     4.80    0.00   GOING OUT OF BOUNDS
            EVOLVE     2.32    0.00   100 TIME STEPS, 1.0E-02 LAST STRIDE
            SEARCH     2.24    0.00   GOING OUT OF BOUNDS
            EVOLVE     2.16    0.00   100 TIME STEPS, 1.0E-02 LAST STRIDE
            SEARCH    -6.72    0.00   37 SEARCH STEPS

 TWOPNT:  FINAL SOLUTION:


========================================================================================================================
                              PSPRNT: Printing of current solution from TWOPNT:
========================================================================================================================


               RESIDENCE TIME                  7.7996E+00  SEC
               MASS FLOW RATE                  2.5350E+01  GM/SEC
               PRESSURE                        46.39      ATM
               MASS DENSITY                   2.8864E-02  GM/CM^3
               VOLUME                          6850.      CM^3
               TOTAL MASS                      197.7      G
               TOTAL SURFACE AREA              0.000      CM^2
               TOTAL SURFACE TO VOLUME RATIO   0.000      CM-1
               GAS CHEM HEAT PRODUCTION       -4.9882E-09  CAL/S/CM^3
               TEMPERATURE (INLET)              339.7500  K
               TEMPERATURE                      339.7500  K
               SURF TEMP, MATERIAL1             339.7500  K  (same as gas temp)
               HEAT LOSS, MATERIAL1            0.000      CAL/SEC


   EXIT    GAS PHASE MOLE FRACTIONS 

    H2              =  2.6030E-010       H               =  2.8839E-015       O               = -4.7862E-033
    O2              = -3.2424E-025       OH              =  1.6703E-028       H2O             =  8.5103E-020
    HO2             =  6.8317E-026       H2O2            =  3.4016E-029       C               = -8.0028E-032
    CH              =  7.6550E-037       CH2             =  1.4875E-024       CH2(S)          =  2.3044E-030
    CH3             = -1.5214E-010       CH4             =  9.1971E-001       CO              = -1.6576E-012
    CO2             =  1.2239E-002       HCO             =  1.6150E-012       CH2O            =  4.1575E-014
    CH2OH           = -1.4145E-018       CH3O            = -5.4968E-021       CH3OH           = -3.5867E-018
    C2H             =  1.9730E-019       C2H2            = -1.9708E-019       C2H3            = -1.0787E-026
    C2H4            =  9.0083E-014       C2H5            =  4.2945E-010       C2H6            =  5.4330E-002
    HCCO            = -7.7777E-019       CH2CO           = -3.0070E-015       HCCOH           = -3.4629E-022
    N               =  7.4797E-022       NH              =  6.6870E-018       NH2             = -3.0900E-023
    NH3             = -5.7571E-026       NNH             =  1.1599E-024       NO              =  2.2570E-019
    NO2             = -3.5799E-035       N2O             =  1.1676E-023       HNO             =  6.0385E-018
    CN              =  4.5797E-024       HCN             =  4.6352E-020       H2CN            =  1.3185E-019
    HCNN            = -2.5034E-024       HCNO            =  3.9225E-025       HOCN            = -1.2645E-037
    HNCO            = -1.3130E-017       NCO             =  2.2078E-024       N2              =  1.1447E-002
    AR              =  0.0000E+000       C3H7            =  5.2453E-010       C3H8            =  2.2754E-003
    CH2CHO          =  3.9851E-015       CH3CHO          = -1.4491E-018
 
   Volatile Organic Compounds (ppm):  1.0352E+06
   Unburned Hydrocarbons      (ppm):  1.0352E+06
 
   CO                       (ppmvd):-1.6576E-06
   NO                       (ppmvd): 2.2570E-13
   NOx                      (ppmvd): 2.2571E-13
   CO                (ppmvd 15% O2):-4.7359E-07
   NO                (ppmvd 15% O2): 6.4484E-14
   NOx               (ppmvd 15% O2): 6.4488E-14

========================================================================================================================



 TWOPNT:  SUCCESS.  PROBLEM SOLVED.

========================================================================================================================
     OUTLET CONDITIONS:
          Specified inlet mass flow rate =    25.4     gm/sec
          Rate of Mass Loss to the walls =    0.00     gm/sec
          Outlet mass flow rate          =    25.4     gm/sec
               (which, based on an reactor density =   2.886E-02 gm/cm^3 
                   and  on a reactor volume =   6.850E+03 cm^3, 
                   produces a residence time) =    7.80     sec


          Outlet and reactor temperature =   339.75     Kelvin
          Outlet and reactor pressure    =    46.4     atm
          Outlet and reactor density     =  2.88642E-02 gm/cm^3 
          Outlet and reactor mean molecular weight =   17.348     gm/mole
          Outlet molar flow rate         =   1.4612     moles/sec
          Outlet volumetric flow rate    =   878.25     cm^3/sec 
               (based on reactor pressure and temperature)
                                         =  2.14499E+06 SCCM
                                         =   2145.0     SLPM

     OUTLET CONDITIONS FOR GAS PHASE MOLECULAR SPECIES:

   Species        mole_frac     #/cm^3       moles/sec       gm/sec       cm^3/sec        SCCM
------------------------------------------------------------------------------------------------------
    H2           2.60299E-10   2.60812E+11   3.80360E-10   7.66783E-10   2.28608E-07   5.58340E-04
    H            2.88395E-15   2.88963E+06   4.21414E-15   4.24772E-15   2.53282E-12   6.18604E-09
    O           -4.78622E-33  -4.79565E-12  -6.99382E-33  -1.11897E-31  -4.20350E-30  -1.02664E-26
    O2          -3.24238E-25  -3.24877E-04  -4.73790E-25  -1.51607E-23  -2.84762E-22  -6.95488E-19
    OH           1.67026E-28   1.67355E-07   2.44065E-28   4.15090E-27   1.46690E-25   3.58269E-22
    H2O          8.51034E-20    85.271       1.24357E-19   2.24033E-18   7.47421E-17   1.82546E-13
    HO2          6.83173E-26   6.84518E-05   9.98279E-26   3.29500E-24   5.99996E-23   1.46540E-19
    H2O2         3.40163E-29   3.40833E-08   4.97059E-29   1.69073E-27   2.98748E-26   7.29646E-23
    C           -8.00281E-32  -8.01857E-11  -1.16940E-31  -1.40459E-30  -7.02846E-29  -1.71660E-25
    CH           7.65499E-37   7.67007E-16   1.11858E-36   1.45629E-35   6.72299E-34   1.64199E-30
    CH2          1.48746E-24   1.49039E-03   2.17354E-24   3.04884E-23   1.30636E-21   3.19059E-18
    CH2(S)       2.30438E-30   2.30892E-09   3.36726E-30   4.72328E-29   2.02382E-27   4.94289E-24
    CH3         -1.52135E-10  -1.52435E+11  -2.22306E-10  -3.34239E-09  -1.33613E-07  -3.26329E-04
    CH4          0.91971       9.21520E+20    1.3439        21.560        807.73       1.97277E+06
    CO          -1.65758E-12  -1.66084E+09  -2.42212E-12  -6.78448E-11  -1.45576E-09  -3.55549E-06
    CO2          1.22393E-02   1.22634E+19   1.78845E-02   0.78710        10.749        26253.    
    HCO          1.61505E-12   1.61823E+09   2.35997E-12   6.84830E-11   1.41842E-09   3.46427E-06
    CH2O         4.15751E-14   4.16570E+07   6.07511E-14   1.82414E-12   3.65133E-11   8.91782E-08
    CH2OH       -1.41446E-18   -1417.3      -2.06687E-18  -6.41443E-17  -1.24225E-15  -3.03402E-12
    CH3O        -5.49680E-21   -5.5076      -8.03215E-21  -2.49273E-19  -4.82757E-18  -1.17906E-14
    CH3OH       -3.58673E-18   -3593.8      -5.24107E-18  -1.67937E-16  -3.15004E-15  -7.69350E-12
    C2H          1.97297E-19    197.69       2.88299E-19   7.21619E-18   1.73276E-16   4.23201E-13
    C2H2        -1.97084E-19   -197.47      -2.87988E-19  -7.49869E-18  -1.73089E-16  -4.22744E-13
    C2H3        -1.07868E-26  -1.08080E-05  -1.57621E-26  -4.26305E-25  -9.47350E-24  -2.31376E-20
    C2H4         9.00833E-14   9.02607E+07   1.31633E-13   3.69286E-12   7.91156E-11   1.93228E-07
    C2H5         4.29449E-10   4.30295E+11   6.27529E-10   1.82373E-08   3.77164E-07   9.21166E-04
    C2H6         5.43299E-02   5.44369E+19   7.93890E-02    2.3872        47.715       1.16537E+05
    HCCO        -7.77767E-19   -779.30      -1.13650E-18  -4.66304E-17  -6.83074E-16  -1.66830E-12
    CH2CO       -3.00695E-15  -3.01287E+06  -4.39388E-15  -1.84708E-13  -2.64085E-12  -6.44988E-09
    HCCOH       -3.46285E-22  -0.34697      -5.06006E-22  -2.12713E-20  -3.04125E-19  -7.42779E-16
    N            7.47972E-22   0.74945       1.09297E-21   1.53088E-20   6.56906E-19   1.60439E-15
    NH           6.68697E-18    6700.1       9.77127E-18   1.46712E-16   5.87283E-15   1.43435E-11
    NH2         -3.08996E-23  -3.09604E-02  -4.51517E-23  -7.23449E-22  -2.71375E-20  -6.62793E-17
    NH3         -5.75707E-26  -5.76841E-05  -8.41246E-26  -1.43269E-24  -5.05614E-23  -1.23489E-19
    NNH          1.15987E-24   1.16216E-03   1.69485E-24   4.91869E-23   1.01866E-21   2.48792E-18
    NO           2.25695E-19    226.14       3.29795E-19   9.89587E-18   1.98217E-16   4.84115E-13
    NO2         -3.57990E-35  -3.58695E-14  -5.23109E-35  -2.40659E-33  -3.14404E-32  -7.67885E-29
    N2O          1.16765E-23   1.16995E-02   1.70621E-23   7.50953E-22   1.02549E-20   2.50460E-17
    HNO          6.03848E-18    6050.4       8.82368E-18   2.73658E-16   5.30330E-15   1.29525E-11
    CN           4.57966E-24   4.58868E-03   6.69198E-24   1.74111E-22   4.02208E-21   9.82333E-18
    HCN          4.63517E-20    46.443       6.77310E-20   1.83048E-18   4.07084E-17   9.94240E-14
    H2CN         1.31851E-19    132.11       1.92666E-19   5.40117E-18   1.15798E-16   2.82820E-13
    HCNN        -2.50337E-24  -2.50830E-03  -3.65803E-24  -1.50098E-22  -2.19859E-21  -5.36972E-18
    HCNO         3.92254E-25   3.93027E-04   5.73178E-25   2.46611E-23   3.44497E-22   8.41383E-19
    HOCN        -1.26454E-37  -1.26704E-16  -1.84780E-37  -7.95022E-36  -1.11059E-34  -2.71244E-31
    HNCO        -1.31301E-17   -13156.      -1.91862E-17  -8.25492E-16  -1.15315E-14  -2.81640E-11
    NCO          2.20780E-24   2.21215E-03   3.22613E-24   1.35553E-22   1.93900E-21   4.73572E-18
    N2           1.14474E-02   1.14699E+19   1.67273E-02   0.46859        10.054        24554.    
    AR            0.0000        0.0000        0.0000        0.0000        0.0000        0.0000    
    C3H7         5.24529E-10   5.25563E+11   7.66463E-10   3.30263E-08   4.60668E-07   1.12511E-03
    C3H8         2.27543E-03   2.27992E+18   3.32495E-03   0.14662        1.9984        4880.8    
    CH2CHO       3.98505E-15   3.99290E+06   5.82312E-15   2.50660E-13   3.49987E-12   8.54791E-09
    CH3CHO      -1.44905E-18   -1451.9      -2.11741E-18  -9.32796E-17  -1.27263E-15  -3.10820E-12

========================================================================================================================



========================================================================================================================

                         DETAILED SPECIES BALANCE
                                   (all rates are in moles per sec)

   SPECIES           INLET_FR    OUTLET_FR  GAS_PROD_RATE  GAS_DEST_RATE   SURF_NET_PROD    TOTAL_NET
----------------------------------------------------------------------------------------------------------------------------------
 H2                    0.00         3.804E-10     3.801E-10    -6.915E-17      0.00        -2.579E-13
 H                     0.00         4.214E-15     3.993E-10     3.864E-10      0.00         1.288E-11
 O                     0.00        -6.994E-33     9.062E-29    -9.574E-27      0.00         9.665E-27
 O2                    0.00        -4.738E-25     1.139E-25    -8.156E-26      0.00         6.692E-25
 OH                    0.00         2.441E-28     9.878E-22     7.322E-20      0.00        -7.223E-20
 H2O                   0.00         1.244E-19     7.261E-20     2.144E-28      0.00        -5.175E-20
 HO2                   0.00         9.983E-26    -8.156E-26     9.040E-24      0.00        -9.222E-24
 H2O2                  0.00         4.971E-29     4.660E-29     1.044E-31      0.00        -3.207E-30
 C                     0.00        -1.169E-31     4.068E-33     1.154E-29      0.00        -1.142E-29
 CH                    0.00         1.119E-36     1.515E-26     8.020E-25      0.00        -7.869E-25
 CH2                   0.00         2.174E-24     5.882E-20     3.908E-20      0.00         1.974E-20
 CH2(S)                0.00         3.367E-30     1.275E-18     1.725E-18      0.00        -4.495E-19
 CH3                   0.00        -2.223E-10     4.167E-10     1.987E-09      0.00        -1.348E-09
 CH4                   1.34          1.34        -5.013E-09     3.275E-10      0.00         2.837E-10
 CO                    0.00        -2.422E-12     2.759E-10    -1.630E-17      0.00         2.783E-10
 CO2                  1.788E-02     1.788E-02     2.121E-20     9.184E-18      0.00         1.246E-18
 HCO                   0.00         2.360E-12    -1.175E-17     2.759E-10      0.00        -2.783E-10
 CH2O                  0.00         6.075E-14     2.155E-15    -4.120E-19      0.00        -5.860E-14
 CH2OH                 0.00        -2.067E-18     7.966E-20    -1.507E-20      0.00         2.162E-18
 CH3O                  0.00        -8.032E-21     2.409E-19    -5.301E-18      0.00         5.550E-18
 CH3OH                 0.00        -5.241E-18    -5.313E-18     4.130E-25      0.00        -7.166E-20
 C2H                   0.00         2.883E-19    -6.587E-41     5.512E-19      0.00        -8.395E-19
 C2H2                  0.00        -2.880E-19     5.512E-19    -1.705E-24      0.00         8.392E-19
 C2H3                  0.00        -1.576E-26    -8.228E-21    -2.352E-20      0.00         1.529E-20
 C2H4                  0.00         1.316E-13     4.941E-14     9.161E-19      0.00        -8.222E-14
 C2H5                  0.00         6.275E-10    -1.335E-08    -1.143E-08      0.00        -2.544E-09
 C2H6                 7.939E-02     7.939E-02     1.168E-08    -4.314E-09      0.00         4.316E-09
 HCCO                  0.00        -1.137E-18    -5.875E-23    -5.645E-21      0.00         1.142E-18
 CH2CO                 0.00        -4.394E-15     2.396E-18    -1.234E-17      0.00         4.409E-15
 HCCOH                 0.00        -5.060E-22    -3.265E-38    -1.894E-25      0.00         5.062E-22
 N                     0.00         1.093E-21     7.178E-21    -1.345E-19      0.00         1.406E-19
 NH                    0.00         9.771E-18    -5.827E-24     8.646E-18      0.00        -1.842E-17
 NH2                   0.00        -4.515E-23    -1.136E-24    -5.642E-27      0.00         4.402E-23
 NH3                   0.00        -8.412E-26    -5.338E-27    -8.461E-37      0.00         7.879E-26
 NNH                   0.00         1.695E-24     6.286E-15     6.286E-15      0.00         5.051E-21
 NO                    0.00         3.298E-19     3.548E-20     2.869E-22      0.00        -2.946E-19
 NO2                   0.00        -5.231E-35     1.256E-33    -1.516E-37      0.00         1.308E-33
 N2O                   0.00         1.706E-23     7.584E-25     1.772E-37      0.00        -1.630E-23
 HNO                   0.00         8.824E-18     9.126E-18     7.423E-21      0.00         2.944E-19
 CN                    0.00         6.692E-24    -1.556E-39     2.953E-24      0.00        -9.645E-24
 HCN                   0.00         6.773E-20    -1.428E-21     5.701E-23      0.00        -6.922E-20
 H2CN                  0.00         1.927E-19    -1.406E-19     2.044E-20      0.00        -3.537E-19
 HCNN                  0.00        -3.658E-24     9.853E-28    -1.372E-26      0.00         3.673E-24
 HCNO                  0.00         5.732E-25    -2.996E-26     1.321E-29      0.00        -6.031E-25
 HOCN                  0.00        -1.848E-37    -4.635E-39    -8.542E-43      0.00         1.801E-37
 HNCO                  0.00        -1.919E-17    -4.863E-19    -1.167E-24      0.00         1.870E-17
 NCO                   0.00         3.226E-24    -1.942E-24     6.736E-27      0.00        -5.175E-24
 N2                   1.673E-02     1.673E-02     6.286E-15     6.286E-15      0.00        -5.053E-21
 AR                    0.00          0.00          0.00          0.00          0.00          0.00    
 C3H7                  0.00         7.665E-10    -1.557E-10    -4.310E-09      0.00         3.388E-09
 C3H8                 3.325E-03     3.325E-03    -1.147E-08    -2.370E-10      0.00        -4.214E-09
 CH2CHO                0.00         5.823E-15    -1.233E-17     7.199E-18      0.00        -5.843E-15
 CH3CHO                0.00        -2.117E-18     7.085E-21     4.548E-23      0.00         2.124E-18


========================================================================================================================

                         DETAILED ELEMENT BALANCES
                                   (all rates are in moles per sec)

 ELEMENT          INLET_FR      OUTLET_FR    TOTAL_NET                                                                  
------------------------------------------------------------------------------------------------------------------------
 O                  3.577E-02     3.577E-02      0.00    
 H                   5.88          5.88         1.776E-15
 C                   1.53          1.53          0.00    
 N                  3.345E-02     3.345E-02      0.00    
 AR                  0.00          0.00          0.00    

========================================================================================================================



 Total CPUtime: 0.663 (seconds)
