

     *****************************************************************
     *                   ANSYS Chemkin-Pro 2023 R1                   *
     *                      AURORA Application                       *
     *         PERFECTLY STIRRED OR PLUG FLOW REACTOR MODEL          *
     *                 Copyright(c) 2023 ANSYS, Inc.                 *                
     *Run Date and Time: Jul 30, 2025   00:09:11     120 min from UTC*
     *****************************************************************



Running CHEMKIN-PRO
Running Multi-threaded mode

                WORKING SPACE REQUIREMENTS
                 PROVIDED        REQUIRED 
 LOGICAL              163            163
 INTEGER            43576          43576
 REAL               39105          39105
 CHARACTER            125            125

This problem requires      0.298MB of memory for the REAL array.

Initializing CHEMKIN Gas-phase Library a component of ANSYS Chemkin-Pro 2023 R1, Build date: Nov 17, 2022
This and All Other CHEMKIN(R) Libraries are Copyright (c) 2023 Ansys, Inc.  Unauthorized use, distribution, or duplication is prohibited.This product is subject to U.S. laws governing export andre-export.  For full Legal Notice, see documentation.


LICENSE INFORMATION: 
 

LicNum: unknown                                                                                                                                                                                                                                                                                                                                                                                                                                                                                                                 
          INLET STREAM FOUND FOR REACTOR     1: C3__Gas_Splitter_to_C7__Gas_Mixer                                                                                                                                                                                                                                  
          INLET STREAM FOUND FOR REACTOR     1: Inserted_Splitter5_to_C7__Gas_Mixer                                                                                                                                                                                                                                

           KEYWORD INPUT 

          !
          ! problem type definition
          !
          ENRG   ! Solve Gas Energy Equation
          STST   ! Steady State Solver
          !
          ! physical property
          !
          PRES 46.3853935356526   ! Pressure (atm)
          QLOS 0.0   ! Heat Loss (cal/sec)
          VOL 1.0   ! Volume (cm3)
          !
          ! output control and other misc. property
          !
          GFAC 0.0   ! Gas Reaction Rate Multiplier
          GFAC 0.0   ! Gas Reaction Rate Multiplier
          !tear!XMLS C3__Gas_Splitter_to_C7__Gas_Mixer 0.05 W:\studienarbeit\Simulation\Simulation*Cases\kein*CO2\XMLdata_Aramco-Rev7-Simplified_PFRC3.zip
          TINL C3__Gas_Splitter_to_C7__Gas_Mixer 1.700078e+03
          FLRT C3__Gas_Splitter_to_C7__Gas_Mixer 3.252352E2
          REAC C3__Gas_Splitter_to_C7__Gas_Mixer H2 4.447443E-1
          REAC C3__Gas_Splitter_to_C7__Gas_Mixer H 1.44581E-5
          REAC C3__Gas_Splitter_to_C7__Gas_Mixer O 9.281545E-12
          REAC C3__Gas_Splitter_to_C7__Gas_Mixer OH 3.619056E-7
          REAC C3__Gas_Splitter_to_C7__Gas_Mixer H2O 2.154749E-1
          REAC C3__Gas_Splitter_to_C7__Gas_Mixer H2O2 1.067641E-12
          REAC C3__Gas_Splitter_to_C7__Gas_Mixer C 1.035435E-15
          REAC C3__Gas_Splitter_to_C7__Gas_Mixer CH 9.455114E-14
          REAC C3__Gas_Splitter_to_C7__Gas_Mixer CH2 7.407987E-10
          REAC C3__Gas_Splitter_to_C7__Gas_Mixer CH2(S) 2.268539E-11
          REAC C3__Gas_Splitter_to_C7__Gas_Mixer CH3 2.237695E-5
          REAC C3__Gas_Splitter_to_C7__Gas_Mixer CH4 3.395469E-2
          REAC C3__Gas_Splitter_to_C7__Gas_Mixer CO 2.632687E-1
          REAC C3__Gas_Splitter_to_C7__Gas_Mixer CO2 3.795489E-2
          REAC C3__Gas_Splitter_to_C7__Gas_Mixer HCO 1.421518E-7
          REAC C3__Gas_Splitter_to_C7__Gas_Mixer CH2O 2.665582E-6
          REAC C3__Gas_Splitter_to_C7__Gas_Mixer CH2OH 8.107492E-10
          REAC C3__Gas_Splitter_to_C7__Gas_Mixer CH3O 1.247516E-11
          REAC C3__Gas_Splitter_to_C7__Gas_Mixer CH3OH 4.78149E-7
          REAC C3__Gas_Splitter_to_C7__Gas_Mixer C2H 7.826625E-11
          REAC C3__Gas_Splitter_to_C7__Gas_Mixer C2H2 4.312806E-4
          REAC C3__Gas_Splitter_to_C7__Gas_Mixer C2H3 8.342492E-8
          REAC C3__Gas_Splitter_to_C7__Gas_Mixer C2H4 4.272106E-4
          REAC C3__Gas_Splitter_to_C7__Gas_Mixer C2H5 1.184193E-7
          REAC C3__Gas_Splitter_to_C7__Gas_Mixer C2H6 1.889323E-5
          REAC C3__Gas_Splitter_to_C7__Gas_Mixer HCCO 3.794967E-10
          REAC C3__Gas_Splitter_to_C7__Gas_Mixer CH2CO 1.658189E-6
          REAC C3__Gas_Splitter_to_C7__Gas_Mixer HCCOH 4.514843E-8
          REAC C3__Gas_Splitter_to_C7__Gas_Mixer N 3.708298E-17
          REAC C3__Gas_Splitter_to_C7__Gas_Mixer NH 3.313721E-17
          REAC C3__Gas_Splitter_to_C7__Gas_Mixer NH2 1.056906E-14
          REAC C3__Gas_Splitter_to_C7__Gas_Mixer NH3 1.302943E-10
          REAC C3__Gas_Splitter_to_C7__Gas_Mixer NNH 4.706863E-12
          REAC C3__Gas_Splitter_to_C7__Gas_Mixer NO 1.019394E-14
          REAC C3__Gas_Splitter_to_C7__Gas_Mixer N2O 1.422506E-14
          REAC C3__Gas_Splitter_to_C7__Gas_Mixer HNO 4.817679E-18
          REAC C3__Gas_Splitter_to_C7__Gas_Mixer CN 1.597799E-17
          REAC C3__Gas_Splitter_to_C7__Gas_Mixer HCN 5.70639E-11
          REAC C3__Gas_Splitter_to_C7__Gas_Mixer H2CN 1.866516E-16
          REAC C3__Gas_Splitter_to_C7__Gas_Mixer HCNN 7.655961E-17
          REAC C3__Gas_Splitter_to_C7__Gas_Mixer HCNO 4.171319E-19
          REAC C3__Gas_Splitter_to_C7__Gas_Mixer HOCN 2.718818E-15
          REAC C3__Gas_Splitter_to_C7__Gas_Mixer HNCO 1.898289E-12
          REAC C3__Gas_Splitter_to_C7__Gas_Mixer NCO 1.513381E-17
          REAC C3__Gas_Splitter_to_C7__Gas_Mixer N2 3.682654E-3
          REAC C3__Gas_Splitter_to_C7__Gas_Mixer C3H7 1.60265E-10
          REAC C3__Gas_Splitter_to_C7__Gas_Mixer C3H8 2.55276E-8
          REAC C3__Gas_Splitter_to_C7__Gas_Mixer CH2CHO 1.638006E-10
          REAC C3__Gas_Splitter_to_C7__Gas_Mixer CH3CHO 2.941037E-8
          ! Initialization of Inlet Stream From Solution File
          INLET C3__Gas_Splitter_to_C7__Gas_Mixer 1   ! Inlet Stream
          !XMLS Inserted_Splitter5_to_C7__Gas_Mixer 0.5 W:\studienarbeit\Simulation\Simulation*Cases\kein*CO2\XMLdata_Aramco-Rev7-Simplified_PSRC8.zip
          TINL Inserted_Splitter5_to_C7__Gas_Mixer 1.6E3
          FLRT Inserted_Splitter5_to_C7__Gas_Mixer 2.163262E2
          REAC Inserted_Splitter5_to_C7__Gas_Mixer H2 4.583157E-1
          REAC Inserted_Splitter5_to_C7__Gas_Mixer H 5.393633E-6
          REAC Inserted_Splitter5_to_C7__Gas_Mixer OH 9.440844E-8
          REAC Inserted_Splitter5_to_C7__Gas_Mixer H2O 2.050246E-1
          REAC Inserted_Splitter5_to_C7__Gas_Mixer CH3 6.888819E-6
          REAC Inserted_Splitter5_to_C7__Gas_Mixer CH4 2.883493E-2
          REAC Inserted_Splitter5_to_C7__Gas_Mixer CO 2.646559E-1
          REAC Inserted_Splitter5_to_C7__Gas_Mixer CO2 3.936396E-2
          REAC Inserted_Splitter5_to_C7__Gas_Mixer HCO 7.431287E-8
          REAC Inserted_Splitter5_to_C7__Gas_Mixer CH2O 2.553248E-6
          REAC Inserted_Splitter5_to_C7__Gas_Mixer CH3OH 1.877393E-7
          REAC Inserted_Splitter5_to_C7__Gas_Mixer C2H2 4.119501E-5
          REAC Inserted_Splitter5_to_C7__Gas_Mixer C2H4 9.787678E-5
          REAC Inserted_Splitter5_to_C7__Gas_Mixer C2H5 2.124835E-8
          REAC Inserted_Splitter5_to_C7__Gas_Mixer C2H6 8.89156E-6
          REAC Inserted_Splitter5_to_C7__Gas_Mixer CH2CO 6.372959E-7
          REAC Inserted_Splitter5_to_C7__Gas_Mixer N2 3.641115E-3
          REAC Inserted_Splitter5_to_C7__Gas_Mixer CH3CHO 2.050153E-8
          ! Initialization of Inlet Stream From Solution File
          INLET Inserted_Splitter5_to_C7__Gas_Mixer 1   ! Inlet Stream
          END

 FIRST SOLUTION ESTIMATE FOR PSR #  1 IS EQUILIBRIUM 


========================================================================================================================
     KINETICS MECHANISM:
        Total number of gas phase species     =   53
        Total number of gas phase reactions   =  325
========================================================================================================================


========================================================================================================================
     REACTOR #    1 CONDITIONS FOR INLET NAMED: C3__Gas_Splitter_to_C7__Gas_Mixer
          Inlet mass flow rate =    325.     gm/sec
               (which, based on an estimated reactor density =   4.644E-03 gm/cm^3 
                       and  on a reactor volume  =    1.00     cm^3, 
                      produces an estimated residence time) =   8.576E-06 sec


          Inlet temperature =   1700.1     Kelvin
          Inlet pressure (assumed equal to reactor pressure) =    46.4     atm
          Inlet density =  4.81973E-03 gm/cm^3 
          Inlet mean molecular weight =   14.495     gm/mole
          Inlet molar flow rate      =   22.437     moles/sec
          Inlet volumetric flow rate =   67480.     cm^3/sec 
               (based on reactor pressure and inlet temperature)
                                     =  3.29362E+07 SCCM
                                     =   32936.     SLPM

     INLET CONDITIONS FOR GAS PHASE MOLECULAR SPECIES IN C3__Gas_Splitter_to_C7__Gas_Mixer

   Species        mole_frac     moles/sec       gm/sec       cm^3/sec        SCCM            SLPM
------------------------------------------------------------------------------------------------------
    H2          0.44474        9.9788        20.117        30011.       1.46482E+007   14648.     
    H           1.44581E-005  3.24400E-004  3.26985E-004  0.97563        476.19       0.47619     
    O           9.28155E-012  2.08252E-010  3.33191E-009  6.26318E-007  3.05699E-004  3.05699E-007
    O2           0.0000        0.0000        0.0000        0.0000        0.0000        0.0000     
    OH          3.61906E-007  8.12015E-006  1.38102E-004  2.44214E-002   11.920       1.19198E-002
    H2O         0.21547        4.8347        87.098        14540.       7.09692E+006   7096.9     
    HO2          0.0000        0.0000        0.0000        0.0000        0.0000        0.0000     
    H2O2        1.06764E-012  2.39549E-011  8.14819E-010  7.20444E-008  3.51640E-005  3.51640E-008
    C           1.03544E-015  2.32323E-014  2.79046E-013  6.98711E-011  3.41033E-008  3.41033E-011
    CH          9.45511E-014  2.12146E-012  2.76196E-011  6.38031E-009  3.11415E-006  3.11415E-009
    CH2         7.40799E-010  1.66215E-008  2.33151E-007  4.99891E-005  2.43991E-002  2.43991E-005
    CH2(S)      2.26854E-011  5.08997E-010  7.13975E-009  1.53081E-006  7.47170E-004  7.47170E-007
    CH3         2.23770E-005  5.02076E-004  7.54875E-003   1.5100        737.01       0.73701     
    CH4         3.39547E-002  0.76185        12.222        2291.3       1.11834E+006   1118.3     
    CO          0.26327        5.9070        165.46        17765.       8.67106E+006   8671.1     
    CO2         3.79549E-002  0.85160        37.479        2561.2       1.25009E+006   1250.1     
    HCO         1.42152E-007  3.18949E-006  9.25543E-005  9.59240E-003   4.6819       4.68194E-003
    CH2O        2.66558E-006  5.98082E-005  1.79583E-003  0.17987        87.794       8.77941E-002
    CH2OH       8.10749E-010  1.81910E-008  5.64547E-007  5.47093E-005  2.67030E-002  2.67030E-005
    CH3O        1.24752E-011  2.79908E-010  8.68679E-009  8.41823E-007  4.10884E-004  4.10884E-007
    CH3OH       4.78149E-007  1.07283E-005  3.43762E-004  3.22655E-002   15.748       1.57484E-002
    C2H         7.82663E-011  1.75608E-009  4.39551E-008  5.28140E-006  2.57779E-003  2.57779E-006
    C2H2        4.31281E-004  9.67674E-003  0.25197        29.103        14205.        14.205     
    C2H3        8.34249E-008  1.87182E-006  5.06257E-005  5.62951E-003   2.7477       2.74770E-003
    C2H4        4.27211E-004  9.58542E-003  0.26891        28.828        14071.        14.071     
    C2H5        1.18419E-007  2.65700E-006  7.72181E-005  7.99093E-003   3.9003       3.90028E-003
    C2H6        1.88932E-005  4.23912E-004  1.27471E-002   1.2749        622.27       0.62227     
    HCCO        3.79497E-010  8.51485E-009  3.49361E-007  2.56084E-005  1.24992E-002  1.24992E-005
    CH2CO       1.65819E-006  3.72051E-005  1.56402E-003  0.11189        54.614       5.46144E-002
    HCCOH       4.51484E-008  1.01301E-006  4.25843E-005  3.04661E-003   1.4870       1.48702E-003
    N           3.70830E-017  8.32039E-016  1.16541E-014  2.50236E-012  1.22137E-009  1.22137E-012
    NH          3.31372E-017  7.43507E-016  1.11635E-014  2.23610E-012  1.09141E-009  1.09141E-012
    NH2         1.05691E-014  2.37140E-013  3.79961E-012  7.13200E-010  3.48104E-007  3.48104E-010
    NH3         1.30294E-010  2.92344E-009  4.97880E-008  8.79225E-006  4.29140E-003  4.29140E-006
    NNH         4.70686E-012  1.05609E-010  3.06492E-009  3.17619E-007  1.55026E-004  1.55026E-007
    NO          1.01939E-014  2.28724E-013  6.86310E-012  6.87886E-010  3.35749E-007  3.35749E-010
    NO2          0.0000        0.0000        0.0000        0.0000        0.0000        0.0000     
    N2O         1.42251E-014  3.19171E-013  1.40476E-011  9.59906E-010  4.68519E-007  4.68519E-010
    HNO         4.81768E-018  1.08095E-016  3.35248E-015  3.25097E-013  1.58676E-010  1.58676E-013
    CN          1.59780E-017  3.58502E-016  9.32744E-015  1.07819E-012  5.26254E-010  5.26254E-013
    HCN         5.70639E-011  1.28036E-009  3.46026E-008  3.85067E-006  1.87947E-003  1.87947E-006
    H2CN        1.86652E-016  4.18794E-015  1.17404E-013  1.25952E-011  6.14759E-009  6.14759E-012
    HCNN        7.65596E-017  1.71778E-015  7.04850E-014  5.16624E-012  2.52158E-009  2.52158E-012
    HCNO        4.17132E-019  9.35928E-018  4.02685E-016  2.81480E-014  1.37387E-011  1.37387E-014
    HOCN        2.71882E-015  6.10027E-014  2.62466E-012  1.83466E-010  8.95475E-008  8.95475E-011
    HNCO        1.89829E-012  4.25923E-011  1.83254E-009  1.28096E-007  6.25224E-005  6.25224E-008
    NCO         1.51338E-017  3.39561E-016  1.42674E-014  1.02123E-012  4.98450E-010  4.98450E-013
    N2          3.68265E-003  8.26285E-002   2.3147        248.51       1.21293E+005   121.29     
    AR           0.0000        0.0000        0.0000        0.0000        0.0000        0.0000     
    C3H7        1.60265E-010  3.59590E-009  1.54945E-007  1.08147E-005  5.27852E-003  5.27852E-006
    C3H8        2.55276E-008  5.72768E-007  2.52575E-005  1.72260E-003  0.84078       8.40781E-004
    CH2CHO      1.63801E-010  3.67523E-009  1.58203E-007  1.10533E-005  5.39497E-003  5.39497E-006
    CH3CHO      2.94104E-008  6.59887E-007  2.90704E-005  1.98461E-003  0.96867       9.68665E-004

========================================================================================================================



========================================================================================================================
     REACTOR #    1 CONDITIONS FOR INLET NAMED: Inserted_Splitter5_to_C7__Gas_Mixer
          Inlet mass flow rate =    216.     gm/sec
               (which, based on an estimated reactor density =   4.644E-03 gm/cm^3 
                       and  on a reactor volume  =    1.00     cm^3, 
                      produces an estimated residence time) =   8.576E-06 sec


          Inlet temperature =   1600.0     Kelvin
          Inlet pressure (assumed equal to reactor pressure) =    46.4     atm
          Inlet density =  5.06349E-03 gm/cm^3 
          Inlet mean molecular weight =   14.332     gm/mole
          Inlet molar flow rate      =   15.094     moles/sec
          Inlet volumetric flow rate =   42723.     cm^3/sec 
               (based on reactor pressure and inlet temperature)
                                     =  2.21568E+07 SCCM
                                     =   22157.     SLPM

     INLET CONDITIONS FOR GAS PHASE MOLECULAR SPECIES IN Inserted_Splitter5_to_C7__Gas_Mixer

   Species        mole_frac     moles/sec       gm/sec       cm^3/sec        SCCM            SLPM
------------------------------------------------------------------------------------------------------
    H2          0.45832        6.9178        13.946        19581.       1.01548E+007   10155.     
    H           5.39363E-006  8.14111E-005  8.20600E-005  0.23043        119.51       0.11951     
    O            0.0000        0.0000        0.0000        0.0000        0.0000        0.0000     
    O2           0.0000        0.0000        0.0000        0.0000        0.0000        0.0000     
    OH          9.44084E-008  1.42499E-006  2.42354E-005  4.03339E-003   2.0918       2.09179E-003
    H2O         0.20502        3.0946        55.751        8759.2       4.54268E+006   4542.7     
    HO2          0.0000        0.0000        0.0000        0.0000        0.0000        0.0000     
    H2O2         0.0000        0.0000        0.0000        0.0000        0.0000        0.0000     
    C            0.0000        0.0000        0.0000        0.0000        0.0000        0.0000     
    CH           0.0000        0.0000        0.0000        0.0000        0.0000        0.0000     
    CH2          0.0000        0.0000        0.0000        0.0000        0.0000        0.0000     
    CH2(S)       0.0000        0.0000        0.0000        0.0000        0.0000        0.0000     
    CH3         6.88882E-006  1.03979E-004  1.56334E-003  0.29431        152.63       0.15263     
    CH4         2.88349E-002  0.43523        6.9824        1231.9       6.38889E+005   638.89     
    CO          0.26466        3.9947        111.89        11307.       5.86392E+006   5863.9     
    CO2         3.93640E-002  0.59416        26.149        1681.7       8.72178E+005   872.18     
    HCO         7.43129E-008  1.12167E-006  3.25493E-005  3.17485E-003   1.6465       1.64653E-003
    CH2O        2.55325E-006  3.85386E-005  1.15718E-003  0.10908        56.572       5.65717E-002
    CH2OH        0.0000        0.0000        0.0000        0.0000        0.0000        0.0000     
    CH3O         0.0000        0.0000        0.0000        0.0000        0.0000        0.0000     
    CH3OH       1.87739E-007  2.83372E-006  9.07994E-005  8.02074E-003   4.1597       4.15970E-003
    C2H          0.0000        0.0000        0.0000        0.0000        0.0000        0.0000     
    C2H2        4.11950E-005  6.21795E-004  1.61904E-002   1.7600        912.75       0.91275     
    C2H3         0.0000        0.0000        0.0000        0.0000        0.0000        0.0000     
    C2H4        9.78768E-005  1.47735E-003  4.14457E-002   4.1816        2168.6        2.1686     
    C2H5        2.12483E-008  3.20721E-007  9.32085E-006  9.07788E-004  0.47079       4.70795E-004
    C2H6        8.89156E-006  1.34209E-004  4.03567E-003  0.37987        197.01       0.19701     
    HCCO         0.0000        0.0000        0.0000        0.0000        0.0000        0.0000     
    CH2CO       6.37296E-007  9.61930E-006  4.04373E-004  2.72270E-002   14.120       1.41204E-002
    HCCOH        0.0000        0.0000        0.0000        0.0000        0.0000        0.0000     
    N            0.0000        0.0000        0.0000        0.0000        0.0000        0.0000     
    NH           0.0000        0.0000        0.0000        0.0000        0.0000        0.0000     
    NH2          0.0000        0.0000        0.0000        0.0000        0.0000        0.0000     
    NH3          0.0000        0.0000        0.0000        0.0000        0.0000        0.0000     
    NNH          0.0000        0.0000        0.0000        0.0000        0.0000        0.0000     
    NO           0.0000        0.0000        0.0000        0.0000        0.0000        0.0000     
    NO2          0.0000        0.0000        0.0000        0.0000        0.0000        0.0000     
    N2O          0.0000        0.0000        0.0000        0.0000        0.0000        0.0000     
    HNO          0.0000        0.0000        0.0000        0.0000        0.0000        0.0000     
    CN           0.0000        0.0000        0.0000        0.0000        0.0000        0.0000     
    HCN          0.0000        0.0000        0.0000        0.0000        0.0000        0.0000     
    H2CN         0.0000        0.0000        0.0000        0.0000        0.0000        0.0000     
    HCNN         0.0000        0.0000        0.0000        0.0000        0.0000        0.0000     
    HCNO         0.0000        0.0000        0.0000        0.0000        0.0000        0.0000     
    HOCN         0.0000        0.0000        0.0000        0.0000        0.0000        0.0000     
    HNCO         0.0000        0.0000        0.0000        0.0000        0.0000        0.0000     
    NCO          0.0000        0.0000        0.0000        0.0000        0.0000        0.0000     
    N2          3.64111E-003  5.49587E-002   1.5396        155.56        80675.        80.675     
    AR           0.0000        0.0000        0.0000        0.0000        0.0000        0.0000     
    C3H7         0.0000        0.0000        0.0000        0.0000        0.0000        0.0000     
    C3H8         0.0000        0.0000        0.0000        0.0000        0.0000        0.0000     
    CH2CHO       0.0000        0.0000        0.0000        0.0000        0.0000        0.0000     
    CH3CHO      2.05015E-008  3.09449E-007  1.36323E-005  8.75882E-004  0.45425       4.54248E-004

========================================================================================================================



 TWOPNT:  DOUBLE PRECISION (TWO POINT BOUNDARY VALUE PROBLEM) SOLVER,
          VERSION 3.30 OF APRIL 1998 BY DR. JOSEPH F. GRCAR.

 TWOPNT:  INITIAL GUESS:


========================================================================================================================
                              PSPRNT: Printing of current solution from TWOPNT:
========================================================================================================================


               RESIDENCE TIME                  8.5756E-06  SEC
               MASS FLOW RATE                  5.4156E+02  GM/SEC
               PRESSURE                        46.39      ATM
               MASS DENSITY                   4.6442E-03  GM/CM^3
               VOLUME                          1.000      CM^3
               TOTAL MASS                     4.6442E-03  G
               TOTAL SURFACE AREA              0.000      CM^2
               TOTAL SURFACE TO VOLUME RATIO   0.000      CM-1
               GAS CHEM HEAT PRODUCTION        0.0000E+00  CAL/S/CM^3
               TEMPERATURE (FIXED)             1650.0390  K
               SURF TEMP, MATERIAL1            1650.0390  K  (same as gas temp)


   INLET  GAS PHASE MOLE FRACTIONS FOR INLET NAMED C3__Gas_Splitter_to_C7__Gas_Mixer

    H2              =  4.4474E-001       H               =  1.4458E-005       O               =  9.2815E-012
    O2              =  0.0000E+000       OH              =  3.6191E-007       H2O             =  2.1547E-001
    HO2             =  0.0000E+000       H2O2            =  1.0676E-012       C               =  1.0354E-015
    CH              =  9.4551E-014       CH2             =  7.4080E-010       CH2(S)          =  2.2685E-011
    CH3             =  2.2377E-005       CH4             =  3.3955E-002       CO              =  2.6327E-001
    CO2             =  3.7955E-002       HCO             =  1.4215E-007       CH2O            =  2.6656E-006
    CH2OH           =  8.1075E-010       CH3O            =  1.2475E-011       CH3OH           =  4.7815E-007
    C2H             =  7.8266E-011       C2H2            =  4.3128E-004       C2H3            =  8.3425E-008
    C2H4            =  4.2721E-004       C2H5            =  1.1842E-007       C2H6            =  1.8893E-005
    HCCO            =  3.7950E-010       CH2CO           =  1.6582E-006       HCCOH           =  4.5148E-008
    N               =  3.7083E-017       NH              =  3.3137E-017       NH2             =  1.0569E-014
    NH3             =  1.3029E-010       NNH             =  4.7069E-012       NO              =  1.0194E-014
    NO2             =  0.0000E+000       N2O             =  1.4225E-014       HNO             =  4.8177E-018
    CN              =  1.5978E-017       HCN             =  5.7064E-011       H2CN            =  1.8665E-016
    HCNN            =  7.6560E-017       HCNO            =  4.1713E-019       HOCN            =  2.7188E-015
    HNCO            =  1.8983E-012       NCO             =  1.5134E-017       N2              =  3.6827E-003
    AR              =  0.0000E+000       C3H7            =  1.6027E-010       C3H8            =  2.5528E-008
    CH2CHO          =  1.6380E-010       CH3CHO          =  2.9410E-008


   INLET  GAS PHASE MOLE FRACTIONS FOR INLET NAMED Inserted_Splitter5_to_C7__Gas_Mixer

    H2              =  4.5832E-001       H               =  5.3936E-006       O               =  0.0000E+000
    O2              =  0.0000E+000       OH              =  9.4408E-008       H2O             =  2.0502E-001
    HO2             =  0.0000E+000       H2O2            =  0.0000E+000       C               =  0.0000E+000
    CH              =  0.0000E+000       CH2             =  0.0000E+000       CH2(S)          =  0.0000E+000
    CH3             =  6.8888E-006       CH4             =  2.8835E-002       CO              =  2.6466E-001
    CO2             =  3.9364E-002       HCO             =  7.4313E-008       CH2O            =  2.5532E-006
    CH2OH           =  0.0000E+000       CH3O            =  0.0000E+000       CH3OH           =  1.8774E-007
    C2H             =  0.0000E+000       C2H2            =  4.1195E-005       C2H3            =  0.0000E+000
    C2H4            =  9.7877E-005       C2H5            =  2.1248E-008       C2H6            =  8.8916E-006
    HCCO            =  0.0000E+000       CH2CO           =  6.3730E-007       HCCOH           =  0.0000E+000
    N               =  0.0000E+000       NH              =  0.0000E+000       NH2             =  0.0000E+000
    NH3             =  0.0000E+000       NNH             =  0.0000E+000       NO              =  0.0000E+000
    NO2             =  0.0000E+000       N2O             =  0.0000E+000       HNO             =  0.0000E+000
    CN              =  0.0000E+000       HCN             =  0.0000E+000       H2CN            =  0.0000E+000
    HCNN            =  0.0000E+000       HCNO            =  0.0000E+000       HOCN            =  0.0000E+000
    HNCO            =  0.0000E+000       NCO             =  0.0000E+000       N2              =  3.6411E-003
    AR              =  0.0000E+000       C3H7            =  0.0000E+000       C3H8            =  0.0000E+000
    CH2CHO          =  0.0000E+000       CH3CHO          =  2.0502E-008


   EXIT    GAS PHASE MOLE FRACTIONS 

    H2              =  5.0771E-001       H               =  9.5121E-006       O               =  2.2432E-012
    O2              =  3.4805E-013       OH              =  1.4692E-007       H2O             =  1.7369E-001
    HO2             =  2.5899E-015       H2O2            =  3.2248E-013       C               =  1.7301E-018
    CH              =  2.2085E-016       CH2             =  2.7739E-012       CH2(S)          =  8.4091E-014
    CH3             =  1.5064E-007       CH4             =  3.9613E-004       CO              =  2.8442E-001
    CO2             =  3.0309E-002       HCO             =  1.1867E-007       CH2O            =  2.8859E-006
    CH2OH           =  1.2216E-010       CH3O            =  1.1159E-012       CH3OH           =  3.1718E-008
    C2H             =  1.1669E-015       C2H2            =  1.4274E-008       C2H3            =  2.6117E-012
    C2H4            =  2.4564E-008       C2H5            =  6.5051E-012       C2H6            =  1.7928E-009
    HCCO            =  1.6362E-012       CH2CO           =  1.2446E-008       HCCOH           =  1.0130E-012
    N               =  1.7198E-014       NH              =  2.3299E-012       NH2             =  1.8429E-009
    NH3             =  4.0928E-005       NNH             =  2.7431E-012       NO              =  2.0319E-010
    NO2             =  6.3271E-018       N2O             =  5.4168E-015       HNO             =  2.2591E-013
    CN              =  5.2790E-013       HCN             =  3.8949E-006       H2CN            =  1.0683E-011
    HCNN            =  2.1954E-019       HCNO            =  5.2945E-016       HOCN            =  2.1021E-010
    HNCO            =  4.9156E-007       NCO             =  2.0574E-012       N2              =  3.4214E-003
    AR              =  0.0000E+000       C3H7            =  7.5970E-017       C3H8            =  2.0396E-014
    CH2CHO          =  1.1678E-012       CH3CHO          =  7.1437E-010
 
   Volatile Organic Compounds (ppm):   403.8    
   Unburned Hydrocarbons      (ppm):   396.4    
 
   CO                       (ppmvd): 3.4420E+05
   NO                       (ppmvd): 2.4590E-04
   NOx                      (ppmvd): 2.4591E-04
   CO                (ppmvd 15% O2): 9.8344E+04
   NO                (ppmvd 15% O2): 7.0258E-05
   NOx               (ppmvd 15% O2): 7.0260E-05

========================================================================================================================



 TWOPNT:  SOLVE THE PROBLEM.

                      LOG10   LOG10          
              TASK   NORM F  COND J   REMARK 

             START     3.94            
            SEARCH    -6.47    0.00   7 SEARCH STEPS

 TWOPNT:  FINAL SOLUTION:


========================================================================================================================
                              PSPRNT: Printing of current solution from TWOPNT:
========================================================================================================================


               RESIDENCE TIME                  9.1280E-06  SEC
               MASS FLOW RATE                  5.4156E+02  GM/SEC
               PRESSURE                        46.39      ATM
               MASS DENSITY                   4.9434E-03  GM/CM^3
               VOLUME                          1.000      CM^3
               TOTAL MASS                     4.9434E-03  G
               TOTAL SURFACE AREA              0.000      CM^2
               TOTAL SURFACE TO VOLUME RATIO   0.000      CM-1
               GAS CHEM HEAT PRODUCTION        0.0000E+00  CAL/S/CM^3
               TEMPERATURE (FIXED)             1650.0390  K
               SURF TEMP, MATERIAL1            1650.0390  K  (same as gas temp)


   EXIT    GAS PHASE MOLE FRACTIONS 

    H2              =  4.5020E-001       H               =  1.0813E-005       O               =  5.5488E-012
    O2              =  3.0747E-019       OH              =  2.5433E-007       H2O             =  2.1127E-001
    HO2             =  2.2879E-021       H2O2            =  6.3827E-013       C               =  6.1901E-016
    CH              =  5.6525E-014       CH2             =  4.4287E-010       CH2(S)          =  1.3562E-011
    CH3             =  1.6148E-005       CH4             =  3.1896E-002       CO              =  2.6383E-001
    CO2             =  3.8522E-002       HCO             =  1.1487E-007       CH2O            =  2.6204E-006
    CH2OH           =  4.8469E-010       CH3O            =  7.4580E-012       CH3OH           =  3.6135E-007
    C2H             =  4.6790E-011       C2H2            =  2.7440E-004       C2H3            =  4.9874E-008
    C2H4            =  2.9476E-004       C2H5            =  7.9340E-008       C2H6            =  1.4871E-005
    HCCO            =  2.2687E-010       CH2CO           =  1.2476E-006       HCCOH           =  2.6991E-008
    N               =  2.2184E-017       NH              =  2.1869E-017       NH2             =  7.9465E-015
    NH3             =  1.1405E-010       NNH             =  2.8139E-012       NO              =  6.2737E-015
    NO2             =  5.5894E-024       N2O             =  8.5042E-015       HNO             =  3.0797E-018
    CN              =  1.0018E-017       HCN             =  3.7555E-011       H2CN            =  1.2102E-016
    HCNN            =  4.5770E-017       HCNO            =  2.4984E-019       HOCN            =  1.8111E-015
    HNCO            =  1.5691E-012       NCO             =  1.0865E-017       N2              =  3.6659E-003
    AR              =  0.0000E+000       C3H7            =  9.5811E-011       C3H8            =  1.5261E-008
    CH2CHO          =  9.7925E-011       CH3CHO          =  2.5827E-008
 
   Volatile Organic Compounds (ppm):  3.3086E+04
   Unburned Hydrocarbons      (ppm):  3.3080E+04
 
   CO                       (ppmvd): 3.3450E+05
   NO                       (ppmvd): 7.9542E-09
   NOx                      (ppmvd): 1.8736E-08
   CO                (ppmvd 15% O2): 9.5570E+04
   NO                (ppmvd 15% O2): 2.2726E-09
   NOx               (ppmvd 15% O2): 5.3532E-09

========================================================================================================================



 TWOPNT:  SUCCESS.  PROBLEM SOLVED.

   PSRTWO: FINISHED FIXED TEMPERATURE, ADDING ENERGY EQUATION


 TWOPNT:  DOUBLE PRECISION (TWO POINT BOUNDARY VALUE PROBLEM) SOLVER,
          VERSION 3.30 OF APRIL 1998 BY DR. JOSEPH F. GRCAR.

 TWOPNT:  INITIAL GUESS:


========================================================================================================================
                              PSPRNT: Printing of current solution from TWOPNT:
========================================================================================================================


               RESIDENCE TIME                  9.1280E-06  SEC
               MASS FLOW RATE                  5.4156E+02  GM/SEC
               PRESSURE                        46.39      ATM
               MASS DENSITY                   4.9434E-03  GM/CM^3
               VOLUME                          1.000      CM^3
               TOTAL MASS                     4.9434E-03  G
               TOTAL SURFACE AREA              0.000      CM^2
               TOTAL SURFACE TO VOLUME RATIO   0.000      CM-1
               GAS CHEM HEAT PRODUCTION        0.0000E+00  CAL/S/CM^3
               TEMPERATURE (INLET: C3__Gas_Splitter_to_C7__Gas_Mixer)     1700.0780  K
               TEMPERATURE (INLET: Inserted_Splitter5_to_C7__Gas_Mixer)     1600.0000  K
               TEMPERATURE                     1650.0390  K
               SURF TEMP, MATERIAL1            1650.0390  K  (same as gas temp)
               HEAT LOSS, MATERIAL1            0.000      CAL/SEC


   EXIT    GAS PHASE MOLE FRACTIONS 

    H2              =  4.5020E-001       H               =  1.0813E-005       O               =  5.5488E-012
    O2              =  3.0747E-019       OH              =  2.5433E-007       H2O             =  2.1127E-001
    HO2             =  2.2879E-021       H2O2            =  6.3827E-013       C               =  6.1901E-016
    CH              =  5.6525E-014       CH2             =  4.4287E-010       CH2(S)          =  1.3562E-011
    CH3             =  1.6148E-005       CH4             =  3.1896E-002       CO              =  2.6383E-001
    CO2             =  3.8522E-002       HCO             =  1.1487E-007       CH2O            =  2.6204E-006
    CH2OH           =  4.8469E-010       CH3O            =  7.4580E-012       CH3OH           =  3.6135E-007
    C2H             =  4.6790E-011       C2H2            =  2.7440E-004       C2H3            =  4.9874E-008
    C2H4            =  2.9476E-004       C2H5            =  7.9340E-008       C2H6            =  1.4871E-005
    HCCO            =  2.2687E-010       CH2CO           =  1.2476E-006       HCCOH           =  2.6991E-008
    N               =  2.2184E-017       NH              =  2.1869E-017       NH2             =  7.9465E-015
    NH3             =  1.1405E-010       NNH             =  2.8139E-012       NO              =  6.2737E-015
    NO2             =  5.5894E-024       N2O             =  8.5042E-015       HNO             =  3.0797E-018
    CN              =  1.0018E-017       HCN             =  3.7555E-011       H2CN            =  1.2102E-016
    HCNN            =  4.5770E-017       HCNO            =  2.4984E-019       HOCN            =  1.8111E-015
    HNCO            =  1.5691E-012       NCO             =  1.0865E-017       N2              =  3.6659E-003
    AR              =  0.0000E+000       C3H7            =  9.5811E-011       C3H8            =  1.5261E-008
    CH2CHO          =  9.7925E-011       CH3CHO          =  2.5827E-008
 
   Volatile Organic Compounds (ppm):  3.3086E+04
   Unburned Hydrocarbons      (ppm):  3.3080E+04
 
   CO                       (ppmvd): 3.3450E+05
   NO                       (ppmvd): 7.9542E-09
   NOx                      (ppmvd): 1.8736E-08
   CO                (ppmvd 15% O2): 9.5570E+04
   NO                (ppmvd 15% O2): 2.2726E-09
   NOx               (ppmvd 15% O2): 5.3532E-09

========================================================================================================================



 TWOPNT:  SOLVE THE PROBLEM.

                      LOG10   LOG10          
              TASK   NORM F  COND J   REMARK 

             START     6.05            
            SEARCH    -1.24    0.00   2 SEARCH STEPS

 TWOPNT:  FINAL SOLUTION:


========================================================================================================================
                              PSPRNT: Printing of current solution from TWOPNT:
========================================================================================================================


               RESIDENCE TIME                  9.0717E-06  SEC
               MASS FLOW RATE                  5.4156E+02  GM/SEC
               PRESSURE                        46.39      ATM
               MASS DENSITY                   4.9129E-03  GM/CM^3
               VOLUME                          1.000      CM^3
               TOTAL MASS                     4.9129E-03  G
               TOTAL SURFACE AREA              0.000      CM^2
               TOTAL SURFACE TO VOLUME RATIO   0.000      CM-1
               GAS CHEM HEAT PRODUCTION        0.0000E+00  CAL/S/CM^3
               TEMPERATURE (INLET: C3__Gas_Splitter_to_C7__Gas_Mixer)     1700.0780  K
               TEMPERATURE (INLET: Inserted_Splitter5_to_C7__Gas_Mixer)     1600.0000  K
               TEMPERATURE                     1660.2799  K
               SURF TEMP, MATERIAL1            1660.2799  K  (same as gas temp)
               HEAT LOSS, MATERIAL1            0.000      CAL/SEC


   EXIT    GAS PHASE MOLE FRACTIONS 

    H2              =  4.5020E-001       H               =  1.0813E-005       O               =  5.5488E-012
    O2              =  3.4741E-023       OH              =  2.5433E-007       H2O             =  2.1127E-001
    HO2             =  2.5851E-025       H2O2            =  6.3827E-013       C               =  6.1901E-016
    CH              =  5.6525E-014       CH2             =  4.4287E-010       CH2(S)          =  1.3562E-011
    CH3             =  1.6148E-005       CH4             =  3.1896E-002       CO              =  2.6383E-001
    CO2             =  3.8522E-002       HCO             =  1.1487E-007       CH2O            =  2.6204E-006
    CH2OH           =  4.8469E-010       CH3O            =  7.4580E-012       CH3OH           =  3.6135E-007
    C2H             =  4.6790E-011       C2H2            =  2.7440E-004       C2H3            =  4.9874E-008
    C2H4            =  2.9476E-004       C2H5            =  7.9340E-008       C2H6            =  1.4871E-005
    HCCO            =  2.2687E-010       CH2CO           =  1.2476E-006       HCCOH           =  2.6991E-008
    N               =  2.2169E-017       NH              =  1.9811E-017       NH2             =  6.3187E-015
    NH3             =  7.7898E-011       NNH             =  2.8139E-012       NO              =  6.0943E-015
    NO2             =  6.3155E-028       N2O             =  8.5042E-015       HNO             =  2.8802E-018
    CN              =  9.5522E-018       HCN             =  3.4115E-011       H2CN            =  1.1159E-016
    HCNN            =  4.5770E-017       HCNO            =  2.4937E-019       HOCN            =  1.6254E-015
    HNCO            =  1.1349E-012       NCO             =  9.0476E-018       N2              =  3.6659E-003
    AR              =  0.0000E+000       C3H7            =  9.5811E-011       C3H8            =  1.5261E-008
    CH2CHO          =  9.7925E-011       CH3CHO          =  2.5827E-008
 
   Volatile Organic Compounds (ppm):  3.3086E+04
   Unburned Hydrocarbons      (ppm):  3.3080E+04
 
   CO                       (ppmvd): 3.3450E+05
   NO                       (ppmvd): 7.7267E-09
   NOx                      (ppmvd): 1.8509E-08
   CO                (ppmvd 15% O2): 9.5570E+04
   NO                (ppmvd 15% O2): 2.2076E-09
   NOx               (ppmvd 15% O2): 5.2882E-09

========================================================================================================================



 TWOPNT:  SUCCESS.  PROBLEM SOLVED.

========================================================================================================================
     OUTLET CONDITIONS:
          Specified inlet mass flow rate =    542.     gm/sec
          Rate of Mass Loss to the walls =    0.00     gm/sec
          Outlet mass flow rate          =    542.     gm/sec
               (which, based on an reactor density =   4.913E-03 gm/cm^3 
                   and  on a reactor volume =    1.00     cm^3, 
                   produces a residence time) =   9.072E-06 sec


          Outlet and reactor temperature =   1660.3     Kelvin
          Outlet and reactor pressure    =    46.4     atm
          Outlet and reactor density     =  4.91290E-03 gm/cm^3 
          Outlet and reactor mean molecular weight =   14.430     gm/mole
          Outlet molar flow rate         =   37.531     moles/sec
          Outlet volumetric flow rate    =  1.10233E+05 cm^3/sec 
               (based on reactor pressure and temperature)
                                         =  5.50929E+07 SCCM
                                         =   55093.     SLPM

     OUTLET CONDITIONS FOR GAS PHASE MOLECULAR SPECIES:

   Species        mole_frac     #/cm^3       moles/sec       gm/sec       cm^3/sec        SCCM
------------------------------------------------------------------------------------------------------
    H2           0.45020       9.23083E+19    16.897        34.063        49627.       2.48030E+07
    H            1.08126E-05   2.21699E+15   4.05811E-04   4.09045E-04    1.1919        595.70    
    O            5.54878E-12   1.13771E+09   2.08252E-10   3.33191E-09   6.11656E-07   3.05699E-04
    O2           3.47409E-23   7.12319E-03   1.30387E-21   4.17222E-20   3.82958E-18   1.91398E-15
    OH           2.54326E-07   5.21463E+13   9.54515E-06   1.62338E-04   2.80350E-02    14.012    
    H2O          0.21127       4.33187E+19    7.9293        142.85        23289.       1.16396E+07
    HO2          2.58515E-25   5.30052E-05   9.70236E-24   3.20243E-22   2.84968E-20   1.42423E-17
    H2O2         6.38267E-13   1.30869E+08   2.39549E-11   8.14819E-10   7.03578E-08   3.51640E-05
    C            6.19013E-16   1.26921E+05   2.32323E-14   2.79046E-13   6.82354E-11   3.41033E-08
    CH           5.65254E-14   1.15898E+07   2.12146E-12   2.76196E-11   6.23095E-09   3.11415E-06
    CH2          4.42871E-10   9.08051E+10   1.66215E-08   2.33151E-07   4.88188E-05   2.43991E-02
    CH2(S)       1.35620E-11   2.78071E+09   5.08997E-10   7.13975E-09   1.49497E-06   7.47170E-04
    CH3          1.61481E-05   3.31096E+15   6.06056E-04   9.11209E-03    1.7800        889.65    
    CH4          3.18957E-02   6.53980E+18    1.1971        19.205        3515.9       1.75723E+06
    CO           0.26383       5.40943E+19    9.9017        277.35        29082.       1.45350E+07
    CO2          3.85216E-02   7.89836E+18    1.4458        63.628        4246.3       2.12227E+06
    HCO          1.14869E-07   2.35524E+13   4.31116E-06   1.25104E-04   1.26623E-02    6.3285    
    CH2O         2.62040E-06   5.37281E+14   9.83468E-05   2.95301E-03   0.28885        144.37    
    CH2OH        4.84690E-10   9.93794E+10   1.81910E-08   5.64547E-07   5.34286E-05   2.67030E-02
    CH3O         7.45802E-12   1.52917E+09   2.79908E-10   8.68679E-09   8.22116E-07   4.10884E-04
    CH3OH        3.61355E-07   7.40912E+13   1.35621E-05   4.34561E-04   3.98331E-02    19.908    
    C2H          4.67899E-11   9.59366E+09   1.75608E-09   4.39551E-08   5.15777E-06   2.57779E-03
    C2H2         2.74400E-04   5.62621E+16   1.02985E-02   0.26816        30.248        15117.    
    C2H3         4.98739E-08   1.02260E+13   1.87182E-06   5.06257E-05   5.49772E-03    2.7477    
    C2H4         2.94762E-04   6.04372E+16   1.10628E-02   0.31036        32.492        16239.    
    C2H5         7.93400E-08   1.62677E+13   2.97772E-06   8.65390E-05   8.74585E-03    4.3711    
    C2H6         1.48709E-05   3.04908E+15   5.58120E-04   1.67827E-02    1.6393        819.28    
    HCCO         2.26874E-10   4.65177E+10   8.51485E-09   3.49361E-07   2.50089E-05   1.24992E-02
    CH2CO        1.24762E-06   2.55808E+14   4.68244E-05   1.96839E-03   0.13753        68.735    
    HCCOH        2.69911E-08   5.53417E+12   1.01301E-06   4.25843E-05   2.97529E-03    1.4870    
    N            2.21693E-17    4545.5       8.32039E-16   1.16541E-14   2.44378E-12   1.22137E-09
    NH           1.98106E-17    4061.9       7.43516E-16   1.11636E-14   2.18378E-12   1.09143E-09
    NH2          6.31868E-15   1.29556E+06   2.37147E-13   3.79972E-12   6.96524E-10   3.48115E-07
    NH3          7.78978E-11   1.59720E+10   2.92359E-09   4.97906E-08   8.58688E-06   4.29162E-03
    NNH          2.81390E-12   5.76954E+08   1.05609E-10   3.06492E-09   3.10184E-07   1.55026E-04
    NO           6.09426E-15   1.24955E+06   2.28724E-13   6.86313E-12   6.71786E-10   3.35751E-07
    NO2          6.31548E-28   1.29491E-07   2.37027E-26   1.09046E-24   6.96172E-23   3.47938E-20
    N2O          8.50416E-15   1.74367E+06   3.19171E-13   1.40476E-11   9.37435E-10   4.68519E-07
    HNO          2.88017E-18    590.54       1.08096E-16   3.35250E-15   3.17489E-13   1.58677E-10
    CN           9.55216E-18    1958.5       3.58504E-16   9.32749E-15   1.05296E-12   5.26257E-10
    HCN          3.41149E-11   6.99482E+09   1.28037E-09   3.46030E-08   3.76057E-06   1.87949E-03
    H2CN         1.11587E-16    22879.       4.18798E-15   1.17405E-13   1.23005E-11   6.14765E-09
    HCNN         4.57696E-17    9384.5       1.71778E-15   7.04850E-14   5.04530E-12   2.52158E-09
    HCNO         2.49374E-19    51.131       9.35928E-18   4.02685E-16   2.74891E-14   1.37387E-11
    HOCN         1.62541E-15   3.33270E+05   6.10035E-14   2.62469E-12   1.79173E-10   8.95486E-08
    HNCO         1.13490E-12   2.32697E+08   4.25942E-11   1.83262E-09   1.25103E-07   6.25251E-05
    NCO          9.04764E-18    1855.1       3.39568E-16   1.42677E-14   9.97345E-13   4.98461E-10
    N2           3.66595E-03   7.51656E+17   0.13759        3.8543        404.11       2.01968E+05
    AR            0.0000        0.0000        0.0000        0.0000        0.0000        0.0000    
    C3H7         9.58111E-11   1.96448E+10   3.59590E-09   1.54945E-07   1.05615E-05   5.27852E-03
    C3H8         1.52611E-08   3.12910E+12   5.72768E-07   2.52575E-05   1.68228E-03   0.84078    
    CH2CHO       9.79248E-11   2.00782E+10   3.67523E-09   1.58203E-07   1.07945E-05   5.39497E-03
    CH3CHO       2.58275E-08   5.29560E+12   9.69336E-07   4.27027E-05   2.84703E-03    1.4229    

========================================================================================================================



========================================================================================================================

                         DETAILED SPECIES BALANCE
                                   (all rates are in moles per sec)

   SPECIES           INLET_FR    OUTLET_FR  GAS_PROD_RATE  GAS_DEST_RATE   SURF_NET_PROD    TOTAL_NET
----------------------------------------------------------------------------------------------------------------------------------
 H2                    16.9          16.9         0.233         0.245          0.00        -1.217E-02
 H                    4.058E-04     4.058E-04     0.278         0.267          0.00         1.058E-02
 O                    2.083E-10     2.083E-10     8.687E-07     9.752E-07      0.00        -1.064E-07
 O2                    0.00         1.304E-21     1.718E-12     2.419E-22      0.00         1.718E-12
 OH                   9.545E-06     9.545E-06     7.657E-02     8.239E-02      0.00        -5.821E-03
 H2O                   7.93          7.93         0.109         0.104          0.00         5.604E-03
 HO2                   0.00         9.702E-24     3.577E-11     1.569E-21      0.00         3.577E-11
 H2O2                 2.395E-11     2.395E-11     5.747E-09     4.195E-09      0.00         1.551E-09
 C                    2.323E-14     2.323E-14     1.173E-11     1.340E-11      0.00        -1.670E-12
 CH                   2.121E-12     2.121E-12     1.236E-07     1.730E-07      0.00        -4.935E-08
 CH2                  1.662E-08     1.662E-08     2.877E-05     3.215E-05      0.00        -3.382E-06
 CH2(S)               5.090E-10     5.090E-10     6.860E-05     8.196E-05      0.00        -1.336E-05
 CH3                  6.061E-04     6.061E-04     0.170         0.176          0.00        -6.433E-03
 CH4                   1.20          1.20         0.175         0.169          0.00         6.389E-03
 CO                    9.90          9.90         3.031E-02     3.195E-02      0.00        -1.647E-03
 CO2                   1.45          1.45         3.264E-03     3.061E-03      0.00         2.028E-04
 HCO                  4.311E-06     4.311E-06     2.878E-02     2.732E-02      0.00         1.458E-03
 CH2O                 9.835E-05     9.835E-05     1.104E-04     1.165E-04      0.00        -6.176E-06
 CH2OH                1.819E-08     1.819E-08     1.359E-05     1.239E-05      0.00         1.201E-06
 CH3O                 2.799E-10     2.799E-10     2.944E-06     3.010E-06      0.00        -6.587E-08
 CH3OH                1.356E-05     1.356E-05     1.536E-05     1.377E-05      0.00         1.586E-06
 C2H                  1.756E-09     1.756E-09     4.960E-05     7.542E-05      0.00        -2.582E-05
 C2H2                 1.030E-02     1.030E-02     4.182E-04     4.283E-04      0.00        -1.011E-05
 C2H3                 1.872E-06     1.872E-06     2.048E-03     2.422E-03      0.00        -3.738E-04
 C2H4                 1.106E-02     1.106E-02     2.802E-03     2.417E-03      0.00         3.855E-04
 C2H5                 2.978E-06     2.978E-06     9.342E-04     9.619E-04      0.00        -2.766E-05
 C2H6                 5.581E-04     5.581E-04     5.279E-04     4.544E-04      0.00         7.348E-05
 HCCO                 8.515E-09     8.515E-09     7.108E-06     7.644E-06      0.00        -5.360E-07
 CH2CO                4.682E-05     4.682E-05     3.234E-05     2.985E-05      0.00         2.489E-06
 HCCOH                1.013E-06     1.013E-06     1.738E-06     1.890E-06      0.00        -1.522E-07
 N                    8.320E-16     8.320E-16     1.157E-13     1.191E-13      0.00        -3.403E-15
 NH                   7.435E-16     7.435E-16     4.007E-13     4.554E-13      0.00        -5.471E-14
 NH2                  2.371E-13     2.371E-13     1.552E-10     2.145E-10      0.00        -5.928E-11
 NH3                  2.923E-09     2.924E-09     2.106E-10     1.520E-10      0.00         5.853E-11
 NNH                  1.056E-10     1.056E-10     1.385E-05     1.155E-05      0.00         2.301E-06
 NO                   2.287E-13     2.287E-13     1.831E-14     1.567E-14      0.00         2.638E-15
 NO2                   0.00         2.370E-26     5.653E-20     1.108E-25      0.00         5.653E-20
 N2O                  3.192E-13     3.192E-13     2.891E-14     2.333E-14      0.00         5.578E-15
 HNO                  1.081E-16     1.081E-16     1.726E-13     1.783E-13      0.00        -5.759E-15
 CN                   3.585E-16     3.585E-16     3.858E-12     5.978E-12      0.00        -2.120E-12
 HCN                  1.280E-09     1.280E-09     4.377E-11     3.803E-11      0.00         5.720E-12
 H2CN                 4.188E-15     4.188E-15     3.410E-11     3.763E-11      0.00        -3.536E-12
 HCNN                 1.718E-15     1.718E-15     8.148E-12     6.569E-12      0.00         1.579E-12
 HCNO                 9.359E-18     9.359E-18     2.170E-18     2.163E-18      0.00         7.362E-21
 HOCN                 6.100E-14     6.100E-14     8.537E-14     9.892E-14      0.00        -1.354E-14
 HNCO                 4.259E-11     4.259E-11     4.344E-12     3.392E-12      0.00         9.508E-13
 NCO                  3.396E-16     3.396E-16     3.408E-13     4.719E-13      0.00        -1.310E-13
 N2                   0.138         0.138         1.169E-05     1.399E-05      0.00        -2.301E-06
 AR                    0.00          0.00          0.00          0.00          0.00          0.00    
 C3H7                 3.596E-09     3.596E-09     4.516E-06     4.769E-06      0.00        -2.536E-07
 C3H8                 5.728E-07     5.728E-07     1.432E-06     1.019E-06      0.00         4.130E-07
 CH2CHO               3.675E-09     3.675E-09     6.942E-06     5.667E-06      0.00         1.275E-06
 CH3CHO               9.693E-07     9.693E-07     3.194E-07     3.647E-07      0.00        -4.529E-08


========================================================================================================================

                         DETAILED ELEMENT BALANCES
                                   (all rates are in moles per sec)

 ELEMENT          INLET_FR      OUTLET_FR    TOTAL_NET                                                                  
------------------------------------------------------------------------------------------------------------------------
 O                   20.7          20.7          0.00    
 H                   54.5          54.5        -1.421E-14
 C                   12.6          12.6         3.553E-15
 N                  0.275         0.275        -5.551E-17
 AR                  0.00          0.00          0.00    

========================================================================================================================



 Total CPUtime: 2 (seconds)
