

     *****************************************************************
     *                   ANSYS Chemkin-Pro 2023 R1                   *
     *                      AURORA Application                       *
     *         PERFECTLY STIRRED OR PLUG FLOW REACTOR MODEL          *
     *                 Copyright(c) 2023 ANSYS, Inc.                 *                
     *Run Date and Time: Jul 30, 2025   00:09:04     120 min from UTC*
     *****************************************************************



Running CHEMKIN-PRO
Running Multi-threaded mode

                WORKING SPACE REQUIREMENTS
                 PROVIDED        REQUIRED 
 LOGICAL              163            163
 INTEGER            43576          43576
 REAL               39105          39105
 CHARACTER            125            125

This problem requires      0.298MB of memory for the REAL array.

Initializing CHEMKIN Gas-phase Library a component of ANSYS Chemkin-Pro 2023 R1, Build date: Nov 17, 2022
This and All Other CHEMKIN(R) Libraries are Copyright (c) 2023 Ansys, Inc.  Unauthorized use, distribution, or duplication is prohibited.This product is subject to U.S. laws governing export andre-export.  For full Legal Notice, see documentation.


LICENSE INFORMATION: 
 

LicNum: unknown                                                                                                                                                                                                                                                                                                                                                                                                                                                                                                                 
          INLET STREAM FOUND FOR REACTOR     1: C3__Gas_Splitter_to_C7_R2_PSR                                                                                                                                                                                                                                      
          INLET STREAM FOUND FOR REACTOR     1: Inserted_Splitter5_to_C7_R2_PSR                                                                                                                                                                                                                                    

           KEYWORD INPUT 

          !
          ! problem type definition
          !
          ENRG   ! Solve Gas Energy Equation
          STST   ! Steady State Solver
          !
          ! physical property
          !
          !Surface_Temperature   ! Surface Temperature Same as Gas Temperature
          PRES 46.3853935356526   ! Pressure (atm)
          QLOS 4916.276290630975   ! Heat Loss (cal/sec)
          TEMP 1600.0   ! Temperature (K)
          VOL 9.17242E4   ! Volume (cm3)
          !
          ! solver control
          !
          ATIM 1.0E-9   ! Absolute Tolerance for Pseudo Timestepping
          ATOL 1.0E-9   ! Absolute Tolerance
          DTMN 1.0E-10   ! Minimum Pseudo Time Step (sec)
          DTMX 0.01   ! Maximum Pseudo Time Step (sec)
          IRET 25   ! Number Time Steps Before Increasing
          ISTP 0   ! Number of Initial Pseudo Time Steps
          MAXTIME 100   ! Maximum Number of Pseudo Time Stepping Operations Allowed
          NJAC 20   ! Number of Iterations before Updating Jacobian
          RTIM 0.0001   ! Relative Tolerance for Pseudo Timestepping
          RTOL 0.0001   ! Relative Tolerance
          SFLR -0.0001   ! Minimum Bounds on Species Fractions
          SSMAXITER 100   ! Maximum Number of Iterations per Steady State Search
          TIM1 100.0 1.0E-6   ! Pseudo Time Steps (Fixed Temperature) (none, sec)
          TIM2 100.0 1.0E-6   ! Pseudo Time Steps (Energy Equation) (none, sec)
          TJAC 20   ! Number of Transient Iterations before Updating Jacobian
          TRMAXITER 25   ! Maximum Number of Iterations per Pseudo Time Step
          !
          ! output control and other misc. property
          !
          DFAC 2.0   ! Time Step Decrement Factor
          GFAC 1.0   ! Gas Reaction Rate Multiplier
          IEEE_CHECK_USUAL 0   ! Disable Over/Underflow Check
          UFAC 2.0   ! Time Step Increment Factor
          !tear!XMLS C3__Gas_Splitter_to_C7_R2_PSR 0.95 W:\studienarbeit\Simulation\Simulation*Cases\kein*CO2\XMLdata_Aramco-Rev7-Simplified_PFRC3.zip
          TINL C3__Gas_Splitter_to_C7_R2_PSR 1.700078e+03
          FLRT C3__Gas_Splitter_to_C7_R2_PSR 6.179468E3
          REAC C3__Gas_Splitter_to_C7_R2_PSR H2 4.447443E-1
          REAC C3__Gas_Splitter_to_C7_R2_PSR H 1.44581E-5
          REAC C3__Gas_Splitter_to_C7_R2_PSR O 9.281545E-12
          REAC C3__Gas_Splitter_to_C7_R2_PSR OH 3.619056E-7
          REAC C3__Gas_Splitter_to_C7_R2_PSR H2O 2.154749E-1
          REAC C3__Gas_Splitter_to_C7_R2_PSR H2O2 1.067641E-12
          REAC C3__Gas_Splitter_to_C7_R2_PSR C 1.035435E-15
          REAC C3__Gas_Splitter_to_C7_R2_PSR CH 9.455114E-14
          REAC C3__Gas_Splitter_to_C7_R2_PSR CH2 7.407987E-10
          REAC C3__Gas_Splitter_to_C7_R2_PSR CH2(S) 2.268539E-11
          REAC C3__Gas_Splitter_to_C7_R2_PSR CH3 2.237695E-5
          REAC C3__Gas_Splitter_to_C7_R2_PSR CH4 3.395469E-2
          REAC C3__Gas_Splitter_to_C7_R2_PSR CO 2.632687E-1
          REAC C3__Gas_Splitter_to_C7_R2_PSR CO2 3.795489E-2
          REAC C3__Gas_Splitter_to_C7_R2_PSR HCO 1.421518E-7
          REAC C3__Gas_Splitter_to_C7_R2_PSR CH2O 2.665582E-6
          REAC C3__Gas_Splitter_to_C7_R2_PSR CH2OH 8.107492E-10
          REAC C3__Gas_Splitter_to_C7_R2_PSR CH3O 1.247516E-11
          REAC C3__Gas_Splitter_to_C7_R2_PSR CH3OH 4.78149E-7
          REAC C3__Gas_Splitter_to_C7_R2_PSR C2H 7.826625E-11
          REAC C3__Gas_Splitter_to_C7_R2_PSR C2H2 4.312806E-4
          REAC C3__Gas_Splitter_to_C7_R2_PSR C2H3 8.342492E-8
          REAC C3__Gas_Splitter_to_C7_R2_PSR C2H4 4.272106E-4
          REAC C3__Gas_Splitter_to_C7_R2_PSR C2H5 1.184193E-7
          REAC C3__Gas_Splitter_to_C7_R2_PSR C2H6 1.889323E-5
          REAC C3__Gas_Splitter_to_C7_R2_PSR HCCO 3.794967E-10
          REAC C3__Gas_Splitter_to_C7_R2_PSR CH2CO 1.658189E-6
          REAC C3__Gas_Splitter_to_C7_R2_PSR HCCOH 4.514843E-8
          REAC C3__Gas_Splitter_to_C7_R2_PSR N 3.708298E-17
          REAC C3__Gas_Splitter_to_C7_R2_PSR NH 3.313721E-17
          REAC C3__Gas_Splitter_to_C7_R2_PSR NH2 1.056906E-14
          REAC C3__Gas_Splitter_to_C7_R2_PSR NH3 1.302943E-10
          REAC C3__Gas_Splitter_to_C7_R2_PSR NNH 4.706863E-12
          REAC C3__Gas_Splitter_to_C7_R2_PSR NO 1.019394E-14
          REAC C3__Gas_Splitter_to_C7_R2_PSR N2O 1.422506E-14
          REAC C3__Gas_Splitter_to_C7_R2_PSR HNO 4.817679E-18
          REAC C3__Gas_Splitter_to_C7_R2_PSR CN 1.597799E-17
          REAC C3__Gas_Splitter_to_C7_R2_PSR HCN 5.70639E-11
          REAC C3__Gas_Splitter_to_C7_R2_PSR H2CN 1.866516E-16
          REAC C3__Gas_Splitter_to_C7_R2_PSR HCNN 7.655961E-17
          REAC C3__Gas_Splitter_to_C7_R2_PSR HCNO 4.171319E-19
          REAC C3__Gas_Splitter_to_C7_R2_PSR HOCN 2.718818E-15
          REAC C3__Gas_Splitter_to_C7_R2_PSR HNCO 1.898289E-12
          REAC C3__Gas_Splitter_to_C7_R2_PSR NCO 1.513381E-17
          REAC C3__Gas_Splitter_to_C7_R2_PSR N2 3.682654E-3
          REAC C3__Gas_Splitter_to_C7_R2_PSR C3H7 1.60265E-10
          REAC C3__Gas_Splitter_to_C7_R2_PSR C3H8 2.55276E-8
          REAC C3__Gas_Splitter_to_C7_R2_PSR CH2CHO 1.638006E-10
          REAC C3__Gas_Splitter_to_C7_R2_PSR CH3CHO 2.941037E-8
          ! Initialization of Inlet Stream From Solution File
          INLET C3__Gas_Splitter_to_C7_R2_PSR 1   ! Inlet Stream
          !XMLS Inserted_Splitter5_to_C7_R2_PSR 0.5 W:\studienarbeit\Simulation\Simulation*Cases\kein*CO2\XMLdata_Aramco-Rev7-Simplified_PSRC8.zip
          TINL Inserted_Splitter5_to_C7_R2_PSR 1.6E3
          FLRT Inserted_Splitter5_to_C7_R2_PSR 2.163262E2
          REAC Inserted_Splitter5_to_C7_R2_PSR H2 4.583157E-1
          REAC Inserted_Splitter5_to_C7_R2_PSR H 5.393633E-6
          REAC Inserted_Splitter5_to_C7_R2_PSR OH 9.440844E-8
          REAC Inserted_Splitter5_to_C7_R2_PSR H2O 2.050246E-1
          REAC Inserted_Splitter5_to_C7_R2_PSR CH3 6.888819E-6
          REAC Inserted_Splitter5_to_C7_R2_PSR CH4 2.883493E-2
          REAC Inserted_Splitter5_to_C7_R2_PSR CO 2.646559E-1
          REAC Inserted_Splitter5_to_C7_R2_PSR CO2 3.936396E-2
          REAC Inserted_Splitter5_to_C7_R2_PSR HCO 7.431287E-8
          REAC Inserted_Splitter5_to_C7_R2_PSR CH2O 2.553248E-6
          REAC Inserted_Splitter5_to_C7_R2_PSR CH3OH 1.877393E-7
          REAC Inserted_Splitter5_to_C7_R2_PSR C2H2 4.119501E-5
          REAC Inserted_Splitter5_to_C7_R2_PSR C2H4 9.787678E-5
          REAC Inserted_Splitter5_to_C7_R2_PSR C2H5 2.124835E-8
          REAC Inserted_Splitter5_to_C7_R2_PSR C2H6 8.89156E-6
          REAC Inserted_Splitter5_to_C7_R2_PSR CH2CO 6.372959E-7
          REAC Inserted_Splitter5_to_C7_R2_PSR N2 3.641115E-3
          REAC Inserted_Splitter5_to_C7_R2_PSR CH3CHO 2.050153E-8
          ! Initialization of Inlet Stream From Solution File
          INLET Inserted_Splitter5_to_C7_R2_PSR 1   ! Inlet Stream
          END

 FIRST SOLUTION ESTIMATE FOR PSR #  1 IS EQUILIBRIUM 


========================================================================================================================
     KINETICS MECHANISM:
        Total number of gas phase species     =   53
        Total number of gas phase reactions   =  325
========================================================================================================================


========================================================================================================================
     REACTOR #    1 CONDITIONS FOR INLET NAMED: C3__Gas_Splitter_to_C7_R2_PSR
          Inlet mass flow rate =   6.179E+03 gm/sec
               (which, based on an estimated reactor density =   4.792E-03 gm/cm^3 
                       and  on a reactor volume  =   9.172E+04 cm^3, 
                      produces an estimated residence time) =   6.872E-02 sec


          Inlet temperature =   1700.1     Kelvin
          Inlet pressure (assumed equal to reactor pressure) =    46.4     atm
          Inlet density =  4.81973E-03 gm/cm^3 
          Inlet mean molecular weight =   14.495     gm/mole
          Inlet molar flow rate      =   426.31     moles/sec
          Inlet volumetric flow rate =  1.28212E+06 cm^3/sec 
               (based on reactor pressure and inlet temperature)
                                     =  6.25787E+08 SCCM
                                     =  6.25787E+05 SLPM

     INLET CONDITIONS FOR GAS PHASE MOLECULAR SPECIES IN C3__Gas_Splitter_to_C7_R2_PSR

   Species        mole_frac     moles/sec       gm/sec       cm^3/sec        SCCM            SLPM
------------------------------------------------------------------------------------------------------
    H2          0.44474        189.60        382.22       5.70215E+005  2.78315E+008  2.78315E+005
    H           1.44581E-005  6.16359E-003  6.21271E-003   18.537        9047.7        9.0477     
    O           9.28155E-012  3.95679E-009  6.33062E-008  1.19000E-005  5.80827E-003  5.80827E-006
    O2           0.0000        0.0000        0.0000        0.0000        0.0000        0.0000     
    OH          3.61906E-007  1.54283E-004  2.62395E-003  0.46401        226.48       0.22648     
    H2O         0.21547        91.858        1654.9       2.76264E+005  1.34841E+008  1.34841E+005
    HO2          0.0000        0.0000        0.0000        0.0000        0.0000        0.0000     
    H2O2        1.06764E-012  4.55143E-010  1.54816E-008  1.36884E-006  6.68116E-004  6.68116E-007
    C           1.03544E-015  4.41413E-013  5.30188E-012  1.32755E-009  6.47962E-007  6.47962E-010
    CH          9.45511E-014  4.03078E-011  5.24772E-010  1.21226E-007  5.91689E-005  5.91689E-008
    CH2         7.40799E-010  3.15808E-007  4.42986E-006  9.49792E-004  0.46358       4.63582E-004
    CH2(S)      2.26854E-011  9.67094E-009  1.35655E-007  2.90854E-005  1.41962E-002  1.41962E-005
    CH3         2.23770E-005  9.53945E-003  0.14343        28.690        14003.        14.003     
    CH4         3.39547E-002   14.475        232.22        43534.       2.12484E+007   21248.     
    CO          0.26327        112.23        3143.7       3.37542E+005  1.64750E+008  1.64750E+005
    CO2         3.79549E-002   16.180        712.10        48663.       2.37517E+007   23752.     
    HCO         1.42152E-007  6.06003E-005  1.75853E-003  0.18226        88.957       8.89568E-002
    CH2O        2.66558E-006  1.13636E-003  3.41208E-002   3.4176        1668.1        1.6681     
    CH2OH       8.10749E-010  3.45628E-007  1.07264E-005  1.03948E-003  0.50736       5.07356E-004
    CH3O        1.24752E-011  5.31825E-009  1.65049E-007  1.59946E-005  7.80680E-003  7.80680E-006
    CH3OH       4.78149E-007  2.03838E-004  6.53147E-003  0.61304        299.22       0.29922     
    C2H         7.82663E-011  3.33655E-008  8.35146E-007  1.00347E-004  4.89780E-002  4.89780E-005
    C2H2        4.31281E-004  0.18386        4.7873        552.95       2.69890E+005   269.89     
    C2H3        8.34249E-008  3.55646E-005  9.61889E-004  0.10696        52.206       5.22062E-002
    C2H4        4.27211E-004  0.18212        5.1093        547.73       2.67343E+005   267.34     
    C2H5        1.18419E-007  5.04830E-005  1.46714E-003  0.15183        74.105       7.41053E-002
    C2H6        1.88932E-005  8.05432E-003  0.24219        24.223        11823.        11.823     
    HCCO        3.79497E-010  1.61782E-007  6.63787E-006  4.86560E-004  0.23748       2.37484E-004
    CH2CO       1.65819E-006  7.06898E-004  2.97163E-002   2.1260        1037.7        1.0377     
    HCCOH       4.51484E-008  1.92471E-005  8.09102E-004  5.78856E-002   28.253       2.82533E-002
    N           3.70830E-017  1.58087E-014  2.21428E-013  4.75448E-011  2.32061E-008  2.32061E-011
    NH          3.31372E-017  1.41266E-014  2.12107E-013  4.24858E-011  2.07368E-008  2.07368E-011
    NH2         1.05691E-014  4.50567E-012  7.21927E-011  1.35508E-008  6.61398E-006  6.61398E-009
    NH3         1.30294E-010  5.55454E-008  9.45972E-007  1.67053E-004  8.15365E-002  8.15365E-005
    NNH         4.70686E-012  2.00657E-009  5.82334E-008  6.03476E-006  2.94549E-003  2.94549E-006
    NO          1.01939E-014  4.34575E-012  1.30399E-010  1.30698E-008  6.37924E-006  6.37924E-009
    NO2          0.0000        0.0000        0.0000        0.0000        0.0000        0.0000     
    N2O         1.42251E-014  6.06424E-012  2.66904E-010  1.82382E-008  8.90186E-006  8.90186E-009
    HNO         4.81768E-018  2.05381E-015  6.36970E-014  6.17684E-012  3.01484E-009  3.01484E-012
    CN          1.59780E-017  6.81153E-015  1.77221E-013  2.04857E-011  9.99882E-009  9.99882E-012
    HCN         5.70639E-011  2.43267E-008  6.57450E-007  7.31627E-005  3.57099E-002  3.57099E-005
    H2CN        1.86652E-016  7.95709E-014  2.23067E-012  2.39310E-010  1.16804E-007  1.16804E-010
    HCNN        7.65596E-017  3.26379E-014  1.33922E-012  9.81585E-011  4.79100E-008  4.79100E-011
    HCNO        4.17132E-019  1.77826E-016  7.65101E-015  5.34813E-013  2.61036E-010  2.61036E-013
    HOCN        2.71882E-015  1.15905E-012  4.98684E-011  3.48585E-009  1.70140E-006  1.70140E-009
    HNCO        1.89829E-012  8.09254E-010  3.48183E-008  2.43383E-006  1.18793E-003  1.18793E-006
    NCO         1.51338E-017  6.45165E-015  2.71081E-013  1.94033E-011  9.47055E-009  9.47055E-012
    N2          3.68265E-003   1.5699        43.979        4721.6       2.30456E+006   2304.6     
    AR           0.0000        0.0000        0.0000        0.0000        0.0000        0.0000     
    C3H7        1.60265E-010  6.83221E-008  2.94395E-006  2.05479E-004  0.10029       1.00292E-004
    C3H8        2.55276E-008  1.08826E-005  4.79892E-004  3.27294E-002   15.975       1.59748E-002
    CH2CHO      1.63801E-010  6.98294E-008  3.00585E-006  2.10012E-004  0.10250       1.02504E-004
    CH3CHO      2.94104E-008  1.25378E-005  5.52337E-004  3.77076E-002   18.405       1.84046E-002

========================================================================================================================



========================================================================================================================
     REACTOR #    1 CONDITIONS FOR INLET NAMED: Inserted_Splitter5_to_C7_R2_PSR
          Inlet mass flow rate =    216.     gm/sec
               (which, based on an estimated reactor density =   4.792E-03 gm/cm^3 
                       and  on a reactor volume  =   9.172E+04 cm^3, 
                      produces an estimated residence time) =   6.872E-02 sec


          Inlet temperature =   1600.0     Kelvin
          Inlet pressure (assumed equal to reactor pressure) =    46.4     atm
          Inlet density =  5.06349E-03 gm/cm^3 
          Inlet mean molecular weight =   14.332     gm/mole
          Inlet molar flow rate      =   15.094     moles/sec
          Inlet volumetric flow rate =   42723.     cm^3/sec 
               (based on reactor pressure and inlet temperature)
                                     =  2.21568E+07 SCCM
                                     =   22157.     SLPM

     INLET CONDITIONS FOR GAS PHASE MOLECULAR SPECIES IN Inserted_Splitter5_to_C7_R2_PSR

   Species        mole_frac     moles/sec       gm/sec       cm^3/sec        SCCM            SLPM
------------------------------------------------------------------------------------------------------
    H2          0.45832        6.9178        13.946        19581.       1.01548E+007   10155.     
    H           5.39363E-006  8.14111E-005  8.20600E-005  0.23043        119.51       0.11951     
    O            0.0000        0.0000        0.0000        0.0000        0.0000        0.0000     
    O2           0.0000        0.0000        0.0000        0.0000        0.0000        0.0000     
    OH          9.44084E-008  1.42499E-006  2.42354E-005  4.03339E-003   2.0918       2.09179E-003
    H2O         0.20502        3.0946        55.751        8759.2       4.54268E+006   4542.7     
    HO2          0.0000        0.0000        0.0000        0.0000        0.0000        0.0000     
    H2O2         0.0000        0.0000        0.0000        0.0000        0.0000        0.0000     
    C            0.0000        0.0000        0.0000        0.0000        0.0000        0.0000     
    CH           0.0000        0.0000        0.0000        0.0000        0.0000        0.0000     
    CH2          0.0000        0.0000        0.0000        0.0000        0.0000        0.0000     
    CH2(S)       0.0000        0.0000        0.0000        0.0000        0.0000        0.0000     
    CH3         6.88882E-006  1.03979E-004  1.56334E-003  0.29431        152.63       0.15263     
    CH4         2.88349E-002  0.43523        6.9824        1231.9       6.38889E+005   638.89     
    CO          0.26466        3.9947        111.89        11307.       5.86392E+006   5863.9     
    CO2         3.93640E-002  0.59416        26.149        1681.7       8.72178E+005   872.18     
    HCO         7.43129E-008  1.12167E-006  3.25493E-005  3.17485E-003   1.6465       1.64653E-003
    CH2O        2.55325E-006  3.85386E-005  1.15718E-003  0.10908        56.572       5.65717E-002
    CH2OH        0.0000        0.0000        0.0000        0.0000        0.0000        0.0000     
    CH3O         0.0000        0.0000        0.0000        0.0000        0.0000        0.0000     
    CH3OH       1.87739E-007  2.83372E-006  9.07994E-005  8.02074E-003   4.1597       4.15970E-003
    C2H          0.0000        0.0000        0.0000        0.0000        0.0000        0.0000     
    C2H2        4.11950E-005  6.21795E-004  1.61904E-002   1.7600        912.75       0.91275     
    C2H3         0.0000        0.0000        0.0000        0.0000        0.0000        0.0000     
    C2H4        9.78768E-005  1.47735E-003  4.14457E-002   4.1816        2168.6        2.1686     
    C2H5        2.12483E-008  3.20721E-007  9.32085E-006  9.07788E-004  0.47079       4.70795E-004
    C2H6        8.89156E-006  1.34209E-004  4.03567E-003  0.37987        197.01       0.19701     
    HCCO         0.0000        0.0000        0.0000        0.0000        0.0000        0.0000     
    CH2CO       6.37296E-007  9.61930E-006  4.04373E-004  2.72270E-002   14.120       1.41204E-002
    HCCOH        0.0000        0.0000        0.0000        0.0000        0.0000        0.0000     
    N            0.0000        0.0000        0.0000        0.0000        0.0000        0.0000     
    NH           0.0000        0.0000        0.0000        0.0000        0.0000        0.0000     
    NH2          0.0000        0.0000        0.0000        0.0000        0.0000        0.0000     
    NH3          0.0000        0.0000        0.0000        0.0000        0.0000        0.0000     
    NNH          0.0000        0.0000        0.0000        0.0000        0.0000        0.0000     
    NO           0.0000        0.0000        0.0000        0.0000        0.0000        0.0000     
    NO2          0.0000        0.0000        0.0000        0.0000        0.0000        0.0000     
    N2O          0.0000        0.0000        0.0000        0.0000        0.0000        0.0000     
    HNO          0.0000        0.0000        0.0000        0.0000        0.0000        0.0000     
    CN           0.0000        0.0000        0.0000        0.0000        0.0000        0.0000     
    HCN          0.0000        0.0000        0.0000        0.0000        0.0000        0.0000     
    H2CN         0.0000        0.0000        0.0000        0.0000        0.0000        0.0000     
    HCNN         0.0000        0.0000        0.0000        0.0000        0.0000        0.0000     
    HCNO         0.0000        0.0000        0.0000        0.0000        0.0000        0.0000     
    HOCN         0.0000        0.0000        0.0000        0.0000        0.0000        0.0000     
    HNCO         0.0000        0.0000        0.0000        0.0000        0.0000        0.0000     
    NCO          0.0000        0.0000        0.0000        0.0000        0.0000        0.0000     
    N2          3.64111E-003  5.49587E-002   1.5396        155.56        80675.        80.675     
    AR           0.0000        0.0000        0.0000        0.0000        0.0000        0.0000     
    C3H7         0.0000        0.0000        0.0000        0.0000        0.0000        0.0000     
    C3H8         0.0000        0.0000        0.0000        0.0000        0.0000        0.0000     
    CH2CHO       0.0000        0.0000        0.0000        0.0000        0.0000        0.0000     
    CH3CHO      2.05015E-008  3.09449E-007  1.36323E-005  8.75882E-004  0.45425       4.54248E-004

========================================================================================================================



 TWOPNT:  DOUBLE PRECISION (TWO POINT BOUNDARY VALUE PROBLEM) SOLVER,
          VERSION 3.30 OF APRIL 1998 BY DR. JOSEPH F. GRCAR.

 TWOPNT:  INITIAL GUESS:


========================================================================================================================
                              PSPRNT: Printing of current solution from TWOPNT:
========================================================================================================================


               RESIDENCE TIME                  6.8724E-02  SEC
               MASS FLOW RATE                  6.3958E+03  GM/SEC
               PRESSURE                        46.39      ATM
               MASS DENSITY                   4.7921E-03  GM/CM^3
               VOLUME                         9.1724E+04  CM^3
               TOTAL MASS                      439.5      G
               TOTAL SURFACE AREA              0.000      CM^2
               TOTAL SURFACE TO VOLUME RATIO   0.000      CM-1
               GAS CHEM HEAT PRODUCTION        1.1725E-04  CAL/S/CM^3
               TEMPERATURE (FIXED)             1600.0000  K
               SURF TEMP, MATERIAL1            1600.0000  K  (same as gas temp)


   INLET  GAS PHASE MOLE FRACTIONS FOR INLET NAMED C3__Gas_Splitter_to_C7_R2_PSR

    H2              =  4.4474E-001       H               =  1.4458E-005       O               =  9.2815E-012
    O2              =  0.0000E+000       OH              =  3.6191E-007       H2O             =  2.1547E-001
    HO2             =  0.0000E+000       H2O2            =  1.0676E-012       C               =  1.0354E-015
    CH              =  9.4551E-014       CH2             =  7.4080E-010       CH2(S)          =  2.2685E-011
    CH3             =  2.2377E-005       CH4             =  3.3955E-002       CO              =  2.6327E-001
    CO2             =  3.7955E-002       HCO             =  1.4215E-007       CH2O            =  2.6656E-006
    CH2OH           =  8.1075E-010       CH3O            =  1.2475E-011       CH3OH           =  4.7815E-007
    C2H             =  7.8266E-011       C2H2            =  4.3128E-004       C2H3            =  8.3425E-008
    C2H4            =  4.2721E-004       C2H5            =  1.1842E-007       C2H6            =  1.8893E-005
    HCCO            =  3.7950E-010       CH2CO           =  1.6582E-006       HCCOH           =  4.5148E-008
    N               =  3.7083E-017       NH              =  3.3137E-017       NH2             =  1.0569E-014
    NH3             =  1.3029E-010       NNH             =  4.7069E-012       NO              =  1.0194E-014
    NO2             =  0.0000E+000       N2O             =  1.4225E-014       HNO             =  4.8177E-018
    CN              =  1.5978E-017       HCN             =  5.7064E-011       H2CN            =  1.8665E-016
    HCNN            =  7.6560E-017       HCNO            =  4.1713E-019       HOCN            =  2.7188E-015
    HNCO            =  1.8983E-012       NCO             =  1.5134E-017       N2              =  3.6827E-003
    AR              =  0.0000E+000       C3H7            =  1.6027E-010       C3H8            =  2.5528E-008
    CH2CHO          =  1.6380E-010       CH3CHO          =  2.9410E-008


   INLET  GAS PHASE MOLE FRACTIONS FOR INLET NAMED Inserted_Splitter5_to_C7_R2_PSR

    H2              =  4.5832E-001       H               =  5.3936E-006       O               =  0.0000E+000
    O2              =  0.0000E+000       OH              =  9.4408E-008       H2O             =  2.0502E-001
    HO2             =  0.0000E+000       H2O2            =  0.0000E+000       C               =  0.0000E+000
    CH              =  0.0000E+000       CH2             =  0.0000E+000       CH2(S)          =  0.0000E+000
    CH3             =  6.8888E-006       CH4             =  2.8835E-002       CO              =  2.6466E-001
    CO2             =  3.9364E-002       HCO             =  7.4313E-008       CH2O            =  2.5532E-006
    CH2OH           =  0.0000E+000       CH3O            =  0.0000E+000       CH3OH           =  1.8774E-007
    C2H             =  0.0000E+000       C2H2            =  4.1195E-005       C2H3            =  0.0000E+000
    C2H4            =  9.7877E-005       C2H5            =  2.1248E-008       C2H6            =  8.8916E-006
    HCCO            =  0.0000E+000       CH2CO           =  6.3730E-007       HCCOH           =  0.0000E+000
    N               =  0.0000E+000       NH              =  0.0000E+000       NH2             =  0.0000E+000
    NH3             =  0.0000E+000       NNH             =  0.0000E+000       NO              =  0.0000E+000
    NO2             =  0.0000E+000       N2O             =  0.0000E+000       HNO             =  0.0000E+000
    CN              =  0.0000E+000       HCN             =  0.0000E+000       H2CN            =  0.0000E+000
    HCNN            =  0.0000E+000       HCNO            =  0.0000E+000       HOCN            =  0.0000E+000
    HNCO            =  0.0000E+000       NCO             =  0.0000E+000       N2              =  3.6411E-003
    AR              =  0.0000E+000       C3H7            =  0.0000E+000       C3H8            =  0.0000E+000
    CH2CHO          =  0.0000E+000       CH3CHO          =  2.0502E-008


   EXIT    GAS PHASE MOLE FRACTIONS 

    H2              =  5.0876E-001       H               =  5.6961E-006       O               =  7.0289E-013
    O2              =  1.0903E-013       OH              =  7.5561E-008       H2O             =  1.7246E-001
    HO2             =  7.9687E-016       H2O2            =  1.3982E-013       C               =  4.5890E-019
    CH              =  7.7850E-017       CH2             =  1.5799E-012       CH2(S)          =  4.4051E-014
    CH3             =  1.5131E-007       CH4             =  6.6570E-004       CO              =  2.8272E-001
    CO2             =  3.1911E-002       HCO             =  8.3826E-008       CH2O            =  2.9032E-006
    CH2OH           =  9.9179E-011       CH3O            =  8.4858E-013       CH3OH           =  4.0075E-008
    C2H             =  6.0187E-016       C2H2            =  1.6014E-008       C2H3            =  2.5336E-012
    C2H4            =  4.2280E-008       C2H5            =  9.7033E-012       C2H6            =  4.2748E-009
    HCCO            =  1.1529E-012       CH2CO           =  1.4739E-008       HCCOH           =  8.8959E-013
    N               =  5.7718E-015       NH              =  1.0338E-012       NH2             =  1.2061E-009
    NH3             =  4.6625E-005       NNH             =  1.5606E-012       NO              =  9.2311E-011
    NO2             =  1.8308E-018       N2O             =  2.4885E-015       HNO             =  9.9926E-014
    CN              =  2.6715E-013       HCN             =  3.9736E-006       H2CN            =  8.4434E-012
    HCNN            =  1.0410E-019       HCNO            =  2.7385E-016       HOCN            =  1.6711E-010
    HNCO            =  4.9417E-007       NCO             =  1.1599E-012       N2              =  3.4204E-003
    AR              =  0.0000E+000       C3H7            =  1.6269E-016       C3H8            =  7.0096E-014
    CH2CHO          =  1.1870E-012       CH3CHO          =  1.1322E-009
 
   Volatile Organic Compounds (ppm):   673.5    
   Unburned Hydrocarbons      (ppm):   666.0    
 
   CO                       (ppmvd): 3.4164E+05
   NO                       (ppmvd): 1.1155E-04
   NOx                      (ppmvd): 1.1155E-04
   CO                (ppmvd 15% O2): 9.7612E+04
   NO                (ppmvd 15% O2): 3.1871E-05
   NOx               (ppmvd 15% O2): 3.1872E-05

========================================================================================================================



 TWOPNT:  SOLVE THE PROBLEM.

                      LOG10   LOG10          
              TASK   NORM F  COND J   REMARK 

             START     0.04            
            SEARCH    -7.53    0.00   8 SEARCH STEPS

 TWOPNT:  FINAL SOLUTION:


========================================================================================================================
                              PSPRNT: Printing of current solution from TWOPNT:
========================================================================================================================


               RESIDENCE TIME                  7.3399E-02  SEC
               MASS FLOW RATE                  6.3958E+03  GM/SEC
               PRESSURE                        46.39      ATM
               MASS DENSITY                   5.1180E-03  GM/CM^3
               VOLUME                         9.1724E+04  CM^3
               TOTAL MASS                      469.4      G
               TOTAL SURFACE AREA              0.000      CM^2
               TOTAL SURFACE TO VOLUME RATIO   0.000      CM-1
               GAS CHEM HEAT PRODUCTION        1.6724E-01  CAL/S/CM^3
               TEMPERATURE (FIXED)             1600.0000  K
               SURF TEMP, MATERIAL1            1600.0000  K  (same as gas temp)


   EXIT    GAS PHASE MOLE FRACTIONS 

    H2              =  4.4801E-001       H               =  5.3455E-006       O               =  9.7613E-013
    O2              =  2.0781E-013       OH              =  9.8837E-008       H2O             =  2.1179E-001
    HO2             =  1.4285E-015       H2O2            =  2.3923E-013       C               =  2.7787E-017
    CH              =  4.4205E-015       CH2             =  8.7777E-011       CH2(S)          =  2.3359E-012
    CH3             =  8.3347E-006       CH4             =  3.4409E-002       CO              =  2.6118E-001
    CO2             =  4.0673E-002       HCO             =  7.2684E-008       CH2O            =  2.4961E-006
    CH2OH           =  2.1689E-010       CH3O            =  2.4974E-012       CH3OH           =  2.2913E-007
    C2H             =  2.8008E-012       C2H2            =  6.9937E-005       C2H3            =  1.0103E-008
    C2H4            =  1.5772E-004       C2H5            =  3.3480E-008       C2H6            =  1.3567E-005
    HCCO            =  6.4666E-011       CH2CO           =  7.7580E-007       HCCOH           =  4.3546E-009
    N               =  1.6578E-018       NH              =  3.8825E-018       NH2             =  3.6528E-015
    NH3             =  1.3267E-010       NNH             =  1.5758E-012       NO              =  1.5647E-015
    NO2             =  4.7222E-023       N2O             =  3.5637E-015       HNO             =  5.3940E-019
    CN              =  3.7079E-018       HCN             =  5.1772E-011       H2CN            =  1.0325E-016
    HCNN            =  6.3603E-018       HCNO            =  9.2857E-020       HOCN            =  1.6006E-015
    HNCO            =  1.5718E-012       NCO             =  3.7599E-018       N2              =  3.6804E-003
    AR              =  0.0000E+000       C3H7            =  3.3398E-011       C3H8            =  1.3415E-008
    CH2CHO          =  5.6627E-011       CH3CHO          =  2.4270E-008
 
   Volatile Organic Compounds (ppm):  3.4904E+04
   Unburned Hydrocarbons      (ppm):  3.4900E+04
 
   CO                       (ppmvd): 3.3135E+05
   NO                       (ppmvd): 1.9852E-09
   NOx                      (ppmvd): 6.5064E-09
   CO                (ppmvd 15% O2): 9.4672E+04
   NO                (ppmvd 15% O2): 5.6719E-10
   NOx               (ppmvd 15% O2): 1.8590E-09

========================================================================================================================



 TWOPNT:  SUCCESS.  PROBLEM SOLVED.

   PSRTWO: FINISHED FIXED TEMPERATURE, ADDING ENERGY EQUATION


 TWOPNT:  DOUBLE PRECISION (TWO POINT BOUNDARY VALUE PROBLEM) SOLVER,
          VERSION 3.30 OF APRIL 1998 BY DR. JOSEPH F. GRCAR.

 TWOPNT:  INITIAL GUESS:


========================================================================================================================
                              PSPRNT: Printing of current solution from TWOPNT:
========================================================================================================================


               RESIDENCE TIME                  7.3399E-02  SEC
               MASS FLOW RATE                  6.3958E+03  GM/SEC
               PRESSURE                        46.39      ATM
               MASS DENSITY                   5.1180E-03  GM/CM^3
               VOLUME                         9.1724E+04  CM^3
               TOTAL MASS                      469.4      G
               TOTAL SURFACE AREA              0.000      CM^2
               TOTAL SURFACE TO VOLUME RATIO   0.000      CM-1
               GAS CHEM HEAT PRODUCTION        1.6724E-01  CAL/S/CM^3
               TEMPERATURE (INLET: C3__Gas_Splitter_to_C7_R2_PSR)     1700.0780  K
               TEMPERATURE (INLET: Inserted_Splitter5_to_C7_R2_PSR)     1600.0000  K
               TEMPERATURE                     1600.0000  K
               SURF TEMP, MATERIAL1            1600.0000  K  (same as gas temp)
               HEAT LOSS, MATERIAL1            0.000      CAL/SEC


   EXIT    GAS PHASE MOLE FRACTIONS 

    H2              =  4.4801E-001       H               =  5.3455E-006       O               =  9.7613E-013
    O2              =  2.0781E-013       OH              =  9.8837E-008       H2O             =  2.1179E-001
    HO2             =  1.4285E-015       H2O2            =  2.3923E-013       C               =  2.7787E-017
    CH              =  4.4205E-015       CH2             =  8.7777E-011       CH2(S)          =  2.3359E-012
    CH3             =  8.3347E-006       CH4             =  3.4409E-002       CO              =  2.6118E-001
    CO2             =  4.0673E-002       HCO             =  7.2684E-008       CH2O            =  2.4961E-006
    CH2OH           =  2.1689E-010       CH3O            =  2.4974E-012       CH3OH           =  2.2913E-007
    C2H             =  2.8008E-012       C2H2            =  6.9937E-005       C2H3            =  1.0103E-008
    C2H4            =  1.5772E-004       C2H5            =  3.3480E-008       C2H6            =  1.3567E-005
    HCCO            =  6.4666E-011       CH2CO           =  7.7580E-007       HCCOH           =  4.3546E-009
    N               =  1.6578E-018       NH              =  3.8825E-018       NH2             =  3.6528E-015
    NH3             =  1.3267E-010       NNH             =  1.5758E-012       NO              =  1.5647E-015
    NO2             =  4.7222E-023       N2O             =  3.5637E-015       HNO             =  5.3940E-019
    CN              =  3.7079E-018       HCN             =  5.1772E-011       H2CN            =  1.0325E-016
    HCNN            =  6.3603E-018       HCNO            =  9.2857E-020       HOCN            =  1.6006E-015
    HNCO            =  1.5718E-012       NCO             =  3.7599E-018       N2              =  3.6804E-003
    AR              =  0.0000E+000       C3H7            =  3.3398E-011       C3H8            =  1.3415E-008
    CH2CHO          =  5.6627E-011       CH3CHO          =  2.4270E-008
 
   Volatile Organic Compounds (ppm):  3.4904E+04
   Unburned Hydrocarbons      (ppm):  3.4900E+04
 
   CO                       (ppmvd): 3.3135E+05
   NO                       (ppmvd): 1.9852E-09
   NOx                      (ppmvd): 6.5064E-09
   CO                (ppmvd 15% O2): 9.4672E+04
   NO                (ppmvd 15% O2): 5.6719E-10
   NOx               (ppmvd 15% O2): 1.8590E-09

========================================================================================================================



 TWOPNT:  SOLVE THE PROBLEM.

                      LOG10   LOG10          
              TASK   NORM F  COND J   REMARK 

             START     3.13            
            SEARCH    -3.38    0.00   9 SEARCH STEPS

 TWOPNT:  FINAL SOLUTION:


========================================================================================================================
                              PSPRNT: Printing of current solution from TWOPNT:
========================================================================================================================


               RESIDENCE TIME                  6.9476E-02  SEC
               MASS FLOW RATE                  6.3958E+03  GM/SEC
               PRESSURE                        46.39      ATM
               MASS DENSITY                   4.8445E-03  GM/CM^3
               VOLUME                         9.1724E+04  CM^3
               TOTAL MASS                      444.4      G
               TOTAL SURFACE AREA              0.000      CM^2
               TOTAL SURFACE TO VOLUME RATIO   0.000      CM-1
               GAS CHEM HEAT PRODUCTION       -6.3468E-01  CAL/S/CM^3
               TEMPERATURE (INLET: C3__Gas_Splitter_to_C7_R2_PSR)     1700.0780  K
               TEMPERATURE (INLET: Inserted_Splitter5_to_C7_R2_PSR)     1600.0000  K
               TEMPERATURE                     1681.8855  K
               SURF TEMP, MATERIAL1            1681.8855  K  (same as gas temp)
               HEAT LOSS, MATERIAL1            4916.      CAL/SEC


   EXIT    GAS PHASE MOLE FRACTIONS 

    H2              =  4.5018E-001       H               =  1.2193E-005       O               =  6.1045E-012
    O2              =  1.2860E-012       OH              =  2.8205E-007       H2O             =  2.1158E-001
    HO2             =  9.1391E-015       H2O2            =  8.8129E-013       C               =  4.8461E-016
    CH              =  4.9192E-014       CH2             =  4.6022E-010       CH2(S)          =  1.3880E-011
    CH3             =  1.7256E-005       CH4             =  3.1413E-002       CO              =  2.6530E-001
    CO2             =  3.7332E-002       HCO             =  1.2794E-007       CH2O            =  2.6352E-006
    CH2OH           =  5.8031E-010       CH3O            =  8.4316E-012       CH3OH           =  3.7640E-007
    C2H             =  3.1047E-011       C2H2            =  2.2422E-004       C2H3            =  4.2099E-008
    C2H4            =  2.6449E-004       C2H5            =  7.1689E-008       C2H6            =  1.4030E-005
    HCCO            =  2.4703E-010       CH2CO           =  1.2971E-006       HCCOH           =  2.0890E-008
    N               =  1.9053E-017       NH              =  2.5173E-017       NH2             =  1.1050E-014
    NH3             =  1.6571E-010       NNH             =  3.8806E-012       NO              =  7.5305E-015
    NO2             =  4.2021E-022       N2O             =  1.1785E-014       HNO             =  3.5285E-018
    CN              =  1.3056E-017       HCN             =  5.9559E-011       H2CN            =  1.7914E-016
    HCNN            =  4.3745E-017       HCNO            =  2.9266E-019       HOCN            =  2.6475E-015
    HNCO            =  2.2892E-012       NCO             =  1.4662E-017       N2              =  3.6620E-003
    AR              =  0.0000E+000       C3H7            =  8.2299E-011       C3H8            =  1.5631E-008
    CH2CHO          =  1.2179E-010       CH3CHO          =  2.5727E-008
 
   Volatile Organic Compounds (ppm):  3.2442E+04
   Unburned Hydrocarbons      (ppm):  3.2436E+04
 
   CO                       (ppmvd): 3.3649E+05
   NO                       (ppmvd): 9.5514E-09
   NOx                      (ppmvd): 2.4499E-08
   CO                (ppmvd 15% O2): 9.6140E+04
   NO                (ppmvd 15% O2): 2.7290E-09
   NOx               (ppmvd 15% O2): 6.9997E-09

========================================================================================================================



 TWOPNT:  SUCCESS.  PROBLEM SOLVED.

========================================================================================================================
     OUTLET CONDITIONS:
          Specified inlet mass flow rate =   6.396E+03 gm/sec
          Rate of Mass Loss to the walls =    0.00     gm/sec
          Outlet mass flow rate          =   6.396E+03 gm/sec
               (which, based on an reactor density =   4.844E-03 gm/cm^3 
                   and  on a reactor volume =   9.172E+04 cm^3, 
                   produces a residence time) =   6.948E-02 sec


          Outlet and reactor temperature =   1681.9     Kelvin
          Outlet and reactor pressure    =    46.4     atm
          Outlet and reactor density     =  4.84449E-03 gm/cm^3 
          Outlet and reactor mean molecular weight =   14.414     gm/mole
          Outlet molar flow rate         =   443.72     moles/sec
          Outlet volumetric flow rate    =  1.32022E+06 cm^3/sec 
               (based on reactor pressure and temperature)
                                         =  6.51354E+08 SCCM
                                         =  6.51354E+05 SLPM

     OUTLET CONDITIONS FOR GAS PHASE MOLECULAR SPECIES:

   Species        mole_frac     #/cm^3       moles/sec       gm/sec       cm^3/sec        SCCM
------------------------------------------------------------------------------------------------------
    H2           0.45018       9.11184E+19    199.76        402.70       5.94340E+05   2.93228E+08
    H            1.21926E-05   2.46782E+15   5.41014E-03   5.45326E-03    16.097        7941.7    
    O            6.10450E-12   1.23557E+09   2.70871E-09   4.33378E-08   8.05929E-06   3.97619E-03
    O2           1.28603E-12   2.60296E+08   5.70641E-10   1.82598E-08   1.69784E-06   8.37658E-04
    OH           2.82053E-07   5.70885E+13   1.25154E-04   2.12853E-03   0.37237        183.72    
    H2O          0.21158       4.28241E+19    93.882        1691.3       2.79329E+05   1.37812E+08
    HO2          9.13912E-15   1.84979E+06   4.05525E-12   1.33851E-10   1.20656E-08   5.95280E-06
    H2O2         8.81291E-13   1.78376E+08   3.91050E-10   1.33015E-08   1.16350E-06   5.74033E-04
    C            4.84612E-16    98087.       2.15034E-13   2.58280E-12   6.39794E-10   3.15654E-07
    CH           4.91916E-14   9.95654E+06   2.18275E-11   2.84175E-10   6.49437E-08   3.20411E-05
    CH2          4.60220E-10   9.31501E+10   2.04211E-07   2.86448E-06   6.07592E-04   0.29977    
    CH2(S)       1.38798E-11   2.80932E+09   6.15880E-09   8.63900E-08   1.83244E-05   9.04066E-03
    CH3          1.72559E-05   3.49264E+15   7.65684E-03   0.11512        22.782        11240.    
    CH4          3.14130E-02   6.35809E+18    13.939        223.62        41472.       2.04610E+07
    CO           0.26530       5.36966E+19    117.72        3297.3       3.50248E+05   1.72801E+08
    CO2          3.73323E-02   7.55618E+18    16.565        729.03        49287.       2.43165E+07
    HCO          1.27944E-07   2.58962E+13   5.67717E-05   1.64743E-03   0.16891        83.337    
    CH2O         2.63521E-06   5.33376E+14   1.16931E-03   3.51102E-02    3.4791        1716.5    
    CH2OH        5.80315E-10   1.17458E+11   2.57500E-07   7.99136E-06   7.66143E-04   0.37799    
    CH3O         8.43158E-12   1.70658E+09   3.74130E-09   1.16109E-07   1.11315E-05   5.49195E-03
    CH3OH        3.76404E-07   7.61855E+13   1.67020E-04   5.35171E-03   0.49694        245.17    
    C2H          3.10474E-11   6.28410E+09   1.37765E-08   3.44829E-07   4.09894E-05   2.02228E-02
    C2H2         2.24220E-04   4.53829E+16   9.94918E-02    2.5906        296.02       1.46047E+05
    C2H3         4.20992E-08   8.52101E+12   1.86804E-05   5.05234E-04   5.55801E-02    27.421    
    C2H4         2.64495E-04   5.35346E+16   0.11736        3.2925        349.19       1.72280E+05
    C2H5         7.16893E-08   1.45101E+13   3.18102E-05   9.24474E-04   9.46456E-02    46.695    
    C2H6         1.40300E-05   2.83972E+15   6.22545E-03   0.18720        18.523        9138.5    
    HCCO         2.47030E-10   4.99997E+10   1.09613E-07   4.49739E-06   3.26134E-04   0.16090    
    CH2CO        1.29710E-06   2.62538E+14   5.75555E-04   2.41950E-02    1.7125        844.87    
    HCCOH        2.08905E-08   4.22830E+12   9.26961E-06   3.89672E-04   2.75800E-02    13.607    
    N            1.90530E-17    3856.4       8.45429E-15   1.18417E-13   2.51542E-11   1.24103E-08
    NH           2.51733E-17    5095.2       1.11700E-14   1.67714E-13   3.32343E-11   1.63967E-08
    NH2          1.10497E-14   2.23650E+06   4.90303E-12   7.85595E-11   1.45881E-08   7.19728E-06
    NH3          1.65710E-10   3.35403E+10   7.35296E-08   1.25225E-06   2.18774E-04   0.10794    
    NNH          3.88063E-12   7.85454E+08   1.72193E-09   4.99728E-08   5.12329E-06   2.52767E-03
    NO           7.53050E-15   1.52420E+06   3.34146E-12   1.00264E-10   9.94191E-09   4.90502E-06
    NO2          4.20210E-22   8.50519E-02   1.86457E-19   8.57806E-18   5.54770E-16   2.73706E-13
    N2O          1.17850E-14   2.38531E+06   5.22927E-12   2.30155E-10   1.55587E-08   7.67618E-06
    HNO          3.52853E-18    714.19       1.56569E-15   4.85585E-14   4.65843E-12   2.29832E-09
    CN           1.30564E-17    2642.7       5.79345E-15   1.50733E-13   1.72374E-11   8.50436E-09
    HCN          5.95588E-11   1.20549E+10   2.64277E-08   7.14229E-07   7.86307E-05   3.87938E-02
    H2CN         1.79142E-16    36259.       7.94897E-14   2.22840E-12   2.36507E-10   1.16685E-07
    HCNN         4.37454E-17    8854.2       1.94109E-14   7.96477E-13   5.77535E-11   2.84937E-08
    HCNO         2.92662E-19    59.236       1.29861E-16   5.58730E-15   3.86378E-13   1.90626E-10
    HOCN         2.64748E-15   5.35860E+05   1.17475E-12   5.05440E-11   3.49526E-09   1.72445E-06
    HNCO         2.28923E-12   4.63347E+08   1.01578E-09   4.37044E-08   3.02228E-06   1.49110E-03
    NCO          1.46617E-17    2967.6       6.50575E-15   2.73354E-13   1.93567E-11   9.54995E-09
    N2           3.66196E-03   7.41193E+17    1.6249        45.519        4834.6       2.38523E+06
    AR            0.0000        0.0000        0.0000        0.0000        0.0000        0.0000    
    C3H7         8.22988E-11   1.66575E+10   3.65179E-08   1.57353E-06   1.08652E-04   5.36056E-02
    C3H8         1.56307E-08   3.16371E+12   6.93573E-06   3.05846E-04   2.06360E-02    10.181    
    CH2CHO       1.21793E-10   2.46514E+10   5.40427E-08   2.32630E-06   1.60794E-04   7.93307E-02
    CH3CHO       2.57274E-08   5.20731E+12   1.14159E-05   5.02909E-04   3.39658E-02    16.758    

========================================================================================================================



========================================================================================================================

                         DETAILED SPECIES BALANCE
                                   (all rates are in moles per sec)

   SPECIES           INLET_FR    OUTLET_FR  GAS_PROD_RATE  GAS_DEST_RATE   SURF_NET_PROD    TOTAL_NET
----------------------------------------------------------------------------------------------------------------------------------
 H2                    197.          200.         2.499E+04     2.498E+04      0.00        -1.696E-04
 H                    6.245E-03     5.410E-03     2.841E+04     2.841E+04      0.00         2.024E-04
 O                    3.957E-09     2.709E-09     0.101         0.101          0.00         7.781E-09
 O2                    0.00         5.706E-10     9.019E-07     9.013E-07      0.00        -3.017E-14
 OH                   1.557E-04     1.252E-04     8.427E+03     8.427E+03      0.00         1.054E-04
 H2O                   95.0          93.9         1.119E+04     1.119E+04      0.00        -1.013E-04
 HO2                   0.00         4.055E-12     5.625E-06     5.625E-06      0.00         3.023E-13
 H2O2                 4.551E-10     3.911E-10     6.195E-04     6.195E-04      0.00         3.314E-11
 C                    4.414E-13     2.150E-13     1.030E-06     1.030E-06      0.00         1.281E-13
 CH                   4.031E-11     2.183E-11     1.350E-02     1.350E-02      0.00         1.391E-09
 CH2                  3.158E-07     2.042E-07      3.05          3.05          0.00         1.174E-07
 CH2(S)               9.671E-09     6.159E-09      7.47          7.47          0.00         4.959E-07
 CH3                  9.643E-03     7.657E-03     1.793E+04     1.793E+04      0.00        -2.794E-04
 CH4                   14.9          13.9         1.788E+04     1.788E+04      0.00         2.795E-04
 CO                    116.          118.         3.193E+03     3.192E+03      0.00         3.957E-05
 CO2                   16.8          16.6          331.          331.          0.00        -4.180E-06
 HCO                  6.172E-05     5.677E-05     2.870E+03     2.870E+03      0.00        -3.531E-05
 CH2O                 1.175E-03     1.169E-03      12.2          12.2          0.00         5.158E-08
 CH2OH                3.456E-07     2.575E-07      1.46          1.46          0.00         1.533E-08
 CH3O                 5.318E-09     3.741E-09     0.320         0.320          0.00         8.278E-09
 CH3OH                2.067E-04     1.670E-04      1.53          1.53          0.00        -4.546E-08
 C2H                  3.337E-08     1.378E-08      4.57          4.57          0.00         8.098E-07
 C2H2                 0.184         9.949E-02      35.2          35.3          0.00        -8.844E-07
 C2H3                 3.556E-05     1.868E-05      195.          195.          0.00         8.109E-06
 C2H4                 0.184         0.117          230.          230.          0.00        -6.837E-06
 C2H5                 5.080E-05     3.181E-05      85.7          85.7          0.00        -1.516E-06
 C2H6                 8.189E-03     6.225E-03      48.1          48.1          0.00         5.122E-09
 HCCO                 1.618E-07     1.096E-07     0.767         0.767          0.00         2.994E-08
 CH2CO                7.165E-04     5.756E-04      3.30          3.30          0.00        -1.134E-07
 HCCOH                1.925E-05     9.270E-06     0.153         0.153          0.00        -5.084E-09
 N                    1.581E-14     8.454E-15     9.893E-09     9.893E-09      0.00        -3.571E-17
 NH                   1.413E-14     1.117E-14     5.436E-08     5.436E-08      0.00         1.182E-15
 NH2                  4.506E-12     4.903E-12     3.542E-05     3.542E-05      0.00         8.782E-13
 NH3                  5.555E-08     7.353E-08     3.478E-05     3.476E-05      0.00        -8.610E-13
 NNH                  2.007E-09     1.722E-09      1.45          1.45          0.00         5.798E-09
 NO                   4.346E-12     3.341E-12     1.923E-09     1.924E-09      0.00        -4.240E-17
 NO2                   0.00         1.865E-19     7.610E-15     7.610E-15      0.00        -1.885E-21
 N2O                  6.064E-12     5.229E-12     3.563E-09     3.564E-09      0.00        -2.030E-16
 HNO                  2.054E-15     1.566E-15     2.071E-08     2.071E-08      0.00         5.861E-18
 CN                   6.812E-15     5.793E-15     7.602E-07     7.602E-07      0.00         2.925E-14
 HCN                  2.433E-08     2.643E-08     6.495E-06     6.493E-06      0.00        -1.582E-14
 H2CN                 7.957E-14     7.949E-14     5.718E-06     5.718E-06      0.00        -1.332E-14
 HCNN                 3.264E-14     1.941E-14     6.075E-07     6.075E-07      0.00        -9.209E-15
 HCNO                 1.778E-16     1.299E-16     2.587E-13     2.588E-13      0.00        -1.570E-19
 HOCN                 1.159E-12     1.175E-12     1.683E-08     1.683E-08      0.00        -4.490E-16
 HNCO                 8.093E-10     1.016E-09     7.201E-07     7.199E-07      0.00        -2.054E-14
 NCO                  6.452E-15     6.506E-15     7.251E-08     7.251E-08      0.00         2.906E-15
 N2                    1.62          1.62          1.46          1.46          0.00        -5.798E-09
 AR                    0.00          0.00          0.00          0.00          0.00          0.00    
 C3H7                 6.832E-08     3.652E-08     0.381         0.381          0.00         4.739E-09
 C3H8                 1.088E-05     6.936E-06     0.119         0.119          0.00        -1.494E-09
 CH2CHO               6.983E-08     5.404E-08     0.693         0.693          0.00        -1.886E-09
 CH3CHO               1.285E-05     1.142E-05     3.746E-02     3.747E-02      0.00         3.563E-10


========================================================================================================================

                         DETAILED ELEMENT BALANCES
                                   (all rates are in moles per sec)

 ELEMENT          INLET_FR      OUTLET_FR    TOTAL_NET                                                                  
------------------------------------------------------------------------------------------------------------------------
 O                   245.          245.         3.979E-13
 H                   644.          644.        -2.433E-11
 C                   149.          149.         1.336E-12
 N                   3.25          3.25         4.174E-14
 AR                  0.00          0.00          0.00    

========================================================================================================================



 Total CPUtime: 1 second or less
