

     *****************************************************************
     *                   ANSYS Chemkin-Pro 2023 R1                   *
     *                      AURORA Application                       *
     *         PERFECTLY STIRRED OR PLUG FLOW REACTOR MODEL          *
     *                 Copyright(c) 2023 ANSYS, Inc.                 *                
     *Run Date and Time: Jul 30, 2025   00:09:07     120 min from UTC*
     *****************************************************************



Running CHEMKIN-PRO
Running Multi-threaded mode

                WORKING SPACE REQUIREMENTS
                 PROVIDED        REQUIRED 
 LOGICAL              163            163
 INTEGER            43576          43576
 REAL               39105          39105
 CHARACTER            125            125

This problem requires      0.298MB of memory for the REAL array.

Initializing CHEMKIN Gas-phase Library a component of ANSYS Chemkin-Pro 2023 R1, Build date: Nov 17, 2022
This and All Other CHEMKIN(R) Libraries are Copyright (c) 2023 Ansys, Inc.  Unauthorized use, distribution, or duplication is prohibited.This product is subject to U.S. laws governing export andre-export.  For full Legal Notice, see documentation.


LICENSE INFORMATION: 
 

LicNum: unknown                                                                                                                                                                                                                                                                                                                                                                                                                                                                                                                 
          INLET STREAM FOUND FOR REACTOR     1: C7_R2_PSR_to_C8_R2_PSR                                                                                                                                                                                                                                             
          INLET STREAM FOUND FOR REACTOR     1: Fuel2                                                                                                                                                                                                                                                              

           KEYWORD INPUT 

          !
          ! problem type definition
          !
          ENRG   ! Solve Gas Energy Equation
          STST   ! Steady State Solver
          !
          ! physical property
          !
          !Surface_Temperature   ! Surface Temperature Same as Gas Temperature
          PRES 46.3853935356526   ! Pressure (atm)
          QLOS -1.0119789674952E5   ! Heat Loss (cal/sec)
          TEMP 1600.0   ! Temperature (K)
          VOL 1720.007   ! Volume (cm3)
          !
          ! output control and other misc. property
          !
          GFAC 1.0   ! Gas Reaction Rate Multiplier
          IEEE_CHECK_USUAL 0   ! Disable Over/Underflow Check
          !tear!XMLS C7_R2_PSR_to_C8_R2_PSR 1.0 W:\studienarbeit\Simulation\Simulation*Cases\kein*CO2\XMLdata_Aramco-Rev7-Simplified_PSRC4.zip
          TINL C7_R2_PSR_to_C8_R2_PSR 1.68189400e+03
          FLRT C7_R2_PSR_to_C8_R2_PSR 6.395048E3
          REAC C7_R2_PSR_to_C8_R2_PSR H2 4.501852E-1
          REAC C7_R2_PSR_to_C8_R2_PSR H 1.219361E-5
          REAC C7_R2_PSR_to_C8_R2_PSR O 6.105545E-12
          REAC C7_R2_PSR_to_C8_R2_PSR O2 1.286232E-12
          REAC C7_R2_PSR_to_C8_R2_PSR OH 2.820796E-7
          REAC C7_R2_PSR_to_C8_R2_PSR H2O 2.115765E-1
          REAC C7_R2_PSR_to_C8_R2_PSR HO2 9.140603E-15
          REAC C7_R2_PSR_to_C8_R2_PSR H2O2 8.813885E-13
          REAC C7_R2_PSR_to_C8_R2_PSR C 4.847204E-16
          REAC C7_R2_PSR_to_C8_R2_PSR CH 4.920052E-14
          REAC C7_R2_PSR_to_C8_R2_PSR CH2 4.602703E-10
          REAC C7_R2_PSR_to_C8_R2_PSR CH2(S) 1.38815E-11
          REAC C7_R2_PSR_to_C8_R2_PSR CH3 1.72562E-5
          REAC C7_R2_PSR_to_C8_R2_PSR CH4 3.141111E-2
          REAC C7_R2_PSR_to_C8_R2_PSR CO 2.652966E-1
          REAC C7_R2_PSR_to_C8_R2_PSR CO2 3.733159E-2
          REAC C7_R2_PSR_to_C8_R2_PSR HCO 1.279518E-7
          REAC C7_R2_PSR_to_C8_R2_PSR CH2O 2.635236E-6
          REAC C7_R2_PSR_to_C8_R2_PSR CH2OH 5.803473E-10
          REAC C7_R2_PSR_to_C8_R2_PSR CH3O 8.432202E-12
          REAC C7_R2_PSR_to_C8_R2_PSR CH3OH 3.764012E-7
          REAC C7_R2_PSR_to_C8_R2_PSR C2H 3.105145E-11
          REAC C7_R2_PSR_to_C8_R2_PSR C2H2 2.242224E-4
          REAC C7_R2_PSR_to_C8_R2_PSR C2H3 4.210071E-8
          REAC C7_R2_PSR_to_C8_R2_PSR C2H4 2.644812E-4
          REAC C7_R2_PSR_to_C8_R2_PSR C2H5 7.168744E-8
          REAC C7_R2_PSR_to_C8_R2_PSR C2H6 1.402864E-5
          REAC C7_R2_PSR_to_C8_R2_PSR HCCO 2.47049E-10
          REAC C7_R2_PSR_to_C8_R2_PSR CH2CO 1.297099E-6
          REAC C7_R2_PSR_to_C8_R2_PSR HCCOH 2.089128E-8
          REAC C7_R2_PSR_to_C8_R2_PSR N 1.905853E-17
          REAC C7_R2_PSR_to_C8_R2_PSR NH 2.540613E-17
          REAC C7_R2_PSR_to_C8_R2_PSR NH2 1.118533E-14
          REAC C7_R2_PSR_to_C8_R2_PSR NH3 1.677303E-10
          REAC C7_R2_PSR_to_C8_R2_PSR NNH 3.880981E-12
          REAC C7_R2_PSR_to_C8_R2_PSR NO 7.559707E-15
          REAC C7_R2_PSR_to_C8_R2_PSR N2O 1.178635E-14
          REAC C7_R2_PSR_to_C8_R2_PSR HNO 3.55941E-18
          REAC C7_R2_PSR_to_C8_R2_PSR CN 1.316409E-17
          REAC C7_R2_PSR_to_C8_R2_PSR HCN 6.004337E-11
          REAC C7_R2_PSR_to_C8_R2_PSR H2CN 1.806076E-16
          REAC C7_R2_PSR_to_C8_R2_PSR HCNN 4.375109E-17
          REAC C7_R2_PSR_to_C8_R2_PSR HCNO 2.938292E-19
          REAC C7_R2_PSR_to_C8_R2_PSR HOCN 2.671873E-15
          REAC C7_R2_PSR_to_C8_R2_PSR HNCO 2.316934E-12
          REAC C7_R2_PSR_to_C8_R2_PSR NCO 1.483722E-17
          REAC C7_R2_PSR_to_C8_R2_PSR N2 3.661948E-3
          REAC C7_R2_PSR_to_C8_R2_PSR C3H7 8.22934E-11
          REAC C7_R2_PSR_to_C8_R2_PSR C3H8 1.562861E-8
          REAC C7_R2_PSR_to_C8_R2_PSR CH2CHO 1.217966E-10
          REAC C7_R2_PSR_to_C8_R2_PSR CH3CHO 2.572635E-8
          ! Initialization of Inlet Stream From Solution File
          INLET C7_R2_PSR_to_C8_R2_PSR 1   ! Inlet Stream
          !
          ! physical property
          !
          FLRT Fuel2 20.0   ! Mass Flow Rate (g/sec)
          TINL Fuel2 339.75   ! Inlet Temperature (K)
          !
          ! species property
          !
          REAC Fuel2 C2H6 0.0542   ! Reactant Fraction (mole fraction)
          REAC Fuel2 C3H8 0.00227   ! Reactant Fraction (mole fraction)
          REAC Fuel2 CH4 0.91751   ! Reactant Fraction (mole fraction)
          REAC Fuel2 CO2 0.01221   ! Reactant Fraction (mole fraction)
          REAC Fuel2 N2 0.01142   ! Reactant Fraction (mole fraction)
          INLET Fuel2 1   ! Inlet Stream
          END
  CAUTION...REACTANT MOLE FRACTIONS SUM TO   0.997610000000000     
          FOR STREAM Fuel2
          MOLE FRACTIONS WILL BE NORMALIZED.

 FIRST SOLUTION ESTIMATE FOR PSR #  1 IS EQUILIBRIUM 


========================================================================================================================
     KINETICS MECHANISM:
        Total number of gas phase species     =   53
        Total number of gas phase reactions   =  325
========================================================================================================================


========================================================================================================================
     REACTOR #    1 CONDITIONS FOR INLET NAMED: C7_R2_PSR_to_C8_R2_PSR
          Inlet mass flow rate =   6.395E+03 gm/sec
               (which, based on an estimated reactor density =   4.772E-03 gm/cm^3 
                       and  on a reactor volume  =   1.720E+03 cm^3, 
                      produces an estimated residence time) =   1.279E-03 sec


          Inlet temperature =   1681.9     Kelvin
          Inlet pressure (assumed equal to reactor pressure) =    46.4     atm
          Inlet density =  4.84445E-03 gm/cm^3 
          Inlet mean molecular weight =   14.414     gm/mole
          Inlet molar flow rate      =   443.67     moles/sec
          Inlet volumetric flow rate =  1.32008E+06 cm^3/sec 
               (based on reactor pressure and inlet temperature)
                                     =  6.51280E+08 SCCM
                                     =  6.51280E+05 SLPM

     INLET CONDITIONS FOR GAS PHASE MOLECULAR SPECIES IN C7_R2_PSR_to_C8_R2_PSR

   Species        mole_frac     moles/sec       gm/sec       cm^3/sec        SCCM            SLPM
------------------------------------------------------------------------------------------------------
    H2          0.45019        199.74        402.65       5.94279E+005  2.93197E+008  2.93197E+005
    H           1.21936E-005  5.40998E-003  5.45310E-003   16.096        7941.5        7.9415     
    O           6.10554E-012  2.70887E-009  4.33403E-008  8.05978E-006  3.97642E-003  3.97642E-006
    O2          1.28623E-012  5.70667E-010  1.82607E-008  1.69792E-006  8.37697E-004  8.37697E-007
    OH          2.82080E-007  1.25151E-004  2.12849E-003  0.37237        183.71       0.18371     
    H2O         0.21158        93.871        1691.1       2.79297E+005  1.37796E+008  1.37796E+005
    HO2         9.14060E-015  4.05544E-012  1.33857E-010  1.20663E-008  5.95309E-006  5.95309E-009
    H2O2        8.81388E-013  3.91049E-010  1.33014E-008  1.16350E-006  5.74031E-004  5.74031E-007
    C           4.84720E-016  2.15058E-013  2.58309E-012  6.39868E-010  3.15689E-007  3.15689E-010
    CH          4.92005E-014  2.18290E-011  2.84194E-010  6.49484E-008  3.20433E-005  3.20433E-008
    CH2         4.60270E-010  2.04210E-007  2.86447E-006  6.07592E-004  0.29976       2.99765E-004
    CH2(S)      1.38815E-011  6.15885E-009  8.63908E-008  1.83246E-005  9.04074E-003  9.04074E-006
    CH3         1.72562E-005  7.65612E-003  0.11511        22.779        11239.        11.239     
    CH4         3.14111E-002   13.936        223.58        41465.       2.04574E+007   20457.     
    CO          0.26530        117.71        3297.0       3.50212E+005  1.72782E+008  1.72782E+005
    CO2         3.73316E-002   16.563        728.94        49281.       2.43133E+007   24313.     
    HCO         1.27952E-007  5.67688E-005  1.64735E-003  0.16891        83.332       8.33324E-002
    CH2O        2.63524E-006  1.16918E-003  3.51065E-002   3.4787        1716.3        1.7163     
    CH2OH       5.80347E-010  2.57485E-007  7.99090E-006  7.66103E-004  0.37797       3.77969E-004
    CH3O        8.43220E-012  3.74115E-009  1.16104E-007  1.11311E-005  5.49172E-003  5.49172E-006
    CH3OH       3.76401E-007  1.66999E-004  5.35106E-003  0.49688        245.14       0.24514     
    C2H         3.10514E-011  1.37767E-008  3.44835E-007  4.09903E-005  2.02232E-002  2.02232E-005
    C2H2        2.24222E-004  9.94815E-002   2.5903        295.99       1.46032E+005   146.03     
    C2H3        4.21007E-008  1.86790E-005  5.05195E-004  5.55761E-002   27.419       2.74193E-002
    C2H4        2.64481E-004  0.11734        3.2920        349.14       1.72251E+005   172.25     
    C2H5        7.16874E-008  3.18058E-005  9.24346E-004  9.46329E-002   46.689       4.66886E-002
    C2H6        1.40286E-005  6.22414E-003  0.18716        18.519        9136.6        9.1366     
    HCCO        2.47049E-010  1.09609E-007  4.49723E-006  3.26124E-004  0.16090       1.60898E-004
    CH2CO       1.29710E-006  5.75489E-004  2.41922E-002   1.7123        844.77       0.84477     
    HCCOH       2.08913E-008  9.26891E-006  3.89643E-004  2.75781E-002   13.606       1.36061E-002
    N           1.90585E-017  8.45577E-015  1.18437E-013  2.51587E-011  1.24124E-008  1.24124E-011
    NH          2.54061E-017  1.12720E-014  1.69246E-013  3.35380E-011  1.65465E-008  1.65465E-011
    NH2         1.11853E-014  4.96264E-012  7.95145E-011  1.47655E-008  7.28478E-006  7.28478E-009
    NH3         1.67730E-010  7.44175E-008  1.26738E-006  2.21417E-004  0.10924       1.09239E-004
    NNH         3.88098E-012  1.72189E-009  4.99716E-008  5.12319E-006  2.52761E-003  2.52761E-006
    NO          7.55971E-015  3.35404E-012  1.00642E-010  9.97939E-009  4.92349E-006  4.92349E-009
    NO2          0.0000        0.0000        0.0000        0.0000        0.0000        0.0000     
    N2O         1.17863E-014  5.22929E-012  2.30156E-010  1.55589E-008  7.67621E-006  7.67621E-009
    HNO         3.55941E-018  1.57922E-015  4.89779E-014  4.69869E-012  2.31817E-009  2.31817E-012
    CN          1.31641E-017  5.84056E-015  1.51959E-013  1.73776E-011  8.57351E-009  8.57351E-012
    HCN         6.00434E-011  2.66397E-008  7.19959E-007  7.92618E-005  3.91050E-002  3.91050E-005
    H2CN        1.80608E-016  8.01308E-014  2.24637E-012  2.38416E-010  1.17626E-007  1.17626E-010
    HCNN        4.37511E-017  1.94112E-014  7.96491E-013  5.77548E-011  2.84942E-008  2.84942E-011
    HCNO        2.93829E-019  1.30364E-016  5.60895E-015  3.87877E-013  1.91365E-010  1.91365E-013
    HOCN        2.67187E-015  1.18544E-012  5.10038E-011  3.52708E-009  1.74014E-006  1.74014E-009
    HNCO        2.31693E-012  1.02796E-009  4.42283E-008  3.05853E-006  1.50897E-003  1.50897E-006
    NCO         1.48372E-017  6.58288E-015  2.76595E-013  1.95863E-011  9.66318E-009  9.66318E-012
    N2          3.66195E-003   1.6247        45.514        4834.1       2.38495E+006   2385.0     
    AR           0.0000        0.0000        0.0000        0.0000        0.0000        0.0000     
    C3H7        8.22934E-011  3.65114E-008  1.57325E-006  1.08634E-004  5.35960E-002  5.35960E-005
    C3H8        1.56286E-008  6.93400E-006  3.05770E-004  2.06310E-002   10.179       1.01786E-002
    CH2CHO      1.21797E-010  5.40379E-008  2.32610E-006  1.60781E-004  7.93237E-002  7.93237E-005
    CH3CHO      2.57263E-008  1.14141E-005  5.02832E-004  3.39607E-002   16.755       1.67551E-002

========================================================================================================================



========================================================================================================================
     REACTOR #    1 CONDITIONS FOR INLET NAMED: Fuel2
          Inlet mass flow rate =    20.0     gm/sec
               (which, based on an estimated reactor density =   4.772E-03 gm/cm^3 
                       and  on a reactor volume  =   1.720E+03 cm^3, 
                      produces an estimated residence time) =   1.279E-03 sec


          Inlet temperature =   339.75     Kelvin
          Inlet pressure (assumed equal to reactor pressure) =    46.4     atm
          Inlet density =  2.88642E-02 gm/cm^3 
          Inlet mean molecular weight =   17.348     gm/mole
          Inlet molar flow rate      =   1.1529     moles/sec
          Inlet volumetric flow rate =   692.90     cm^3/sec 
               (based on reactor pressure and inlet temperature)
                                     =  1.69230E+06 SCCM
                                     =   1692.3     SLPM

     INLET CONDITIONS FOR GAS PHASE MOLECULAR SPECIES IN Fuel2

   Species        mole_frac     moles/sec       gm/sec       cm^3/sec        SCCM            SLPM
------------------------------------------------------------------------------------------------------
    H2           0.0000        0.0000        0.0000        0.0000        0.0000        0.0000     
    H            0.0000        0.0000        0.0000        0.0000        0.0000        0.0000     
    O            0.0000        0.0000        0.0000        0.0000        0.0000        0.0000     
    O2           0.0000        0.0000        0.0000        0.0000        0.0000        0.0000     
    OH           0.0000        0.0000        0.0000        0.0000        0.0000        0.0000     
    H2O          0.0000        0.0000        0.0000        0.0000        0.0000        0.0000     
    HO2          0.0000        0.0000        0.0000        0.0000        0.0000        0.0000     
    H2O2         0.0000        0.0000        0.0000        0.0000        0.0000        0.0000     
    C            0.0000        0.0000        0.0000        0.0000        0.0000        0.0000     
    CH           0.0000        0.0000        0.0000        0.0000        0.0000        0.0000     
    CH2          0.0000        0.0000        0.0000        0.0000        0.0000        0.0000     
    CH2(S)       0.0000        0.0000        0.0000        0.0000        0.0000        0.0000     
    CH3          0.0000        0.0000        0.0000        0.0000        0.0000        0.0000     
    CH4         0.91971        1.0603        17.010        637.26       1.55642E+006   1556.4     
    CO           0.0000        0.0000        0.0000        0.0000        0.0000        0.0000     
    CO2         1.22393E-002  1.41100E-002  0.62098        8.4806        20713.        20.713     
    HCO          0.0000        0.0000        0.0000        0.0000        0.0000        0.0000     
    CH2O         0.0000        0.0000        0.0000        0.0000        0.0000        0.0000     
    CH2OH        0.0000        0.0000        0.0000        0.0000        0.0000        0.0000     
    CH3O         0.0000        0.0000        0.0000        0.0000        0.0000        0.0000     
    CH3OH        0.0000        0.0000        0.0000        0.0000        0.0000        0.0000     
    C2H          0.0000        0.0000        0.0000        0.0000        0.0000        0.0000     
    C2H2         0.0000        0.0000        0.0000        0.0000        0.0000        0.0000     
    C2H3         0.0000        0.0000        0.0000        0.0000        0.0000        0.0000     
    C2H4         0.0000        0.0000        0.0000        0.0000        0.0000        0.0000     
    C2H5         0.0000        0.0000        0.0000        0.0000        0.0000        0.0000     
    C2H6        5.43298E-002  6.26343E-002   1.8834        37.645        91942.        91.942     
    HCCO         0.0000        0.0000        0.0000        0.0000        0.0000        0.0000     
    CH2CO        0.0000        0.0000        0.0000        0.0000        0.0000        0.0000     
    HCCOH        0.0000        0.0000        0.0000        0.0000        0.0000        0.0000     
    N            0.0000        0.0000        0.0000        0.0000        0.0000        0.0000     
    NH           0.0000        0.0000        0.0000        0.0000        0.0000        0.0000     
    NH2          0.0000        0.0000        0.0000        0.0000        0.0000        0.0000     
    NH3          0.0000        0.0000        0.0000        0.0000        0.0000        0.0000     
    NNH          0.0000        0.0000        0.0000        0.0000        0.0000        0.0000     
    NO           0.0000        0.0000        0.0000        0.0000        0.0000        0.0000     
    NO2          0.0000        0.0000        0.0000        0.0000        0.0000        0.0000     
    N2O          0.0000        0.0000        0.0000        0.0000        0.0000        0.0000     
    HNO          0.0000        0.0000        0.0000        0.0000        0.0000        0.0000     
    CN           0.0000        0.0000        0.0000        0.0000        0.0000        0.0000     
    HCN          0.0000        0.0000        0.0000        0.0000        0.0000        0.0000     
    H2CN         0.0000        0.0000        0.0000        0.0000        0.0000        0.0000     
    HCNN         0.0000        0.0000        0.0000        0.0000        0.0000        0.0000     
    HCNO         0.0000        0.0000        0.0000        0.0000        0.0000        0.0000     
    HOCN         0.0000        0.0000        0.0000        0.0000        0.0000        0.0000     
    HNCO         0.0000        0.0000        0.0000        0.0000        0.0000        0.0000     
    NCO          0.0000        0.0000        0.0000        0.0000        0.0000        0.0000     
    N2          1.14474E-002  1.31971E-002  0.36970        7.9319        19372.        19.372     
    AR           0.0000        0.0000        0.0000        0.0000        0.0000        0.0000     
    C3H7         0.0000        0.0000        0.0000        0.0000        0.0000        0.0000     
    C3H8        2.27544E-003  2.62324E-003  0.11568        1.5766        3850.7        3.8507     
    CH2CHO       0.0000        0.0000        0.0000        0.0000        0.0000        0.0000     
    CH3CHO       0.0000        0.0000        0.0000        0.0000        0.0000        0.0000     

========================================================================================================================



 TWOPNT:  DOUBLE PRECISION (TWO POINT BOUNDARY VALUE PROBLEM) SOLVER,
          VERSION 3.30 OF APRIL 1998 BY DR. JOSEPH F. GRCAR.

 TWOPNT:  INITIAL GUESS:


========================================================================================================================
                              PSPRNT: Printing of current solution from TWOPNT:
========================================================================================================================


               RESIDENCE TIME                  1.2793E-03  SEC
               MASS FLOW RATE                  6.4150E+03  GM/SEC
               PRESSURE                        46.39      ATM
               MASS DENSITY                   4.7715E-03  GM/CM^3
               VOLUME                          1720.      CM^3
               TOTAL MASS                      8.207      G
               TOTAL SURFACE AREA              0.000      CM^2
               TOTAL SURFACE TO VOLUME RATIO   0.000      CM-1
               GAS CHEM HEAT PRODUCTION        1.1974E-04  CAL/S/CM^3
               TEMPERATURE (FIXED)             1600.0000  K
               SURF TEMP, MATERIAL1            1600.0000  K  (same as gas temp)


   INLET  GAS PHASE MOLE FRACTIONS FOR INLET NAMED C7_R2_PSR_to_C8_R2_PSR

    H2              =  4.5019E-001       H               =  1.2194E-005       O               =  6.1055E-012
    O2              =  1.2862E-012       OH              =  2.8208E-007       H2O             =  2.1158E-001
    HO2             =  9.1406E-015       H2O2            =  8.8139E-013       C               =  4.8472E-016
    CH              =  4.9201E-014       CH2             =  4.6027E-010       CH2(S)          =  1.3881E-011
    CH3             =  1.7256E-005       CH4             =  3.1411E-002       CO              =  2.6530E-001
    CO2             =  3.7332E-002       HCO             =  1.2795E-007       CH2O            =  2.6352E-006
    CH2OH           =  5.8035E-010       CH3O            =  8.4322E-012       CH3OH           =  3.7640E-007
    C2H             =  3.1051E-011       C2H2            =  2.2422E-004       C2H3            =  4.2101E-008
    C2H4            =  2.6448E-004       C2H5            =  7.1687E-008       C2H6            =  1.4029E-005
    HCCO            =  2.4705E-010       CH2CO           =  1.2971E-006       HCCOH           =  2.0891E-008
    N               =  1.9059E-017       NH              =  2.5406E-017       NH2             =  1.1185E-014
    NH3             =  1.6773E-010       NNH             =  3.8810E-012       NO              =  7.5597E-015
    NO2             =  0.0000E+000       N2O             =  1.1786E-014       HNO             =  3.5594E-018
    CN              =  1.3164E-017       HCN             =  6.0043E-011       H2CN            =  1.8061E-016
    HCNN            =  4.3751E-017       HCNO            =  2.9383E-019       HOCN            =  2.6719E-015
    HNCO            =  2.3169E-012       NCO             =  1.4837E-017       N2              =  3.6619E-003
    AR              =  0.0000E+000       C3H7            =  8.2293E-011       C3H8            =  1.5629E-008
    CH2CHO          =  1.2180E-010       CH3CHO          =  2.5726E-008


   INLET  GAS PHASE MOLE FRACTIONS FOR INLET NAMED Fuel2

    H2              =  0.0000E+000       H               =  0.0000E+000       O               =  0.0000E+000
    O2              =  0.0000E+000       OH              =  0.0000E+000       H2O             =  0.0000E+000
    HO2             =  0.0000E+000       H2O2            =  0.0000E+000       C               =  0.0000E+000
    CH              =  0.0000E+000       CH2             =  0.0000E+000       CH2(S)          =  0.0000E+000
    CH3             =  0.0000E+000       CH4             =  9.1971E-001       CO              =  0.0000E+000
    CO2             =  1.2239E-002       HCO             =  0.0000E+000       CH2O            =  0.0000E+000
    CH2OH           =  0.0000E+000       CH3O            =  0.0000E+000       CH3OH           =  0.0000E+000
    C2H             =  0.0000E+000       C2H2            =  0.0000E+000       C2H3            =  0.0000E+000
    C2H4            =  0.0000E+000       C2H5            =  0.0000E+000       C2H6            =  5.4330E-002
    HCCO            =  0.0000E+000       CH2CO           =  0.0000E+000       HCCOH           =  0.0000E+000
    N               =  0.0000E+000       NH              =  0.0000E+000       NH2             =  0.0000E+000
    NH3             =  0.0000E+000       NNH             =  0.0000E+000       NO              =  0.0000E+000
    NO2             =  0.0000E+000       N2O             =  0.0000E+000       HNO             =  0.0000E+000
    CN              =  0.0000E+000       HCN             =  0.0000E+000       H2CN            =  0.0000E+000
    HCNN            =  0.0000E+000       HCNO            =  0.0000E+000       HOCN            =  0.0000E+000
    HNCO            =  0.0000E+000       NCO             =  0.0000E+000       N2              =  1.1447E-002
    AR              =  0.0000E+000       C3H7            =  0.0000E+000       C3H8            =  2.2754E-003
    CH2CHO          =  0.0000E+000       CH3CHO          =  0.0000E+000


   EXIT    GAS PHASE MOLE FRACTIONS 

    H2              =  5.1181E-001       H               =  5.7132E-006       O               =  6.8547E-013
    O2              =  1.0369E-013       OH              =  7.3909E-008       H2O             =  1.6920E-001
    HO2             =  7.6013E-016       H2O2            =  1.3378E-013       C               =  4.7202E-019
    CH              =  8.0316E-017       CH2             =  1.6348E-012       CH2(S)          =  4.5583E-014
    CH3             =  1.5704E-007       CH4             =  6.9298E-004       CO              =  2.8360E-001
    CO2             =  3.1217E-002       HCO             =  8.4338E-008       CH2O            =  2.9297E-006
    CH2OH           =  1.0038E-010       CH3O            =  8.5888E-013       CH3OH           =  4.0683E-008
    C2H             =  6.3870E-016       C2H2            =  1.7045E-008       C2H3            =  2.7048E-012
    C2H4            =  4.5271E-008       C2H5            =  1.0421E-011       C2H6            =  4.6046E-009
    HCCO            =  1.1931E-012       CH2CO           =  1.5299E-008       HCCOH           =  9.2338E-013
    N               =  5.7735E-015       NH              =  1.0372E-012       NH2             =  1.2137E-009
    NH3             =  4.7059E-005       NNH             =  1.5662E-012       NO              =  9.0050E-011
    NO2             =  1.7417E-018       N2O             =  2.4283E-015       HNO             =  9.7771E-014
    CN              =  2.7487E-013       HCN             =  4.1007E-006       H2CN            =  8.7395E-012
    HCNN            =  1.0746E-019       HCNO            =  2.7561E-016       HOCN            =  1.6818E-010
    HNCO            =  4.9734E-007       NCO             =  1.1638E-012       N2              =  3.4225E-003
    AR              =  0.0000E+000       C3H7            =  1.8080E-016       C3H8            =  7.8131E-014
    CH2CHO          =  1.2358E-012       CH3CHO          =  1.1822E-009
 
   Volatile Organic Compounds (ppm):   701.0    
   Unburned Hydrocarbons      (ppm):   693.3    
 
   CO                       (ppmvd): 3.4136E+05
   NO                       (ppmvd): 1.0839E-04
   NOx                      (ppmvd): 1.0839E-04
   CO                (ppmvd 15% O2): 9.7531E+04
   NO                (ppmvd 15% O2): 3.0969E-05
   NOx               (ppmvd 15% O2): 3.0969E-05

========================================================================================================================



 TWOPNT:  SOLVE THE PROBLEM.

                      LOG10   LOG10          
              TASK   NORM F  COND J   REMARK 

             START     1.76            
            SEARCH    -9.18    0.00   24 SEARCH STEPS

 TWOPNT:  FINAL SOLUTION:


========================================================================================================================
                              PSPRNT: Printing of current solution from TWOPNT:
========================================================================================================================


               RESIDENCE TIME                  1.3662E-03  SEC
               MASS FLOW RATE                  6.4150E+03  GM/SEC
               PRESSURE                        46.39      ATM
               MASS DENSITY                   5.0956E-03  GM/CM^3
               VOLUME                          1720.      CM^3
               TOTAL MASS                      8.765      G
               TOTAL SURFACE AREA              0.000      CM^2
               TOTAL SURFACE TO VOLUME RATIO   0.000      CM-1
               GAS CHEM HEAT PRODUCTION        2.9899E+00  CAL/S/CM^3
               TEMPERATURE (FIXED)             1600.0000  K
               SURF TEMP, MATERIAL1            1600.0000  K  (same as gas temp)


   EXIT    GAS PHASE MOLE FRACTIONS 

    H2              =  4.4922E-001       H               =  5.5925E-006       O               =  1.0499E-012
    O2              =  2.7383E-013       OH              =  1.0224E-007       H2O             =  2.1061E-001
    HO2             =  1.4733E-015       H2O2            =  2.5596E-013       C               =  3.4681E-017
    CH              =  5.2723E-015       CH2             =  9.5079E-011       CH2(S)          =  2.5245E-012
    CH3             =  8.6207E-006       CH4             =  3.4091E-002       CO              =  2.6422E-001
    CO2             =  3.7702E-002       HCO             =  7.6927E-008       CH2O            =  2.5368E-006
    CH2OH           =  2.3408E-010       CH3O            =  2.7027E-012       CH3OH           =  2.3797E-007
    C2H             =  6.2182E-012       C2H2            =  1.4890E-004       C2H3            =  1.9678E-008
    C2H4            =  2.8963E-004       C2H5            =  6.2976E-008       C2H6            =  2.4000E-005
    HCCO            =  7.4063E-011       CH2CO           =  8.5168E-007       HCCOH           =  9.2309E-009
    N               =  1.9912E-018       NH              =  5.2011E-018       NH2             =  4.8295E-015
    NH3             =  1.6781E-010       NNH             =  1.6496E-012       NO              =  2.3818E-015
    NO2             =  6.5721E-023       N2O             =  4.9478E-015       HNO             =  7.3681E-019
    CN              =  4.4716E-018       HCN             =  5.9824E-011       H2CN            =  1.2481E-016
    HCNN            =  7.5897E-018       HCNO            =  6.8259E-020       HOCN            =  1.7315E-015
    HNCO            =  1.9732E-012       NCO             =  5.1844E-018       N2              =  3.6825E-003
    AR              =  0.0000E+000       C3H7            =  8.1177E-011       C3H8            =  7.8870E-008
    CH2CHO          =  6.5027E-011       CH3CHO          =  2.6684E-008
 
   Volatile Organic Compounds (ppm):  3.5029E+04
   Unburned Hydrocarbons      (ppm):  3.5025E+04
 
   CO                       (ppmvd): 3.3471E+05
   NO                       (ppmvd): 3.0172E-09
   NOx                      (ppmvd): 9.2851E-09
   CO                (ppmvd 15% O2): 9.5632E+04
   NO                (ppmvd 15% O2): 8.6206E-10
   NOx               (ppmvd 15% O2): 2.6529E-09

========================================================================================================================



 TWOPNT:  SUCCESS.  PROBLEM SOLVED.

   PSRTWO: FINISHED FIXED TEMPERATURE, ADDING ENERGY EQUATION


 TWOPNT:  DOUBLE PRECISION (TWO POINT BOUNDARY VALUE PROBLEM) SOLVER,
          VERSION 3.30 OF APRIL 1998 BY DR. JOSEPH F. GRCAR.

 TWOPNT:  INITIAL GUESS:


========================================================================================================================
                              PSPRNT: Printing of current solution from TWOPNT:
========================================================================================================================


               RESIDENCE TIME                  1.3662E-03  SEC
               MASS FLOW RATE                  6.4150E+03  GM/SEC
               PRESSURE                        46.39      ATM
               MASS DENSITY                   5.0956E-03  GM/CM^3
               VOLUME                          1720.      CM^3
               TOTAL MASS                      8.765      G
               TOTAL SURFACE AREA              0.000      CM^2
               TOTAL SURFACE TO VOLUME RATIO   0.000      CM-1
               GAS CHEM HEAT PRODUCTION        2.9899E+00  CAL/S/CM^3
               TEMPERATURE (INLET: C7_R2_PSR_to_C8_R2_PSR)     1681.8940  K
               TEMPERATURE (INLET: Fuel2)      339.7500  K
               TEMPERATURE                     1600.0000  K
               SURF TEMP, MATERIAL1            1600.0000  K  (same as gas temp)
               HEAT LOSS, MATERIAL1            0.000      CAL/SEC


   EXIT    GAS PHASE MOLE FRACTIONS 

    H2              =  4.4922E-001       H               =  5.5925E-006       O               =  1.0499E-012
    O2              =  2.7383E-013       OH              =  1.0224E-007       H2O             =  2.1061E-001
    HO2             =  1.4733E-015       H2O2            =  2.5596E-013       C               =  3.4681E-017
    CH              =  5.2723E-015       CH2             =  9.5079E-011       CH2(S)          =  2.5245E-012
    CH3             =  8.6207E-006       CH4             =  3.4091E-002       CO              =  2.6422E-001
    CO2             =  3.7702E-002       HCO             =  7.6927E-008       CH2O            =  2.5368E-006
    CH2OH           =  2.3408E-010       CH3O            =  2.7027E-012       CH3OH           =  2.3797E-007
    C2H             =  6.2182E-012       C2H2            =  1.4890E-004       C2H3            =  1.9678E-008
    C2H4            =  2.8963E-004       C2H5            =  6.2976E-008       C2H6            =  2.4000E-005
    HCCO            =  7.4063E-011       CH2CO           =  8.5168E-007       HCCOH           =  9.2309E-009
    N               =  1.9912E-018       NH              =  5.2011E-018       NH2             =  4.8295E-015
    NH3             =  1.6781E-010       NNH             =  1.6496E-012       NO              =  2.3818E-015
    NO2             =  6.5721E-023       N2O             =  4.9478E-015       HNO             =  7.3681E-019
    CN              =  4.4716E-018       HCN             =  5.9824E-011       H2CN            =  1.2481E-016
    HCNN            =  7.5897E-018       HCNO            =  6.8259E-020       HOCN            =  1.7315E-015
    HNCO            =  1.9732E-012       NCO             =  5.1844E-018       N2              =  3.6825E-003
    AR              =  0.0000E+000       C3H7            =  8.1177E-011       C3H8            =  7.8870E-008
    CH2CHO          =  6.5027E-011       CH3CHO          =  2.6684E-008
 
   Volatile Organic Compounds (ppm):  3.5029E+04
   Unburned Hydrocarbons      (ppm):  3.5025E+04
 
   CO                       (ppmvd): 3.3471E+05
   NO                       (ppmvd): 3.0172E-09
   NOx                      (ppmvd): 9.2851E-09
   CO                (ppmvd 15% O2): 9.5632E+04
   NO                (ppmvd 15% O2): 8.6206E-10
   NOx               (ppmvd 15% O2): 2.6529E-09

========================================================================================================================



 TWOPNT:  SOLVE THE PROBLEM.

                      LOG10   LOG10          
              TASK   NORM F  COND J   REMARK 

             START     4.87            
            SEARCH    -3.85    0.00   11 SEARCH STEPS

 TWOPNT:  FINAL SOLUTION:


========================================================================================================================
                              PSPRNT: Printing of current solution from TWOPNT:
========================================================================================================================


               RESIDENCE TIME                  1.2869E-03  SEC
               MASS FLOW RATE                  6.4150E+03  GM/SEC
               PRESSURE                        46.39      ATM
               MASS DENSITY                   4.7997E-03  GM/CM^3
               VOLUME                          1720.      CM^3
               TOTAL MASS                      8.256      G
               TOTAL SURFACE AREA              0.000      CM^2
               TOTAL SURFACE TO VOLUME RATIO   0.000      CM-1
               GAS CHEM HEAT PRODUCTION       -3.4004E+00  CAL/S/CM^3
               TEMPERATURE (INLET: C7_R2_PSR_to_C8_R2_PSR)     1681.8940  K
               TEMPERATURE (INLET: Fuel2)      339.7500  K
               TEMPERATURE                     1697.8588  K
               SURF TEMP, MATERIAL1            1697.8588  K  (same as gas temp)
               HEAT LOSS, MATERIAL1          -1.0120E+05  CAL/SEC


   EXIT    GAS PHASE MOLE FRACTIONS 

    H2              =  4.4905E-001       H               =  1.4184E-005       O               =  8.5785E-012
    O2              =  1.7962E-012       OH              =  3.4245E-007       H2O             =  2.1109E-001
    HO2             =  1.2957E-014       H2O2            =  1.1230E-012       C               =  8.9590E-016
    CH              =  8.3534E-014       CH2             =  6.8263E-010       CH2(S)          =  2.1092E-011
    CH3             =  2.1550E-005       CH4             =  3.3657E-002       CO              =  2.6481E-001
    CO2             =  3.7033E-002       HCO             =  1.4125E-007       CH2O            =  2.6792E-006
    CH2OH           =  7.5885E-010       CH3O            =  1.1557E-011       CH3OH           =  4.5015E-007
    C2H             =  5.1360E-011       C2H2            =  2.9440E-004       C2H3            =  5.9966E-008
    C2H4            =  3.1942E-004       C2H5            =  9.4309E-008       C2H6            =  1.7187E-005
    HCCO            =  3.4494E-010       CH2CO           =  1.5515E-006       HCCOH           =  2.9565E-008
    N               =  3.2647E-017       NH              =  3.6413E-017       NH2             =  1.3241E-014
    NH3             =  1.6831E-010       NNH             =  4.6057E-012       NO              =  1.0753E-014
    NO2             =  6.8334E-022       N2O             =  1.4641E-014       HNO             =  5.1239E-018
    CN              =  1.6257E-017       HCN             =  6.0206E-011       H2CN            =  1.9522E-016
    HCNN            =  6.8422E-017       HCNO            =  5.0291E-019       HOCN            =  2.9068E-015
    HNCO            =  2.4088E-012       NCO             =  1.8434E-017       N2              =  3.6808E-003
    AR              =  0.0000E+000       C3H7            =  1.3156E-010       C3H8            =  3.5970E-008
    CH2CHO          =  1.5249E-010       CH3CHO          =  2.8092E-008
 
   Volatile Organic Compounds (ppm):  3.4948E+04
   Unburned Hydrocarbons      (ppm):  3.4941E+04
 
   CO                       (ppmvd): 3.3567E+05
   NO                       (ppmvd): 1.3630E-08
   NOx                      (ppmvd): 3.2188E-08
   CO                (ppmvd 15% O2): 9.5906E+04
   NO                (ppmvd 15% O2): 3.8942E-09
   NOx               (ppmvd 15% O2): 9.1966E-09

========================================================================================================================



 TWOPNT:  SUCCESS.  PROBLEM SOLVED.

========================================================================================================================
     OUTLET CONDITIONS:
          Specified inlet mass flow rate =   6.415E+03 gm/sec
          Rate of Mass Loss to the walls =    0.00     gm/sec
          Outlet mass flow rate          =   6.415E+03 gm/sec
               (which, based on an reactor density =   4.800E-03 gm/cm^3 
                   and  on a reactor volume =   1.720E+03 cm^3, 
                   produces a residence time) =   1.287E-03 sec


          Outlet and reactor temperature =   1697.9     Kelvin
          Outlet and reactor pressure    =    46.4     atm
          Outlet and reactor density     =  4.79971E-03 gm/cm^3 
          Outlet and reactor mean molecular weight =   14.416     gm/mole
          Outlet molar flow rate         =   444.99     moles/sec
          Outlet volumetric flow rate    =  1.33655E+06 cm^3/sec 
               (based on reactor pressure and temperature)
                                         =  6.53206E+08 SCCM
                                         =  6.53206E+05 SLPM

     OUTLET CONDITIONS FOR GAS PHASE MOLECULAR SPECIES:

   Species        mole_frac     #/cm^3       moles/sec       gm/sec       cm^3/sec        SCCM
------------------------------------------------------------------------------------------------------
    H2           0.44905       9.00341E+19    199.82        402.83       6.00177E+05   2.93322E+08
    H            1.41836E-05   2.84380E+15   6.31150E-03   6.36180E-03    18.957        9264.8    
    O            8.57845E-12   1.71997E+09   3.81729E-09   6.10743E-08   1.14655E-05   5.60350E-03
    O2           1.79625E-12   3.60146E+08   7.99305E-10   2.55768E-08   2.40077E-06   1.17332E-03
    OH           3.42451E-07   6.86612E+13   1.52386E-04   2.59169E-03   0.45770        223.69    
    H2O          0.21109       4.23242E+19    93.934        1692.3       2.82137E+05   1.37888E+08
    HO2          1.29572E-14   2.59791E+06   5.76577E-12   1.90309E-10   1.73179E-08   8.46372E-06
    H2O2         1.12300E-12   2.25161E+08   4.99721E-10   1.69979E-08   1.50095E-06   7.33553E-04
    C            8.95904E-16   1.79628E+05   3.98665E-13   4.78842E-12   1.19742E-09   5.85210E-07
    CH           8.35337E-14   1.67484E+07   3.71713E-11   4.83938E-10   1.11647E-07   5.45647E-05
    CH2          6.82631E-10   1.36867E+11   3.03761E-07   4.26089E-06   9.12370E-04   0.44590    
    CH2(S)       2.10920E-11   4.22892E+09   9.38563E-09   1.31653E-07   2.81904E-05   1.37774E-02
    CH3          2.15503E-05   4.32082E+15   9.58958E-03   0.14418        28.803        14077.    
    CH4          3.36572E-02   6.74825E+18    14.977        240.28        44984.       2.19851E+07
    CO           0.26481       5.30948E+19    117.84        3300.7       3.53936E+05   1.72978E+08
    CO2          3.70327E-02   7.42502E+18    16.479        725.24        49496.       2.41900E+07
    HCO          1.41246E-07   2.83197E+13   6.28525E-05   1.82389E-03   0.18878        92.263    
    CH2O         2.67918E-06   5.37173E+14   1.19220E-03   3.57975E-02    3.5809        1750.1    
    CH2OH        7.58848E-10   1.52148E+11   3.37677E-07   1.04796E-05   1.01424E-03   0.49568    
    CH3O         1.15569E-11   2.31715E+09   5.14265E-09   1.59599E-07   1.54463E-05   7.54904E-03
    CH3OH        4.50146E-07   9.02540E+13   2.00309E-04   6.41838E-03   0.60164        294.04    
    C2H          5.13605E-11   1.02977E+10   2.28547E-08   5.72059E-07   6.86458E-05   3.35490E-02
    C2H2         2.94400E-04   5.90270E+16   0.13100        3.4111        393.48       1.92304E+05
    C2H3         5.99661E-08   1.20231E+13   2.66840E-05   7.21702E-04   8.01475E-02    39.170    
    C2H4         3.19421E-04   6.40436E+16   0.14214        3.9876        426.92       2.08648E+05
    C2H5         9.43089E-08   1.89089E+13   4.19661E-05   1.21963E-03   0.12605        61.603    
    C2H6         1.71871E-05   3.44599E+15   7.64800E-03   0.22998        22.971        11227.    
    HCCO         3.44941E-10   6.91603E+10   1.53494E-07   6.29780E-06   4.61030E-04   0.22532    
    CH2CO        1.55154E-06   3.11082E+14   6.90413E-04   2.90233E-02    2.0737        1013.5    
    HCCOH        2.95646E-08   5.92767E+12   1.31558E-05   5.53040E-04   3.95145E-02    19.312    
    N            3.26471E-17    6545.7       1.45275E-14   2.03483E-13   4.36345E-11   2.13253E-08
    NH           3.64130E-17    7300.8       1.62033E-14   2.43287E-13   4.86677E-11   2.37852E-08
    NH2          1.32408E-14   2.65476E+06   5.89195E-12   9.44046E-11   1.76969E-08   8.64895E-06
    NH3          1.68313E-10   3.37466E+10   7.48969E-08   1.27554E-06   2.24958E-04   0.10994    
    NNH          4.60574E-12   9.23446E+08   2.04949E-09   5.94789E-08   6.15579E-06   3.00850E-03
    NO           1.07526E-14   2.15590E+06   4.78477E-12   1.43572E-10   1.43714E-08   7.02369E-06
    NO2          6.83335E-22   0.13701       3.04075E-19   1.39891E-17   9.13311E-16   4.46359E-13
    N2O          1.46409E-14   2.93548E+06   6.51497E-12   2.86742E-10   1.95682E-08   9.56350E-06
    HNO          5.12385E-18    1027.3       2.28004E-15   7.07134E-14   6.84827E-12   3.34693E-09
    CN           1.62567E-17    3259.5       7.23402E-15   1.88214E-13   2.17279E-11   1.06190E-08
    HCN          6.02062E-11   1.20713E+10   2.67909E-08   7.24047E-07   8.04685E-05   3.93271E-02
    H2CN         1.95221E-16    39142.       8.68707E-14   2.43532E-12   2.60923E-10   1.27520E-07
    HCNN         6.84224E-17    13719.       3.04470E-14   1.24932E-12   9.14499E-11   4.46940E-08
    HCNO         5.02913E-19    100.83       2.23789E-16   9.62859E-15   6.72168E-13   3.28506E-10
    HOCN         2.90677E-15   5.82804E+05   1.29347E-12   5.56518E-11   3.88503E-09   1.89872E-06
    HNCO         2.40881E-12   4.82963E+08   1.07188E-09   4.61181E-08   3.21948E-06   1.57345E-03
    NCO          1.84344E-17    3696.1       8.20303E-15   3.44669E-13   2.46384E-11   1.20414E-08
    N2           3.68081E-03   7.37999E+17    1.6379        45.883        4919.6       2.40433E+06
    AR            0.0000        0.0000        0.0000        0.0000        0.0000        0.0000    
    C3H7         1.31559E-10   2.63775E+10   5.85419E-08   2.52252E-06   1.75835E-04   8.59351E-02
    C3H8         3.59700E-08   7.21195E+12   1.60061E-05   7.05825E-04   4.80756E-02    23.496    
    CH2CHO       1.52493E-10   3.05748E+10   6.78574E-08   2.92096E-06   2.03815E-04   9.96096E-02
    CH3CHO       2.80922E-08   5.63246E+12   1.25006E-05   5.50697E-04   3.75465E-02    18.350    

========================================================================================================================



========================================================================================================================

                         DETAILED SPECIES BALANCE
                                   (all rates are in moles per sec)

   SPECIES           INLET_FR    OUTLET_FR  GAS_PROD_RATE  GAS_DEST_RATE   SURF_NET_PROD    TOTAL_NET
----------------------------------------------------------------------------------------------------------------------------------
 H2                    200.          200.          592.          592.          0.00         7.011E-05
 H                    5.410E-03     6.311E-03      666.          666.          0.00        -7.485E-05
 O                    2.709E-09     3.817E-09     2.759E-03     2.759E-03      0.00         9.642E-09
 O2                   5.707E-10     7.993E-10     2.706E-08     2.683E-08      0.00        -5.523E-14
 OH                   1.252E-04     1.524E-04      193.          193.          0.00         1.038E-05
 H2O                   93.9          93.9          251.          251.          0.00        -8.102E-06
 HO2                  4.055E-12     5.766E-12     1.611E-07     1.611E-07      0.00         1.170E-13
 H2O2                 3.910E-10     4.997E-10     1.653E-05     1.653E-05      0.00         3.748E-11
 C                    2.151E-13     3.987E-13     3.745E-08     3.745E-08      0.00         4.121E-14
 CH                   2.183E-11     3.717E-11     4.246E-04     4.246E-04      0.00        -1.666E-10
 CH2                  2.042E-07     3.038E-07     8.431E-02     8.431E-02      0.00         8.099E-08
 CH2(S)               6.159E-09     9.386E-09     0.208         0.208          0.00         7.798E-07
 CH3                  7.656E-03     9.590E-03      431.          431.          0.00         4.112E-05
 CH4                   15.0          15.0          430.          430.          0.00        -4.569E-05
 CO                    118.          118.          67.9          67.8          0.00         1.116E-05
 CO2                   16.6          16.5          7.46          7.56          0.00        -2.403E-06
 HCO                  5.677E-05     6.285E-05      60.6          60.6          0.00        -7.965E-06
 CH2O                 1.169E-03     1.192E-03     0.274         0.274          0.00        -7.435E-07
 CH2OH                2.575E-07     3.377E-07     3.781E-02     3.781E-02      0.00         1.770E-07
 CH3O                 3.741E-09     5.143E-09     8.343E-03     8.343E-03      0.00         4.190E-08
 CH3OH                1.670E-04     2.003E-04     4.066E-02     4.063E-02      0.00        -1.437E-07
 C2H                  1.378E-08     2.285E-08     0.141         0.141          0.00        -8.642E-07
 C2H2                 9.948E-02     0.131          1.02         0.985          0.00         5.287E-06
 C2H3                 1.868E-05     2.668E-05      5.35          5.35          0.00        -1.728E-05
 C2H4                 0.117         0.142          6.23          6.20          0.00         1.712E-05
 C2H5                 3.181E-05     4.197E-05      2.23          2.23          0.00         4.024E-06
 C2H6                 6.886E-02     7.648E-03      1.27          1.33          0.00        -6.452E-06
 HCCO                 1.096E-07     1.535E-07     2.012E-02     2.012E-02      0.00         6.230E-08
 CH2CO                5.755E-04     6.904E-04     8.627E-02     8.615E-02      0.00        -1.910E-07
 HCCOH                9.269E-06     1.316E-05     4.761E-03     4.757E-03      0.00         7.230E-08
 N                    8.456E-15     1.453E-14     3.312E-10     3.312E-10      0.00        -2.234E-17
 NH                   1.127E-14     1.620E-14     1.496E-09     1.496E-09      0.00         2.135E-15
 NH2                  4.963E-12     5.892E-12     8.110E-07     8.110E-07      0.00         3.071E-14
 NH3                  7.442E-08     7.490E-08     7.961E-07     7.956E-07      0.00        -2.766E-14
 NNH                  1.722E-09     2.049E-09     3.205E-02     3.205E-02      0.00         9.512E-10
 NO                   3.354E-12     4.785E-12     5.934E-11     5.791E-11      0.00         1.428E-16
 NO2                   0.00         3.041E-19     2.670E-16     2.667E-16      0.00         1.370E-21
 N2O                  5.229E-12     6.515E-12     1.000E-10     9.874E-11      0.00        -3.935E-16
 HNO                  1.579E-15     2.280E-15     5.763E-10     5.763E-10      0.00        -1.068E-16
 CN                   5.841E-15     7.234E-15     1.789E-08     1.789E-08      0.00         2.023E-15
 HCN                  2.664E-08     2.679E-08     1.377E-07     1.376E-07      0.00         1.924E-14
 H2CN                 8.013E-14     8.687E-14     1.193E-07     1.193E-07      0.00        -2.098E-14
 HCNN                 1.941E-14     3.045E-14     1.850E-08     1.850E-08      0.00         2.023E-15
 HCNO                 1.304E-16     2.238E-16     9.640E-15     9.546E-15      0.00         1.524E-19
 HOCN                 1.185E-12     1.293E-12     4.059E-10     4.058E-10      0.00        -7.071E-16
 HNCO                 1.028E-09     1.072E-09     1.678E-08     1.673E-08      0.00        -5.400E-15
 NCO                  6.583E-15     8.203E-15     1.747E-09     1.747E-09      0.00         6.734E-16
 N2                    1.64          1.64         3.243E-02     3.243E-02      0.00        -9.512E-10
 AR                    0.00          0.00          0.00          0.00          0.00          0.00    
 C3H7                 3.651E-08     5.854E-08     1.152E-02     1.152E-02      0.00         3.383E-08
 C3H8                 2.630E-03     1.601E-05     3.597E-03     6.212E-03      0.00        -5.670E-08
 CH2CHO               5.404E-08     6.786E-08     1.709E-02     1.709E-02      0.00         5.272E-08
 CH3CHO               1.141E-05     1.250E-05     8.952E-04     8.941E-04      0.00        -1.055E-08


========================================================================================================================

                         DETAILED ELEMENT BALANCES
                                   (all rates are in moles per sec)

 ELEMENT          INLET_FR      OUTLET_FR    TOTAL_NET                                                                  
------------------------------------------------------------------------------------------------------------------------
 O                   245.          245.        -5.684E-14
 H                   648.          648.        -1.137E-13
 C                   150.          150.         2.274E-13
 N                   3.28          3.28          0.00    
 AR                  0.00          0.00          0.00    

========================================================================================================================



 Total CPUtime: 2 (seconds)
