

     *****************************************************************
     *                   ANSYS Chemkin-Pro 2023 R1                   *
     *                      AURORA Application                       *
     *         PERFECTLY STIRRED OR PLUG FLOW REACTOR MODEL          *
     *                 Copyright(c) 2023 ANSYS, Inc.                 *                
     *Run Date and Time: Jul 30, 2025   00:09:19     120 min from UTC*
     *****************************************************************



Running CHEMKIN-PRO
Running Multi-threaded mode

                WORKING SPACE REQUIREMENTS
                 PROVIDED        REQUIRED 
 LOGICAL              146            146
 INTEGER            43512          43512
 REAL               38758          38758
 CHARACTER            123            123

This problem requires      0.296MB of memory for the REAL array.

Initializing CHEMKIN Gas-phase Library a component of ANSYS Chemkin-Pro 2023 R1, Build date: Nov 17, 2022
This and All Other CHEMKIN(R) Libraries are Copyright (c) 2023 Ansys, Inc.  Unauthorized use, distribution, or duplication is prohibited.This product is subject to U.S. laws governing export andre-export.  For full Legal Notice, see documentation.


LICENSE INFORMATION: 
 

LicNum: unknown                                                                                                                                                                                                                                                                                                                                                                                                                                                                                                                 
          INLET STREAM FOUND FOR REACTOR     1: C4__Gas_Splitter_to_C7_R1_PSR                                                                                                                                                                                                                                      

           KEYWORD INPUT 

          !
          ! problem type definition
          !
          STST   ! Steady State Solver
          TGIV   ! Fix Gas Temperature
          !
          ! physical property
          !
          !Surface_Temperature   ! Surface Temperature Same as Gas Temperature
          PRES 46.3853935356526   ! Pressure (atm)
          TEMP 1600.0   ! Temperature (K)
          VOL 2.9497E4   ! Volume (cm3)
          !
          ! output control and other misc. property
          !
          EPSR 0.01   ! Threshold for Rate of Production
          EPSS 0.001   ! Threshold for Species Sensitivity
          EPST 0.001   ! Threshold for Temperature Sensitivity
          GFAC 1.0   ! Gas Reaction Rate Multiplier
          IEEE_CHECK_USUAL 0   ! Disable Over/Underflow Check
          PRNT 1   ! Print Level Control
          SDOUTPUT_WRITE   ! Write Standard Diagnostic Output
          SIZE 100000000   ! Solution Data Block Size (bytes)
          !tear!XMLS C4__Gas_Splitter_to_C7_R1_PSR 0.8 W:\studienarbeit\Simulation\Simulation*Cases\kein*CO2\XMLdata_Aramco-Rev7-Simplified_PFRC7.zip
          TINL C4__Gas_Splitter_to_C7_R1_PSR 1.65361673e+03
          FLRT C4__Gas_Splitter_to_C7_R1_PSR 4.326523E2
          REAC C4__Gas_Splitter_to_C7_R1_PSR H2 4.525769E-1
          REAC C4__Gas_Splitter_to_C7_R1_PSR H 9.278772E-6
          REAC C4__Gas_Splitter_to_C7_R1_PSR O 3.251402E-12
          REAC C4__Gas_Splitter_to_C7_R1_PSR O2 6.787914E-13
          REAC C4__Gas_Splitter_to_C7_R1_PSR OH 1.958868E-7
          REAC C4__Gas_Splitter_to_C7_R1_PSR H2O 2.095543E-1
          REAC C4__Gas_Splitter_to_C7_R1_PSR HO2 4.777868E-15
          REAC C4__Gas_Splitter_to_C7_R1_PSR H2O2 5.539785E-13
          REAC C4__Gas_Splitter_to_C7_R1_PSR C 1.734372E-16
          REAC C4__Gas_Splitter_to_C7_R1_PSR CH 2.055045E-14
          REAC C4__Gas_Splitter_to_C7_R1_PSR CH2 2.487561E-10
          REAC C4__Gas_Splitter_to_C7_R1_PSR CH2(S) 7.217843E-12
          REAC C4__Gas_Splitter_to_C7_R1_PSR CH3 1.280802E-5
          REAC C4__Gas_Splitter_to_C7_R1_PSR CH4 3.077967E-2
          REAC C4__Gas_Splitter_to_C7_R1_PSR CO 2.650301E-1
          REAC C4__Gas_Splitter_to_C7_R1_PSR CO2 3.804361E-2
          REAC C4__Gas_Splitter_to_C7_R1_PSR HCO 1.066251E-7
          REAC C4__Gas_Splitter_to_C7_R1_PSR CH2O 2.590948E-6
          REAC C4__Gas_Splitter_to_C7_R1_PSR CH2OH 3.916993E-10
          REAC C4__Gas_Splitter_to_C7_R1_PSR CH3O 5.236415E-12
          REAC C4__Gas_Splitter_to_C7_R1_PSR CH3OH 2.975427E-7
          REAC C4__Gas_Splitter_to_C7_R1_PSR C2H 1.172029E-11
          REAC C4__Gas_Splitter_to_C7_R1_PSR C2H2 1.286625E-4
          REAC C4__Gas_Splitter_to_C7_R1_PSR C2H3 2.241928E-8
          REAC C4__Gas_Splitter_to_C7_R1_PSR C2H4 1.91954E-4
          REAC C4__Gas_Splitter_to_C7_R1_PSR C2H5 4.834252E-8
          REAC C4__Gas_Splitter_to_C7_R1_PSR C2H6 1.221294E-5
          REAC C4__Gas_Splitter_to_C7_R1_PSR HCCO 1.475244E-10
          REAC C4__Gas_Splitter_to_C7_R1_PSR CH2CO 1.025275E-6
          REAC C4__Gas_Splitter_to_C7_R1_PSR HCCOH 1.030263E-8
          REAC C4__Gas_Splitter_to_C7_R1_PSR N 7.826123E-18
          REAC C4__Gas_Splitter_to_C7_R1_PSR NH 1.045271E-17
          REAC C4__Gas_Splitter_to_C7_R1_PSR NH2 5.765883E-15
          REAC C4__Gas_Splitter_to_C7_R1_PSR NH3 1.166481E-10
          REAC C4__Gas_Splitter_to_C7_R1_PSR NNH 2.869493E-12
          REAC C4__Gas_Splitter_to_C7_R1_PSR NO 3.5808E-15
          REAC C4__Gas_Splitter_to_C7_R1_PSR N2O 7.717056E-15
          REAC C4__Gas_Splitter_to_C7_R1_PSR HNO 1.452374E-18
          REAC C4__Gas_Splitter_to_C7_R1_PSR CN 6.330067E-18
          REAC C4__Gas_Splitter_to_C7_R1_PSR HCN 4.213444E-11
          REAC C4__Gas_Splitter_to_C7_R1_PSR H2CN 1.107458E-16
          REAC C4__Gas_Splitter_to_C7_R1_PSR HCNN 2.138787E-17
          REAC C4__Gas_Splitter_to_C7_R1_PSR HCNO 1.069793E-19
          REAC C4__Gas_Splitter_to_C7_R1_PSR HOCN 1.594415E-15
          REAC C4__Gas_Splitter_to_C7_R1_PSR HNCO 1.50133E-12
          REAC C4__Gas_Splitter_to_C7_R1_PSR NCO 7.026621E-18
          REAC C4__Gas_Splitter_to_C7_R1_PSR N2 3.656146E-3
          REAC C4__Gas_Splitter_to_C7_R1_PSR C3H7 4.971272E-11
          REAC C4__Gas_Splitter_to_C7_R1_PSR C3H8 1.219892E-8
          REAC C4__Gas_Splitter_to_C7_R1_PSR CH2CHO 8.871721E-11
          REAC C4__Gas_Splitter_to_C7_R1_PSR CH3CHO 2.388363E-8
          ! Initialization of Inlet Stream From Solution File
          INLET C4__Gas_Splitter_to_C7_R1_PSR 1   ! Inlet Stream
          END
  WARNING..."TINL" SPECIFIED FOR "TGIV" PROBLEM

 FIRST SOLUTION ESTIMATE FOR PSR #  1 IS EQUILIBRIUM 


========================================================================================================================
     KINETICS MECHANISM:
        Total number of gas phase species     =   53
        Total number of gas phase reactions   =  325
========================================================================================================================


========================================================================================================================
     REACTOR #    1 CONDITIONS FOR INLET NAMED: C4__Gas_Splitter_to_C7_R1_PSR
          Inlet mass flow rate =    433.     gm/sec
               (which, based on an estimated reactor density =   4.792E-03 gm/cm^3 
                       and  on a reactor volume  =   2.950E+04 cm^3, 
                      produces an estimated residence time) =   0.327     sec


          Inlet temperature =   1653.6     Kelvin
          Inlet pressure (assumed equal to reactor pressure) =    46.4     atm
          Inlet density =  4.91954E-03 gm/cm^3 
          Inlet mean molecular weight =   14.391     gm/mole
          Inlet molar flow rate      =   30.064     moles/sec
          Inlet volumetric flow rate =   87946.     cm^3/sec 
               (based on reactor pressure and inlet temperature)
                                     =  4.41314E+07 SCCM
                                     =   44131.     SLPM

     INLET CONDITIONS FOR GAS PHASE MOLECULAR SPECIES IN C4__Gas_Splitter_to_C7_R1_PSR

   Species        mole_frac     moles/sec       gm/sec       cm^3/sec        SCCM            SLPM
------------------------------------------------------------------------------------------------------
    H2          0.45258        13.606        27.429        39802.       1.99728E+007   19973.     
    H           9.27877E-006  2.78955E-004  2.81178E-004  0.81603        409.48       0.40948     
    O           3.25140E-012  9.77493E-011  1.56393E-009  2.85947E-007  1.43489E-004  1.43489E-007
    O2          6.78791E-013  2.04070E-011  6.53000E-010  5.96968E-008  2.99560E-005  2.99560E-008
    OH          1.95887E-007  5.88909E-006  1.00158E-004  1.72274E-002   8.6448       8.64475E-003
    H2O         0.20955        6.3000        113.50        18429.       9.24792E+006   9247.9     
    HO2         4.77787E-015  1.43641E-013  4.74111E-012  4.20193E-010  2.10854E-007  2.10854E-010
    H2O2        5.53979E-013  1.66547E-011  5.66504E-010  4.87201E-008  2.44478E-005  2.44478E-008
    C           1.73437E-016  5.21417E-015  6.26282E-014  1.52531E-011  7.65402E-009  7.65402E-012
    CH          2.05505E-014  6.17824E-013  8.04352E-012  1.80732E-009  9.06919E-007  9.06919E-010
    CH2         2.48756E-010  7.47854E-009  1.04902E-007  2.18770E-005  1.09779E-002  1.09779E-005
    CH2(S)      7.21784E-012  2.16995E-010  3.04381E-009  6.34779E-007  3.18533E-004  3.18533E-007
    CH3         1.28080E-005  3.85057E-004  5.78936E-003   1.1264        565.24       0.56524     
    CH4         3.07797E-002  0.92535        14.845        2706.9       1.35835E+006   1358.3     
    CO          0.26503        7.9678        223.18        23308.       1.16961E+007   11696.     
    CO2         3.80436E-002   1.1437        50.336        3345.8       1.67892E+006   1678.9     
    HCO         1.06625E-007  3.20555E-006  9.30203E-005  9.37722E-003   4.7055       4.70551E-003
    CH2O        2.59095E-006  7.78936E-005  2.33887E-003  0.22786        114.34       0.11434     
    CH2OH       3.91699E-010  1.17760E-008  3.65460E-007  3.44483E-005  1.72862E-002  1.72862E-005
    CH3O        5.23642E-012  1.57426E-010  4.88564E-009  4.60520E-007  2.31090E-004  2.31090E-007
    CH3OH       2.97543E-007  8.94525E-006  2.86628E-004  2.61676E-002   13.131       1.31310E-002
    C2H         1.17203E-011  3.52356E-010  8.81956E-009  1.03075E-006  5.17232E-004  5.17232E-007
    C2H2        1.28663E-004  3.86808E-003  0.10072        11.315        5678.1        5.6781     
    C2H3        2.24193E-008  6.74008E-007  1.82294E-005  1.97168E-003  0.98939       9.89393E-004
    C2H4        1.91954E-004  5.77086E-003  0.16190        16.882        8471.2        8.4712     
    C2H5        4.83425E-008  1.45336E-006  4.22377E-005  4.25152E-003   2.1334       2.13342E-003
    C2H6        1.22129E-005  3.67167E-004  1.10407E-002   1.0741        538.97       0.53897     
    HCCO        1.47524E-010  4.43514E-009  1.81972E-007  1.29741E-005  6.51045E-003  6.51045E-006
    CH2CO       1.02528E-006  3.08236E-005  1.29575E-003  9.01686E-002   45.247       4.52468E-002
    HCCOH       1.03026E-008  3.09736E-007  1.30206E-005  9.06073E-004  0.45467       4.54669E-004
    N           7.82612E-018  2.35283E-016  3.29553E-015  6.88274E-013  3.45377E-010  3.45377E-013
    NH          1.04527E-017  3.14248E-016  4.71833E-015  9.19271E-013  4.61292E-010  4.61292E-013
    NH2         5.76588E-015  1.73344E-013  2.77743E-012  5.07085E-010  2.54456E-007  2.54456E-010
    NH3         1.16648E-010  3.50688E-009  5.97243E-008  1.02587E-005  5.14784E-003  5.14784E-006
    NNH         2.86949E-012  8.62677E-011  2.50361E-009  2.52360E-007  1.26635E-004  1.26635E-007
    NO          3.58080E-015  1.07652E-013  3.23023E-012  3.14916E-010  1.58026E-007  1.58026E-010
    NO2          0.0000        0.0000        0.0000        0.0000        0.0000        0.0000     
    N2O         7.71706E-015  2.32004E-013  1.02111E-011  6.78682E-010  3.40564E-007  3.40564E-010
    HNO         1.45237E-018  4.36638E-017  1.35419E-015  1.27730E-013  6.40952E-011  6.40952E-014
    CN          6.33007E-018  1.90306E-016  4.95134E-015  5.56702E-013  2.79354E-010  2.79354E-013
    HCN         4.21344E-011  1.26672E-009  3.42341E-008  3.70554E-006  1.85945E-003  1.85945E-006
    H2CN        1.10746E-016  3.32943E-015  9.33367E-014  9.73962E-012  4.88736E-009  4.88736E-012
    HCNN        2.13879E-017  6.43000E-016  2.63839E-014  1.88097E-012  9.43876E-010  9.43876E-013
    HCNO        1.06979E-019  3.21620E-018  1.38378E-016  9.40837E-015  4.72114E-012  4.72114E-015
    HOCN        1.59442E-015  4.79341E-014  2.06238E-012  1.40222E-010  7.03637E-008  7.03637E-011
    HNCO        1.50133E-012  4.51356E-011  1.94197E-009  1.32036E-007  6.62557E-005  6.62557E-008
    NCO         7.02662E-018  2.11247E-016  8.87600E-015  6.17961E-013  3.10094E-010  3.10094E-013
    N2          3.65615E-003  0.10992        3.0792        321.54       1.61351E+005   161.35     
    AR           0.0000        0.0000        0.0000        0.0000        0.0000        0.0000     
    C3H7        4.97127E-011  1.49455E-009  6.43991E-008  4.37202E-006  2.19389E-003  2.19389E-006
    C3H8        1.21989E-008  3.66745E-007  1.61724E-005  1.07284E-003  0.53835       5.38355E-004
    CH2CHO      8.87172E-011  2.66717E-009  1.14810E-007  7.80230E-006  3.91521E-003  3.91521E-006
    CH3CHO      2.38836E-008  7.18032E-007  3.16319E-005  2.10046E-003   1.0540       1.05402E-003

========================================================================================================================



 TWOPNT:  DOUBLE PRECISION (TWO POINT BOUNDARY VALUE PROBLEM) SOLVER,
          VERSION 3.30 OF APRIL 1998 BY DR. JOSEPH F. GRCAR.

 TWOPNT:  INITIAL GUESS:


========================================================================================================================
                              PSPRNT: Printing of current solution from TWOPNT:
========================================================================================================================


               RESIDENCE TIME                  3.2671E-01  SEC
               MASS FLOW RATE                  4.3265E+02  GM/SEC
               PRESSURE                        46.39      ATM
               MASS DENSITY                   4.7921E-03  GM/CM^3
               VOLUME                         2.9497E+04  CM^3
               TOTAL MASS                      141.4      G
               TOTAL SURFACE AREA              0.000      CM^2
               TOTAL SURFACE TO VOLUME RATIO   0.000      CM-1
               GAS CHEM HEAT PRODUCTION        1.1724E-04  CAL/S/CM^3
               TEMPERATURE (FIXED)             1600.0000  K
               SURF TEMP, MATERIAL1            1600.0000  K  (same as gas temp)


   INLET  GAS PHASE MOLE FRACTIONS 

    H2              =  4.5258E-001       H               =  9.2788E-006       O               =  3.2514E-012
    O2              =  6.7879E-013       OH              =  1.9589E-007       H2O             =  2.0955E-001
    HO2             =  4.7779E-015       H2O2            =  5.5398E-013       C               =  1.7344E-016
    CH              =  2.0550E-014       CH2             =  2.4876E-010       CH2(S)          =  7.2178E-012
    CH3             =  1.2808E-005       CH4             =  3.0780E-002       CO              =  2.6503E-001
    CO2             =  3.8044E-002       HCO             =  1.0663E-007       CH2O            =  2.5909E-006
    CH2OH           =  3.9170E-010       CH3O            =  5.2364E-012       CH3OH           =  2.9754E-007
    C2H             =  1.1720E-011       C2H2            =  1.2866E-004       C2H3            =  2.2419E-008
    C2H4            =  1.9195E-004       C2H5            =  4.8343E-008       C2H6            =  1.2213E-005
    HCCO            =  1.4752E-010       CH2CO           =  1.0253E-006       HCCOH           =  1.0303E-008
    N               =  7.8261E-018       NH              =  1.0453E-017       NH2             =  5.7659E-015
    NH3             =  1.1665E-010       NNH             =  2.8695E-012       NO              =  3.5808E-015
    NO2             =  0.0000E+000       N2O             =  7.7171E-015       HNO             =  1.4524E-018
    CN              =  6.3301E-018       HCN             =  4.2134E-011       H2CN            =  1.1075E-016
    HCNN            =  2.1388E-017       HCNO            =  1.0698E-019       HOCN            =  1.5944E-015
    HNCO            =  1.5013E-012       NCO             =  7.0266E-018       N2              =  3.6561E-003
    AR              =  0.0000E+000       C3H7            =  4.9713E-011       C3H8            =  1.2199E-008
    CH2CHO          =  8.8717E-011       CH3CHO          =  2.3884E-008


   EXIT    GAS PHASE MOLE FRACTIONS 

    H2              =  5.0875E-001       H               =  5.6961E-006       O               =  7.0293E-013
    O2              =  1.0904E-013       OH              =  7.5565E-008       H2O             =  1.7247E-001
    HO2             =  7.9695E-016       H2O2            =  1.3984E-013       C               =  4.5887E-019
    CH              =  7.7845E-017       CH2             =  1.5798E-012       CH2(S)          =  4.4048E-014
    CH3             =  1.5129E-007       CH4             =  6.6564E-004       CO              =  2.8272E-001
    CO2             =  3.1912E-002       HCO             =  8.3825E-008       CH2O            =  2.9032E-006
    CH2OH           =  9.9177E-011       CH3O            =  8.4855E-013       CH3OH           =  4.0074E-008
    C2H             =  6.0179E-016       C2H2            =  1.6012E-008       C2H3            =  2.5333E-012
    C2H4            =  4.2274E-008       C2H5            =  9.7019E-012       C2H6            =  4.2741E-009
    HCCO            =  1.1528E-012       CH2CO           =  1.4737E-008       HCCOH           =  8.8952E-013
    N               =  5.7718E-015       NH              =  1.0338E-012       NH2             =  1.2060E-009
    NH3             =  4.6624E-005       NNH             =  1.5606E-012       NO              =  9.2316E-011
    NO2             =  1.8310E-018       N2O             =  2.4887E-015       HNO             =  9.9931E-014
    CN              =  2.6713E-013       HCN             =  3.9733E-006       H2CN            =  8.4427E-012
    HCNN            =  1.0409E-019       HCNO            =  2.7385E-016       HOCN            =  1.6711E-010
    HNCO            =  4.9416E-007       NCO             =  1.1599E-012       N2              =  3.4204E-003
    AR              =  0.0000E+000       C3H7            =  1.6265E-016       C3H8            =  7.0080E-014
    CH2CHO          =  1.1869E-012       CH3CHO          =  1.1321E-009
 
   Volatile Organic Compounds (ppm):   673.4    
   Unburned Hydrocarbons      (ppm):   665.9    
 
   CO                       (ppmvd): 3.4164E+05
   NO                       (ppmvd): 1.1156E-04
   NOx                      (ppmvd): 1.1156E-04
   CO                (ppmvd 15% O2): 9.7612E+04
   NO                (ppmvd 15% O2): 3.1873E-05
   NOx               (ppmvd 15% O2): 3.1874E-05

========================================================================================================================



 TWOPNT:  SOLVE THE PROBLEM.

                      LOG10   LOG10          
              TASK   NORM F  COND J   REMARK 

             START    -0.68            
            SEARCH    -6.88    0.00   9 SEARCH STEPS

 TWOPNT:  FINAL SOLUTION:


========================================================================================================================
                              PSPRNT: Printing of current solution from TWOPNT:
========================================================================================================================


               RESIDENCE TIME                  3.4521E-01  SEC
               MASS FLOW RATE                  4.3265E+02  GM/SEC
               PRESSURE                        46.39      ATM
               MASS DENSITY                   5.0635E-03  GM/CM^3
               VOLUME                         2.9497E+04  CM^3
               TOTAL MASS                      149.4      G
               TOTAL SURFACE AREA              0.000      CM^2
               TOTAL SURFACE TO VOLUME RATIO   0.000      CM-1
               GAS CHEM HEAT PRODUCTION       -9.5765E-02  CAL/S/CM^3
               TEMPERATURE (FIXED)             1600.0000  K
               SURF TEMP, MATERIAL1            1600.0000  K  (same as gas temp)


   EXIT    GAS PHASE MOLE FRACTIONS 

    H2              =  4.5832E-001       H               =  5.3936E-006       O               =  9.2091E-013
    O2              =  1.8772E-013       OH              =  9.4408E-008       H2O             =  2.0502E-001
    HO2             =  1.3008E-015       H2O2            =  2.1827E-013       C               =  2.1919E-017
    CH              =  3.5367E-015       CH2             =  7.1512E-011       CH2(S)          =  1.9118E-012
    CH3             =  6.8888E-006       CH4             =  2.8835E-002       CO              =  2.6466E-001
    CO2             =  3.9364E-002       HCO             =  7.4313E-008       CH2O            =  2.5532E-006
    CH2OH           =  1.9063E-010       CH3O            =  2.1336E-012       CH3OH           =  1.8774E-007
    C2H             =  1.6274E-012       C2H2            =  4.1195E-005       C2H3            =  6.1658E-009
    C2H4            =  9.7877E-005       C2H5            =  2.1248E-008       C2H6            =  8.8916E-006
    HCCO            =  5.2395E-011       CH2CO           =  6.3730E-007       HCCOH           =  2.4276E-009
    N               =  1.3026E-018       NH              =  4.8731E-018       NH2             =  3.6575E-015
    NH3             =  1.3431E-010       NNH             =  1.5731E-012       NO              =  1.6004E-015
    NO2             =  8.2186E-023       N2O             =  3.2997E-015       HNO             =  6.2470E-019
    CN              =  2.4476E-018       HCN             =  3.4594E-011       H2CN            =  7.0113E-017
    HCNN            =  5.0344E-018       HCNO            =  1.6928E-019       HOCN            =  2.9916E-015
    HNCO            =  2.9682E-012       NCO             =  3.6168E-018       N2              =  3.6411E-003
    AR              =  0.0000E+000       C3H7            =  1.7141E-011       C3H8            =  7.0075E-009
    CH2CHO          =  4.6900E-011       CH3CHO          =  2.0502E-008
 
   Volatile Organic Compounds (ppm):  2.9142E+04
   Unburned Hydrocarbons      (ppm):  2.9138E+04
 
   CO                       (ppmvd): 3.3291E+05
   NO                       (ppmvd): 2.0132E-09
   NOx                      (ppmvd): 6.1638E-09
   CO                (ppmvd 15% O2): 9.5117E+04
   NO                (ppmvd 15% O2): 5.7519E-10
   NOx               (ppmvd 15% O2): 1.7611E-09

========================================================================================================================



 TWOPNT:  SUCCESS.  PROBLEM SOLVED.

========================================================================================================================
     OUTLET CONDITIONS:
          Specified inlet mass flow rate =    433.     gm/sec
          Rate of Mass Loss to the walls =    0.00     gm/sec
          Outlet mass flow rate          =    433.     gm/sec
               (which, based on an reactor density =   5.063E-03 gm/cm^3 
                   and  on a reactor volume =   2.950E+04 cm^3, 
                   produces a residence time) =   0.345     sec


          Outlet and reactor temperature =   1600.0     Kelvin
          Outlet and reactor pressure    =    46.4     atm
          Outlet and reactor density     =  5.06349E-03 gm/cm^3 
          Outlet and reactor mean molecular weight =   14.332     gm/mole
          Outlet molar flow rate         =   30.188     moles/sec
          Outlet volumetric flow rate    =   85445.     cm^3/sec 
               (based on reactor pressure and temperature)
                                         =  4.43135E+07 SCCM
                                         =   44314.     SLPM

     OUTLET CONDITIONS FOR GAS PHASE MOLECULAR SPECIES:

   Species        mole_frac     #/cm^3       moles/sec       gm/sec       cm^3/sec        SCCM
------------------------------------------------------------------------------------------------------
    H2           0.45832       9.75122E+19    13.836        27.892        39161.       2.03096E+07
    H            5.39363E-06   1.14756E+15   1.62822E-04   1.64120E-04   0.46086        239.01    
    O            9.20910E-13   1.95935E+08   2.78003E-11   4.44788E-10   7.86876E-08   4.08088E-05
    O2           1.87715E-13   3.99386E+07   5.66672E-12   1.81328E-10   1.60394E-08   8.31832E-06
    OH           9.44084E-08   2.00865E+13   2.84999E-06   4.84708E-05   8.06677E-03    4.1836    
    H2O          0.20502       4.36214E+19    6.1893        111.50        17518.       9.08536E+06
    HO2          1.30076E-15   2.76753E+05   3.92672E-14   1.29608E-12   1.11144E-10   5.76414E-08
    H2O2         2.18274E-13   4.64403E+07   6.58921E-12   2.24130E-10   1.86505E-08   9.67248E-06
    C            2.19189E-17    4663.5       6.61683E-16   7.94758E-15   1.87287E-12   9.71302E-10
    CH           3.53674E-15   7.52483E+05   1.06766E-13   1.39001E-12   3.02198E-10   1.56725E-07
    CH2          7.15115E-11   1.52149E+10   2.15878E-09   3.02814E-08   6.11034E-06   3.16893E-03
    CH2(S)       1.91184E-12   4.06766E+08   5.77143E-11   8.09563E-10   1.63358E-07   8.47203E-05
    CH3          6.88882E-06   1.46568E+15   2.07959E-04   3.12667E-03   0.58862        305.27    
    CH4          2.88349E-02   6.13498E+18   0.87046        13.965        2463.8       1.27778E+06
    CO           0.26466       5.63087E+19    7.9894        223.79        22614.       1.17278E+07
    CO2          3.93640E-02   8.37516E+18    1.1883        52.298        3363.5       1.74436E+06
    HCO          7.43128E-08   1.58110E+13   2.24335E-06   6.50986E-05   6.34970E-03    3.2931    
    CH2O         2.55325E-06   5.43234E+14   7.70771E-05   2.31435E-03   0.21816        113.14    
    CH2OH        1.90628E-10   4.05585E+10   5.75466E-09   1.78593E-07   1.62883E-05   8.44742E-03
    CH3O         2.13362E-12   4.53954E+08   6.44095E-11   1.99891E-09   1.82308E-07   9.45484E-05
    CH3OH        1.87739E-07   3.99438E+13   5.66745E-06   1.81599E-04   1.60415E-02    8.3194    
    C2H          1.62737E-12   3.46242E+08   4.91267E-11   1.22966E-09   1.39051E-07   7.21144E-05
    C2H2         4.11950E-05   8.76473E+15   1.24359E-03   3.23809E-02    3.5199        1825.5    
    C2H3         6.16580E-09   1.31185E+12   1.86132E-07   5.03417E-06   5.26840E-04   0.27323    
    C2H4         9.78768E-05   2.08245E+16   2.95469E-03   8.28914E-02    8.3631        4337.3    
    C2H5         2.12484E-08   4.52084E+12   6.41442E-07   1.86417E-05   1.81558E-03   0.94159    
    C2H6         8.89156E-06   1.89179E+15   2.68417E-04   8.07134E-03   0.75974        394.02    
    HCCO         5.23953E-11   1.11477E+10   1.58170E-09   6.48967E-08   4.47694E-06   2.32182E-03
    CH2CO        6.37296E-07   1.35592E+14   1.92386E-05   8.08745E-04   5.44541E-02    28.241    
    HCCOH        2.42764E-09   5.16510E+11   7.32854E-08   3.08074E-06   2.07431E-04   0.10758    
    N            1.30260E-18    277.14       3.93228E-17   5.50783E-16   1.11302E-13   5.77230E-11
    NH           4.87307E-18    1036.8       1.47108E-16   2.20877E-15   4.16382E-13   2.15943E-10
    NH2          3.65752E-15   7.78181E+05   1.10413E-13   1.76910E-12   3.12518E-10   1.62078E-07
    NH3          1.34309E-10   2.85759E+10   4.05450E-09   6.90507E-08   1.14761E-05   5.95171E-03
    NNH          1.57307E-12   3.34689E+08   4.74875E-11   1.37815E-09   1.34411E-07   6.97082E-05
    NO           1.60043E-15   3.40511E+05   4.83135E-14   1.44970E-12   1.36749E-10   7.09207E-08
    NO2          8.21863E-23   1.74861E-02   2.48103E-21   1.14141E-19   7.02245E-18   3.64197E-15
    N2O          3.29967E-15   7.02044E+05   9.96099E-14   4.38411E-12   2.81942E-10   1.46220E-07
    HNO          6.24700E-19    132.91       1.88584E-17   5.84875E-16   5.33778E-14   2.76827E-11
    CN           2.44757E-18    520.75       7.38870E-17   1.92238E-15   2.09134E-13   1.08461E-10
    HCN          3.45944E-11   7.36038E+09   1.04433E-09   2.82239E-08   2.95594E-06   1.53300E-03
    H2CN         7.01132E-17    14917.       2.11657E-15   5.93354E-14   5.99086E-12   3.10697E-09
    HCNN         5.03445E-18    1071.1       1.51979E-16   6.23609E-15   4.30171E-13   2.23094E-10
    HCNO         1.69278E-19    36.016       5.11015E-18   2.19865E-16   1.44641E-14   7.50133E-12
    HOCN         2.99158E-15   6.36494E+05   9.03094E-14   3.88558E-12   2.55617E-10   1.32567E-07
    HNCO         2.96824E-12   6.31528E+08   8.96047E-11   3.85526E-09   2.53622E-07   1.31533E-04
    NCO          3.61676E-18    769.51       1.09182E-16   4.58753E-15   3.09036E-13   1.60271E-10
    N2           3.64111E-03   7.74691E+17   0.10992        3.0792        311.12       1.61351E+05
    AR            0.0000        0.0000        0.0000        0.0000        0.0000        0.0000    
    C3H7         1.71405E-11   3.64685E+09   5.17436E-10   2.22959E-08   1.46458E-06   7.59557E-04
    C3H8         7.00745E-09   1.49092E+12   2.11540E-07   9.32833E-06   5.98755E-04   0.31053    
    CH2CHO       4.69000E-11   9.97853E+09   1.41581E-09   6.09444E-08   4.00739E-06   2.07830E-03
    CH3CHO       2.05015E-08   4.36195E+12   6.18897E-07   2.72646E-05   1.75176E-03   0.90850    

========================================================================================================================



========================================================================================================================

                         DETAILED SPECIES BALANCE
                                   (all rates are in moles per sec)

   SPECIES           INLET_FR    OUTLET_FR  GAS_PROD_RATE  GAS_DEST_RATE   SURF_NET_PROD    TOTAL_NET
----------------------------------------------------------------------------------------------------------------------------------
 H2                    13.6          13.8         2.756E+03     2.756E+03      0.00         1.224E-04
 H                    2.790E-04     1.628E-04     3.281E+03     3.281E+03      0.00        -7.696E-05
 O                    9.775E-11     2.780E-11     4.317E-03     4.317E-03      0.00        -2.936E-10
 O2                   2.041E-11     5.667E-12     2.096E-08     2.097E-08      0.00         1.442E-13
 OH                   5.889E-06     2.850E-06      894.          894.          0.00         6.362E-05
 H2O                   6.30          6.19         1.358E+03     1.358E+03      0.00        -8.210E-05
 HO2                  1.436E-13     3.927E-14     1.749E-07     1.749E-07      0.00        -1.602E-13
 H2O2                 1.665E-11     6.589E-12     2.675E-05     2.675E-05      0.00        -3.227E-12
 C                    5.214E-15     6.617E-16     1.162E-08     1.162E-08      0.00         2.478E-16
 CH                   6.178E-13     1.068E-13     3.412E-04     3.412E-04      0.00        -3.831E-10
 CH2                  7.479E-09     2.159E-09     0.156         0.156          0.00        -1.181E-09
 CH2(S)               2.170E-10     5.771E-11     0.371         0.371          0.00        -1.808E-08
 CH3                  3.851E-04     2.080E-04     2.003E+03     2.003E+03      0.00         1.381E-04
 CH4                  0.925         0.870         2.000E+03     2.000E+03      0.00        -1.381E-04
 CO                    7.97          7.99          509.          509.          0.00        -5.127E-05
 CO2                   1.14          1.19          36.9          36.8          0.00         1.837E-05
 HCO                  3.206E-06     2.243E-06      474.          474.          0.00         3.214E-05
 CH2O                 7.789E-05     7.708E-05      1.62          1.62          0.00         8.531E-07
 CH2OH                1.178E-08     5.755E-09     0.116         0.116          0.00        -9.387E-07
 CH3O                 1.574E-10     6.441E-11     2.364E-02     2.364E-02      0.00        -2.343E-07
 CH3OH                8.945E-06     5.667E-06     9.817E-02     9.817E-02      0.00         1.147E-06
 C2H                  3.524E-10     4.913E-11     7.888E-02     7.888E-02      0.00        -1.170E-06
 C2H2                 3.868E-03     1.244E-03      1.08          1.08          0.00         1.322E-05
 C2H3                 6.740E-07     1.861E-07      8.01          8.01          0.00        -1.055E-04
 C2H4                 5.771E-03     2.955E-03      11.1          11.1          0.00         1.404E-04
 C2H5                 1.453E-06     6.414E-07      6.12          6.12          0.00        -4.775E-05
 C2H6                 3.672E-04     2.684E-04      3.54          3.54          0.00         6.754E-07
 HCCO                 4.435E-09     1.582E-09     5.211E-02     5.211E-02      0.00        -1.686E-08
 CH2CO                3.082E-05     1.924E-05     0.232         0.232          0.00        -2.045E-09
 HCCOH                3.097E-07     7.329E-08     2.428E-03     2.428E-03      0.00         1.720E-07
 N                    2.353E-16     3.932E-17     1.786E-10     1.778E-10      0.00         7.873E-13
 NH                   3.142E-16     1.471E-16     3.025E-09     3.087E-09      0.00        -6.159E-11
 NH2                  1.733E-13     1.104E-13     3.464E-06     3.413E-06      0.00         5.147E-08
 NH3                  3.507E-09     4.055E-09     3.356E-06     3.351E-06      0.00         4.749E-09
 NNH                  8.627E-11     4.749E-11     0.193         0.193          0.00         1.193E-10
 NO                   1.077E-13     4.831E-14     5.180E-11     6.940E-11      0.00        -1.755E-11
 NO2                   0.00         2.481E-21     1.147E-16     2.251E-16      0.00        -1.105E-16
 N2O                  2.320E-13     9.961E-14     1.259E-10     1.260E-10      0.00         1.126E-16
 HNO                  4.366E-17     1.886E-17     1.089E-09     1.053E-09      0.00         3.681E-11
 CN                   1.903E-16     7.389E-17     4.402E-08     4.407E-08      0.00        -5.250E-11
 HCN                  1.267E-09     1.044E-09     6.727E-07     6.676E-07      0.00         5.279E-09
 H2CN                 3.329E-15     2.117E-15     6.228E-07     6.274E-07      0.00        -4.547E-09
 HCNN                 6.430E-16     1.520E-16     1.798E-08     1.798E-08      0.00         1.650E-17
 HCNO                 3.216E-18     5.110E-18     3.950E-15     2.315E-14      0.00        -1.921E-14
 HOCN                 4.793E-14     9.031E-14     1.174E-09     2.604E-09      0.00        -1.430E-09
 HNCO                 4.514E-11     8.960E-11     6.366E-08     1.243E-07      0.00        -6.071E-08
 NCO                  2.112E-16     1.092E-16     1.041E-08     5.126E-09      0.00         5.282E-09
 N2                   0.110         0.110         0.194         0.194          0.00        -1.192E-10
 AR                    0.00          0.00          0.00          0.00          0.00          0.00    
 C3H7                 1.495E-09     5.174E-10     2.382E-02     2.382E-02      0.00        -1.924E-08
 C3H8                 3.667E-07     2.115E-07     6.102E-03     6.102E-03      0.00         5.193E-08
 CH2CHO               2.667E-09     1.416E-09     6.467E-02     6.467E-02      0.00        -3.415E-09
 CH3CHO               7.180E-07     6.189E-07     4.236E-03     4.236E-03      0.00        -3.208E-08


========================================================================================================================

                         DETAILED ELEMENT BALANCES
                                   (all rates are in moles per sec)

 ELEMENT          INLET_FR      OUTLET_FR    TOTAL_NET                                                                  
------------------------------------------------------------------------------------------------------------------------
 O                   16.6          16.6        -1.140E-12
 H                   43.5          43.5         7.390E-12
 C                   10.1          10.1         9.361E-13
 N                  0.220         0.220        -3.492E-14
 AR                  0.00          0.00          0.00    

========================================================================================================================



***NOTE:  There are WARNING messages in the printout above***

 Total CPUtime: 2 (seconds)
