temperature 1.600000e+03
pressure 4.700000e+07
velocity 4.326523e+02
velocity_unit 1
area 0.000000e+00
mass_fraction 6.446673e-02
mass_fraction 3.793345e-07
mass_fraction 1.028050e-12
mass_fraction 4.191083e-13
mass_fraction 1.120318e-07
mass_fraction 2.577162e-01
mass_fraction 2.995673e-15
mass_fraction 5.180382e-13
mass_fraction 1.836944e-17
mass_fraction 3.212754e-15
mass_fraction 6.999014e-11
mass_fraction 1.871164e-12
mass_fraction 7.226754e-06
mass_fraction 3.227741e-02
mass_fraction 5.172452e-01
mass_fraction 1.208768e-01
mass_fraction 1.504640e-07
mass_fraction 5.349226e-06
mass_fraction 4.127862e-10
mass_fraction 4.620141e-12
mass_fraction 4.197339e-07
mass_fraction 2.842133e-12
mass_fraction 7.484271e-05
mass_fraction 1.163560e-08
mass_fraction 1.915890e-04
mass_fraction 4.308701e-08
mass_fraction 1.865548e-05
mass_fraction 1.499973e-10
mass_fraction 1.869273e-06
mass_fraction 7.120600e-09
mass_fraction 1.273038e-18
mass_fraction 5.105192e-18
mass_fraction 4.088970e-15
mass_fraction 1.595985e-10
mass_fraction 3.185359e-12
mass_fraction 3.350729e-15
mass_fraction 2.638168e-22
mass_fraction 1.013311e-14
mass_fraction 1.351836e-18
mass_fraction 4.443247e-18
mass_fraction 6.523464e-11
mass_fraction 1.371434e-16
mass_fraction 1.441362e-17
mass_fraction 5.081806e-19
mass_fraction 8.980838e-15
mass_fraction 8.910760e-12
mass_fraction 1.060328e-17
mass_fraction 7.116943e-03
mass_fraction 0.000000e+00
mass_fraction 5.153308e-11
mass_fraction 2.156079e-08
mass_fraction 1.408623e-10
mass_fraction 6.301745e-08
