

     *****************************************************************
     *                   ANSYS Chemkin-Pro 2023 R1                   *
     *                      AURORA Application                       *
     *         PERFECTLY STIRRED OR PLUG FLOW REACTOR MODEL          *
     *                 Copyright(c) 2023 ANSYS, Inc.                 *                
     *Run Date and Time: Jul 30, 2025   19:02:04     120 min from UTC*
     *****************************************************************



Running CHEMKIN-PRO
Running Multi-threaded mode

                WORKING SPACE REQUIREMENTS
                 PROVIDED        REQUIRED 
 LOGICAL              147            147
 INTEGER            15590          15590
 REAL               14659          14659
 CHARACTER             79             79

This problem requires      0.112MB of memory for the REAL array.

Initializing CHEMKIN Gas-phase Library a component of ANSYS Chemkin-Pro 2023 R1, Build date: Nov 17, 2022
This and All Other CHEMKIN(R) Libraries are Copyright (c) 2023 Ansys, Inc.  Unauthorized use, distribution, or duplication is prohibited.This product is subject to U.S. laws governing export andre-export.  For full Legal Notice, see documentation.


LICENSE INFORMATION: 
 

LicNum: unknown                                                                                                                                                                                                                                                                                                                                                                                                                                                                                                                 
          INLET STREAM FOUND FOR REACTOR     1: C1_Inlet1                                                                                                                                                                                                                                                          
          INLET STREAM FOUND FOR REACTOR     1: C1_Inlet2                                                                                                                                                                                                                                                          
          INLET STREAM FOUND FOR REACTOR     1: C1_Inlet3                                                                                                                                                                                                                                                          
          INLET STREAM FOUND FOR REACTOR     1: C1_Inlet4                                                                                                                                                                                                                                                          

           KEYWORD INPUT 

          !
          ! problem type definition
          !
          ENRG   ! Solve Gas Energy Equation
          STST   ! Steady State Solver
          !
          ! physical property
          !
          !Surface_Temperature   ! Surface Temperature Same as Gas Temperature
          PRES 46.3853935356526   ! Pressure (atm)
          QLOS 1.0119789674952E5   ! Heat Loss (cal/sec)
          TEMP 1600.0   ! Temperature (K)
          VOL 1.37E4   ! Volume (cm3)
          !
          ! solver control
          !
          !
          ! output control and other misc. property
          !
          CSVOUTPUT_KOUT CH4 FIXED_mass_fraction   ! Table Output Parameter
          CSVOUTPUT_KOUT CO FIXED_mass_fraction   ! Table Output Parameter
          CSVOUTPUT_KOUT CO2 FIXED_mass_fraction   ! Table Output Parameter
          CSVOUTPUT_KOUT H2 FIXED_mass_fraction   ! Table Output Parameter
          CSVOUTPUT_KOUT H2O FIXED_mass_fraction   ! Table Output Parameter
          CSVOUTPUT_WRITE   ! Write CSV Output File
          EPSR 0.01   ! Threshold for Rate of Production
          EPSS 0.001   ! Threshold for Species Sensitivity
          EPST 0.001   ! Threshold for Temperature Sensitivity
          GFAC 1.0   ! Gas Reaction Rate Multiplier
          IEEE_CHECK_USUAL 0   ! Disable Over/Underflow Check
          PRNT 1   ! Print Level Control
          SDOUTPUT_WRITE   ! Write Standard Diagnostic Output
          SIZE 100000000   ! Solution Data Block Size (bytes)
          !
          ! physical property
          !
          FLRT C1_Inlet1 42.6   ! Mass Flow Rate (g/sec)
          TINL C1_Inlet1 340.65   ! Inlet Temperature (K)
          !
          ! species property
          !
          REAC C1_Inlet1 C2H6 0.0542   ! Reactant Fraction (mole fraction)
          REAC C1_Inlet1 CH4 0.91751   ! Reactant Fraction (mole fraction)
          REAC C1_Inlet1 CO2 0.01221   ! Reactant Fraction (mole fraction)
          REAC C1_Inlet1 N2 0.01142   ! Reactant Fraction (mole fraction)
          INLET C1_Inlet1 1   ! Inlet Stream
          !
          ! physical property
          !
          FLRT C1_Inlet2 68.58   ! Mass Flow Rate (g/sec)
          TINL C1_Inlet2 505.04   ! Inlet Temperature (K)
          !
          ! species property
          !
          REAC C1_Inlet2 H2O 0.0386677   ! Reactant Fraction (mole fraction)
          REAC C1_Inlet2 O2 0.9613323   ! Reactant Fraction (mole fraction)
          INLET C1_Inlet2 1   ! Inlet Stream
          !
          ! physical property
          !
          FLRT C1_Inlet3 10.9   ! Mass Flow Rate (g/sec)
          TINL C1_Inlet3 626.6   ! Inlet Temperature (K)
          !
          ! species property
          !
          REAC C1_Inlet3 H2O 1.0   ! Reactant Fraction (mole fraction)
          INLET C1_Inlet3 1   ! Inlet Stream
          !
          ! physical property
          !
          FLRT C1_Inlet4 54.6   ! Mass Flow Rate (g/sec)
          TINL C1_Inlet4 340.65   ! Inlet Temperature (K)
          !
          ! species property
          !
          REAC C1_Inlet4 CO2 1.0   ! Reactant Fraction (mole fraction)
          INLET C1_Inlet4 1   ! Inlet Stream
          ! Number of Continuation 0   ! Continuation Count
          END
  CAUTION...REACTANT MOLE FRACTIONS SUM TO   0.995340000000000     
          FOR STREAM C1_Inlet1
          MOLE FRACTIONS WILL BE NORMALIZED.

 FIRST SOLUTION ESTIMATE FOR PSR #  1 IS EQUILIBRIUM 


========================================================================================================================
     KINETICS MECHANISM:
        Total number of gas phase species     =   28
        Total number of gas phase reactions   =  112
========================================================================================================================


========================================================================================================================
     REACTOR #    1 CONDITIONS FOR INLET NAMED: C1_Inlet1
          Inlet mass flow rate =    42.6     gm/sec
               (which, based on an estimated reactor density =   6.590E-03 gm/cm^3 
                       and  on a reactor volume  =   1.370E+04 cm^3, 
                      produces an estimated residence time) =   0.511     sec


          Inlet temperature =   340.65     Kelvin
          Inlet pressure (assumed equal to reactor pressure) =    46.4     atm
          Inlet density =  2.86867E-02 gm/cm^3 
          Inlet mean molecular weight =   17.287     gm/mole
          Inlet molar flow rate      =   2.4642     moles/sec
          Inlet volumetric flow rate =   1485.0     cm^3/sec 
               (based on reactor pressure and inlet temperature)
                                     =  3.61732E+06 SCCM
                                     =   3617.3     SLPM

     INLET CONDITIONS FOR GAS PHASE MOLECULAR SPECIES IN C1_Inlet1

   Species        mole_frac     moles/sec       gm/sec       cm^3/sec        SCCM            SLPM
------------------------------------------------------------------------------------------------------
    H2           0.0000        0.0000        0.0000        0.0000        0.0000        0.0000     
    H            0.0000        0.0000        0.0000        0.0000        0.0000        0.0000     
    O            0.0000        0.0000        0.0000        0.0000        0.0000        0.0000     
    O2           0.0000        0.0000        0.0000        0.0000        0.0000        0.0000     
    OH           0.0000        0.0000        0.0000        0.0000        0.0000        0.0000     
    H2O          0.0000        0.0000        0.0000        0.0000        0.0000        0.0000     
    HO2          0.0000        0.0000        0.0000        0.0000        0.0000        0.0000     
    H2O2         0.0000        0.0000        0.0000        0.0000        0.0000        0.0000     
    CH           0.0000        0.0000        0.0000        0.0000        0.0000        0.0000     
    CH2          0.0000        0.0000        0.0000        0.0000        0.0000        0.0000     
    CH2(S)       0.0000        0.0000        0.0000        0.0000        0.0000        0.0000     
    CH3          0.0000        0.0000        0.0000        0.0000        0.0000        0.0000     
    CH4         0.92181        2.2716        36.443        1368.9       3.33447E+006   3334.5     
    CO           0.0000        0.0000        0.0000        0.0000        0.0000        0.0000     
    CO2         1.22672E-002  3.02292E-002   1.3304        18.217        44374.        44.374     
    HCO          0.0000        0.0000        0.0000        0.0000        0.0000        0.0000     
    CH2O         0.0000        0.0000        0.0000        0.0000        0.0000        0.0000     
    CH2OH        0.0000        0.0000        0.0000        0.0000        0.0000        0.0000     
    CH3O         0.0000        0.0000        0.0000        0.0000        0.0000        0.0000     
    CH3OH        0.0000        0.0000        0.0000        0.0000        0.0000        0.0000     
    C2H2         0.0000        0.0000        0.0000        0.0000        0.0000        0.0000     
    C2H3         0.0000        0.0000        0.0000        0.0000        0.0000        0.0000     
    C2H4         0.0000        0.0000        0.0000        0.0000        0.0000        0.0000     
    C2H5         0.0000        0.0000        0.0000        0.0000        0.0000        0.0000     
    C2H6        5.44538E-002  0.13419        4.0350        80.864       1.96977E+005   196.98     
    CH2CO        0.0000        0.0000        0.0000        0.0000        0.0000        0.0000     
    AR           0.0000        0.0000        0.0000        0.0000        0.0000        0.0000     
    N2          1.14735E-002  2.82734E-002  0.79203        17.038        41503.        41.503     

========================================================================================================================



========================================================================================================================
     REACTOR #    1 CONDITIONS FOR INLET NAMED: C1_Inlet2
          Inlet mass flow rate =    68.6     gm/sec
               (which, based on an estimated reactor density =   6.590E-03 gm/cm^3 
                       and  on a reactor volume  =   1.370E+04 cm^3, 
                      produces an estimated residence time) =   0.511     sec


          Inlet temperature =   505.04     Kelvin
          Inlet pressure (assumed equal to reactor pressure) =    46.4     atm
          Inlet density =  3.52103E-02 gm/cm^3 
          Inlet mean molecular weight =   31.458     gm/mole
          Inlet molar flow rate      =   2.1800     moles/sec
          Inlet volumetric flow rate =   1947.7     cm^3/sec 
               (based on reactor pressure and inlet temperature)
                                     =  3.20014E+06 SCCM
                                     =   3200.1     SLPM

     INLET CONDITIONS FOR GAS PHASE MOLECULAR SPECIES IN C1_Inlet2

   Species        mole_frac     moles/sec       gm/sec       cm^3/sec        SCCM            SLPM
------------------------------------------------------------------------------------------------------
    H2           0.0000        0.0000        0.0000        0.0000        0.0000        0.0000     
    H            0.0000        0.0000        0.0000        0.0000        0.0000        0.0000     
    O            0.0000        0.0000        0.0000        0.0000        0.0000        0.0000     
    O2          0.96133        2.0957        67.061        1872.4       3.07640E+006   3076.4     
    OH           0.0000        0.0000        0.0000        0.0000        0.0000        0.0000     
    H2O         3.86677E-002  8.42973E-002   1.5186        75.314       1.23742E+005   123.74     
    HO2          0.0000        0.0000        0.0000        0.0000        0.0000        0.0000     
    H2O2         0.0000        0.0000        0.0000        0.0000        0.0000        0.0000     
    CH           0.0000        0.0000        0.0000        0.0000        0.0000        0.0000     
    CH2          0.0000        0.0000        0.0000        0.0000        0.0000        0.0000     
    CH2(S)       0.0000        0.0000        0.0000        0.0000        0.0000        0.0000     
    CH3          0.0000        0.0000        0.0000        0.0000        0.0000        0.0000     
    CH4          0.0000        0.0000        0.0000        0.0000        0.0000        0.0000     
    CO           0.0000        0.0000        0.0000        0.0000        0.0000        0.0000     
    CO2          0.0000        0.0000        0.0000        0.0000        0.0000        0.0000     
    HCO          0.0000        0.0000        0.0000        0.0000        0.0000        0.0000     
    CH2O         0.0000        0.0000        0.0000        0.0000        0.0000        0.0000     
    CH2OH        0.0000        0.0000        0.0000        0.0000        0.0000        0.0000     
    CH3O         0.0000        0.0000        0.0000        0.0000        0.0000        0.0000     
    CH3OH        0.0000        0.0000        0.0000        0.0000        0.0000        0.0000     
    C2H2         0.0000        0.0000        0.0000        0.0000        0.0000        0.0000     
    C2H3         0.0000        0.0000        0.0000        0.0000        0.0000        0.0000     
    C2H4         0.0000        0.0000        0.0000        0.0000        0.0000        0.0000     
    C2H5         0.0000        0.0000        0.0000        0.0000        0.0000        0.0000     
    C2H6         0.0000        0.0000        0.0000        0.0000        0.0000        0.0000     
    CH2CO        0.0000        0.0000        0.0000        0.0000        0.0000        0.0000     
    AR           0.0000        0.0000        0.0000        0.0000        0.0000        0.0000     
    N2           0.0000        0.0000        0.0000        0.0000        0.0000        0.0000     

========================================================================================================================



========================================================================================================================
     REACTOR #    1 CONDITIONS FOR INLET NAMED: C1_Inlet3
          Inlet mass flow rate =    10.9     gm/sec
               (which, based on an estimated reactor density =   6.590E-03 gm/cm^3 
                       and  on a reactor volume  =   1.370E+04 cm^3, 
                      produces an estimated residence time) =   0.511     sec


          Inlet temperature =   626.60     Kelvin
          Inlet pressure (assumed equal to reactor pressure) =    46.4     atm
          Inlet density =  1.62523E-02 gm/cm^3 
          Inlet mean molecular weight =   18.015     gm/mole
          Inlet molar flow rate      =  0.60504     moles/sec
          Inlet volumetric flow rate =   670.67     cm^3/sec 
               (based on reactor pressure and inlet temperature)
                                     =  8.88154E+05 SCCM
                                     =   888.15     SLPM

     INLET CONDITIONS FOR GAS PHASE MOLECULAR SPECIES IN C1_Inlet3

   Species        mole_frac     moles/sec       gm/sec       cm^3/sec        SCCM            SLPM
------------------------------------------------------------------------------------------------------
    H2           0.0000        0.0000        0.0000        0.0000        0.0000        0.0000     
    H            0.0000        0.0000        0.0000        0.0000        0.0000        0.0000     
    O            0.0000        0.0000        0.0000        0.0000        0.0000        0.0000     
    O2           0.0000        0.0000        0.0000        0.0000        0.0000        0.0000     
    OH           0.0000        0.0000        0.0000        0.0000        0.0000        0.0000     
    H2O          1.0000       0.60504        10.900        670.67       8.88154E+005   888.15     
    HO2          0.0000        0.0000        0.0000        0.0000        0.0000        0.0000     
    H2O2         0.0000        0.0000        0.0000        0.0000        0.0000        0.0000     
    CH           0.0000        0.0000        0.0000        0.0000        0.0000        0.0000     
    CH2          0.0000        0.0000        0.0000        0.0000        0.0000        0.0000     
    CH2(S)       0.0000        0.0000        0.0000        0.0000        0.0000        0.0000     
    CH3          0.0000        0.0000        0.0000        0.0000        0.0000        0.0000     
    CH4          0.0000        0.0000        0.0000        0.0000        0.0000        0.0000     
    CO           0.0000        0.0000        0.0000        0.0000        0.0000        0.0000     
    CO2          0.0000        0.0000        0.0000        0.0000        0.0000        0.0000     
    HCO          0.0000        0.0000        0.0000        0.0000        0.0000        0.0000     
    CH2O         0.0000        0.0000        0.0000        0.0000        0.0000        0.0000     
    CH2OH        0.0000        0.0000        0.0000        0.0000        0.0000        0.0000     
    CH3O         0.0000        0.0000        0.0000        0.0000        0.0000        0.0000     
    CH3OH        0.0000        0.0000        0.0000        0.0000        0.0000        0.0000     
    C2H2         0.0000        0.0000        0.0000        0.0000        0.0000        0.0000     
    C2H3         0.0000        0.0000        0.0000        0.0000        0.0000        0.0000     
    C2H4         0.0000        0.0000        0.0000        0.0000        0.0000        0.0000     
    C2H5         0.0000        0.0000        0.0000        0.0000        0.0000        0.0000     
    C2H6         0.0000        0.0000        0.0000        0.0000        0.0000        0.0000     
    CH2CO        0.0000        0.0000        0.0000        0.0000        0.0000        0.0000     
    AR           0.0000        0.0000        0.0000        0.0000        0.0000        0.0000     
    N2           0.0000        0.0000        0.0000        0.0000        0.0000        0.0000     

========================================================================================================================



========================================================================================================================
     REACTOR #    1 CONDITIONS FOR INLET NAMED: C1_Inlet4
          Inlet mass flow rate =    54.6     gm/sec
               (which, based on an estimated reactor density =   6.590E-03 gm/cm^3 
                       and  on a reactor volume  =   1.370E+04 cm^3, 
                      produces an estimated residence time) =   0.511     sec


          Inlet temperature =   340.65     Kelvin
          Inlet pressure (assumed equal to reactor pressure) =    46.4     atm
          Inlet density =  7.30307E-02 gm/cm^3 
          Inlet mean molecular weight =   44.010     gm/mole
          Inlet molar flow rate      =   1.2406     moles/sec
          Inlet volumetric flow rate =   747.63     cm^3/sec 
               (based on reactor pressure and inlet temperature)
                                     =  1.82115E+06 SCCM
                                     =   1821.2     SLPM

     INLET CONDITIONS FOR GAS PHASE MOLECULAR SPECIES IN C1_Inlet4

   Species        mole_frac     moles/sec       gm/sec       cm^3/sec        SCCM            SLPM
------------------------------------------------------------------------------------------------------
    H2           0.0000        0.0000        0.0000        0.0000        0.0000        0.0000     
    H            0.0000        0.0000        0.0000        0.0000        0.0000        0.0000     
    O            0.0000        0.0000        0.0000        0.0000        0.0000        0.0000     
    O2           0.0000        0.0000        0.0000        0.0000        0.0000        0.0000     
    OH           0.0000        0.0000        0.0000        0.0000        0.0000        0.0000     
    H2O          0.0000        0.0000        0.0000        0.0000        0.0000        0.0000     
    HO2          0.0000        0.0000        0.0000        0.0000        0.0000        0.0000     
    H2O2         0.0000        0.0000        0.0000        0.0000        0.0000        0.0000     
    CH           0.0000        0.0000        0.0000        0.0000        0.0000        0.0000     
    CH2          0.0000        0.0000        0.0000        0.0000        0.0000        0.0000     
    CH2(S)       0.0000        0.0000        0.0000        0.0000        0.0000        0.0000     
    CH3          0.0000        0.0000        0.0000        0.0000        0.0000        0.0000     
    CH4          0.0000        0.0000        0.0000        0.0000        0.0000        0.0000     
    CO           0.0000        0.0000        0.0000        0.0000        0.0000        0.0000     
    CO2          1.0000        1.2406        54.600        747.63       1.82115E+006   1821.2     
    HCO          0.0000        0.0000        0.0000        0.0000        0.0000        0.0000     
    CH2O         0.0000        0.0000        0.0000        0.0000        0.0000        0.0000     
    CH2OH        0.0000        0.0000        0.0000        0.0000        0.0000        0.0000     
    CH3O         0.0000        0.0000        0.0000        0.0000        0.0000        0.0000     
    CH3OH        0.0000        0.0000        0.0000        0.0000        0.0000        0.0000     
    C2H2         0.0000        0.0000        0.0000        0.0000        0.0000        0.0000     
    C2H3         0.0000        0.0000        0.0000        0.0000        0.0000        0.0000     
    C2H4         0.0000        0.0000        0.0000        0.0000        0.0000        0.0000     
    C2H5         0.0000        0.0000        0.0000        0.0000        0.0000        0.0000     
    C2H6         0.0000        0.0000        0.0000        0.0000        0.0000        0.0000     
    CH2CO        0.0000        0.0000        0.0000        0.0000        0.0000        0.0000     
    AR           0.0000        0.0000        0.0000        0.0000        0.0000        0.0000     
    N2           0.0000        0.0000        0.0000        0.0000        0.0000        0.0000     

========================================================================================================================



 TWOPNT:  DOUBLE PRECISION (TWO POINT BOUNDARY VALUE PROBLEM) SOLVER,
          VERSION 3.30 OF APRIL 1998 BY DR. JOSEPH F. GRCAR.

 TWOPNT:  INITIAL GUESS:


========================================================================================================================
                              PSPRNT: Printing of current solution from TWOPNT:
========================================================================================================================


               RESIDENCE TIME                  5.1099E-01  SEC
               MASS FLOW RATE                  1.7668E+02  GM/SEC
               PRESSURE                        46.39      ATM
               MASS DENSITY                   6.5899E-03  GM/CM^3
               VOLUME                         1.3700E+04  CM^3
               TOTAL MASS                      90.28      G
               TOTAL SURFACE AREA              0.000      CM^2
               TOTAL SURFACE TO VOLUME RATIO   0.000      CM-1
               GAS CHEM HEAT PRODUCTION        3.7391E-05  CAL/S/CM^3
               TEMPERATURE (FIXED)             1600.0000  K
               SURF TEMP, MATERIAL1            1600.0000  K  (same as gas temp)


   INLET  GAS PHASE MOLE FRACTIONS FOR INLET NAMED C1_Inlet1

    H2              =  0.0000E+000       H               =  0.0000E+000       O               =  0.0000E+000
    O2              =  0.0000E+000       OH              =  0.0000E+000       H2O             =  0.0000E+000
    HO2             =  0.0000E+000       H2O2            =  0.0000E+000       CH              =  0.0000E+000
    CH2             =  0.0000E+000       CH2(S)          =  0.0000E+000       CH3             =  0.0000E+000
    CH4             =  9.2181E-001       CO              =  0.0000E+000       CO2             =  1.2267E-002
    HCO             =  0.0000E+000       CH2O            =  0.0000E+000       CH2OH           =  0.0000E+000
    CH3O            =  0.0000E+000       CH3OH           =  0.0000E+000       C2H2            =  0.0000E+000
    C2H3            =  0.0000E+000       C2H4            =  0.0000E+000       C2H5            =  0.0000E+000
    C2H6            =  5.4454E-002       CH2CO           =  0.0000E+000       AR              =  0.0000E+000
    N2              =  1.1473E-002


   INLET  GAS PHASE MOLE FRACTIONS FOR INLET NAMED C1_Inlet2

    H2              =  0.0000E+000       H               =  0.0000E+000       O               =  0.0000E+000
    O2              =  9.6133E-001       OH              =  0.0000E+000       H2O             =  3.8668E-002
    HO2             =  0.0000E+000       H2O2            =  0.0000E+000       CH              =  0.0000E+000
    CH2             =  0.0000E+000       CH2(S)          =  0.0000E+000       CH3             =  0.0000E+000
    CH4             =  0.0000E+000       CO              =  0.0000E+000       CO2             =  0.0000E+000
    HCO             =  0.0000E+000       CH2O            =  0.0000E+000       CH2OH           =  0.0000E+000
    CH3O            =  0.0000E+000       CH3OH           =  0.0000E+000       C2H2            =  0.0000E+000
    C2H3            =  0.0000E+000       C2H4            =  0.0000E+000       C2H5            =  0.0000E+000
    C2H6            =  0.0000E+000       CH2CO           =  0.0000E+000       AR              =  0.0000E+000
    N2              =  0.0000E+000


   INLET  GAS PHASE MOLE FRACTIONS FOR INLET NAMED C1_Inlet3

    H2              =  0.0000E+000       H               =  0.0000E+000       O               =  0.0000E+000
    O2              =  0.0000E+000       OH              =  0.0000E+000       H2O             =  1.0000E+000
    HO2             =  0.0000E+000       H2O2            =  0.0000E+000       CH              =  0.0000E+000
    CH2             =  0.0000E+000       CH2(S)          =  0.0000E+000       CH3             =  0.0000E+000
    CH4             =  0.0000E+000       CO              =  0.0000E+000       CO2             =  0.0000E+000
    HCO             =  0.0000E+000       CH2O            =  0.0000E+000       CH2OH           =  0.0000E+000
    CH3O            =  0.0000E+000       CH3OH           =  0.0000E+000       C2H2            =  0.0000E+000
    C2H3            =  0.0000E+000       C2H4            =  0.0000E+000       C2H5            =  0.0000E+000
    C2H6            =  0.0000E+000       CH2CO           =  0.0000E+000       AR              =  0.0000E+000
    N2              =  0.0000E+000


   INLET  GAS PHASE MOLE FRACTIONS FOR INLET NAMED C1_Inlet4

    H2              =  0.0000E+000       H               =  0.0000E+000       O               =  0.0000E+000
    O2              =  0.0000E+000       OH              =  0.0000E+000       H2O             =  0.0000E+000
    HO2             =  0.0000E+000       H2O2            =  0.0000E+000       CH              =  0.0000E+000
    CH2             =  0.0000E+000       CH2(S)          =  0.0000E+000       CH3             =  0.0000E+000
    CH4             =  0.0000E+000       CO              =  0.0000E+000       CO2             =  1.0000E+000
    HCO             =  0.0000E+000       CH2O            =  0.0000E+000       CH2OH           =  0.0000E+000
    CH3O            =  0.0000E+000       CH3OH           =  0.0000E+000       C2H2            =  0.0000E+000
    C2H3            =  0.0000E+000       C2H4            =  0.0000E+000       C2H5            =  0.0000E+000
    C2H6            =  0.0000E+000       CH2CO           =  0.0000E+000       AR              =  0.0000E+000
    N2              =  0.0000E+000


   EXIT    GAS PHASE MOLE FRACTIONS 

    H2              =  3.0831E-001       H               =  4.4342E-006       O               =  1.9260E-012
    O2              =  8.1864E-013       OH              =  1.6118E-007       H2O             =  2.8639E-001
    HO2             =  4.6577E-015       H2O2            =  6.3622E-013       CH              =  2.4032E-017
    CH2             =  3.7966E-013       CH2(S)          =  1.0586E-014       CH3             =  2.8306E-008
    CH4             =  9.6947E-005       CO              =  3.0720E-001       CO2             =  9.5011E-002
    HCO             =  7.0906E-008       CH2O            =  1.9117E-006       CH2OH           =  5.0840E-011
    CH3O            =  4.3499E-013       CH3OH           =  1.5992E-008       C2H2            =  1.5261E-009
    C2H3            =  1.8795E-013       C2H4            =  2.4416E-009       C2H5            =  4.3622E-013
    C2H6            =  1.4960E-010       CH2CO           =  3.8485E-009       AR              =  0.0000E+000
    N2              =  2.9849E-003
 
   Volatile Organic Compounds (ppm):   98.99    
   Unburned Hydrocarbons      (ppm):   96.98    
 
   CO                       (ppmvd): 4.3049E+05
   CO                (ppmvd 15% O2): 1.2300E+05

========================================================================================================================



 TWOPNT:  SOLVE THE PROBLEM.

                      LOG10   LOG10          
              TASK   NORM F  COND J   REMARK 

             START    -0.04            
            SEARCH   -10.01    0.00   23 SEARCH STEPS

 TWOPNT:  FINAL SOLUTION:


========================================================================================================================
                              PSPRNT: Printing of current solution from TWOPNT:
========================================================================================================================


               RESIDENCE TIME                  6.1828E-01  SEC
               MASS FLOW RATE                  1.7668E+02  GM/SEC
               PRESSURE                        46.39      ATM
               MASS DENSITY                   7.9736E-03  GM/CM^3
               VOLUME                         1.3700E+04  CM^3
               TOTAL MASS                      109.2      G
               TOTAL SURFACE AREA              0.000      CM^2
               TOTAL SURFACE TO VOLUME RATIO   0.000      CM-1
               GAS CHEM HEAT PRODUCTION        1.1433E+01  CAL/S/CM^3
               TEMPERATURE (FIXED)             1600.0000  K
               SURF TEMP, MATERIAL1            1600.0000  K  (same as gas temp)


   EXIT    GAS PHASE MOLE FRACTIONS 

    H2              =  1.3243E-001       H               =  2.9012E-006       O               =  1.8336E-010
    O2              =  5.7139E-005       OH              =  3.4217E-007       H2O             =  3.9746E-001
    HO2             =  3.9048E-008       H2O2            =  8.2197E-009       CH              =  7.0874E-014
    CH2             =  1.2265E-009       CH2(S)          =  1.9750E-011       CH3             =  3.5746E-005
    CH4             =  8.0407E-002       CO              =  1.8075E-001       CO2             =  1.8490E-001
    HCO             =  2.7538E-008       CH2O            =  5.1038E-006       CH2OH           =  2.0402E-009
    CH3O            =  5.3830E-011       CH3OH           =  4.5130E-006       C2H2            =  1.1852E-002
    C2H3            =  9.6353E-007       C2H4            =  8.2441E-003       C2H5            =  9.7297E-007
    C2H6            =  2.2830E-004       CH2CO           =  1.3652E-005       AR              =  0.0000E+000
    N2              =  3.6116E-003
 
   Volatile Organic Compounds (ppm):  1.2113E+05
   Unburned Hydrocarbons      (ppm):  1.2109E+05
 
   CO                       (ppmvd): 2.9999E+05
   CO                (ppmvd 15% O2): 8.5749E+04

========================================================================================================================



 TWOPNT:  SUCCESS.  PROBLEM SOLVED.

   PSRTWO: FINISHED FIXED TEMPERATURE, ADDING ENERGY EQUATION


 TWOPNT:  DOUBLE PRECISION (TWO POINT BOUNDARY VALUE PROBLEM) SOLVER,
          VERSION 3.30 OF APRIL 1998 BY DR. JOSEPH F. GRCAR.

 TWOPNT:  INITIAL GUESS:


========================================================================================================================
                              PSPRNT: Printing of current solution from TWOPNT:
========================================================================================================================


               RESIDENCE TIME                  6.1828E-01  SEC
               MASS FLOW RATE                  1.7668E+02  GM/SEC
               PRESSURE                        46.39      ATM
               MASS DENSITY                   7.9736E-03  GM/CM^3
               VOLUME                         1.3700E+04  CM^3
               TOTAL MASS                      109.2      G
               TOTAL SURFACE AREA              0.000      CM^2
               TOTAL SURFACE TO VOLUME RATIO   0.000      CM-1
               GAS CHEM HEAT PRODUCTION        1.1433E+01  CAL/S/CM^3
               TEMPERATURE (INLET: C1_Inlet1)      340.6500  K
               TEMPERATURE (INLET: C1_Inlet2)      505.0400  K
               TEMPERATURE (INLET: C1_Inlet3)      626.6000  K
               TEMPERATURE (INLET: C1_Inlet4)      340.6500  K
               TEMPERATURE                     1600.0000  K
               SURF TEMP, MATERIAL1            1600.0000  K  (same as gas temp)
               HEAT LOSS, MATERIAL1            0.000      CAL/SEC


   EXIT    GAS PHASE MOLE FRACTIONS 

    H2              =  1.3243E-001       H               =  2.9012E-006       O               =  1.8336E-010
    O2              =  5.7139E-005       OH              =  3.4217E-007       H2O             =  3.9746E-001
    HO2             =  3.9048E-008       H2O2            =  8.2197E-009       CH              =  7.0874E-014
    CH2             =  1.2265E-009       CH2(S)          =  1.9750E-011       CH3             =  3.5746E-005
    CH4             =  8.0407E-002       CO              =  1.8075E-001       CO2             =  1.8490E-001
    HCO             =  2.7538E-008       CH2O            =  5.1038E-006       CH2OH           =  2.0402E-009
    CH3O            =  5.3830E-011       CH3OH           =  4.5130E-006       C2H2            =  1.1852E-002
    C2H3            =  9.6353E-007       C2H4            =  8.2441E-003       C2H5            =  9.7297E-007
    C2H6            =  2.2830E-004       CH2CO           =  1.3652E-005       AR              =  0.0000E+000
    N2              =  3.6116E-003
 
   Volatile Organic Compounds (ppm):  1.2113E+05
   Unburned Hydrocarbons      (ppm):  1.2109E+05
 
   CO                       (ppmvd): 2.9999E+05
   CO                (ppmvd 15% O2): 8.5749E+04

========================================================================================================================



 TWOPNT:  SOLVE THE PROBLEM.

                      LOG10   LOG10          
              TASK   NORM F  COND J   REMARK 

             START     2.87            
            SEARCH    -2.55    0.00   16 SEARCH STEPS

 TWOPNT:  FINAL SOLUTION:


========================================================================================================================
                              PSPRNT: Printing of current solution from TWOPNT:
========================================================================================================================


               RESIDENCE TIME                  7.8686E-01  SEC
               MASS FLOW RATE                  1.7668E+02  GM/SEC
               PRESSURE                        46.39      ATM
               MASS DENSITY                   1.0148E-02  GM/CM^3
               VOLUME                         1.3700E+04  CM^3
               TOTAL MASS                      139.0      G
               TOTAL SURFACE AREA              0.000      CM^2
               TOTAL SURFACE TO VOLUME RATIO   0.000      CM-1
               GAS CHEM HEAT PRODUCTION        1.3234E+01  CAL/S/CM^3
               TEMPERATURE (INLET: C1_Inlet1)      340.6500  K
               TEMPERATURE (INLET: C1_Inlet2)      505.0400  K
               TEMPERATURE (INLET: C1_Inlet3)      626.6000  K
               TEMPERATURE (INLET: C1_Inlet4)      340.6500  K
               TEMPERATURE                     1412.3548  K
               SURF TEMP, MATERIAL1            1412.3548  K  (same as gas temp)
               HEAT LOSS, MATERIAL1           1.0120E+05  CAL/SEC


   EXIT    GAS PHASE MOLE FRACTIONS 

    H2              =  4.6619E-002       H               =  1.9562E-007       O               =  8.2400E-011
    O2              =  4.2748E-004       OH              =  3.9340E-008       H2O             =  4.3369E-001
    HO2             =  1.9596E-007       H2O2            =  4.2836E-008       CH              =  5.9971E-016
    CH2             =  1.0602E-010       CH2(S)          =  8.2600E-013       CH3             =  1.1598E-005
    CH4             =  1.3795E-001       CO              =  6.0554E-002       CO2             =  2.8499E-001
    HCO             =  1.6427E-009       CH2O            =  3.6515E-005       CH2OH           =  5.7620E-010
    CH3O            =  7.0661E-011       CH3OH           =  7.2596E-006       C2H2            =  1.1792E-002
    C2H3            =  3.2240E-007       C2H4            =  1.8983E-002       C2H5            =  7.6941E-007
    C2H6            =  8.6242E-004       CH2CO           =  1.3890E-005       AR              =  0.0000E+000
    N2              =  4.0573E-003
 
   Volatile Organic Compounds (ppm):  2.0131E+05
   Unburned Hydrocarbons      (ppm):  2.0123E+05
 
   CO                       (ppmvd): 1.0693E+05
   CO                (ppmvd 15% O2): 3.0661E+04

========================================================================================================================



 TWOPNT:  SUCCESS.  PROBLEM SOLVED.

========================================================================================================================
     OUTLET CONDITIONS:
          Specified inlet mass flow rate =    177.     gm/sec
          Rate of Mass Loss to the walls =    0.00     gm/sec
          Outlet mass flow rate          =    177.     gm/sec
               (which, based on an reactor density =   1.015E-02 gm/cm^3 
                   and  on a reactor volume =   1.370E+04 cm^3, 
                   produces a residence time) =   0.787     sec


          Outlet and reactor temperature =   1412.4     Kelvin
          Outlet and reactor pressure    =    46.4     atm
          Outlet and reactor density     =  1.01476E-02 gm/cm^3 
          Outlet and reactor mean molecular weight =   25.354     gm/mole
          Outlet molar flow rate         =   6.9685     moles/sec
          Outlet volumetric flow rate    =   17411.     cm^3/sec 
               (based on reactor pressure and temperature)
                                         =  1.02293E+07 SCCM
                                         =   10229.     SLPM

     OUTLET CONDITIONS FOR GAS PHASE MOLECULAR SPECIES:

   Species        mole_frac     #/cm^3       moles/sec       gm/sec       cm^3/sec        SCCM
------------------------------------------------------------------------------------------------------
    H2           4.66193E-02   1.12366E+19   0.32487       0.65492        811.69       4.76883E+05
    H            1.95618E-07   4.71498E+13   1.36318E-06   1.37404E-06   3.40591E-03    2.0010    
    O            8.24005E-11   1.98609E+10   5.74211E-10   9.18704E-09   1.43467E-06   8.42900E-04
    O2           4.27477E-04   1.03035E+17   2.97889E-03   9.53209E-02    7.4428        4372.8    
    OH           3.93403E-08   9.48217E+12   2.74145E-07   4.66248E-06   6.84952E-04   0.40242    
    H2O          0.43369       1.04533E+20    3.0222        54.446        7551.0       4.43638E+06
    HO2          1.95956E-07   4.72312E+13   1.36553E-06   4.50717E-05   3.41179E-03    2.0045    
    H2O2         4.28362E-08   1.03248E+13   2.98506E-07   1.01536E-05   7.45819E-04   0.43818    
    CH           5.99712E-16   1.44548E+05   4.17912E-15   5.44085E-14   1.04416E-11   6.13464E-09
    CH2          1.06024E-10   2.55548E+10   7.38830E-10   1.03636E-08   1.84597E-06   1.08455E-03
    CH2(S)       8.25999E-13   1.99090E+08   5.75601E-12   8.07401E-11   1.43814E-08   8.44940E-06
    CH3          1.15977E-05   2.79539E+15   8.08192E-05   1.21512E-03   0.20193        118.64    
    CH4          0.13795       3.32489E+19   0.96128        15.422        2401.8       1.41109E+06
    CO           6.05545E-02   1.45954E+19   0.42198        11.820        1054.3       6.19431E+05
    CO2          0.28499       6.86921E+19    1.9860        87.404        4962.0       2.91530E+06
    HCO          1.64266E-09   3.95929E+11   1.14469E-08   3.32173E-07   2.86003E-05   1.68033E-02
    CH2O         3.65145E-05   8.80108E+15   2.54453E-04   7.64033E-03   0.63575        373.52    
    CH2OH        5.76197E-10   1.38881E+11   4.01526E-09   1.24611E-07   1.00322E-05   5.89410E-03
    CH3O         7.06612E-11   1.70314E+10   4.92406E-10   1.52815E-08   1.23028E-06   7.22815E-04
    CH3OH        7.25959E-06   1.74978E+15   5.05888E-05   1.62099E-03   0.12640        74.261    
    C2H2         1.17921E-02   2.84223E+18   8.21735E-02    2.1397        205.31       1.20625E+05
    C2H3         3.22396E-07   7.77070E+13   2.24663E-06   6.07629E-05   5.61323E-03    3.2979    
    C2H4         1.89831E-02   4.57548E+18   0.13228        3.7111        330.51       1.94184E+05
    C2H5         7.69407E-07   1.85450E+14   5.36165E-06   1.55821E-04   1.33961E-02    7.8705    
    C2H6         8.62422E-04   2.07869E+17   6.00982E-03   0.18072        15.016        8822.0    
    CH2CO        1.38895E-05   3.34779E+15   9.67899E-05   4.06882E-03   0.24183        142.08    
    AR            0.0000        0.0000        0.0000        0.0000        0.0000        0.0000    
    N2           4.05729E-03   9.77926E+17   2.82734E-02   0.79203        70.641        41503.    

========================================================================================================================



========================================================================================================================

                         DETAILED SPECIES BALANCE
                                   (all rates are in moles per sec)

   SPECIES           INLET_FR    OUTLET_FR  GAS_PROD_RATE  GAS_DEST_RATE   SURF_NET_PROD    TOTAL_NET
----------------------------------------------------------------------------------------------------------------------------------
 H2                    0.00         0.325          135.          135.          0.00        -1.182E-04
 H                     0.00         1.363E-06      174.          174.          0.00        -3.762E-04
 O                     0.00         5.742E-10     9.442E-02     9.442E-02      0.00        -1.845E-07
 O2                    2.10         2.979E-03     0.418          2.51          0.00        -1.183E-05
 OH                    0.00         2.741E-07      65.3          65.3          0.00         5.068E-05
 H2O                  0.689          3.02          72.2          69.9          0.00        -8.567E-05
 HO2                   0.00         1.366E-06      1.99          1.99          0.00         2.434E-05
 H2O2                  0.00         2.985E-07     0.512         0.512          0.00         5.477E-06
 CH                    0.00         4.179E-15     1.830E-05     1.830E-05      0.00        -1.787E-11
 CH2                   0.00         7.388E-10     9.235E-02     9.235E-02      0.00         3.360E-06
 CH2(S)                0.00         5.756E-12     9.536E-02     9.536E-02      0.00         2.040E-08
 CH3                   0.00         8.082E-05      161.          161.          0.00        -2.992E-04
 CH4                   2.27         0.961          156.          157.          0.00         1.785E-04
 CO                    0.00         0.422          7.13          6.71          0.00        -5.367E-06
 CO2                   1.27          1.99          2.66          1.95          0.00        -4.558E-06
 HCO                   0.00         1.145E-08      5.10          5.10          0.00         1.523E-05
 CH2O                  0.00         2.545E-04     0.691         0.690          0.00         1.078E-06
 CH2OH                 0.00         4.015E-09     6.676E-02     6.676E-02      0.00         3.652E-07
 CH3O                  0.00         4.924E-10     0.216         0.216          0.00         1.480E-07
 CH3OH                 0.00         5.059E-05     7.047E-02     7.041E-02      0.00        -1.635E-07
 C2H2                  0.00         8.217E-02      7.38          7.30          0.00         2.990E-05
 C2H3                  0.00         2.247E-06      32.6          32.6          0.00        -6.381E-05
 C2H4                  0.00         0.132          50.9          50.7          0.00        -5.013E-04
 C2H5                  0.00         5.362E-06      29.0          29.0          0.00         5.615E-04
 C2H6                 0.134         6.010E-03      6.51          6.64          0.00         3.195E-05
 CH2CO                 0.00         9.679E-05     6.878E-02     6.869E-02      0.00        -2.972E-06
 AR                    0.00          0.00          0.00          0.00          0.00          0.00    
 N2                   2.827E-02     2.827E-02     1.165E-03     1.165E-03      0.00        -2.429E-17


========================================================================================================================

                         DETAILED ELEMENT BALANCES
                                   (all rates are in moles per sec)

 ELEMENT          INLET_FR      OUTLET_FR    TOTAL_NET                                                                  
------------------------------------------------------------------------------------------------------------------------
 O                   7.42          7.42         1.954E-14
 H                   11.3          11.3        -8.882E-15
 C                   3.81          3.81        -2.398E-14
 N                  5.655E-02     5.655E-02    -4.857E-17
 AR                  0.00          0.00          0.00    

========================================================================================================================



 Total CPUtime: 2 (seconds)
