

     *****************************************************************
     *                   ANSYS Chemkin-Pro 2023 R1                   *
     *                      AURORA Application                       *
     *         PERFECTLY STIRRED OR PLUG FLOW REACTOR MODEL          *
     *                 Copyright(c) 2023 ANSYS, Inc.                 *                
     *Run Date and Time: Jul 30, 2025   00:13:40     120 min from UTC*
     *****************************************************************



Running CHEMKIN-PRO
Running Multi-threaded mode

                WORKING SPACE REQUIREMENTS
                 PROVIDED        REQUIRED 
 LOGICAL              163            163
 INTEGER            43576          43576
 REAL               39105          39105
 CHARACTER            125            125

This problem requires      0.298MB of memory for the REAL array.

Initializing CHEMKIN Gas-phase Library a component of ANSYS Chemkin-Pro 2023 R1, Build date: Nov 17, 2022
This and All Other CHEMKIN(R) Libraries are Copyright (c) 2023 Ansys, Inc.  Unauthorized use, distribution, or duplication is prohibited.This product is subject to U.S. laws governing export andre-export.  For full Legal Notice, see documentation.


LICENSE INFORMATION: 
 

LicNum: unknown                                                                                                                                                                                                                                                                                                                                                                                                                                                                                                                 
          INLET STREAM FOUND FOR REACTOR     1: C8_R2_PSR_to_C2__Gas_Mixer                                                                                                                                                                                                                                         
          INLET STREAM FOUND FOR REACTOR     1: Flame__PSR_(C1_R1)_to_C2__Gas_Mixer                                                                                                                                                                                                                                

           KEYWORD INPUT 

          !
          ! problem type definition
          !
          ENRG   ! Solve Gas Energy Equation
          STST   ! Steady State Solver
          !
          ! physical property
          !
          PRES 46.3853935356526   ! Pressure (atm)
          QLOS 0.0   ! Heat Loss (cal/sec)
          VOL 1.0   ! Volume (cm3)
          !
          ! output control and other misc. property
          !
          GFAC 0.0   ! Gas Reaction Rate Multiplier
          !XMLS C8_R2_PSR_to_C2__Gas_Mixer 1.0 W:\studienarbeit\Simulation\Simulation*Cases\CO2\XMLdata_CO2_PSRC5.zip
          TINL C8_R2_PSR_to_C2__Gas_Mixer 1.674378E3
          FLRT C8_R2_PSR_to_C2__Gas_Mixer 1.014387E4
          REAC C8_R2_PSR_to_C2__Gas_Mixer H2 2.773507E-1
          REAC C8_R2_PSR_to_C2__Gas_Mixer H 8.909739E-6
          REAC C8_R2_PSR_to_C2__Gas_Mixer OH 4.74741E-7
          REAC C8_R2_PSR_to_C2__Gas_Mixer H2O 3.06048E-1
          REAC C8_R2_PSR_to_C2__Gas_Mixer CH3 1.135423E-5
          REAC C8_R2_PSR_to_C2__Gas_Mixer CH4 1.742011E-2
          REAC C8_R2_PSR_to_C2__Gas_Mixer CO 2.957639E-1
          REAC C8_R2_PSR_to_C2__Gas_Mixer CO2 9.99505E-2
          REAC C8_R2_PSR_to_C2__Gas_Mixer HCO 1.067872E-7
          REAC C8_R2_PSR_to_C2__Gas_Mixer CH2O 2.046916E-6
          REAC C8_R2_PSR_to_C2__Gas_Mixer CH3OH 4.969814E-7
          REAC C8_R2_PSR_to_C2__Gas_Mixer C2H2 2.053411E-4
          REAC C8_R2_PSR_to_C2__Gas_Mixer C2H3 3.148696E-8
          REAC C8_R2_PSR_to_C2__Gas_Mixer C2H4 1.703868E-4
          REAC C8_R2_PSR_to_C2__Gas_Mixer C2H5 3.83281E-8
          REAC C8_R2_PSR_to_C2__Gas_Mixer C2H6 7.504323E-6
          REAC C8_R2_PSR_to_C2__Gas_Mixer CH2CO 1.252649E-6
          REAC C8_R2_PSR_to_C2__Gas_Mixer HCCOH 4.328746E-8
          REAC C8_R2_PSR_to_C2__Gas_Mixer N2 3.05877E-3
          REAC C8_R2_PSR_to_C2__Gas_Mixer C3H8 2.497263E-8
          REAC C8_R2_PSR_to_C2__Gas_Mixer CH3CHO 1.582289E-8
          ! Initialization of Inlet Stream From Solution File
          INLET C8_R2_PSR_to_C2__Gas_Mixer 1   ! Inlet Stream
          !tear!XMLS Flame__PSR_(C1_R1)_to_C2__Gas_Mixer 1.0 W:\studienarbeit\Simulation\Simulation*Cases\CO2\XMLdata_CO2_PSRC1.zip
          TINL Flame__PSR_(C1_R1)_to_C2__Gas_Mixer 1.620698e+03
          FLRT Flame__PSR_(C1_R1)_to_C2__Gas_Mixer 1.5981E2
          REAC Flame__PSR_(C1_R1)_to_C2__Gas_Mixer H2 3.91925E-2
          REAC Flame__PSR_(C1_R1)_to_C2__Gas_Mixer H 6.689857E-6
          REAC Flame__PSR_(C1_R1)_to_C2__Gas_Mixer O 7.911111E-8
          REAC Flame__PSR_(C1_R1)_to_C2__Gas_Mixer O2 4.478805E-3
          REAC Flame__PSR_(C1_R1)_to_C2__Gas_Mixer OH 4.196789E-6
          REAC Flame__PSR_(C1_R1)_to_C2__Gas_Mixer H2O 4.986829E-1
          REAC Flame__PSR_(C1_R1)_to_C2__Gas_Mixer HO2 8.475213E-6
          REAC Flame__PSR_(C1_R1)_to_C2__Gas_Mixer H2O2 1.648941E-6
          REAC Flame__PSR_(C1_R1)_to_C2__Gas_Mixer C 9.463655E-14
          REAC Flame__PSR_(C1_R1)_to_C2__Gas_Mixer CH 2.028923E-11
          REAC Flame__PSR_(C1_R1)_to_C2__Gas_Mixer CH2 7.377694E-8
          REAC Flame__PSR_(C1_R1)_to_C2__Gas_Mixer CH2(S) 9.597486E-10
          REAC Flame__PSR_(C1_R1)_to_C2__Gas_Mixer CH3 1.135681E-4
          REAC Flame__PSR_(C1_R1)_to_C2__Gas_Mixer CH4 3.509816E-2
          REAC Flame__PSR_(C1_R1)_to_C2__Gas_Mixer CO 8.071311E-2
          REAC Flame__PSR_(C1_R1)_to_C2__Gas_Mixer CO2 3.248058E-1
          REAC Flame__PSR_(C1_R1)_to_C2__Gas_Mixer HCO 5.542297E-8
          REAC Flame__PSR_(C1_R1)_to_C2__Gas_Mixer CH2O 1.958618E-4
          REAC Flame__PSR_(C1_R1)_to_C2__Gas_Mixer CH2OH 6.95472E-8
          REAC Flame__PSR_(C1_R1)_to_C2__Gas_Mixer CH3O 1.563739E-8
          REAC Flame__PSR_(C1_R1)_to_C2__Gas_Mixer CH3OH 8.101671E-5
          REAC Flame__PSR_(C1_R1)_to_C2__Gas_Mixer C2H 6.788607E-9
          REAC Flame__PSR_(C1_R1)_to_C2__Gas_Mixer C2H2 9.174539E-3
          REAC Flame__PSR_(C1_R1)_to_C2__Gas_Mixer C2H3 2.123166E-6
          REAC Flame__PSR_(C1_R1)_to_C2__Gas_Mixer C2H4 3.550874E-3
          REAC Flame__PSR_(C1_R1)_to_C2__Gas_Mixer C2H5 1.988847E-6
          REAC Flame__PSR_(C1_R1)_to_C2__Gas_Mixer C2H6 4.561286E-4
          REAC Flame__PSR_(C1_R1)_to_C2__Gas_Mixer HCCO 8.314038E-7
          REAC Flame__PSR_(C1_R1)_to_C2__Gas_Mixer CH2CO 5.539674E-4
          REAC Flame__PSR_(C1_R1)_to_C2__Gas_Mixer HCCOH 2.022118E-5
          REAC Flame__PSR_(C1_R1)_to_C2__Gas_Mixer N 4.660173E-15
          REAC Flame__PSR_(C1_R1)_to_C2__Gas_Mixer NH 1.428601E-14
          REAC Flame__PSR_(C1_R1)_to_C2__Gas_Mixer NH2 4.366583E-13
          REAC Flame__PSR_(C1_R1)_to_C2__Gas_Mixer NH3 9.363937E-10
          REAC Flame__PSR_(C1_R1)_to_C2__Gas_Mixer NNH 1.559606E-12
          REAC Flame__PSR_(C1_R1)_to_C2__Gas_Mixer NO 5.217935E-11
          REAC Flame__PSR_(C1_R1)_to_C2__Gas_Mixer NO2 1.097294E-12
          REAC Flame__PSR_(C1_R1)_to_C2__Gas_Mixer N2O 4.474679E-10
          REAC Flame__PSR_(C1_R1)_to_C2__Gas_Mixer HNO 5.11274E-14
          REAC Flame__PSR_(C1_R1)_to_C2__Gas_Mixer CN 3.999658E-16
          REAC Flame__PSR_(C1_R1)_to_C2__Gas_Mixer HCN 3.409454E-10
          REAC Flame__PSR_(C1_R1)_to_C2__Gas_Mixer H2CN 7.733281E-16
          REAC Flame__PSR_(C1_R1)_to_C2__Gas_Mixer HCNN 1.920627E-14
          REAC Flame__PSR_(C1_R1)_to_C2__Gas_Mixer HCNO 9.016518E-12
          REAC Flame__PSR_(C1_R1)_to_C2__Gas_Mixer HOCN 2.879373E-13
          REAC Flame__PSR_(C1_R1)_to_C2__Gas_Mixer HNCO 9.188098E-11
          REAC Flame__PSR_(C1_R1)_to_C2__Gas_Mixer NCO 4.571051E-15
          REAC Flame__PSR_(C1_R1)_to_C2__Gas_Mixer N2 2.849688E-3
          REAC Flame__PSR_(C1_R1)_to_C2__Gas_Mixer C3H7 1.163467E-8
          REAC Flame__PSR_(C1_R1)_to_C2__Gas_Mixer C3H8 4.613586E-6
          REAC Flame__PSR_(C1_R1)_to_C2__Gas_Mixer CH2CHO 1.00431E-7
          REAC Flame__PSR_(C1_R1)_to_C2__Gas_Mixer CH3CHO 1.912601E-6
          ! Initialization of Inlet Stream From Solution File
          INLET Flame__PSR_(C1_R1)_to_C2__Gas_Mixer 1   ! Inlet Stream
          END

 FIRST SOLUTION ESTIMATE FOR PSR #  1 IS EQUILIBRIUM 


========================================================================================================================
     KINETICS MECHANISM:
        Total number of gas phase species     =   53
        Total number of gas phase reactions   =  325
========================================================================================================================


========================================================================================================================
     REACTOR #    1 CONDITIONS FOR INLET NAMED: C8_R2_PSR_to_C2__Gas_Mixer
          Inlet mass flow rate =   1.014E+04 gm/sec
               (which, based on an estimated reactor density =   6.362E-03 gm/cm^3 
                       and  on a reactor volume  =    1.00     cm^3, 
                      produces an estimated residence time) =   6.175E-07 sec


          Inlet temperature =   1674.4     Kelvin
          Inlet pressure (assumed equal to reactor pressure) =    46.4     atm
          Inlet density =  6.45902E-03 gm/cm^3 
          Inlet mean molecular weight =   19.132     gm/mole
          Inlet molar flow rate      =   530.21     moles/sec
          Inlet volumetric flow rate =  1.57050E+06 cm^3/sec 
               (based on reactor pressure and inlet temperature)
                                     =  7.78307E+08 SCCM
                                     =  7.78307E+05 SLPM

     INLET CONDITIONS FOR GAS PHASE MOLECULAR SPECIES IN C8_R2_PSR_to_C2__Gas_Mixer

   Species        mole_frac     moles/sec       gm/sec       cm^3/sec        SCCM            SLPM
------------------------------------------------------------------------------------------------------
    H2          0.27735        147.05        296.45       4.35579E+005  2.15864E+008  2.15864E+005
    H           8.90974E-006  4.72402E-003  4.76167E-003   13.993        6934.5        6.9345     
    O            0.0000        0.0000        0.0000        0.0000        0.0000        0.0000     
    O2           0.0000        0.0000        0.0000        0.0000        0.0000        0.0000     
    OH          4.74741E-007  2.51712E-004  4.28096E-003  0.74558        369.49       0.36949     
    H2O         0.30605        162.27        2923.3       4.80648E+005  2.38199E+008  2.38199E+005
    HO2          0.0000        0.0000        0.0000        0.0000        0.0000        0.0000     
    H2O2         0.0000        0.0000        0.0000        0.0000        0.0000        0.0000     
    C            0.0000        0.0000        0.0000        0.0000        0.0000        0.0000     
    CH           0.0000        0.0000        0.0000        0.0000        0.0000        0.0000     
    CH2          0.0000        0.0000        0.0000        0.0000        0.0000        0.0000     
    CH2(S)       0.0000        0.0000        0.0000        0.0000        0.0000        0.0000     
    CH3         1.13542E-005  6.02011E-003  9.05127E-002   17.832        8837.1        8.8371     
    CH4         1.74201E-002   9.2363        148.18        27358.       1.35582E+007   13558.     
    CO          0.29576        156.82        4392.5       4.64496E+005  2.30195E+008  2.30195E+005
    CO2         9.99505E-002   52.995        2332.3       1.56972E+005  7.77922E+007   77792.     
    HCO         1.06787E-007  5.66195E-005  1.64301E-003  0.16771        83.113       8.31132E-002
    CH2O        2.04692E-006  1.08529E-003  3.25875E-002   3.2147        1593.1        1.5931     
    CH2OH        0.0000        0.0000        0.0000        0.0000        0.0000        0.0000     
    CH3O         0.0000        0.0000        0.0000        0.0000        0.0000        0.0000     
    CH3OH       4.96981E-007  2.63504E-004  8.44330E-003  0.78051        386.80       0.38680     
    C2H          0.0000        0.0000        0.0000        0.0000        0.0000        0.0000     
    C2H2        2.05341E-004  0.10887        2.8349        322.49       1.59818E+005   159.82     
    C2H3        3.14870E-008  1.66947E-005  4.51527E-004  4.94502E-002   24.507       2.45065E-002
    C2H4        1.70387E-004  9.03406E-002   2.5344        267.59       1.32613E+005   132.61     
    C2H5        3.83281E-008  2.03219E-005  5.90598E-004  6.01942E-002   29.831       2.98310E-002
    C2H6        7.50432E-006  3.97886E-003  0.11964        11.786        5840.7        5.8407     
    HCCO         0.0000        0.0000        0.0000        0.0000        0.0000        0.0000     
    CH2CO       1.25265E-006  6.64165E-004  2.79199E-002   1.9673        974.95       0.97495     
    HCCOH       4.32875E-008  2.29514E-005  9.64822E-004  6.79828E-002   33.691       3.36909E-002
    N            0.0000        0.0000        0.0000        0.0000        0.0000        0.0000     
    NH           0.0000        0.0000        0.0000        0.0000        0.0000        0.0000     
    NH2          0.0000        0.0000        0.0000        0.0000        0.0000        0.0000     
    NH3          0.0000        0.0000        0.0000        0.0000        0.0000        0.0000     
    NNH          0.0000        0.0000        0.0000        0.0000        0.0000        0.0000     
    NO           0.0000        0.0000        0.0000        0.0000        0.0000        0.0000     
    NO2          0.0000        0.0000        0.0000        0.0000        0.0000        0.0000     
    N2O          0.0000        0.0000        0.0000        0.0000        0.0000        0.0000     
    HNO          0.0000        0.0000        0.0000        0.0000        0.0000        0.0000     
    CN           0.0000        0.0000        0.0000        0.0000        0.0000        0.0000     
    HCN          0.0000        0.0000        0.0000        0.0000        0.0000        0.0000     
    H2CN         0.0000        0.0000        0.0000        0.0000        0.0000        0.0000     
    HCNN         0.0000        0.0000        0.0000        0.0000        0.0000        0.0000     
    HCNO         0.0000        0.0000        0.0000        0.0000        0.0000        0.0000     
    HOCN         0.0000        0.0000        0.0000        0.0000        0.0000        0.0000     
    HNCO         0.0000        0.0000        0.0000        0.0000        0.0000        0.0000     
    NCO          0.0000        0.0000        0.0000        0.0000        0.0000        0.0000     
    N2          3.05877E-003   1.6218        45.432        4803.8       2.38066E+006   2380.7     
    AR           0.0000        0.0000        0.0000        0.0000        0.0000        0.0000     
    C3H7         0.0000        0.0000        0.0000        0.0000        0.0000        0.0000     
    C3H8        2.49726E-008  1.32407E-005  5.83878E-004  3.92194E-002   19.436       1.94364E-002
    CH2CHO       0.0000        0.0000        0.0000        0.0000        0.0000        0.0000     
    CH3CHO      1.58229E-008  8.38943E-006  3.69585E-004  2.48498E-002   12.315       1.23151E-002

========================================================================================================================



========================================================================================================================
     REACTOR #    1 CONDITIONS FOR INLET NAMED: Flame__PSR_(C1_R1)_to_C2__Gas_Mixer
          Inlet mass flow rate =    160.     gm/sec
               (which, based on an estimated reactor density =   6.362E-03 gm/cm^3 
                       and  on a reactor volume  =    1.00     cm^3, 
                      produces an estimated residence time) =   6.175E-07 sec


          Inlet temperature =   1620.7     Kelvin
          Inlet pressure (assumed equal to reactor pressure) =    46.4     atm
          Inlet density =  9.34475E-03 gm/cm^3 
          Inlet mean molecular weight =   26.792     gm/mole
          Inlet molar flow rate      =   5.9648     moles/sec
          Inlet volumetric flow rate =   17102.     cm^3/sec 
               (based on reactor pressure and inlet temperature)
                                     =  8.75591E+06 SCCM
                                     =   8755.9     SLPM

     INLET CONDITIONS FOR GAS PHASE MOLECULAR SPECIES IN Flame__PSR_(C1_R1)_to_C2__Gas_Mixer

   Species        mole_frac     moles/sec       gm/sec       cm^3/sec        SCCM            SLPM
------------------------------------------------------------------------------------------------------
    H2          3.91925E-002  0.23378       0.47128        670.25       3.43166E+005   343.17     
    H           6.68986E-006  3.99038E-005  4.02218E-005  0.11441        58.576       5.85758E-002
    O           7.91111E-008  4.71884E-007  7.54985E-006  1.35293E-003  0.69269       6.92690E-004
    O2          4.47880E-003  2.67153E-002  0.85486        76.595        39216.        39.216     
    OH          4.19679E-006  2.50331E-005  4.25747E-004  7.17717E-002   36.747       3.67467E-002
    H2O         0.49868        2.9746        53.588        8528.3       4.36642E+006   4366.4     
    HO2         8.47521E-006  5.05531E-005  1.66860E-003  0.14494        74.208       7.42082E-002
    H2O2        1.64894E-006  9.83564E-006  3.34557E-004  2.81995E-002   14.438       1.44380E-002
    C           9.46365E-014  5.64490E-013  6.78017E-012  1.61843E-009  8.28630E-007  8.28630E-010
    CH          2.02892E-011  1.21022E-010  1.57559E-009  3.46978E-007  1.77651E-004  1.77651E-007
    CH2         7.37769E-008  4.40066E-007  6.17285E-006  1.26170E-003  0.64598       6.45985E-004
    CH2(S)      9.59749E-010  5.72473E-009  8.03013E-008  1.64132E-005  8.40348E-003  8.40348E-006
    CH3         1.13568E-004  6.77413E-004  1.01849E-002   1.9422        994.39       0.99439     
    CH4         3.50982E-002  0.20935        3.3587        600.23       3.07316E+005   307.32     
    CO          8.07131E-002  0.48144        13.485        1380.3       7.06717E+005   706.72     
    CO2         0.32481        1.9374        85.265        5554.7       2.84397E+006   2844.0     
    HCO         5.54230E-008  3.30588E-007  9.59318E-006  9.47820E-004  0.48528       4.85279E-004
    CH2O        1.95862E-004  1.16828E-003  3.50794E-002   3.3495        1714.9        1.7149     
    CH2OH       6.95472E-008  4.14837E-007  1.28742E-005  1.18937E-003  0.60895       6.08949E-004
    CH3O        1.56374E-008  9.32742E-008  2.89472E-006  2.67424E-004  0.13692       1.36920E-004
    CH3OH       8.10167E-005  4.83250E-004  1.54845E-002   1.3855        709.38       0.70938     
    C2H         6.78861E-009  4.04928E-008  1.01355E-006  1.16096E-004  5.94405E-002  5.94405E-005
    C2H2        9.17454E-003  5.47245E-002   1.4249        156.90        80331.        80.331     
    C2H3        2.12317E-006  1.26643E-005  3.42521E-004  3.63095E-002   18.590       1.85903E-002
    C2H4        3.55087E-003  2.11803E-002  0.59420        60.726        31091.        31.091     
    C2H5        1.98885E-006  1.18631E-005  3.44768E-004  3.40124E-002   17.414       1.74142E-002
    C2H6        4.56129E-004  2.72073E-003  8.18125E-002   7.8005        3993.8        3.9938     
    HCCO        8.31404E-007  4.95917E-006  2.03473E-004  1.42183E-002   7.2797       7.27970E-003
    CH2CO       5.53967E-004  3.30432E-003  0.13891        9.4737        4850.5        4.8505     
    HCCOH       2.02212E-005  1.20616E-004  5.07040E-003  0.34581        177.05       0.17705     
    N           4.66017E-015  2.77971E-014  3.89346E-013  7.96963E-011  4.08041E-008  4.08041E-011
    NH          1.42860E-014  8.52135E-014  1.27945E-012  2.44313E-010  1.25087E-007  1.25087E-010
    NH2         4.36658E-013  2.60459E-012  4.17324E-011  7.46755E-009  3.82334E-006  3.82334E-009
    NH3         9.36394E-010  5.58542E-009  9.51231E-008  1.60138E-005  8.19898E-003  8.19898E-006
    NNH         1.55961E-012  9.30277E-012  2.69979E-010  2.66717E-008  1.36558E-005  1.36558E-008
    NO          5.21793E-011  3.11240E-010  9.33911E-009  8.92349E-007  4.56878E-004  4.56878E-007
    NO2         1.09729E-012  6.54516E-012  3.01113E-010  1.87655E-008  9.60781E-006  9.60781E-009
    N2O         4.47468E-010  2.66907E-009  1.17473E-007  7.65241E-006  3.91799E-003  3.91799E-006
    HNO         5.11274E-014  3.04966E-013  9.45823E-012  8.74359E-010  4.47667E-007  4.47667E-010
    CN          3.99966E-016  2.38572E-015  6.20714E-014  6.84005E-012  3.50207E-009  3.50207E-012
    HCN         3.40945E-010  2.03368E-009  5.49618E-008  5.83071E-006  2.98529E-003  2.98529E-006
    H2CN        7.73328E-016  4.61276E-015  1.29313E-013  1.32251E-011  6.77119E-009  6.77119E-012
    HCNN        1.92063E-014  1.14562E-013  4.70077E-012  3.28458E-010  1.68168E-007  1.68168E-010
    HCNO        9.01652E-012  5.37819E-011  2.31398E-009  1.54197E-007  7.89479E-005  7.89479E-008
    HOCN        2.87937E-013  1.71749E-012  7.38956E-011  4.92418E-009  2.52115E-006  2.52115E-009
    HNCO        9.18810E-011  5.48054E-010  2.35801E-008  1.57131E-006  8.04502E-004  8.04502E-007
    NCO         4.57105E-015  2.72655E-014  1.14562E-012  7.81722E-011  4.00237E-008  4.00237E-011
    N2          2.84969E-003  1.69979E-002  0.47617        48.734        24952.        24.952     
    AR           0.0000        0.0000        0.0000        0.0000        0.0000        0.0000     
    C3H7        1.16347E-008  6.93987E-008  2.99034E-006  1.98971E-004  0.10187       1.01872E-004
    C3H8        4.61359E-006  2.75192E-005  1.21352E-003  7.88996E-002   40.396       4.03962E-002
    CH2CHO      1.00431E-007  5.99053E-007  2.57866E-005  1.71753E-003  0.87937       8.79365E-004
    CH3CHO      1.91260E-006  1.14083E-005  5.02577E-004  3.27085E-002   16.747       1.67466E-002

========================================================================================================================



 TWOPNT:  DOUBLE PRECISION (TWO POINT BOUNDARY VALUE PROBLEM) SOLVER,
          VERSION 3.30 OF APRIL 1998 BY DR. JOSEPH F. GRCAR.

 TWOPNT:  INITIAL GUESS:


========================================================================================================================
                              PSPRNT: Printing of current solution from TWOPNT:
========================================================================================================================


               RESIDENCE TIME                  6.1746E-07  SEC
               MASS FLOW RATE                  1.0304E+04  GM/SEC
               PRESSURE                        46.39      ATM
               MASS DENSITY                   6.3621E-03  GM/CM^3
               VOLUME                          1.000      CM^3
               TOTAL MASS                     6.3621E-03  G
               TOTAL SURFACE AREA              0.000      CM^2
               TOTAL SURFACE TO VOLUME RATIO   0.000      CM-1
               GAS CHEM HEAT PRODUCTION        0.0000E+00  CAL/S/CM^3
               TEMPERATURE (FIXED)             1647.5380  K
               SURF TEMP, MATERIAL1            1647.5380  K  (same as gas temp)


   INLET  GAS PHASE MOLE FRACTIONS FOR INLET NAMED C8_R2_PSR_to_C2__Gas_Mixer

    H2              =  2.7735E-001       H               =  8.9097E-006       O               =  0.0000E+000
    O2              =  0.0000E+000       OH              =  4.7474E-007       H2O             =  3.0605E-001
    HO2             =  0.0000E+000       H2O2            =  0.0000E+000       C               =  0.0000E+000
    CH              =  0.0000E+000       CH2             =  0.0000E+000       CH2(S)          =  0.0000E+000
    CH3             =  1.1354E-005       CH4             =  1.7420E-002       CO              =  2.9576E-001
    CO2             =  9.9950E-002       HCO             =  1.0679E-007       CH2O            =  2.0469E-006
    CH2OH           =  0.0000E+000       CH3O            =  0.0000E+000       CH3OH           =  4.9698E-007
    C2H             =  0.0000E+000       C2H2            =  2.0534E-004       C2H3            =  3.1487E-008
    C2H4            =  1.7039E-004       C2H5            =  3.8328E-008       C2H6            =  7.5043E-006
    HCCO            =  0.0000E+000       CH2CO           =  1.2526E-006       HCCOH           =  4.3287E-008
    N               =  0.0000E+000       NH              =  0.0000E+000       NH2             =  0.0000E+000
    NH3             =  0.0000E+000       NNH             =  0.0000E+000       NO              =  0.0000E+000
    NO2             =  0.0000E+000       N2O             =  0.0000E+000       HNO             =  0.0000E+000
    CN              =  0.0000E+000       HCN             =  0.0000E+000       H2CN            =  0.0000E+000
    HCNN            =  0.0000E+000       HCNO            =  0.0000E+000       HOCN            =  0.0000E+000
    HNCO            =  0.0000E+000       NCO             =  0.0000E+000       N2              =  3.0588E-003
    AR              =  0.0000E+000       C3H7            =  0.0000E+000       C3H8            =  2.4973E-008
    CH2CHO          =  0.0000E+000       CH3CHO          =  1.5823E-008


   INLET  GAS PHASE MOLE FRACTIONS FOR INLET NAMED Flame__PSR_(C1_R1)_to_C2__Gas_Mixer

    H2              =  3.9192E-002       H               =  6.6899E-006       O               =  7.9111E-008
    O2              =  4.4788E-003       OH              =  4.1968E-006       H2O             =  4.9868E-001
    HO2             =  8.4752E-006       H2O2            =  1.6489E-006       C               =  9.4637E-014
    CH              =  2.0289E-011       CH2             =  7.3777E-008       CH2(S)          =  9.5975E-010
    CH3             =  1.1357E-004       CH4             =  3.5098E-002       CO              =  8.0713E-002
    CO2             =  3.2481E-001       HCO             =  5.5423E-008       CH2O            =  1.9586E-004
    CH2OH           =  6.9547E-008       CH3O            =  1.5637E-008       CH3OH           =  8.1017E-005
    C2H             =  6.7886E-009       C2H2            =  9.1745E-003       C2H3            =  2.1232E-006
    C2H4            =  3.5509E-003       C2H5            =  1.9888E-006       C2H6            =  4.5613E-004
    HCCO            =  8.3140E-007       CH2CO           =  5.5397E-004       HCCOH           =  2.0221E-005
    N               =  4.6602E-015       NH              =  1.4286E-014       NH2             =  4.3666E-013
    NH3             =  9.3639E-010       NNH             =  1.5596E-012       NO              =  5.2179E-011
    NO2             =  1.0973E-012       N2O             =  4.4747E-010       HNO             =  5.1127E-014
    CN              =  3.9997E-016       HCN             =  3.4095E-010       H2CN            =  7.7333E-016
    HCNN            =  1.9206E-014       HCNO            =  9.0165E-012       HOCN            =  2.8794E-013
    HNCO            =  9.1881E-011       NCO             =  4.5711E-015       N2              =  2.8497E-003
    AR              =  0.0000E+000       C3H7            =  1.1635E-008       C3H8            =  4.6136E-006
    CH2CHO          =  1.0043E-007       CH3CHO          =  1.9126E-006


   EXIT    GAS PHASE MOLE FRACTIONS 

    H2              =  3.0894E-001       H               =  7.2372E-006       O               =  5.7826E-012
    O2              =  2.4469E-012       OH              =  3.0262E-007       H2O             =  2.8811E-001
    HO2             =  1.4190E-014       H2O2            =  1.4013E-012       C               =  6.4781E-019
    CH              =  6.5399E-017       CH2             =  6.5582E-013       CH2(S)          =  1.9801E-014
    CH3             =  2.8557E-008       CH4             =  6.0055E-005       CO              =  3.0967E-001
    CO2             =  9.0248E-002       HCO             =  9.9124E-008       CH2O            =  1.9129E-006
    CH2OH           =  6.2505E-011       CH3O            =  5.6917E-013       CH3OH           =  1.2934E-008
    C2H             =  1.4056E-016       C2H2            =  1.3928E-009       C2H3            =  1.9738E-013
    C2H4            =  1.4889E-009       C2H5            =  3.0543E-013       C2H6            =  6.7171E-011
    HCCO            =  5.4573E-013       CH2CO           =  3.3206E-009       HCCOH           =  2.6636E-013
    N               =  1.5118E-014       NH              =  1.6194E-012       NH2             =  1.0182E-009
    NH3             =  1.8118E-005       NNH             =  1.7886E-012       NO              =  4.9434E-010
    NO2             =  4.1070E-017       N2O             =  1.2221E-014       HNO             =  4.2815E-013
    CN              =  1.8905E-013       HCN             =  1.1256E-006       H2CN            =  2.3787E-012
    HCNN            =  5.6662E-020       HCNO            =  4.0376E-016       HOCN            =  1.6369E-010
    HNCO            =  3.8715E-007       NCO             =  2.0199E-012       N2              =  2.9394E-003
    AR              =  0.0000E+000       C3H7            =  8.8202E-019       C3H8            =  1.8900E-016
    CH2CHO          =  2.4123E-013       CH3CHO          =  1.1762E-010
 
   Volatile Organic Compounds (ppm):   63.63    
   Unburned Hydrocarbons      (ppm):   60.09    
 
   CO                       (ppmvd): 4.3500E+05
   NO                       (ppmvd): 6.9440E-04
   NOx                      (ppmvd): 6.9442E-04
   CO                (ppmvd 15% O2): 1.2428E+05
   NO                (ppmvd 15% O2): 1.9840E-04
   NOx               (ppmvd 15% O2): 1.9841E-04

========================================================================================================================



 TWOPNT:  SOLVE THE PROBLEM.

                      LOG10   LOG10          
              TASK   NORM F  COND J   REMARK 

             START     4.81            
            SEARCH    -5.99    0.00   5 SEARCH STEPS

 TWOPNT:  FINAL SOLUTION:


========================================================================================================================
                              PSPRNT: Printing of current solution from TWOPNT:
========================================================================================================================


               RESIDENCE TIME                  6.3991E-07  SEC
               MASS FLOW RATE                  1.0304E+04  GM/SEC
               PRESSURE                        46.39      ATM
               MASS DENSITY                   6.5935E-03  GM/CM^3
               VOLUME                          1.000      CM^3
               TOTAL MASS                     6.5935E-03  G
               TOTAL SURFACE AREA              0.000      CM^2
               TOTAL SURFACE TO VOLUME RATIO   0.000      CM-1
               GAS CHEM HEAT PRODUCTION        0.0000E+00  CAL/S/CM^3
               TEMPERATURE (FIXED)             1647.5380  K
               SURF TEMP, MATERIAL1            1647.5380  K  (same as gas temp)


   EXIT    GAS PHASE MOLE FRACTIONS 

    H2              =  2.7470E-001       H               =  8.8850E-006       O               =  8.8009E-010
    O2              =  4.9826E-005       OH              =  5.1615E-007       H2O             =  3.0819E-001
    HO2             =  9.4285E-008       H2O2            =  1.8344E-008       C               =  1.0528E-015
    CH              =  2.2571E-013       CH2             =  8.2075E-010       CH2(S)          =  1.0677E-011
    CH3             =  1.2491E-005       CH4             =  1.7617E-002       CO              =  2.9337E-001
    CO2             =  1.0245E-001       HCO             =  1.0622E-007       CH2O            =  4.2031E-006
    CH2OH           =  7.7370E-010       CH3O            =  1.7396E-010       CH3OH           =  1.3927E-006
    C2H             =  7.5522E-011       C2H2            =  3.0512E-004       C2H3            =  5.4756E-008
    C2H4            =  2.0799E-004       C2H5            =  6.0027E-008       C2H6            =  1.2495E-005
    HCCO            =  9.2492E-009       CH2CO           =  7.4015E-006       HCCOH           =  2.6776E-007
    N               =  5.1884E-017       NH              =  1.6330E-016       NH2             =  7.6048E-015
    NH3             =  5.9302E-011       NNH             =  1.7355E-014       NO              =  5.8182E-013
    NO2             =  1.2207E-014       N2O             =  4.9780E-012       HNO             =  5.6994E-016
    CN              =  4.9596E-018       HCN             =  6.8300E-012       H2CN            =  1.5021E-017
    HCNN            =  2.1367E-016       HCNO            =  1.0031E-013       HOCN            =  3.6449E-015
    HNCO            =  2.0667E-012       NCO             =  5.6302E-017       N2              =  3.0564E-003
    AR              =  0.0000E+000       C3H7            =  1.2943E-010       C3H8            =  7.6020E-008
    CH2CHO          =  1.1173E-009       CH3CHO          =  3.6924E-008
 
   Volatile Organic Compounds (ppm):  1.8702E+04
   Unburned Hydrocarbons      (ppm):  1.8681E+04
 
   CO                       (ppmvd): 4.2406E+05
   NO                       (ppmvd): 8.4101E-07
   NOx                      (ppmvd): 8.0542E-06
   CO                (ppmvd 15% O2): 1.2120E+05
   NO                (ppmvd 15% O2): 2.4037E-07
   NOx               (ppmvd 15% O2): 2.3020E-06

========================================================================================================================



 TWOPNT:  SUCCESS.  PROBLEM SOLVED.

   PSRTWO: FINISHED FIXED TEMPERATURE, ADDING ENERGY EQUATION


 TWOPNT:  DOUBLE PRECISION (TWO POINT BOUNDARY VALUE PROBLEM) SOLVER,
          VERSION 3.30 OF APRIL 1998 BY DR. JOSEPH F. GRCAR.

 TWOPNT:  INITIAL GUESS:


========================================================================================================================
                              PSPRNT: Printing of current solution from TWOPNT:
========================================================================================================================


               RESIDENCE TIME                  6.3991E-07  SEC
               MASS FLOW RATE                  1.0304E+04  GM/SEC
               PRESSURE                        46.39      ATM
               MASS DENSITY                   6.5935E-03  GM/CM^3
               VOLUME                          1.000      CM^3
               TOTAL MASS                     6.5935E-03  G
               TOTAL SURFACE AREA              0.000      CM^2
               TOTAL SURFACE TO VOLUME RATIO   0.000      CM-1
               GAS CHEM HEAT PRODUCTION        0.0000E+00  CAL/S/CM^3
               TEMPERATURE (INLET: C8_R2_PSR_to_C2__Gas_Mixer)     1674.3780  K
               TEMPERATURE (INLET: Flame__PSR_(C1_R1)_to_C2__Gas_Mixer)     1620.6980  K
               TEMPERATURE                     1647.5380  K
               SURF TEMP, MATERIAL1            1647.5380  K  (same as gas temp)
               HEAT LOSS, MATERIAL1            0.000      CAL/SEC


   EXIT    GAS PHASE MOLE FRACTIONS 

    H2              =  2.7470E-001       H               =  8.8850E-006       O               =  8.8009E-010
    O2              =  4.9826E-005       OH              =  5.1615E-007       H2O             =  3.0819E-001
    HO2             =  9.4285E-008       H2O2            =  1.8344E-008       C               =  1.0528E-015
    CH              =  2.2571E-013       CH2             =  8.2075E-010       CH2(S)          =  1.0677E-011
    CH3             =  1.2491E-005       CH4             =  1.7617E-002       CO              =  2.9337E-001
    CO2             =  1.0245E-001       HCO             =  1.0622E-007       CH2O            =  4.2031E-006
    CH2OH           =  7.7370E-010       CH3O            =  1.7396E-010       CH3OH           =  1.3927E-006
    C2H             =  7.5522E-011       C2H2            =  3.0512E-004       C2H3            =  5.4756E-008
    C2H4            =  2.0799E-004       C2H5            =  6.0027E-008       C2H6            =  1.2495E-005
    HCCO            =  9.2492E-009       CH2CO           =  7.4015E-006       HCCOH           =  2.6776E-007
    N               =  5.1884E-017       NH              =  1.6330E-016       NH2             =  7.6048E-015
    NH3             =  5.9302E-011       NNH             =  1.7355E-014       NO              =  5.8182E-013
    NO2             =  1.2207E-014       N2O             =  4.9780E-012       HNO             =  5.6994E-016
    CN              =  4.9596E-018       HCN             =  6.8300E-012       H2CN            =  1.5021E-017
    HCNN            =  2.1367E-016       HCNO            =  1.0031E-013       HOCN            =  3.6449E-015
    HNCO            =  2.0667E-012       NCO             =  5.6302E-017       N2              =  3.0564E-003
    AR              =  0.0000E+000       C3H7            =  1.2943E-010       C3H8            =  7.6020E-008
    CH2CHO          =  1.1173E-009       CH3CHO          =  3.6924E-008
 
   Volatile Organic Compounds (ppm):  1.8702E+04
   Unburned Hydrocarbons      (ppm):  1.8681E+04
 
   CO                       (ppmvd): 4.2406E+05
   NO                       (ppmvd): 8.4101E-07
   NOx                      (ppmvd): 8.0542E-06
   CO                (ppmvd 15% O2): 1.2120E+05
   NO                (ppmvd 15% O2): 2.4037E-07
   NOx               (ppmvd 15% O2): 2.3020E-06

========================================================================================================================



 TWOPNT:  SOLVE THE PROBLEM.

                      LOG10   LOG10          
              TASK   NORM F  COND J   REMARK 

             START     7.61            
            SEARCH    -1.74    0.00   3 SEARCH STEPS

 TWOPNT:  FINAL SOLUTION:


========================================================================================================================
                              PSPRNT: Printing of current solution from TWOPNT:
========================================================================================================================


               RESIDENCE TIME                  6.2993E-07  SEC
               MASS FLOW RATE                  1.0304E+04  GM/SEC
               PRESSURE                        46.39      ATM
               MASS DENSITY                   6.4906E-03  GM/CM^3
               VOLUME                          1.000      CM^3
               TOTAL MASS                     6.4906E-03  G
               TOTAL SURFACE AREA              0.000      CM^2
               TOTAL SURFACE TO VOLUME RATIO   0.000      CM-1
               GAS CHEM HEAT PRODUCTION        0.0000E+00  CAL/S/CM^3
               TEMPERATURE (INLET: C8_R2_PSR_to_C2__Gas_Mixer)     1674.3780  K
               TEMPERATURE (INLET: Flame__PSR_(C1_R1)_to_C2__Gas_Mixer)     1620.6980  K
               TEMPERATURE                     1673.6412  K
               SURF TEMP, MATERIAL1            1673.6412  K  (same as gas temp)
               HEAT LOSS, MATERIAL1            0.000      CAL/SEC


   EXIT    GAS PHASE MOLE FRACTIONS 

    H2              =  2.7470E-001       H               =  8.8850E-006       O               =  8.8009E-010
    O2              =  4.9826E-005       OH              =  5.1615E-007       H2O             =  3.0819E-001
    HO2             =  9.4285E-008       H2O2            =  1.8344E-008       C               =  1.0528E-015
    CH              =  2.2571E-013       CH2             =  8.2075E-010       CH2(S)          =  1.0677E-011
    CH3             =  1.2491E-005       CH4             =  1.7617E-002       CO              =  2.9337E-001
    CO2             =  1.0245E-001       HCO             =  1.0622E-007       CH2O            =  4.2031E-006
    CH2OH           =  7.7370E-010       CH3O            =  1.7396E-010       CH3OH           =  1.3927E-006
    C2H             =  7.5522E-011       C2H2            =  3.0512E-004       C2H3            =  5.4756E-008
    C2H4            =  2.0799E-004       C2H5            =  6.0027E-008       C2H6            =  1.2495E-005
    HCCO            =  9.2492E-009       CH2CO           =  7.4015E-006       HCCOH           =  2.6776E-007
    N               =  5.1843E-017       NH              =  1.5893E-016       NH2             =  4.8577E-015
    NH3             =  1.0416E-011       NNH             =  1.7350E-014       NO              =  5.8048E-013
    NO2             =  1.2207E-014       N2O             =  4.9780E-012       HNO             =  5.6878E-016
    CN              =  4.4495E-018       HCN             =  3.7929E-012       H2CN            =  8.6029E-018
    HCNN            =  2.1367E-016       HCNO            =  1.0031E-013       HOCN            =  3.2032E-015
    HNCO            =  1.0221E-012       NCO             =  5.0852E-017       N2              =  3.0564E-003
    AR              =  0.0000E+000       C3H7            =  1.2943E-010       C3H8            =  7.6020E-008
    CH2CHO          =  1.1173E-009       CH3CHO          =  3.6924E-008
 
   Volatile Organic Compounds (ppm):  1.8702E+04
   Unburned Hydrocarbons      (ppm):  1.8681E+04
 
   CO                       (ppmvd): 4.2406E+05
   NO                       (ppmvd): 8.3908E-07
   NOx                      (ppmvd): 8.0523E-06
   CO                (ppmvd 15% O2): 1.2120E+05
   NO                (ppmvd 15% O2): 2.3982E-07
   NOx               (ppmvd 15% O2): 2.3015E-06

========================================================================================================================



 TWOPNT:  SUCCESS.  PROBLEM SOLVED.

========================================================================================================================
     OUTLET CONDITIONS:
          Specified inlet mass flow rate =   1.030E+04 gm/sec
          Rate of Mass Loss to the walls =    0.00     gm/sec
          Outlet mass flow rate          =   1.030E+04 gm/sec
               (which, based on an reactor density =   6.491E-03 gm/cm^3 
                   and  on a reactor volume =    1.00     cm^3, 
                   produces a residence time) =   6.299E-07 sec


          Outlet and reactor temperature =   1673.6     Kelvin
          Outlet and reactor pressure    =    46.4     atm
          Outlet and reactor density     =  6.49064E-03 gm/cm^3 
          Outlet and reactor mean molecular weight =   19.217     gm/mole
          Outlet molar flow rate         =   536.17     moles/sec
          Outlet volumetric flow rate    =  1.58747E+06 cm^3/sec 
               (based on reactor pressure and temperature)
                                         =  7.87063E+08 SCCM
                                         =  7.87063E+05 SLPM

     OUTLET CONDITIONS FOR GAS PHASE MOLECULAR SPECIES:

   Species        mole_frac     #/cm^3       moles/sec       gm/sec       cm^3/sec        SCCM
------------------------------------------------------------------------------------------------------
    H2           0.27470       5.58743E+19    147.29        296.92       4.36079E+05   2.16207E+08
    H            8.88504E-06   1.80722E+15   4.76392E-03   4.80189E-03    14.105        6993.1    
    O            8.80095E-10   1.79012E+11   4.71884E-07   7.54985E-06   1.39712E-03   0.69269    
    O2           4.98258E-05   1.01346E+16   2.67153E-02   0.85486        79.097        39216.    
    OH           5.16148E-07   1.04985E+14   2.76745E-04   4.70670E-03   0.81937        406.24    
    H2O          0.30819       6.26862E+19    165.24        2976.9       4.89243E+05   2.42566E+08
    HO2          9.42850E-08   1.91776E+13   5.05531E-05   1.66860E-03   0.14967        74.208    
    H2O2         1.83441E-08   3.73120E+12   9.83564E-06   3.34557E-04   2.91207E-02    14.438    
    C            1.05281E-15   2.14142E+05   5.64490E-13   6.78017E-12   1.67130E-09   8.28630E-07
    CH           2.25714E-13   4.59102E+07   1.21022E-10   1.57559E-09   3.58313E-07   1.77651E-04
    CH2          8.20753E-10   1.66942E+11   4.40066E-07   6.17285E-06   1.30292E-03   0.64598    
    CH2(S)       1.06770E-11   2.17171E+09   5.72473E-09   8.03013E-08   1.69494E-05   8.40348E-03
    CH3          1.24913E-05   2.54074E+15   6.69752E-03   0.10070        19.830        9831.5    
    CH4          1.76168E-02   3.58326E+18    9.4456        151.54        27966.       1.38655E+07
    CO           0.29337       5.96719E+19    157.30        4406.0       4.65717E+05   2.30902E+08
    CO2          0.10245       2.08388E+19    54.932        2417.6       1.62639E+05   8.06362E+07
    HCO          1.06216E-07   2.16043E+13   5.69501E-05   1.65261E-03   0.16861        83.599    
    CH2O         4.20307E-06   8.54905E+14   2.25357E-03   6.76669E-02    6.6722        3308.1    
    CH2OH        7.73698E-10   1.57371E+11   4.14837E-07   1.28742E-05   1.22822E-03   0.60895    
    CH3O         1.73963E-10   3.53841E+10   9.32742E-08   2.89472E-06   2.76160E-04   0.13692    
    CH3OH        1.39275E-06   2.83285E+14   7.46754E-04   2.39278E-02    2.2109        1096.2    
    C2H          7.55219E-11   1.53612E+10   4.04928E-08   1.01355E-06   1.19888E-04   5.94405E-02
    C2H2         3.05122E-04   6.20618E+16   0.16360        4.2598        484.37       2.40150E+05
    C2H3         5.47565E-08   1.11375E+13   2.93590E-05   7.94049E-04   8.69240E-02    43.097    
    C2H4         2.07994E-04   4.23061E+16   0.11152        3.1286        330.18       1.63704E+05
    C2H5         6.00272E-08   1.22096E+13   3.21850E-05   9.35365E-04   9.52912E-02    47.245    
    C2H6         1.24952E-05   2.54152E+15   6.69958E-03   0.20146        19.836        9834.5    
    HCCO         9.24920E-09   1.88129E+12   4.95917E-06   2.03473E-04   1.46828E-02    7.2797    
    CH2CO        7.40149E-06   1.50547E+15   3.96848E-03   0.16683        11.750        5825.4    
    HCCOH        2.67762E-07   5.44630E+13   1.43567E-04   6.03522E-03   0.42506        210.75    
    N            5.18435E-17    10545.       2.77971E-14   3.89346E-13   8.22998E-11   4.08041E-08
    NH           1.58929E-16    32326.       8.52134E-14   1.27945E-12   2.52294E-10   1.25087E-07
    NH2          4.85765E-15   9.88048E+05   2.60454E-12   4.17317E-11   7.71136E-09   3.82328E-06
    NH3          1.04157E-11   2.11856E+09   5.58462E-09   9.51095E-08   1.65346E-05   8.19781E-03
    NNH          1.73503E-14   3.52906E+06   9.30277E-12   2.69979E-10   2.75430E-08   1.36558E-05
    NO           5.80485E-13   1.18071E+08   3.11240E-10   9.33911E-09   9.21500E-07   4.56878E-04
    NO2          1.22072E-14   2.48294E+06   6.54516E-12   3.01113E-10   1.93785E-08   9.60781E-06
    N2O          4.97799E-12   1.01252E+09   2.66907E-09   1.17473E-07   7.90239E-06   3.91799E-03
    HNO          5.68782E-16   1.15690E+05   3.04966E-13   9.45823E-12   9.02922E-10   4.47667E-07
    CN           4.44952E-18    905.03       2.38572E-15   6.20712E-14   7.06347E-12   3.50205E-09
    HCN          3.79286E-12   7.71468E+08   2.03363E-09   5.49605E-08   6.02103E-06   2.98522E-03
    H2CN         8.60292E-18    1749.8       4.61266E-15   1.29310E-13   1.36568E-11   6.77104E-09
    HCNN         2.13666E-16    43460.       1.14562E-13   4.70077E-12   3.39187E-10   1.68168E-07
    HCNO         1.00307E-13   2.04025E+07   5.37819E-11   2.31398E-09   1.59234E-07   7.89479E-05
    HOCN         3.20323E-15   6.51538E+05   1.71749E-12   7.38953E-11   5.08502E-09   2.52114E-06
    HNCO         1.02213E-12   2.07901E+08   5.48036E-10   2.35794E-08   1.62259E-06   8.04477E-04
    NCO          5.08518E-17    10343.       2.72654E-14   1.14562E-12   8.07256E-11   4.00236E-08
    N2           3.05644E-03   6.21682E+17    1.6388        45.908        4852.0       2.40561E+06
    AR            0.0000        0.0000        0.0000        0.0000        0.0000        0.0000    
    C3H7         1.29433E-10   2.63268E+10   6.93987E-08   2.99034E-06   2.05471E-04   0.10187    
    C3H8         7.60200E-08   1.54625E+13   4.07599E-05   1.79740E-03   0.12068        59.833    
    CH2CHO       1.11727E-09   2.27254E+11   5.99053E-07   2.57866E-05   1.77364E-03   0.87937    
    CH3CHO       3.69242E-08   7.51039E+12   1.97978E-05   8.72162E-04   5.86159E-02    29.062    

========================================================================================================================



========================================================================================================================

                         DETAILED SPECIES BALANCE
                                   (all rates are in moles per sec)

   SPECIES           INLET_FR    OUTLET_FR  GAS_PROD_RATE  GAS_DEST_RATE   SURF_NET_PROD    TOTAL_NET
----------------------------------------------------------------------------------------------------------------------------------
 H2                    147.          147.         0.163         0.176          0.00        -1.308E-02
 H                    4.764E-03     4.764E-03     0.215         0.202          0.00         1.344E-02
 O                    4.719E-07     4.719E-07     6.017E-05     9.995E-05      0.00        -3.979E-05
 O2                   2.672E-02     2.672E-02     9.583E-05     3.406E-04      0.00        -2.448E-04
 OH                   2.767E-04     2.767E-04     9.942E-02     0.105          0.00        -5.744E-03
 H2O                   165.          165.         0.138         0.132          0.00         6.268E-03
 HO2                  5.055E-05     5.055E-05     2.818E-04     6.570E-04      0.00        -3.752E-04
 H2O2                 9.836E-06     9.836E-06     1.570E-04     1.408E-04      0.00         1.619E-05
 C                    5.645E-13     5.645E-13     3.779E-11     1.482E-11      0.00         2.298E-11
 CH                   1.210E-10     1.210E-10     3.466E-07     4.654E-07      0.00        -1.188E-07
 CH2                  4.401E-07     4.401E-07     9.244E-05     7.151E-05      0.00         2.094E-05
 CH2(S)               5.725E-09     5.725E-09     8.353E-05     5.965E-05      0.00         2.388E-05
 CH3                  6.698E-03     6.698E-03     8.273E-02     8.880E-02      0.00        -6.067E-03
 CH4                   9.45          9.45         8.850E-02     8.231E-02      0.00         6.187E-03
 CO                    157.          157.         3.738E-02     3.790E-02      0.00        -5.165E-04
 CO2                   54.9          54.9         7.718E-03     7.013E-03      0.00         7.054E-04
 HCO                  5.695E-05     5.695E-05     3.030E-02     3.032E-02      0.00        -1.941E-05
 CH2O                 2.254E-03     2.254E-03     1.270E-04     1.589E-04      0.00        -3.186E-05
 CH2OH                4.148E-07     4.148E-07     3.786E-05     1.997E-05      0.00         1.789E-05
 CH3O                 9.327E-08     9.327E-08     1.481E-05     6.614E-05      0.00        -5.133E-05
 CH3OH                7.468E-04     7.468E-04     3.703E-05     4.634E-05      0.00        -9.309E-06
 C2H                  4.049E-08     4.049E-08     6.294E-05     9.534E-05      0.00        -3.240E-05
 C2H2                 0.164         0.164         5.076E-04     4.075E-04      0.00         1.001E-04
 C2H3                 2.936E-05     2.936E-05     1.363E-03     1.854E-03      0.00        -4.910E-04
 C2H4                 0.112         0.112         2.064E-03     1.494E-03      0.00         5.694E-04
 C2H5                 3.219E-05     3.219E-05     5.998E-04     6.880E-04      0.00        -8.820E-05
 C2H6                 6.700E-03     6.700E-03     2.776E-04     3.782E-04      0.00        -1.006E-04
 HCCO                 4.959E-06     4.959E-06     3.634E-05     1.965E-04      0.00        -1.601E-04
 CH2CO                3.968E-03     3.968E-03     2.997E-04     1.721E-04      0.00         1.276E-04
 HCCOH                1.436E-04     1.436E-04     4.066E-06     1.551E-05      0.00        -1.144E-05
 N                    2.780E-14     2.780E-14     4.267E-13     2.513E-13      0.00         1.755E-13
 NH                   8.521E-14     8.521E-14     2.325E-11     3.930E-12      0.00         1.932E-11
 NH2                  2.605E-12     2.605E-12     2.244E-11     1.145E-10      0.00        -9.204E-11
 NH3                  5.585E-09     5.585E-09     1.111E-10     1.909E-11      0.00         9.286E-11
 NNH                  9.303E-12     9.303E-12     1.085E-05     8.036E-08      0.00         1.077E-05
 NO                   3.112E-10     3.112E-10     4.406E-12     1.353E-12      0.00         3.053E-12
 NO2                  6.545E-12     6.545E-12     1.542E-14     1.901E-12      0.00        -1.886E-12
 N2O                  2.669E-09     2.669E-09     1.368E-11     1.312E-11      0.00         5.622E-13
 HNO                  3.050E-13     3.050E-13     3.282E-12     2.384E-11      0.00        -2.056E-11
 CN                   2.386E-15     2.386E-15     3.908E-13     1.792E-12      0.00        -1.401E-12
 HCN                  2.034E-09     2.034E-09     5.678E-12     3.784E-12      0.00         1.943E-12
 H2CN                 4.613E-15     4.613E-15     3.380E-12     3.356E-12      0.00         2.457E-14
 HCNN                 1.146E-13     1.146E-13     2.879E-11     3.510E-11      0.00        -6.313E-12
 HCNO                 5.378E-11     5.378E-11     5.634E-15     7.342E-13      0.00        -7.286E-13
 HOCN                 1.717E-12     1.717E-12     3.056E-14     1.611E-13      0.00        -1.306E-13
 HNCO                 5.481E-10     5.480E-10     6.581E-12     2.580E-12      0.00         4.019E-12
 NCO                  2.727E-14     2.727E-14     4.461E-13     1.819E-12      0.00        -1.373E-12
 N2                    1.64          1.64         4.227E-07     1.119E-05      0.00        -1.077E-05
 AR                    0.00          0.00          0.00          0.00          0.00          0.00    
 C3H7                 6.940E-08     6.940E-08     4.375E-06     6.561E-06      0.00        -2.186E-06
 C3H8                 4.076E-05     4.076E-05     1.018E-06     5.273E-06      0.00        -4.256E-06
 CH2CHO               5.991E-07     5.991E-07     3.461E-05     7.015E-05      0.00        -3.554E-05
 CH3CHO               1.980E-05     1.980E-05     2.263E-06     4.371E-07      0.00         1.826E-06


========================================================================================================================

                         DETAILED ELEMENT BALANCES
                                   (all rates are in moles per sec)

 ELEMENT          INLET_FR      OUTLET_FR    TOTAL_NET                                                                  
------------------------------------------------------------------------------------------------------------------------
 O                   432.          432.         1.137E-13
 H                   664.          664.          0.00    
 C                   222.          222.         5.684E-14
 N                   3.28          3.28        -4.441E-16
 AR                  0.00          0.00          0.00    

========================================================================================================================



 Total CPUtime: 1 second or less
