temperature 1.600000e+03
pressure 4.700000e+07
velocity 6.863081e+02
velocity_unit 1
area 0.000000e+00
mass_fraction 3.044340e-02
mass_fraction 2.255285e-07
mass_fraction 1.791190e-12
mass_fraction 1.713554e-12
mass_fraction 1.550502e-07
mass_fraction 2.833069e-01
mass_fraction 9.675110e-15
mass_fraction 1.317440e-12
mass_fraction 1.401178e-17
mass_fraction 1.946053e-15
mass_fraction 3.578449e-11
mass_fraction 9.215008e-13
mass_fraction 3.101029e-06
mass_fraction 1.100133e-02
mass_fraction 4.342900e-01
mass_fraction 2.363689e-01
mass_fraction 9.972368e-08
mass_fraction 2.925684e-06
mass_fraction 2.489631e-10
mass_fraction 3.072569e-12
mass_fraction 3.304307e-07
mass_fraction 2.225196e-12
mass_fraction 4.654470e-05
mass_fraction 5.720290e-09
mass_fraction 7.482898e-05
mass_fraction 1.328554e-08
mass_fraction 4.564665e-06
mass_fraction 1.120862e-10
mass_fraction 1.109630e-06
mass_fraction 1.028999e-08
mass_fraction 6.969062e-19
mass_fraction 1.951199e-18
mass_fraction 1.314028e-15
mass_fraction 3.867156e-11
mass_fraction 1.574118e-12
mass_fraction 5.742028e-15
mass_fraction 5.005063e-22
mass_fraction 1.475967e-14
mass_fraction 1.183813e-18
mass_fraction 1.032444e-18
mass_fraction 1.203225e-11
mass_fraction 2.003573e-17
mass_fraction 7.257029e-18
mass_fraction 1.079795e-18
mass_fraction 2.054098e-15
mass_fraction 2.858960e-12
mass_fraction 5.948498e-18
mass_fraction 4.455469e-03
mass_fraction 0.000000e+00
mass_fraction 1.146507e-11
mass_fraction 3.796361e-09
mass_fraction 6.695251e-11
mass_fraction 2.356905e-08
