

     *****************************************************************
     *                   ANSYS Chemkin-Pro 2023 R1                   *
     *                       CHEM Application                        *
     *                GAS-PHASE MECHANISM INTERPRETER                *
     *                 Copyright(c) 2023 ANSYS, Inc.                 *                
     *Run Date and Time: Jun 19, 2025   14:56:11     120 min from UTC*
     *****************************************************************



Initializing CHEMKIN Gas-phase Interpreter a component of ANSYS Chemkin-Pro 2023 R1, Build date: Nov 17, 2022
This and All Other CHEMKIN(R) Libraries are Copyright (c) 2023 Ansys, Inc.  Unauthorized use, distribution, or duplication is prohibited.This product is subject to U.S. laws governing export andre-export.  For full Legal Notice, see documentation.


LICENSE INFORMATION: 
 

LicNum: unknown                                                                                                                                                                                                                                                                                                                                                                                                                                                                                                                 

                WORKING SPACE REQUIREMENTS
                 PROVIDED        REQUIRED 
 LOGICAL               28             28
 INTEGER             9019           9019
 REAL               12181          12181
 CHARACTER           1186           1186

This problem requires      0.093MB of memory for the REAL array.
                          --------------------
                          ELEMENTS     ATOMIC
                          CONSIDERED   WEIGHT
                          --------------------
                           1. O       15.9994    
                           2. H       1.00797    
                           3. C       12.0112    
                           4. N       14.0067    
                           5. AR      39.9480    
                          --------------------
 -------------------------------------------------------------------------------
                            C
                         P  H
                         H  A
                         A  R
 SPECIES                 S  G  MOLECULAR  TEMPERATURE  ELEMENT COUNT
 CONSIDERED              E  E  WEIGHT     LOW    HIGH          O         H         C         N         AR
 -------------------------------------------------------------------------------
     1. H2               G  0 2.0159E+00   200   3500          0         2         0         0         0
     2. H                G  0 1.0080E+00   200   3500          0         1         0         0         0
     3. O                G  0 1.5999E+01   200   3500          1         0         0         0         0
     4. O2               G  0 3.1999E+01   200   3500          2         0         0         0         0
     5. OH               G  0 1.7007E+01   200   3500          1         1         0         0         0
     6. H2O              G  0 1.8015E+01   200   3500          1         2         0         0         0
     7. HO2              G  0 3.3007E+01   200   3500          2         1         0         0         0
     8. H2O2             G  0 3.4015E+01   200   3500          2         2         0         0         0
     9. CH               G  0 1.3019E+01   200   3500          0         1         1         0         0
    10. CH2              G  0 1.4027E+01   200   3500          0         2         1         0         0
    11. CH2(S)           G  0 1.4027E+01   200   3500          0         2         1         0         0
    12. CH3              G  0 1.5035E+01   200   3500          0         3         1         0         0
    13. CH4              G  0 1.6043E+01   200   3500          0         4         1         0         0
    14. CO               G  0 2.8011E+01   200   3500          1         0         1         0         0
    15. CO2              G  0 4.4010E+01   200   3500          2         0         1         0         0
    16. HCO              G  0 2.9019E+01   200   3500          1         1         1         0         0
    17. CH2O             G  0 3.0026E+01   200   3500          1         2         1         0         0
    18. CH2OH            G  0 3.1034E+01   200   3500          1         3         1         0         0
    19. CH3O             G  0 3.1034E+01   300   3000          1         3         1         0         0
    20. CH3OH            G  0 3.2042E+01   200   3500          1         4         1         0         0
    21. C2H2             G  0 2.6038E+01   200   3500          0         2         2         0         0
    22. C2H3             G  0 2.7046E+01   200   3500          0         3         2         0         0
    23. C2H4             G  0 2.8054E+01   200   3500          0         4         2         0         0
    24. C2H5             G  0 2.9062E+01   200   3500          0         5         2         0         0
    25. C2H6             G  0 3.0070E+01   200   3500          0         6         2         0         0
    26. CH2CO            G  0 4.2038E+01   200   3500          1         2         2         0         0
    27. AR               G  0 3.9948E+01   300   5000          0         0         0         0         1
    28. N2               G  0 2.8013E+01   300   5000          0         0         0         2         0
 -------------------------------------------------------------------------------



                                                      (k = A T**b exp(-E/RT))
      REACTIONS CONSIDERED                              A        b        E

   1. 2O+M<=>O2+M                                    1.20E+17   -1.0        0.0
      H2              Enhanced by    2.400E+00
      H2O             Enhanced by    1.540E+01
      CH4             Enhanced by    2.000E+00
      CO              Enhanced by    1.750E+00
      CO2             Enhanced by    3.600E+00
      C2H6            Enhanced by    3.000E+00
      AR              Enhanced by    8.300E-01
   2. O+H+M<=>OH+M                                   5.00E+17   -1.0        0.0
      H2              Enhanced by    2.000E+00
      H2O             Enhanced by    6.000E+00
      CH4             Enhanced by    2.000E+00
      CO              Enhanced by    1.500E+00
      CO2             Enhanced by    2.000E+00
      C2H6            Enhanced by    3.000E+00
      AR              Enhanced by    7.000E-01
   3. O+H2<=>H+OH                                    3.87E+04    2.7     6260.0
   4. O+HO2<=>OH+O2                                  2.00E+13    0.0        0.0
   5. O+H2O2<=>OH+HO2                                9.63E+06    2.0     4000.0
   6. O+CH4<=>OH+CH3                                 1.02E+09    1.5     8600.0
   7. O+CO(+M)<=>CO2(+M)                             1.80E+10    0.0     2385.0
      Low pressure limit:  0.60200E+15  0.00000E+00  0.30000E+04
      H2              Enhanced by    2.000E+00
      O2              Enhanced by    6.000E+00
      H2O             Enhanced by    6.000E+00
      CH4             Enhanced by    2.000E+00
      CO              Enhanced by    1.500E+00
      CO2             Enhanced by    3.500E+00
      C2H6            Enhanced by    3.000E+00
      AR              Enhanced by    5.000E-01
   8. O+HCO<=>OH+CO                                  3.00E+13    0.0        0.0
   9. O+CH3OH<=>OH+CH2OH                             3.88E+05    2.5     3100.0
  10. O+CH3OH<=>OH+CH3O                              1.30E+05    2.5     5000.0
  11. O+C2H2<=>CO+CH2                                6.94E+06    2.0     1900.0
  12. O+C2H5<=>CH3+CH2O                              2.24E+13    0.0        0.0
  13. O+CH2CO<=>CH2+CO2                              1.75E+12    0.0     1350.0
  14. O2+CH2O<=>HO2+HCO                              1.00E+14    0.0    40000.0
  15. H+O2+M<=>HO2+M                                 2.80E+18   -0.9        0.0
      O2              Enhanced by    0.000E+00
      H2O             Enhanced by    0.000E+00
      CO              Enhanced by    7.500E-01
      CO2             Enhanced by    1.500E+00
      C2H6            Enhanced by    1.500E+00
      N2              Enhanced by    0.000E+00
      AR              Enhanced by    0.000E+00
  16. H+2O2<=>HO2+O2                                 2.08E+19   -1.2        0.0
  17. H+O2+H2O<=>HO2+H2O                             1.13E+19   -0.8        0.0
  18. H+O2+N2<=>HO2+N2                               2.60E+19   -1.2        0.0
  19. H+O2<=>O+OH                                    2.65E+16   -0.7    17041.0
  20. 2H+M<=>H2+M                                    1.00E+18   -1.0        0.0
      H2              Enhanced by    0.000E+00
      H2O             Enhanced by    0.000E+00
      CH4             Enhanced by    2.000E+00
      CO2             Enhanced by    0.000E+00
      C2H6            Enhanced by    3.000E+00
      AR              Enhanced by    6.300E-01
  21. 2H+H2<=>2H2                                    9.00E+16   -0.6        0.0
  22. 2H+H2O<=>H2+H2O                                6.00E+19   -1.2        0.0
  23. H+OH+M<=>H2O+M                                 2.20E+22   -2.0        0.0
      H2              Enhanced by    7.300E-01
      H2O             Enhanced by    3.650E+00
      CH4             Enhanced by    2.000E+00
      C2H6            Enhanced by    3.000E+00
      AR              Enhanced by    3.800E-01
  24. H+HO2<=>O+H2O                                  3.97E+12    0.0      671.0
  25. H+HO2<=>O2+H2                                  4.48E+13    0.0     1068.0
  26. H+HO2<=>2OH                                    8.40E+13    0.0      635.0
  27. H+H2O2<=>HO2+H2                                1.21E+07    2.0     5200.0
  28. H+H2O2<=>OH+H2O                                1.00E+13    0.0     3600.0
  29. H+CH3(+M)<=>CH4(+M)                            1.39E+16   -0.5      536.0
      Low pressure limit:  0.26200E+34 -0.47600E+01  0.24400E+04
      TROE centering:      0.78300E+00  0.74000E+02  0.29410E+04  0.69640E+04
      H2              Enhanced by    2.000E+00
      H2O             Enhanced by    6.000E+00
      CH4             Enhanced by    3.000E+00
      CO              Enhanced by    1.500E+00
      CO2             Enhanced by    2.000E+00
      C2H6            Enhanced by    3.000E+00
      AR              Enhanced by    7.000E-01
  30. H+CH4<=>CH3+H2                                 6.60E+08    1.6    10840.0
  31. H+HCO(+M)<=>CH2O(+M)                           1.09E+12    0.5     -260.0
      Low pressure limit:  0.24700E+25 -0.25700E+01  0.42500E+03
      TROE centering:      0.78240E+00  0.27100E+03  0.27550E+04  0.65700E+04
      H2              Enhanced by    2.000E+00
      H2O             Enhanced by    6.000E+00
      CH4             Enhanced by    2.000E+00
      CO              Enhanced by    1.500E+00
      CO2             Enhanced by    2.000E+00
      C2H6            Enhanced by    3.000E+00
      AR              Enhanced by    7.000E-01
  32. H+HCO<=>H2+CO                                  7.34E+13    0.0        0.0
  33. H+CH2O(+M)<=>CH2OH(+M)                         5.40E+11    0.5     3600.0
      Low pressure limit:  0.12700E+33 -0.48200E+01  0.65300E+04
      TROE centering:      0.71870E+00  0.10300E+03  0.12910E+04  0.41600E+04
      H2              Enhanced by    2.000E+00
      H2O             Enhanced by    6.000E+00
      CH4             Enhanced by    2.000E+00
      CO              Enhanced by    1.500E+00
      CO2             Enhanced by    2.000E+00
      C2H6            Enhanced by    3.000E+00
  34. H+CH2O(+M)<=>CH3O(+M)                          5.40E+11    0.5     2600.0
      Low pressure limit:  0.22000E+31 -0.48000E+01  0.55600E+04
      TROE centering:      0.75800E+00  0.94000E+02  0.15550E+04  0.42000E+04
      H2              Enhanced by    2.000E+00
      H2O             Enhanced by    6.000E+00
      CH4             Enhanced by    2.000E+00
      CO              Enhanced by    1.500E+00
      CO2             Enhanced by    2.000E+00
      C2H6            Enhanced by    3.000E+00
  35. H+CH2O<=>HCO+H2                                5.74E+07    1.9     2742.0
  36. H+CH2OH(+M)<=>CH3OH(+M)                        1.06E+12    0.5       86.0
      Low pressure limit:  0.43600E+32 -0.46500E+01  0.50800E+04
      TROE centering:      0.60000E+00  0.10000E+03  0.90000E+05  0.10000E+05
      H2              Enhanced by    2.000E+00
      H2O             Enhanced by    6.000E+00
      CH4             Enhanced by    2.000E+00
      CO              Enhanced by    1.500E+00
      CO2             Enhanced by    2.000E+00
      C2H6            Enhanced by    3.000E+00
  37. H+CH2OH<=>OH+CH3                               1.65E+11    0.7     -284.0
  38. H+CH2OH<=>CH2(S)+H2O                           3.28E+13   -0.1      610.0
  39. H+CH3O(+M)<=>CH3OH(+M)                         2.43E+12    0.5       50.0
      Low pressure limit:  0.46600E+42 -0.74400E+01  0.14080E+05
      TROE centering:      0.70000E+00  0.10000E+03  0.90000E+05  0.10000E+05
      H2              Enhanced by    2.000E+00
      H2O             Enhanced by    6.000E+00
      CH4             Enhanced by    2.000E+00
      CO              Enhanced by    1.500E+00
      CO2             Enhanced by    2.000E+00
      C2H6            Enhanced by    3.000E+00
  40. H+CH3O<=>OH+CH3                                1.50E+12    0.5     -110.0
  41. H+CH3O<=>CH2(S)+H2O                            2.62E+14   -0.2     1070.0
  42. H+CH3OH<=>CH2OH+H2                             1.70E+07    2.1     4870.0
  43. H+CH3OH<=>CH3O+H2                              4.20E+06    2.1     4870.0
  44. H+C2H2(+M)<=>C2H3(+M)                          5.60E+12    0.0     2400.0
      Low pressure limit:  0.38000E+41 -0.72700E+01  0.72200E+04
      TROE centering:      0.75070E+00  0.98500E+02  0.13020E+04  0.41670E+04
      H2              Enhanced by    2.000E+00
      H2O             Enhanced by    6.000E+00
      CH4             Enhanced by    2.000E+00
      CO              Enhanced by    1.500E+00
      CO2             Enhanced by    2.000E+00
      C2H6            Enhanced by    3.000E+00
      AR              Enhanced by    7.000E-01
  45. H+C2H4(+M)<=>C2H5(+M)                          5.40E+11    0.5     1820.0
      Low pressure limit:  0.60000E+42 -0.76200E+01  0.69700E+04
      TROE centering:      0.97530E+00  0.21000E+03  0.98400E+03  0.43740E+04
      H2              Enhanced by    2.000E+00
      H2O             Enhanced by    6.000E+00
      CH4             Enhanced by    2.000E+00
      CO              Enhanced by    1.500E+00
      CO2             Enhanced by    2.000E+00
      C2H6            Enhanced by    3.000E+00
      AR              Enhanced by    7.000E-01
  46. H+C2H4<=>C2H3+H2                               1.32E+06    2.5    12240.0
  47. H+C2H6<=>C2H5+H2                               1.15E+08    1.9     7530.0
  48. H+CH2CO<=>CH3+CO                               1.13E+13    0.0     3428.0
  49. OH+H2<=>H+H2O                                  2.16E+08    1.5     3430.0
  50. 2OH(+M)<=>H2O2(+M)                             7.40E+13   -0.4        0.0
      Low pressure limit:  0.23000E+19 -0.90000E+00 -0.17000E+04
      TROE centering:      0.73460E+00  0.94000E+02  0.17560E+04  0.51820E+04
      H2              Enhanced by    2.000E+00
      H2O             Enhanced by    6.000E+00
      CH4             Enhanced by    2.000E+00
      CO              Enhanced by    1.500E+00
      CO2             Enhanced by    2.000E+00
      C2H6            Enhanced by    3.000E+00
      AR              Enhanced by    7.000E-01
  51. 2OH<=>O+H2O                                    3.57E+04    2.4    -2110.0
  52. OH+HO2<=>O2+H2O                                1.45E+13    0.0     -500.0
      Declared duplicate reaction...
  53. OH+H2O2<=>HO2+H2O                              2.00E+12    0.0      427.0
      Declared duplicate reaction...
  54. OH+H2O2<=>HO2+H2O                              1.70E+18    0.0    29410.0
      Declared duplicate reaction...
  55. OH+CH3(+M)<=>CH3OH(+M)                         2.79E+18   -1.4     1330.0
      Low pressure limit:  0.40000E+37 -0.59200E+01  0.31400E+04
      TROE centering:      0.41200E+00  0.19500E+03  0.59000E+04  0.63940E+04
      H2              Enhanced by    2.000E+00
      H2O             Enhanced by    6.000E+00
      CH4             Enhanced by    2.000E+00
      CO              Enhanced by    1.500E+00
      CO2             Enhanced by    2.000E+00
      C2H6            Enhanced by    3.000E+00
  56. OH+CH3<=>CH2+H2O                               5.60E+07    1.6     5420.0
  57. OH+CH3<=>CH2(S)+H2O                            6.44E+17   -1.3     1417.0
  58. OH+CH4<=>CH3+H2O                               1.00E+08    1.6     3120.0
  59. OH+CO<=>H+CO2                                  4.76E+07    1.2       70.0
  60. OH+CH2O<=>HCO+H2O                              3.43E+09    1.2     -447.0
  61. OH+CH3OH<=>CH2OH+H2O                           1.44E+06    2.0     -840.0
  62. OH+CH3OH<=>CH3O+H2O                            6.30E+06    2.0     1500.0
  63. OH+C2H2<=>H+CH2CO                              2.18E-04    4.5    -1000.0
  64. OH+C2H4<=>C2H3+H2O                             3.60E+06    2.0     2500.0
  65. OH+C2H6<=>C2H5+H2O                             3.54E+06    2.1      870.0
  66. 2HO2<=>O2+H2O2                                 1.30E+11    0.0    -1630.0
      Declared duplicate reaction...
  67. 2HO2<=>O2+H2O2                                 4.20E+14    0.0    12000.0
      Declared duplicate reaction...
  68. HO2+CH3<=>O2+CH4                               1.00E+12    0.0        0.0
  69. HO2+CH3<=>OH+CH3O                              3.78E+13    0.0        0.0
  70. HO2+CO<=>OH+CO2                                1.50E+14    0.0    23600.0
  71. HO2+CH2O<=>HCO+H2O2                            5.60E+06    2.0    12000.0
  72. CH+O2<=>O+HCO                                  6.71E+13    0.0        0.0
  73. CH+H2<=>H+CH2                                  1.08E+14    0.0     3110.0
  74. CH+H2O<=>H+CH2O                                5.71E+12    0.0     -755.0
  75. CH+CH4<=>H+C2H4                                6.00E+13    0.0        0.0
  76. CH+CO2<=>HCO+CO                                1.90E+14    0.0    15792.0
  77. CH2+O2=>OH+H+CO                                5.00E+12    0.0     1500.0
  78. CH2+H2<=>H+CH3                                 5.00E+05    2.0     7230.0
  79. CH2+CH4<=>2CH3                                 2.46E+06    2.0     8270.0
  80. CH2+CO(+M)<=>CH2CO(+M)                         8.10E+11    0.5     4510.0
      Low pressure limit:  0.26900E+34 -0.51100E+01  0.70950E+04
      TROE centering:      0.59070E+00  0.27500E+03  0.12260E+04  0.51850E+04
      H2              Enhanced by    2.000E+00
      H2O             Enhanced by    6.000E+00
      CH4             Enhanced by    2.000E+00
      CO              Enhanced by    1.500E+00
      CO2             Enhanced by    2.000E+00
      C2H6            Enhanced by    3.000E+00
      AR              Enhanced by    7.000E-01
  81. CH2(S)+O2<=>H+OH+CO                            2.80E+13    0.0        0.0
  82. CH2(S)+H2<=>CH3+H                              7.00E+13    0.0        0.0
  83. CH2(S)+H2O(+M)<=>CH3OH(+M)                     4.82E+17   -1.2     1145.0
      Low pressure limit:  0.18800E+39 -0.63600E+01  0.50400E+04
      TROE centering:      0.60270E+00  0.20800E+03  0.39220E+04  0.10180E+05
      H2              Enhanced by    2.000E+00
      H2O             Enhanced by    6.000E+00
      CH4             Enhanced by    2.000E+00
      CO              Enhanced by    1.500E+00
      CO2             Enhanced by    2.000E+00
      C2H6            Enhanced by    3.000E+00
  84. CH2(S)+H2O<=>CH2+H2O                           3.00E+13    0.0        0.0
  85. CH2(S)+CH4<=>2CH3                              1.60E+13    0.0     -570.0
  86. CH2(S)+CO<=>CH2+CO                             9.00E+12    0.0        0.0
  87. CH2(S)+CO2<=>CO+CH2O                           1.40E+13    0.0        0.0
  88. CH3+O2<=>O+CH3O                                3.56E+13    0.0    30480.0
  89. CH3+O2<=>OH+CH2O                               2.31E+12    0.0    20315.0
  90. CH3+H2O2<=>HO2+CH4                             2.45E+04    2.5     5180.0
  91. 2CH3(+M)<=>C2H6(+M)                            6.77E+16   -1.2      654.0
      Low pressure limit:  0.34000E+42 -0.70300E+01  0.27620E+04
      TROE centering:      0.61900E+00  0.73200E+02  0.11800E+04  0.99990E+04
      H2              Enhanced by    2.000E+00
      H2O             Enhanced by    6.000E+00
      CH4             Enhanced by    2.000E+00
      CO              Enhanced by    1.500E+00
      CO2             Enhanced by    2.000E+00
      C2H6            Enhanced by    3.000E+00
      AR              Enhanced by    7.000E-01
  92. 2CH3<=>H+C2H5                                  6.84E+12    0.1    10600.0
  93. CH3+CH2O<=>HCO+CH4                             3.32E+03    2.8     5860.0
  94. CH3+CH3OH<=>CH2OH+CH4                          3.00E+07    1.5     9940.0
  95. CH3+CH3OH<=>CH3O+CH4                           1.00E+07    1.5     9940.0
  96. CH3+C2H4<=>C2H3+CH4                            2.27E+05    2.0     9200.0
  97. CH3+C2H6<=>C2H5+CH4                            6.14E+06    1.7    10450.0
  98. HCO+H2O<=>H+CO+H2O                             1.50E+18   -1.0    17000.0
  99. HCO+M<=>H+CO+M                                 1.87E+17   -1.0    17000.0
      H2              Enhanced by    2.000E+00
      H2O             Enhanced by    0.000E+00
      CH4             Enhanced by    2.000E+00
      CO              Enhanced by    1.500E+00
      CO2             Enhanced by    2.000E+00
      C2H6            Enhanced by    3.000E+00
 100. HCO+O2<=>HO2+CO                                1.34E+13    0.0      400.0
 101. CH2OH+O2<=>HO2+CH2O                            1.80E+13    0.0      900.0
 102. CH3O+O2<=>HO2+CH2O                             4.28E-13    7.6    -3530.0
 103. C2H3+O2<=>HCO+CH2O                             4.58E+16   -1.4     1015.0
 104. C2H4(+M)<=>H2+C2H2(+M)                         8.00E+12    0.4    86770.0
      Low pressure limit:  0.15800E+52 -0.93000E+01  0.97800E+05
      TROE centering:      0.73450E+00  0.18000E+03  0.10350E+04  0.54170E+04
      H2              Enhanced by    2.000E+00
      H2O             Enhanced by    6.000E+00
      CH4             Enhanced by    2.000E+00
      CO              Enhanced by    1.500E+00
      CO2             Enhanced by    2.000E+00
      C2H6            Enhanced by    3.000E+00
      AR              Enhanced by    7.000E-01
 105. C2H5+O2<=>HO2+C2H4                             8.40E+11    0.0     3875.0
 106. O+CH3=>H+H2+CO                                 3.37E+13    0.0        0.0
 107. OH+HO2<=>O2+H2O                                5.00E+15    0.0    17330.0
      Declared duplicate reaction...
 108. OH+CH3=>H2+CH2O                                8.00E+09    0.5    -1755.0
 109. CH+H2(+M)<=>CH3(+M)                            1.97E+12    0.4     -370.0
      Low pressure limit:  0.48200E+26 -0.28000E+01  0.59000E+03
      TROE centering:      0.57800E+00  0.12200E+03  0.25350E+04  0.93650E+04
      H2              Enhanced by    2.000E+00
      H2O             Enhanced by    6.000E+00
      CH4             Enhanced by    2.000E+00
      CO              Enhanced by    1.500E+00
      CO2             Enhanced by    2.000E+00
      C2H6            Enhanced by    3.000E+00
      AR              Enhanced by    7.000E-01
 110. CH2+O2=>2H+CO2                                 5.80E+12    0.0     1500.0
 111. CH2(S)+H2O=>H2+CH2O                            6.82E+10    0.2     -935.0
 112. C2H3+O2<=>HO2+C2H2                             1.34E+06    1.6     -384.0

 UNITS for the preceding reactions (unless otherwise noted):
       A units mole-cm-sec-K, E units cal/mole




 NO ERRORS FOUND ON INPUT: 
 ASCII Vers. 4.5.0 CHEMKIN linkfile chem.asc written.


      NOTE (for information purposes only),
      the following species do not participate in any reaction:
      AR              

 GAS PHASE WORKING SPACE REQUIREMENTS ARE
    INTEGER:       6788
    REAL:          2682
    CHARACTER:       34

 Total CPUtime: 1 second or less
