

     *****************************************************************
     *                   ANSYS Chemkin-Pro 2023 R1                   *
     *                      AURORA Application                       *
     *         PERFECTLY STIRRED OR PLUG FLOW REACTOR MODEL          *
     *                 Copyright(c) 2023 ANSYS, Inc.                 *                
     *Run Date and Time: Jul 30, 2025   01:32:29     120 min from UTC*
     *****************************************************************



Running CHEMKIN-PRO
Running Multi-threaded mode

                WORKING SPACE REQUIREMENTS
                 PROVIDED        REQUIRED 
 LOGICAL              180            180
 INTEGER            43640          43640
 REAL               39452          39452
 CHARACTER            127            127

This problem requires      0.301MB of memory for the REAL array.

Initializing CHEMKIN Gas-phase Library a component of ANSYS Chemkin-Pro 2023 R1, Build date: Nov 17, 2022
This and All Other CHEMKIN(R) Libraries are Copyright (c) 2023 Ansys, Inc.  Unauthorized use, distribution, or duplication is prohibited.This product is subject to U.S. laws governing export andre-export.  For full Legal Notice, see documentation.


LICENSE INFORMATION: 
 

LicNum: unknown                                                                                                                                                                                                                                                                                                                                                                                                                                                                                                                 
          INLET STREAM FOUND FOR REACTOR     1: C1_Inlet1                                                                                                                                                                                                                                                          
          INLET STREAM FOUND FOR REACTOR     1: C1_Inlet2                                                                                                                                                                                                                                                          
          INLET STREAM FOUND FOR REACTOR     1: C1_Inlet3                                                                                                                                                                                                                                                          

           KEYWORD INPUT 

          !
          ! problem type definition
          !
          ENRG   ! Solve Gas Energy Equation
          STST   ! Steady State Solver
          !
          ! physical property
          !
          !Surface_Temperature   ! Surface Temperature Same as Gas Temperature
          PRES 46.3853935356526   ! Pressure (atm)
          QLOS 1.0119789674952E5   ! Heat Loss (cal/sec)
          TEMP 1600.0   ! Temperature (K)
          VOL 1.37E4   ! Volume (cm3)
          !
          ! solver control
          !
          !
          ! output control and other misc. property
          !
          CSVOUTPUT_KOUT CH4 FIXED_mass_fraction   ! Table Output Parameter
          CSVOUTPUT_KOUT CO FIXED_mass_fraction   ! Table Output Parameter
          CSVOUTPUT_KOUT CO2 FIXED_mass_fraction   ! Table Output Parameter
          CSVOUTPUT_KOUT H2 FIXED_mass_fraction   ! Table Output Parameter
          CSVOUTPUT_KOUT H2O FIXED_mass_fraction   ! Table Output Parameter
          CSVOUTPUT_WRITE   ! Write CSV Output File
          EPSR 0.01   ! Threshold for Rate of Production
          EPSS 0.001   ! Threshold for Species Sensitivity
          EPST 0.001   ! Threshold for Temperature Sensitivity
          GFAC 1.0   ! Gas Reaction Rate Multiplier
          IEEE_CHECK_USUAL 0   ! Disable Over/Underflow Check
          PRNT 1   ! Print Level Control
          SDOUTPUT_WRITE   ! Write Standard Diagnostic Output
          SIZE 100000000   ! Solution Data Block Size (bytes)
          !
          ! physical property
          !
          FLRT C1_Inlet1 50.7   ! Mass Flow Rate (g/sec)
          TINL C1_Inlet1 339.75   ! Inlet Temperature (K)
          !
          ! species property
          !
          REAC C1_Inlet1 C2H6 0.0542   ! Reactant Fraction (mole fraction)
          REAC C1_Inlet1 C3H8 0.00227   ! Reactant Fraction (mole fraction)
          REAC C1_Inlet1 CH4 0.91751   ! Reactant Fraction (mole fraction)
          REAC C1_Inlet1 CO2 0.01221   ! Reactant Fraction (mole fraction)
          REAC C1_Inlet1 N2 0.01142   ! Reactant Fraction (mole fraction)
          INLET C1_Inlet1 1   ! Inlet Stream
          !
          ! physical property
          !
          FLRT C1_Inlet2 70.0457   ! Mass Flow Rate (g/sec)
          TINL C1_Inlet2 505.04   ! Inlet Temperature (K)
          !
          ! species property
          !
          REAC C1_Inlet2 H2O 0.0386677   ! Reactant Fraction (mole fraction)
          REAC C1_Inlet2 O2 0.9613323   ! Reactant Fraction (mole fraction)
          INLET C1_Inlet2 1   ! Inlet Stream
          !
          ! physical property
          !
          FLRT C1_Inlet3 10.75   ! Mass Flow Rate (g/sec)
          TINL C1_Inlet3 626.6   ! Inlet Temperature (K)
          !
          ! species property
          !
          REAC C1_Inlet3 H2O 1.0   ! Reactant Fraction (mole fraction)
          INLET C1_Inlet3 1   ! Inlet Stream
          ! Number of Continuation 0   ! Continuation Count
          END
  CAUTION...REACTANT MOLE FRACTIONS SUM TO   0.997610000000000     
          FOR STREAM C1_Inlet1
          MOLE FRACTIONS WILL BE NORMALIZED.

 FIRST SOLUTION ESTIMATE FOR PSR #  1 IS EQUILIBRIUM 


========================================================================================================================
     KINETICS MECHANISM:
        Total number of gas phase species     =   53
        Total number of gas phase reactions   =  325
========================================================================================================================


========================================================================================================================
     REACTOR #    1 CONDITIONS FOR INLET NAMED: C1_Inlet1
          Inlet mass flow rate =    50.7     gm/sec
               (which, based on an estimated reactor density =   4.818E-03 gm/cm^3 
                       and  on a reactor volume  =   1.370E+04 cm^3, 
                      produces an estimated residence time) =   0.502     sec


          Inlet temperature =   339.75     Kelvin
          Inlet pressure (assumed equal to reactor pressure) =    46.4     atm
          Inlet density =  2.88642E-02 gm/cm^3 
          Inlet mean molecular weight =   17.348     gm/mole
          Inlet molar flow rate      =   2.9225     moles/sec
          Inlet volumetric flow rate =   1756.5     cm^3/sec 
               (based on reactor pressure and inlet temperature)
                                     =  4.28998E+06 SCCM
                                     =   4290.0     SLPM

     INLET CONDITIONS FOR GAS PHASE MOLECULAR SPECIES IN C1_Inlet1

   Species        mole_frac     moles/sec       gm/sec       cm^3/sec        SCCM            SLPM
------------------------------------------------------------------------------------------------------
    H2           0.0000        0.0000        0.0000        0.0000        0.0000        0.0000     
    H            0.0000        0.0000        0.0000        0.0000        0.0000        0.0000     
    O            0.0000        0.0000        0.0000        0.0000        0.0000        0.0000     
    O2           0.0000        0.0000        0.0000        0.0000        0.0000        0.0000     
    OH           0.0000        0.0000        0.0000        0.0000        0.0000        0.0000     
    H2O          0.0000        0.0000        0.0000        0.0000        0.0000        0.0000     
    HO2          0.0000        0.0000        0.0000        0.0000        0.0000        0.0000     
    H2O2         0.0000        0.0000        0.0000        0.0000        0.0000        0.0000     
    C            0.0000        0.0000        0.0000        0.0000        0.0000        0.0000     
    CH           0.0000        0.0000        0.0000        0.0000        0.0000        0.0000     
    CH2          0.0000        0.0000        0.0000        0.0000        0.0000        0.0000     
    CH2(S)       0.0000        0.0000        0.0000        0.0000        0.0000        0.0000     
    CH3          0.0000        0.0000        0.0000        0.0000        0.0000        0.0000     
    CH4         0.91971        2.6878        43.121        1615.5       3.94553E+006   3945.5     
    CO           0.0000        0.0000        0.0000        0.0000        0.0000        0.0000     
    CO2         1.22393E-002  3.57690E-002   1.5742        21.498        52506.        52.506     
    HCO          0.0000        0.0000        0.0000        0.0000        0.0000        0.0000     
    CH2O         0.0000        0.0000        0.0000        0.0000        0.0000        0.0000     
    CH2OH        0.0000        0.0000        0.0000        0.0000        0.0000        0.0000     
    CH3O         0.0000        0.0000        0.0000        0.0000        0.0000        0.0000     
    CH3OH        0.0000        0.0000        0.0000        0.0000        0.0000        0.0000     
    C2H          0.0000        0.0000        0.0000        0.0000        0.0000        0.0000     
    C2H2         0.0000        0.0000        0.0000        0.0000        0.0000        0.0000     
    C2H3         0.0000        0.0000        0.0000        0.0000        0.0000        0.0000     
    C2H4         0.0000        0.0000        0.0000        0.0000        0.0000        0.0000     
    C2H5         0.0000        0.0000        0.0000        0.0000        0.0000        0.0000     
    C2H6        5.43298E-002  0.15878        4.7745        95.430       2.33074E+005   233.07     
    HCCO         0.0000        0.0000        0.0000        0.0000        0.0000        0.0000     
    CH2CO        0.0000        0.0000        0.0000        0.0000        0.0000        0.0000     
    HCCOH        0.0000        0.0000        0.0000        0.0000        0.0000        0.0000     
    N            0.0000        0.0000        0.0000        0.0000        0.0000        0.0000     
    NH           0.0000        0.0000        0.0000        0.0000        0.0000        0.0000     
    NH2          0.0000        0.0000        0.0000        0.0000        0.0000        0.0000     
    NH3          0.0000        0.0000        0.0000        0.0000        0.0000        0.0000     
    NNH          0.0000        0.0000        0.0000        0.0000        0.0000        0.0000     
    NO           0.0000        0.0000        0.0000        0.0000        0.0000        0.0000     
    NO2          0.0000        0.0000        0.0000        0.0000        0.0000        0.0000     
    N2O          0.0000        0.0000        0.0000        0.0000        0.0000        0.0000     
    HNO          0.0000        0.0000        0.0000        0.0000        0.0000        0.0000     
    CN           0.0000        0.0000        0.0000        0.0000        0.0000        0.0000     
    HCN          0.0000        0.0000        0.0000        0.0000        0.0000        0.0000     
    H2CN         0.0000        0.0000        0.0000        0.0000        0.0000        0.0000     
    HCNN         0.0000        0.0000        0.0000        0.0000        0.0000        0.0000     
    HCNO         0.0000        0.0000        0.0000        0.0000        0.0000        0.0000     
    HOCN         0.0000        0.0000        0.0000        0.0000        0.0000        0.0000     
    HNCO         0.0000        0.0000        0.0000        0.0000        0.0000        0.0000     
    NCO          0.0000        0.0000        0.0000        0.0000        0.0000        0.0000     
    N2          1.14474E-002  3.34547E-002  0.93718        20.107        49109.        49.109     
    AR           0.0000        0.0000        0.0000        0.0000        0.0000        0.0000     
    C3H7         0.0000        0.0000        0.0000        0.0000        0.0000        0.0000     
    C3H8        2.27544E-003  6.64992E-003  0.29324        3.9968        9761.6        9.7616     
    CH2CHO       0.0000        0.0000        0.0000        0.0000        0.0000        0.0000     
    CH3CHO       0.0000        0.0000        0.0000        0.0000        0.0000        0.0000     

========================================================================================================================



========================================================================================================================
     REACTOR #    1 CONDITIONS FOR INLET NAMED: C1_Inlet2
          Inlet mass flow rate =    70.0     gm/sec
               (which, based on an estimated reactor density =   4.818E-03 gm/cm^3 
                       and  on a reactor volume  =   1.370E+04 cm^3, 
                      produces an estimated residence time) =   0.502     sec


          Inlet temperature =   505.04     Kelvin
          Inlet pressure (assumed equal to reactor pressure) =    46.4     atm
          Inlet density =  3.52103E-02 gm/cm^3 
          Inlet mean molecular weight =   31.458     gm/mole
          Inlet molar flow rate      =   2.2266     moles/sec
          Inlet volumetric flow rate =   1989.4     cm^3/sec 
               (based on reactor pressure and inlet temperature)
                                     =  3.26854E+06 SCCM
                                     =   3268.5     SLPM

     INLET CONDITIONS FOR GAS PHASE MOLECULAR SPECIES IN C1_Inlet2

   Species        mole_frac     moles/sec       gm/sec       cm^3/sec        SCCM            SLPM
------------------------------------------------------------------------------------------------------
    H2           0.0000        0.0000        0.0000        0.0000        0.0000        0.0000     
    H            0.0000        0.0000        0.0000        0.0000        0.0000        0.0000     
    O            0.0000        0.0000        0.0000        0.0000        0.0000        0.0000     
    O2          0.96133        2.1405        68.495        1912.4       3.14215E+006   3142.1     
    OH           0.0000        0.0000        0.0000        0.0000        0.0000        0.0000     
    H2O         3.86677E-002  8.60989E-002   1.5511        76.924       1.26387E+005   126.39     
    HO2          0.0000        0.0000        0.0000        0.0000        0.0000        0.0000     
    H2O2         0.0000        0.0000        0.0000        0.0000        0.0000        0.0000     
    C            0.0000        0.0000        0.0000        0.0000        0.0000        0.0000     
    CH           0.0000        0.0000        0.0000        0.0000        0.0000        0.0000     
    CH2          0.0000        0.0000        0.0000        0.0000        0.0000        0.0000     
    CH2(S)       0.0000        0.0000        0.0000        0.0000        0.0000        0.0000     
    CH3          0.0000        0.0000        0.0000        0.0000        0.0000        0.0000     
    CH4          0.0000        0.0000        0.0000        0.0000        0.0000        0.0000     
    CO           0.0000        0.0000        0.0000        0.0000        0.0000        0.0000     
    CO2          0.0000        0.0000        0.0000        0.0000        0.0000        0.0000     
    HCO          0.0000        0.0000        0.0000        0.0000        0.0000        0.0000     
    CH2O         0.0000        0.0000        0.0000        0.0000        0.0000        0.0000     
    CH2OH        0.0000        0.0000        0.0000        0.0000        0.0000        0.0000     
    CH3O         0.0000        0.0000        0.0000        0.0000        0.0000        0.0000     
    CH3OH        0.0000        0.0000        0.0000        0.0000        0.0000        0.0000     
    C2H          0.0000        0.0000        0.0000        0.0000        0.0000        0.0000     
    C2H2         0.0000        0.0000        0.0000        0.0000        0.0000        0.0000     
    C2H3         0.0000        0.0000        0.0000        0.0000        0.0000        0.0000     
    C2H4         0.0000        0.0000        0.0000        0.0000        0.0000        0.0000     
    C2H5         0.0000        0.0000        0.0000        0.0000        0.0000        0.0000     
    C2H6         0.0000        0.0000        0.0000        0.0000        0.0000        0.0000     
    HCCO         0.0000        0.0000        0.0000        0.0000        0.0000        0.0000     
    CH2CO        0.0000        0.0000        0.0000        0.0000        0.0000        0.0000     
    HCCOH        0.0000        0.0000        0.0000        0.0000        0.0000        0.0000     
    N            0.0000        0.0000        0.0000        0.0000        0.0000        0.0000     
    NH           0.0000        0.0000        0.0000        0.0000        0.0000        0.0000     
    NH2          0.0000        0.0000        0.0000        0.0000        0.0000        0.0000     
    NH3          0.0000        0.0000        0.0000        0.0000        0.0000        0.0000     
    NNH          0.0000        0.0000        0.0000        0.0000        0.0000        0.0000     
    NO           0.0000        0.0000        0.0000        0.0000        0.0000        0.0000     
    NO2          0.0000        0.0000        0.0000        0.0000        0.0000        0.0000     
    N2O          0.0000        0.0000        0.0000        0.0000        0.0000        0.0000     
    HNO          0.0000        0.0000        0.0000        0.0000        0.0000        0.0000     
    CN           0.0000        0.0000        0.0000        0.0000        0.0000        0.0000     
    HCN          0.0000        0.0000        0.0000        0.0000        0.0000        0.0000     
    H2CN         0.0000        0.0000        0.0000        0.0000        0.0000        0.0000     
    HCNN         0.0000        0.0000        0.0000        0.0000        0.0000        0.0000     
    HCNO         0.0000        0.0000        0.0000        0.0000        0.0000        0.0000     
    HOCN         0.0000        0.0000        0.0000        0.0000        0.0000        0.0000     
    HNCO         0.0000        0.0000        0.0000        0.0000        0.0000        0.0000     
    NCO          0.0000        0.0000        0.0000        0.0000        0.0000        0.0000     
    N2           0.0000        0.0000        0.0000        0.0000        0.0000        0.0000     
    AR           0.0000        0.0000        0.0000        0.0000        0.0000        0.0000     
    C3H7         0.0000        0.0000        0.0000        0.0000        0.0000        0.0000     
    C3H8         0.0000        0.0000        0.0000        0.0000        0.0000        0.0000     
    CH2CHO       0.0000        0.0000        0.0000        0.0000        0.0000        0.0000     
    CH3CHO       0.0000        0.0000        0.0000        0.0000        0.0000        0.0000     

========================================================================================================================



========================================================================================================================
     REACTOR #    1 CONDITIONS FOR INLET NAMED: C1_Inlet3
          Inlet mass flow rate =    10.8     gm/sec
               (which, based on an estimated reactor density =   4.818E-03 gm/cm^3 
                       and  on a reactor volume  =   1.370E+04 cm^3, 
                      produces an estimated residence time) =   0.502     sec


          Inlet temperature =   626.60     Kelvin
          Inlet pressure (assumed equal to reactor pressure) =    46.4     atm
          Inlet density =  1.62523E-02 gm/cm^3 
          Inlet mean molecular weight =   18.015     gm/mole
          Inlet molar flow rate      =  0.59671     moles/sec
          Inlet volumetric flow rate =   661.44     cm^3/sec 
               (based on reactor pressure and inlet temperature)
                                     =  8.75932E+05 SCCM
                                     =   875.93     SLPM

     INLET CONDITIONS FOR GAS PHASE MOLECULAR SPECIES IN C1_Inlet3

   Species        mole_frac     moles/sec       gm/sec       cm^3/sec        SCCM            SLPM
------------------------------------------------------------------------------------------------------
    H2           0.0000        0.0000        0.0000        0.0000        0.0000        0.0000     
    H            0.0000        0.0000        0.0000        0.0000        0.0000        0.0000     
    O            0.0000        0.0000        0.0000        0.0000        0.0000        0.0000     
    O2           0.0000        0.0000        0.0000        0.0000        0.0000        0.0000     
    OH           0.0000        0.0000        0.0000        0.0000        0.0000        0.0000     
    H2O          1.0000       0.59671        10.750        661.44       8.75932E+005   875.93     
    HO2          0.0000        0.0000        0.0000        0.0000        0.0000        0.0000     
    H2O2         0.0000        0.0000        0.0000        0.0000        0.0000        0.0000     
    C            0.0000        0.0000        0.0000        0.0000        0.0000        0.0000     
    CH           0.0000        0.0000        0.0000        0.0000        0.0000        0.0000     
    CH2          0.0000        0.0000        0.0000        0.0000        0.0000        0.0000     
    CH2(S)       0.0000        0.0000        0.0000        0.0000        0.0000        0.0000     
    CH3          0.0000        0.0000        0.0000        0.0000        0.0000        0.0000     
    CH4          0.0000        0.0000        0.0000        0.0000        0.0000        0.0000     
    CO           0.0000        0.0000        0.0000        0.0000        0.0000        0.0000     
    CO2          0.0000        0.0000        0.0000        0.0000        0.0000        0.0000     
    HCO          0.0000        0.0000        0.0000        0.0000        0.0000        0.0000     
    CH2O         0.0000        0.0000        0.0000        0.0000        0.0000        0.0000     
    CH2OH        0.0000        0.0000        0.0000        0.0000        0.0000        0.0000     
    CH3O         0.0000        0.0000        0.0000        0.0000        0.0000        0.0000     
    CH3OH        0.0000        0.0000        0.0000        0.0000        0.0000        0.0000     
    C2H          0.0000        0.0000        0.0000        0.0000        0.0000        0.0000     
    C2H2         0.0000        0.0000        0.0000        0.0000        0.0000        0.0000     
    C2H3         0.0000        0.0000        0.0000        0.0000        0.0000        0.0000     
    C2H4         0.0000        0.0000        0.0000        0.0000        0.0000        0.0000     
    C2H5         0.0000        0.0000        0.0000        0.0000        0.0000        0.0000     
    C2H6         0.0000        0.0000        0.0000        0.0000        0.0000        0.0000     
    HCCO         0.0000        0.0000        0.0000        0.0000        0.0000        0.0000     
    CH2CO        0.0000        0.0000        0.0000        0.0000        0.0000        0.0000     
    HCCOH        0.0000        0.0000        0.0000        0.0000        0.0000        0.0000     
    N            0.0000        0.0000        0.0000        0.0000        0.0000        0.0000     
    NH           0.0000        0.0000        0.0000        0.0000        0.0000        0.0000     
    NH2          0.0000        0.0000        0.0000        0.0000        0.0000        0.0000     
    NH3          0.0000        0.0000        0.0000        0.0000        0.0000        0.0000     
    NNH          0.0000        0.0000        0.0000        0.0000        0.0000        0.0000     
    NO           0.0000        0.0000        0.0000        0.0000        0.0000        0.0000     
    NO2          0.0000        0.0000        0.0000        0.0000        0.0000        0.0000     
    N2O          0.0000        0.0000        0.0000        0.0000        0.0000        0.0000     
    HNO          0.0000        0.0000        0.0000        0.0000        0.0000        0.0000     
    CN           0.0000        0.0000        0.0000        0.0000        0.0000        0.0000     
    HCN          0.0000        0.0000        0.0000        0.0000        0.0000        0.0000     
    H2CN         0.0000        0.0000        0.0000        0.0000        0.0000        0.0000     
    HCNN         0.0000        0.0000        0.0000        0.0000        0.0000        0.0000     
    HCNO         0.0000        0.0000        0.0000        0.0000        0.0000        0.0000     
    HOCN         0.0000        0.0000        0.0000        0.0000        0.0000        0.0000     
    HNCO         0.0000        0.0000        0.0000        0.0000        0.0000        0.0000     
    NCO          0.0000        0.0000        0.0000        0.0000        0.0000        0.0000     
    N2           0.0000        0.0000        0.0000        0.0000        0.0000        0.0000     
    AR           0.0000        0.0000        0.0000        0.0000        0.0000        0.0000     
    C3H7         0.0000        0.0000        0.0000        0.0000        0.0000        0.0000     
    C3H8         0.0000        0.0000        0.0000        0.0000        0.0000        0.0000     
    CH2CHO       0.0000        0.0000        0.0000        0.0000        0.0000        0.0000     
    CH3CHO       0.0000        0.0000        0.0000        0.0000        0.0000        0.0000     

========================================================================================================================



 TWOPNT:  DOUBLE PRECISION (TWO POINT BOUNDARY VALUE PROBLEM) SOLVER,
          VERSION 3.30 OF APRIL 1998 BY DR. JOSEPH F. GRCAR.

 TWOPNT:  INITIAL GUESS:


========================================================================================================================
                              PSPRNT: Printing of current solution from TWOPNT:
========================================================================================================================


               RESIDENCE TIME                  5.0195E-01  SEC
               MASS FLOW RATE                  1.3150E+02  GM/SEC
               PRESSURE                        46.39      ATM
               MASS DENSITY                   4.8178E-03  GM/CM^3
               VOLUME                         1.3700E+04  CM^3
               TOTAL MASS                      66.00      G
               TOTAL SURFACE AREA              0.000      CM^2
               TOTAL SURFACE TO VOLUME RATIO   0.000      CM-1
               GAS CHEM HEAT PRODUCTION        1.1657E-04  CAL/S/CM^3
               TEMPERATURE (FIXED)             1600.0000  K
               SURF TEMP, MATERIAL1            1600.0000  K  (same as gas temp)


   INLET  GAS PHASE MOLE FRACTIONS FOR INLET NAMED C1_Inlet1

    H2              =  0.0000E+000       H               =  0.0000E+000       O               =  0.0000E+000
    O2              =  0.0000E+000       OH              =  0.0000E+000       H2O             =  0.0000E+000
    HO2             =  0.0000E+000       H2O2            =  0.0000E+000       C               =  0.0000E+000
    CH              =  0.0000E+000       CH2             =  0.0000E+000       CH2(S)          =  0.0000E+000
    CH3             =  0.0000E+000       CH4             =  9.1971E-001       CO              =  0.0000E+000
    CO2             =  1.2239E-002       HCO             =  0.0000E+000       CH2O            =  0.0000E+000
    CH2OH           =  0.0000E+000       CH3O            =  0.0000E+000       CH3OH           =  0.0000E+000
    C2H             =  0.0000E+000       C2H2            =  0.0000E+000       C2H3            =  0.0000E+000
    C2H4            =  0.0000E+000       C2H5            =  0.0000E+000       C2H6            =  5.4330E-002
    HCCO            =  0.0000E+000       CH2CO           =  0.0000E+000       HCCOH           =  0.0000E+000
    N               =  0.0000E+000       NH              =  0.0000E+000       NH2             =  0.0000E+000
    NH3             =  0.0000E+000       NNH             =  0.0000E+000       NO              =  0.0000E+000
    NO2             =  0.0000E+000       N2O             =  0.0000E+000       HNO             =  0.0000E+000
    CN              =  0.0000E+000       HCN             =  0.0000E+000       H2CN            =  0.0000E+000
    HCNN            =  0.0000E+000       HCNO            =  0.0000E+000       HOCN            =  0.0000E+000
    HNCO            =  0.0000E+000       NCO             =  0.0000E+000       N2              =  1.1447E-002
    AR              =  0.0000E+000       C3H7            =  0.0000E+000       C3H8            =  2.2754E-003
    CH2CHO          =  0.0000E+000       CH3CHO          =  0.0000E+000


   INLET  GAS PHASE MOLE FRACTIONS FOR INLET NAMED C1_Inlet2

    H2              =  0.0000E+000       H               =  0.0000E+000       O               =  0.0000E+000
    O2              =  9.6133E-001       OH              =  0.0000E+000       H2O             =  3.8668E-002
    HO2             =  0.0000E+000       H2O2            =  0.0000E+000       C               =  0.0000E+000
    CH              =  0.0000E+000       CH2             =  0.0000E+000       CH2(S)          =  0.0000E+000
    CH3             =  0.0000E+000       CH4             =  0.0000E+000       CO              =  0.0000E+000
    CO2             =  0.0000E+000       HCO             =  0.0000E+000       CH2O            =  0.0000E+000
    CH2OH           =  0.0000E+000       CH3O            =  0.0000E+000       CH3OH           =  0.0000E+000
    C2H             =  0.0000E+000       C2H2            =  0.0000E+000       C2H3            =  0.0000E+000
    C2H4            =  0.0000E+000       C2H5            =  0.0000E+000       C2H6            =  0.0000E+000
    HCCO            =  0.0000E+000       CH2CO           =  0.0000E+000       HCCOH           =  0.0000E+000
    N               =  0.0000E+000       NH              =  0.0000E+000       NH2             =  0.0000E+000
    NH3             =  0.0000E+000       NNH             =  0.0000E+000       NO              =  0.0000E+000
    NO2             =  0.0000E+000       N2O             =  0.0000E+000       HNO             =  0.0000E+000
    CN              =  0.0000E+000       HCN             =  0.0000E+000       H2CN            =  0.0000E+000
    HCNN            =  0.0000E+000       HCNO            =  0.0000E+000       HOCN            =  0.0000E+000
    HNCO            =  0.0000E+000       NCO             =  0.0000E+000       N2              =  0.0000E+000
    AR              =  0.0000E+000       C3H7            =  0.0000E+000       C3H8            =  0.0000E+000
    CH2CHO          =  0.0000E+000       CH3CHO          =  0.0000E+000


   INLET  GAS PHASE MOLE FRACTIONS FOR INLET NAMED C1_Inlet3

    H2              =  0.0000E+000       H               =  0.0000E+000       O               =  0.0000E+000
    O2              =  0.0000E+000       OH              =  0.0000E+000       H2O             =  1.0000E+000
    HO2             =  0.0000E+000       H2O2            =  0.0000E+000       C               =  0.0000E+000
    CH              =  0.0000E+000       CH2             =  0.0000E+000       CH2(S)          =  0.0000E+000
    CH3             =  0.0000E+000       CH4             =  0.0000E+000       CO              =  0.0000E+000
    CO2             =  0.0000E+000       HCO             =  0.0000E+000       CH2O            =  0.0000E+000
    CH2OH           =  0.0000E+000       CH3O            =  0.0000E+000       CH3OH           =  0.0000E+000
    C2H             =  0.0000E+000       C2H2            =  0.0000E+000       C2H3            =  0.0000E+000
    C2H4            =  0.0000E+000       C2H5            =  0.0000E+000       C2H6            =  0.0000E+000
    HCCO            =  0.0000E+000       CH2CO           =  0.0000E+000       HCCOH           =  0.0000E+000
    N               =  0.0000E+000       NH              =  0.0000E+000       NH2             =  0.0000E+000
    NH3             =  0.0000E+000       NNH             =  0.0000E+000       NO              =  0.0000E+000
    NO2             =  0.0000E+000       N2O             =  0.0000E+000       HNO             =  0.0000E+000
    CN              =  0.0000E+000       HCN             =  0.0000E+000       H2CN            =  0.0000E+000
    HCNN            =  0.0000E+000       HCNO            =  0.0000E+000       HOCN            =  0.0000E+000
    HNCO            =  0.0000E+000       NCO             =  0.0000E+000       N2              =  0.0000E+000
    AR              =  0.0000E+000       C3H7            =  0.0000E+000       C3H8            =  0.0000E+000
    CH2CHO          =  0.0000E+000       CH3CHO          =  0.0000E+000


   EXIT    GAS PHASE MOLE FRACTIONS 

    H2              =  5.0603E-001       H               =  5.6808E-006       O               =  7.0899E-013
    O2              =  1.1093E-013       OH              =  7.6012E-008       H2O             =  1.7303E-001
    HO2             =  8.0858E-016       H2O2            =  1.4150E-013       C               =  4.5766E-019
    CH              =  7.7431E-017       CH2             =  1.5672E-012       CH2(S)          =  4.3696E-014
    CH3             =  1.4969E-007       CH4             =  6.5680E-004       CO              =  2.8441E-001
    CO2             =  3.2380E-002       HCO             =  8.4099E-008       CH2O            =  2.9049E-006
    CH2OH           =  9.8968E-011       CH3O            =  8.4677E-013       CH3OH           =  3.9883E-008
    C2H             =  5.9702E-016       C2H2            =  1.5843E-008       C2H3            =  2.4997E-012
    C2H4            =  4.1602E-008       C2H5            =  9.5221E-012       C2H6            =  4.1837E-009
    HCCO            =  1.1535E-012       CH2CO           =  1.4707E-008       HCCOH           =  8.8768E-013
    N               =  5.7916E-015       NH              =  1.0346E-012       NH2             =  1.2037E-009
    NH3             =  4.6409E-005       NNH             =  1.5671E-012       NO              =  9.3432E-011
    NO2             =  1.8691E-018       N2O             =  2.5274E-015       HNO             =  1.0087E-013
    CN              =  2.6734E-013       HCN             =  3.9658E-006       H2CN            =  8.4042E-012
    HCNN            =  1.0425E-019       HCNO            =  2.7569E-016       HOCN            =  1.6823E-010
    HNCO            =  4.9748E-007       NCO             =  1.1708E-012       N2              =  3.4440E-003
    AR              =  0.0000E+000       C3H7            =  1.5837E-016       C3H8            =  6.8050E-014
    CH2CHO          =  1.1813E-012       CH3CHO          =  1.1237E-009
 
   Volatile Organic Compounds (ppm):   664.6    
   Unburned Hydrocarbons      (ppm):   657.1    
 
   CO                       (ppmvd): 3.4391E+05
   NO                       (ppmvd): 1.1298E-04
   NOx                      (ppmvd): 1.1298E-04
   CO                (ppmvd 15% O2): 9.8260E+04
   NO                (ppmvd 15% O2): 3.2280E-05
   NOx               (ppmvd 15% O2): 3.2281E-05

========================================================================================================================



 TWOPNT:  SOLVE THE PROBLEM.

                      LOG10   LOG10          
              TASK   NORM F  COND J   REMARK 

             START     0.07            
            SEARCH    -7.21    0.00   11 SEARCH STEPS

 TWOPNT:  FINAL SOLUTION:


========================================================================================================================
                              PSPRNT: Printing of current solution from TWOPNT:
========================================================================================================================


               RESIDENCE TIME                  6.7166E-01  SEC
               MASS FLOW RATE                  1.3150E+02  GM/SEC
               PRESSURE                        46.39      ATM
               MASS DENSITY                   6.4467E-03  GM/CM^3
               VOLUME                         1.3700E+04  CM^3
               TOTAL MASS                      88.32      G
               TOTAL SURFACE AREA              0.000      CM^2
               TOTAL SURFACE TO VOLUME RATIO   0.000      CM-1
               GAS CHEM HEAT PRODUCTION        1.1829E+01  CAL/S/CM^3
               TEMPERATURE (FIXED)             1600.0000  K
               SURF TEMP, MATERIAL1            1600.0000  K  (same as gas temp)


   EXIT    GAS PHASE MOLE FRACTIONS 

    H2              =  2.1955E-001       H               =  3.7538E-006       O               =  1.6111E-010
    O2              =  4.3263E-005       OH              =  2.4871E-007       H2O             =  3.7063E-001
    HO2             =  3.6758E-008       H2O2            =  9.5245E-009       C               =  6.1669E-016
    CH              =  7.1131E-014       CH2             =  1.3113E-009       CH2(S)          =  2.2166E-011
    CH3             =  5.0210E-005       CH4             =  1.4470E-001       CO              =  1.5345E-001
    CO2             =  8.7279E-002       HCO             =  3.0227E-008       CH2O            =  4.2377E-006
    CH2OH           =  2.2345E-009       CH3O            =  5.8525E-011       CH3OH           =  4.0508E-006
    C2H             =  5.1212E-010       C2H2            =  8.9108E-003       C2H3            =  9.3621E-007
    C2H4            =  1.0255E-002       C2H5            =  1.5615E-006       C2H6            =  4.5897E-004
    HCCO            =  1.8425E-009       CH2CO           =  1.3782E-005       HCCOH           =  1.9815E-006
    N               =  4.2204E-017       NH              =  1.9913E-016       NH2             =  4.8459E-014
    NH3             =  1.1644E-009       NNH             =  1.3959E-012       NO              =  4.6693E-013
    NO2             =  9.7579E-017       N2O             =  4.0256E-012       HNO             =  4.2384E-017
    CN              =  1.5243E-017       HCN             =  1.4191E-010       H2CN            =  1.8896E-016
    HCNN            =  1.2905E-016       HCNO            = -2.6944E-014       HOCN            =  1.4859E-014
    HNCO            =  1.6051E-011       NCO             =  6.2240E-017       N2              =  4.6424E-003
    AR              =  0.0000E+000       C3H7            =  1.3106E-008       C3H8            =  3.7425E-006
    CH2CHO          =  9.9946E-010       CH3CHO          =  2.3830E-007
 
   Volatile Organic Compounds (ppm):  1.8405E+05
   Unburned Hydrocarbons      (ppm):  1.8401E+05
 
   CO                       (ppmvd): 2.4381E+05
   NO                       (ppmvd): 7.4191E-07
   NOx                      (ppmvd): 7.1382E-06
   CO                (ppmvd 15% O2): 6.9683E+04
   NO                (ppmvd 15% O2): 2.1204E-07
   NOx               (ppmvd 15% O2): 2.0402E-06

========================================================================================================================



 TWOPNT:  SUCCESS.  PROBLEM SOLVED.

   PSRTWO: FINISHED FIXED TEMPERATURE, ADDING ENERGY EQUATION


 TWOPNT:  DOUBLE PRECISION (TWO POINT BOUNDARY VALUE PROBLEM) SOLVER,
          VERSION 3.30 OF APRIL 1998 BY DR. JOSEPH F. GRCAR.

 TWOPNT:  INITIAL GUESS:


========================================================================================================================
                              PSPRNT: Printing of current solution from TWOPNT:
========================================================================================================================


               RESIDENCE TIME                  6.7166E-01  SEC
               MASS FLOW RATE                  1.3150E+02  GM/SEC
               PRESSURE                        46.39      ATM
               MASS DENSITY                   6.4467E-03  GM/CM^3
               VOLUME                         1.3700E+04  CM^3
               TOTAL MASS                      88.32      G
               TOTAL SURFACE AREA              0.000      CM^2
               TOTAL SURFACE TO VOLUME RATIO   0.000      CM-1
               GAS CHEM HEAT PRODUCTION        1.1829E+01  CAL/S/CM^3
               TEMPERATURE (INLET: C1_Inlet1)      339.7500  K
               TEMPERATURE (INLET: C1_Inlet2)      505.0400  K
               TEMPERATURE (INLET: C1_Inlet3)      626.6000  K
               TEMPERATURE                     1600.0000  K
               SURF TEMP, MATERIAL1            1600.0000  K  (same as gas temp)
               HEAT LOSS, MATERIAL1            0.000      CAL/SEC


   EXIT    GAS PHASE MOLE FRACTIONS 

    H2              =  2.1955E-001       H               =  3.7538E-006       O               =  1.6111E-010
    O2              =  4.3263E-005       OH              =  2.4871E-007       H2O             =  3.7063E-001
    HO2             =  3.6758E-008       H2O2            =  9.5245E-009       C               =  6.1669E-016
    CH              =  7.1131E-014       CH2             =  1.3113E-009       CH2(S)          =  2.2166E-011
    CH3             =  5.0210E-005       CH4             =  1.4470E-001       CO              =  1.5345E-001
    CO2             =  8.7279E-002       HCO             =  3.0227E-008       CH2O            =  4.2377E-006
    CH2OH           =  2.2345E-009       CH3O            =  5.8525E-011       CH3OH           =  4.0508E-006
    C2H             =  5.1212E-010       C2H2            =  8.9108E-003       C2H3            =  9.3621E-007
    C2H4            =  1.0255E-002       C2H5            =  1.5615E-006       C2H6            =  4.5897E-004
    HCCO            =  1.8425E-009       CH2CO           =  1.3782E-005       HCCOH           =  1.9815E-006
    N               =  4.2204E-017       NH              =  1.9913E-016       NH2             =  4.8459E-014
    NH3             =  1.1644E-009       NNH             =  1.3959E-012       NO              =  4.6693E-013
    NO2             =  9.7579E-017       N2O             =  4.0256E-012       HNO             =  4.2384E-017
    CN              =  1.5243E-017       HCN             =  1.4191E-010       H2CN            =  1.8896E-016
    HCNN            =  1.2905E-016       HCNO            = -2.6944E-014       HOCN            =  1.4859E-014
    HNCO            =  1.6051E-011       NCO             =  6.2240E-017       N2              =  4.6424E-003
    AR              =  0.0000E+000       C3H7            =  1.3106E-008       C3H8            =  3.7425E-006
    CH2CHO          =  9.9946E-010       CH3CHO          =  2.3830E-007
 
   Volatile Organic Compounds (ppm):  1.8405E+05
   Unburned Hydrocarbons      (ppm):  1.8401E+05
 
   CO                       (ppmvd): 2.4381E+05
   NO                       (ppmvd): 7.4191E-07
   NOx                      (ppmvd): 7.1382E-06
   CO                (ppmvd 15% O2): 6.9683E+04
   NO                (ppmvd 15% O2): 2.1204E-07
   NOx               (ppmvd 15% O2): 2.0402E-06

========================================================================================================================



 TWOPNT:  SOLVE THE PROBLEM.

                      LOG10   LOG10          
              TASK   NORM F  COND J   REMARK 

             START     2.68            
            SEARCH    -2.33    0.00   19 SEARCH STEPS

 TWOPNT:  FINAL SOLUTION:


========================================================================================================================
                              PSPRNT: Printing of current solution from TWOPNT:
========================================================================================================================


               RESIDENCE TIME                  7.9854E-01  SEC
               MASS FLOW RATE                  1.3150E+02  GM/SEC
               PRESSURE                        46.39      ATM
               MASS DENSITY                   7.6646E-03  GM/CM^3
               VOLUME                         1.3700E+04  CM^3
               TOTAL MASS                      105.0      G
               TOTAL SURFACE AREA              0.000      CM^2
               TOTAL SURFACE TO VOLUME RATIO   0.000      CM-1
               GAS CHEM HEAT PRODUCTION        1.3117E+01  CAL/S/CM^3
               TEMPERATURE (INLET: C1_Inlet1)      339.7500  K
               TEMPERATURE (INLET: C1_Inlet2)      505.0400  K
               TEMPERATURE (INLET: C1_Inlet3)      626.6000  K
               TEMPERATURE                     1483.4562  K
               SURF TEMP, MATERIAL1            1483.4562  K  (same as gas temp)
               HEAT LOSS, MATERIAL1           1.0120E+05  CAL/SEC


   EXIT    GAS PHASE MOLE FRACTIONS 

    H2              =  1.2069E-001       H               =  7.6766E-007       O               =  1.7791E-010
    O2              =  1.2831E-004       OH              =  7.5354E-008       H2O             =  4.3432E-001
    HO2             =  8.5615E-008       H2O2            =  2.3732E-008       C               =  3.4996E-017
    CH              =  7.6149E-015       CH2             =  6.0532E-010       CH2(S)          =  5.1007E-012
    CH3             =  2.5676E-005       CH4             =  1.9997E-001       CO              =  8.6904E-002
    CO2             =  1.2435E-001       HCO             =  5.6177E-009       CH2O            =  9.7814E-006
    CH2OH           =  1.2571E-009       CH3O            =  5.9023E-011       CH3OH           =  6.9422E-006
    C2H             =  1.0171E-010       C2H2            =  9.3566E-003       C2H3            =  5.2114E-007
    C2H4            =  1.8006E-002       C2H5            =  1.4654E-006       C2H6            =  1.0596E-003
    HCCO            =  2.1141E-009       CH2CO           =  3.9362E-005       HCCOH           =  2.2929E-006
    N               =  5.3522E-018       NH              =  4.1121E-017       NH2             =  5.5071E-015
    NH3             =  4.1298E-010       NNH             =  2.7530E-013       NO              =  3.4917E-013
    NO2             =  6.3199E-016       N2O             =  1.7011E-011       HNO             =  5.0349E-017
    CN              =  6.4342E-019       HCN             =  2.7351E-011       H2CN            =  1.5236E-017
    HCNN            =  3.2887E-017       HCNO            =  1.4312E-015       HOCN            =  3.0221E-015
    HNCO            =  4.9444E-012       NCO             =  6.9116E-018       N2              =  5.1174E-003
    AR              =  0.0000E+000       C3H7            =  2.0588E-008       C3H8            =  1.4963E-005
    CH2CHO          =  1.9402E-009       CH3CHO          =  8.2196E-007
 
   Volatile Organic Compounds (ppm):  2.5699E+05
   Unburned Hydrocarbons      (ppm):  2.5688E+05
 
   CO                       (ppmvd): 1.5363E+05
   NO                       (ppmvd): 6.1725E-07
   NOx                      (ppmvd): 3.0690E-05
   CO                (ppmvd 15% O2): 4.3941E+04
   NO                (ppmvd 15% O2): 1.7655E-07
   NOx               (ppmvd 15% O2): 8.7782E-06

========================================================================================================================



 TWOPNT:  SUCCESS.  PROBLEM SOLVED.

========================================================================================================================
     OUTLET CONDITIONS:
          Specified inlet mass flow rate =    131.     gm/sec
          Rate of Mass Loss to the walls =    0.00     gm/sec
          Outlet mass flow rate          =    131.     gm/sec
               (which, based on an reactor density =   7.665E-03 gm/cm^3 
                   and  on a reactor volume =   1.370E+04 cm^3, 
                   produces a residence time) =   0.799     sec


          Outlet and reactor temperature =   1483.5     Kelvin
          Outlet and reactor pressure    =    46.4     atm
          Outlet and reactor density     =  7.66461E-03 gm/cm^3 
          Outlet and reactor mean molecular weight =   20.114     gm/mole
          Outlet molar flow rate         =   6.5375     moles/sec
          Outlet volumetric flow rate    =   17156.     cm^3/sec 
               (based on reactor pressure and temperature)
                                         =  9.59653E+06 SCCM
                                         =   9596.5     SLPM

     OUTLET CONDITIONS FOR GAS PHASE MOLECULAR SPECIES:

   Species        mole_frac     #/cm^3       moles/sec       gm/sec       cm^3/sec        SCCM
------------------------------------------------------------------------------------------------------
    H2           0.12069       2.76951E+19   0.78899        1.5906        2070.5       1.15818E+06
    H            7.67655E-07   1.76159E+14   5.01853E-06   5.05852E-06   1.31701E-02    7.3668    
    O            1.77907E-10   4.08256E+10   1.16306E-09   1.86083E-08   3.05222E-06   1.70729E-03
    O2           1.28310E-04   2.94443E+16   8.38826E-04   2.68414E-02    2.2013        1231.3    
    OH           7.53539E-08   1.72920E+13   4.92624E-07   8.37824E-06   1.29279E-03   0.72314    
    H2O          0.43432       9.96670E+19    2.8394        51.152        7451.3       4.16799E+06
    HO2          8.56149E-08   1.96467E+13   5.59705E-07   1.84740E-05   1.46883E-03   0.82161    
    H2O2         2.37322E-08   5.44599E+12   1.55148E-07   5.27733E-06   4.07154E-04   0.22775    
    C            3.49964E-17    8030.9       2.28788E-16   2.74801E-15   6.00406E-13   3.35844E-10
    CH           7.61488E-15   1.74744E+06   4.97821E-14   6.48119E-13   1.30643E-10   7.30764E-08
    CH2          6.05322E-10   1.38908E+11   3.95728E-09   5.55091E-08   1.03850E-05   5.80899E-03
    CH2(S)       5.10066E-12   1.17048E+09   3.33454E-11   4.67739E-10   8.75080E-08   4.89486E-05
    CH3          2.56760E-05   5.89205E+15   1.67856E-04   2.52373E-03   0.44050        246.40    
    CH4          0.19997       4.58878E+19    1.3073        20.973        3430.7       1.91899E+06
    CO           8.69042E-02   1.99425E+19   0.56813        15.914        1490.9       8.33978E+05
    CO2          0.12435       2.85352E+19   0.81293        35.777        2133.4       1.19332E+06
    HCO          5.61768E-09   1.28913E+12   3.67254E-08   1.06572E-06   9.63782E-05   5.39102E-02
    CH2O         9.78144E-06   2.24462E+15   6.39459E-05   1.92007E-03   0.16781        93.868    
    CH2OH        1.25708E-09   2.88472E+11   8.21816E-09   2.55046E-07   2.15668E-05   1.20636E-02
    CH3O         5.90232E-11   1.35445E+10   3.85862E-10   1.19750E-08   1.01261E-06   5.66418E-04
    CH3OH        6.94224E-06   1.59308E+15   4.53847E-05   1.45424E-03   0.11910        66.621    
    C2H          1.01710E-10   2.33402E+10   6.64929E-10   1.66434E-08   1.74497E-06   9.76066E-04
    C2H2         9.35661E-03   2.14713E+18   6.11686E-02    1.5927        160.52        89791.    
    C2H3         5.21141E-07   1.19590E+14   3.40694E-06   9.21449E-05   8.94080E-03    5.0011    
    C2H4         1.80056E-02   4.13188E+18   0.11771        3.3023        308.91       1.72792E+05
    C2H5         1.46540E-06   3.36275E+14   9.58000E-06   2.78415E-04   2.51407E-02    14.063    
    C2H6         1.05959E-03   2.43152E+17   6.92705E-03   0.20830        18.179        10168.    
    HCCO         2.11411E-09   4.85140E+11   1.38209E-08   5.67069E-07   3.62701E-05   2.02881E-02
    CH2CO        3.93623E-05   9.03275E+15   2.57330E-04   1.08175E-02   0.67531        377.74    
    HCCOH        2.29286E-06   5.26159E+14   1.49895E-05   6.30124E-04   3.93368E-02    22.004    
    N            5.35224E-18    1228.2       3.49901E-17   4.90096E-16   9.18242E-14   5.13629E-11
    NH           4.11206E-17    9436.2       2.68825E-16   4.03631E-15   7.05474E-13   3.94615E-10
    NH2          5.50708E-15   1.26375E+06   3.60024E-14   5.76854E-13   9.44807E-11   5.28489E-08
    NH3          4.12977E-10   9.47688E+10   2.69983E-09   4.59797E-08   7.08512E-06   3.96314E-03
    NNH          2.75304E-13   6.31760E+07   1.79979E-12   5.22325E-11   4.72318E-09   2.64197E-06
    NO           3.49167E-13   8.01259E+07   2.28267E-12   6.84941E-11   5.99039E-09   3.35079E-06
    NO2          6.31988E-16   1.45027E+05   4.13160E-15   1.90077E-13   1.08425E-11   6.06489E-09
    N2O          1.70111E-11   3.90365E+09   1.11209E-10   4.89463E-09   2.91845E-07   1.63247E-04
    HNO          5.03490E-17    11554.       3.29155E-16   1.02084E-14   8.63799E-13   4.83176E-10
    CN           6.43416E-19    147.65       4.20631E-18   1.09439E-16   1.10386E-14   6.17455E-12
    HCN          2.73506E-11   6.27633E+09   1.78803E-10   4.83231E-09   4.69232E-07   2.62470E-04
    H2CN         1.52360E-17    3496.3       9.96047E-17   2.79230E-15   2.61392E-13   1.46212E-10
    HCNN         3.28871E-17    7546.8       2.14999E-16   8.82193E-15   5.64218E-13   3.15602E-10
    HCNO         1.43122E-15   3.28431E+05   9.35654E-15   4.02567E-13   2.45543E-11   1.37347E-08
    HOCN         3.02211E-15   6.93505E+05   1.97570E-14   8.50048E-13   5.18480E-11   2.90018E-08
    HNCO         4.94436E-12   1.13462E+09   3.23236E-11   1.39073E-09   8.48265E-08   4.74487E-05
    NCO          6.91157E-18    1586.0       4.51842E-17   1.89852E-15   1.18576E-13   6.63271E-11
    N2           5.11737E-03   1.17432E+18   3.34547E-02   0.93718        87.795        49109.    
    AR            0.0000        0.0000        0.0000        0.0000        0.0000        0.0000    
    C3H7         2.05881E-08   4.72451E+12   1.34594E-07   5.79957E-06   3.53214E-04   0.19757    
    C3H8         1.49626E-05   3.43358E+15   9.78177E-05   4.31349E-03   0.25670        143.59    
    CH2CHO       1.94017E-09   4.45224E+11   1.26838E-08   5.45982E-07   3.32860E-05   1.86189E-02
    CH3CHO       8.21961E-07   1.88621E+14   5.37354E-06   2.36724E-04   1.41017E-02    7.8880    

========================================================================================================================



========================================================================================================================

                         DETAILED SPECIES BALANCE
                                   (all rates are in moles per sec)

   SPECIES           INLET_FR    OUTLET_FR  GAS_PROD_RATE  GAS_DEST_RATE   SURF_NET_PROD    TOTAL_NET
----------------------------------------------------------------------------------------------------------------------------------
 H2                    0.00         0.789          854.          853.          0.00        -8.549E-03
 H                     0.00         5.019E-06      973.          973.          0.00         1.013E-02
 O                     0.00         1.163E-09     0.467         0.467          0.00        -6.699E-06
 O2                    2.14         8.388E-04     0.345          2.48          0.00         3.304E-05
 OH                    0.00         4.926E-07      216.          216.          0.00         1.004E-03
 H2O                  0.683          2.84          243.          241.          0.00        -1.037E-03
 HO2                   0.00         5.597E-07      1.83          1.83          0.00        -7.369E-06
 H2O2                  0.00         1.551E-07     0.572         0.572          0.00         3.262E-06
 C                     0.00         2.288E-16     1.968E-09     1.968E-09      0.00        -1.110E-15
 CH                    0.00         4.978E-14     3.259E-04     3.259E-04      0.00         6.855E-09
 CH2                   0.00         3.957E-09     0.646         0.646          0.00        -1.229E-05
 CH2(S)                0.00         3.335E-11     0.566         0.566          0.00         3.820E-06
 CH3                   0.00         1.679E-04      883.          883.          0.00        -8.207E-03
 CH4                   2.69          1.31          850.          851.          0.00         8.287E-03
 CO                    0.00         0.568          25.5          24.9          0.00         4.685E-05
 CO2                  3.577E-02     0.813          5.53          4.75          0.00        -8.630E-06
 HCO                   0.00         3.673E-08      20.1          20.1          0.00        -7.188E-05
 CH2O                  0.00         6.395E-05     0.598         0.598          0.00         1.151E-05
 CH2OH                 0.00         8.218E-09     0.205         0.205          0.00        -3.214E-06
 CH3O                  0.00         3.859E-10     0.230         0.230          0.00        -2.174E-06
 CH3OH                 0.00         4.538E-05     0.253         0.252          0.00         1.422E-06
 C2H                   0.00         6.649E-10      1.40          1.40          0.00         3.087E-05
 C2H2                  0.00         6.117E-02      21.7          21.7          0.00         2.536E-04
 C2H3                  0.00         3.407E-06      107.          107.          0.00        -9.626E-04
 C2H4                  0.00         0.118          176.          176.          0.00         1.687E-03
 C2H5                  0.00         9.580E-06      94.5          94.5          0.00        -1.354E-03
 C2H6                 0.159         6.927E-03      30.0          30.1          0.00         3.561E-04
 HCCO                  0.00         1.382E-08     0.273         0.273          0.00        -5.837E-06
 CH2CO                 0.00         2.573E-04      1.32          1.32          0.00         2.843E-05
 HCCOH                 0.00         1.499E-05     0.143         0.143          0.00         1.136E-06
 N                     0.00         3.499E-17     1.804E-10     1.804E-10      0.00         5.756E-16
 NH                    0.00         2.688E-16     9.854E-09     9.854E-09      0.00        -3.214E-14
 NH2                   0.00         3.600E-14     7.599E-07     7.599E-07      0.00         6.770E-12
 NH3                   0.00         2.700E-09     7.499E-07     7.472E-07      0.00        -6.793E-12
 NNH                   0.00         1.800E-12     2.204E-02     2.204E-02      0.00         3.035E-08
 NO                    0.00         2.283E-12     2.019E-09     2.016E-09      0.00        -5.038E-14
 NO2                   0.00         4.132E-15     1.483E-10     1.483E-10      0.00         9.511E-15
 N2O                   0.00         1.112E-10     5.339E-08     5.327E-08      0.00         1.175E-12
 HNO                   0.00         3.292E-16     8.984E-09     8.984E-09      0.00        -2.242E-14
 CN                    0.00         4.206E-18     1.609E-09     1.609E-09      0.00         7.116E-14
 HCN                   0.00         1.788E-10     6.922E-08     6.904E-08      0.00         1.712E-13
 H2CN                  0.00         9.960E-17     6.728E-08     6.728E-08      0.00        -2.446E-13
 HCNN                  0.00         2.150E-16     4.666E-08     4.666E-08      0.00        -7.770E-13
 HCNO                  0.00         9.357E-15     1.417E-11     1.416E-11      0.00         1.206E-15
 HOCN                  0.00         1.976E-14     1.635E-10     1.635E-10      0.00         2.850E-15
 HNCO                  0.00         3.232E-11     1.292E-08     1.289E-08      0.00         6.838E-15
 NCO                   0.00         4.518E-17     1.420E-09     1.420E-09      0.00         4.106E-15
 N2                   3.345E-02     3.345E-02     2.575E-02     2.575E-02      0.00        -3.035E-08
 AR                    0.00          0.00          0.00          0.00          0.00          0.00    
 C3H7                  0.00         1.346E-07      11.6          11.6          0.00        -6.025E-05
 C3H8                 6.650E-03     9.782E-05     0.870         0.877          0.00         2.677E-05
 CH2CHO                0.00         1.268E-08     0.802         0.802          0.00        -7.017E-06
 CH3CHO                0.00         5.374E-06     1.805E-02     1.804E-02      0.00         3.291E-07


========================================================================================================================

                         DETAILED ELEMENT BALANCES
                                   (all rates are in moles per sec)

 ELEMENT          INLET_FR      OUTLET_FR    TOTAL_NET                                                                  
------------------------------------------------------------------------------------------------------------------------
 O                   5.04          5.04        -1.652E-13
 H                   13.1          13.1         1.181E-12
 C                   3.06          3.06         1.261E-13
 N                  6.691E-02     6.691E-02    -2.526E-15
 AR                  0.00          0.00          0.00    

========================================================================================================================



 Total CPUtime: 1 second or less
